                                                          Cloudy 13.02
                                                         www.nublado.org

                       **************************************13Feb20**************************************
                       *                                                                                 *
                       * title - this is the input stream for a planetary nebula                         *
                       * blackbody, temp = 100000K                                                       *
                       * luminosity total 38                                                             *
                       * element Lithium off                                                             *
                       * element Beryllium off                                                           *
                       * element Boron  off                                                              *
                       * element Carbon off                                                              *
                       * element Nitrogen off                                                            *
                       * element Oxygen off                                                              *
                       * element Fluorine  off                                                           *
                       * element Neon off                                                                *
                       * element Sodium off                                                              *
                       * element Magnesium off                                                           *
                       * element Aluminium off                                                           *
                       * element Silicon off                                                             *
                       * element Phosphor off                                                            *
                       * element Sulphur off                                                             *
                       * element Chlorine off                                                            *
                       * element Argon off                                                               *
                       * element Potassium off                                                           *
                       * element Calcium off                                                             *
                       * element Scandium  off                                                           *
                       * element Titanium off                                                            *
                       * element Vanadium off                                                            *
                       * element Chromium off                                                            *
                       * element Manganese off                                                           *
                       * element Iron off                                                                *
                       * element Cobalt off                                                              *
                       * element Nickel off                                                              *
                       * element Copper off                                                              *
                       * element Zinc  off                                                               *
                       * radius 17                                                                       *
                       * stop thickness 17.0                                                             *
                       * hden 4                                                                          *
                       * sphere                                                                          *
                       * save overview last "depth_17.0.ovr"                                             *
                       * save continuum last "depth_17.0.con" units eV                                   *
                       *                                                                                 *
                       ***********************************************************************************



           4311CellPeak1.79E+00   Lo 1.00e-08=910.79cm   Hi-Con:2.29E+01 Ryd   E(hi):7.35E+06Ryd     E(hi):     100.01 MeV
           L(nu>1ryd):  37.9511   Average nu:2.176E+00   L( X-ray):  27.6627   L(BalC):  37.0163     Q(Balmer C):  47.8583
           Q(1.0-1.8):  47.9224   Q(1.8-4.0):  47.9716   Q(4.0-20):  47.0452   Q(20--):  36.9991     Ion pht flx:1.499E+13
           L(gam ray):   0.0000   Q(gam ray):   0.0000   L(Infred):  35.4328   Alf(ox):   0.0000     Total lumin:  38.0000
           log L/Lsun:   4.4172   Abs bol mg:  -6.2930   Abs V mag:   0.0378   Bol cor:  -6.3308     nuFnu(Bbet):  35.5356
           U(1.0----):5.001E-02   U(4.0----):2.945E-03   T(En-Den):4.328E+01   T(Comp):9.574E+04     nuJnu(912A):1.978E+02
           Occ(FarIR):2.214E-06   Occ(H n=6):7.831E-13   Occ(1Ryd):9.094E-15   Occ(4R):6.329E-17     Occ (Nu-hi):7.295E-30
           Tbr(FarIR):3.508E-09   Tbr(H n=6):3.432E-09   Tbr(1Ryd):1.437E-09   Tbr(4R):4.000E-11     Tbr (Nu-hi):2.634E-23
  
                                                  Gas Phase Chemical Composition
                                                       H :  0.0000  He: -1.0000
 
 ####  1  Te:3.262E+04 Hden:1.000E+04 Ne:1.199E+04 R:1.000E+17 R-R0:3.862E+13 dR:7.725E+13 NTR: 12 Htot:3.446E-16 T912: 9.97e+07###
 Hydrogen      8.16e-05 1.00e+00 H+o/Hden 1.00e+00 1.69e-12 H-    H2 1.58e-20 7.93e-14 H2+ HeH+ 9.64e-15 Ho+ ColD 6.30e+13 7.72e+17
 Helium        7.40e-07 1.22e-02 9.88e-01 HeI 2s3S 1.21e-08 Comp H,C 4.09e-22 1.39e-22 Fill Fac 1.00e+00 Gam1/tot 9.64e-01
 He singlet n  7.27e-07 7.94e-14 9.47e-21 1.92e-20 6.69e-21 1.67e-20 He tripl 1.21e-08 1.14e-17 1.05e-19 3.14e-19 7.75e-20
 Pressure      NgasTgas 7.50e+08 P(total) 1.04e-07 P( gas ) 1.04e-07 P(Radtn) 2.38e-12 Rad accl 7.90e-06 ForceMul 8.73e+02
 Texc(La)      3.99e+03 T(I con) 4.33e+01 T(D con) 6.12e+00 T(U tot) 4.33e+01 nT (c+d) 1.19e+07 Prad/Gas 2.30e-05 Pmag/Gas 0.00e+00
 Lithium       0.00e+00 0.00e+00 0.00e+00 0.00e+00 Berylliu 0.00e+00 0.00e+00 0.00e+00 0.00e+00 0.00e+00 sec ion: 5.70e-15
 Carbon        0.00e+00 0.00e+00 0.00e+00 0.00e+00 0.00e+00 0.00e+00 0.00e+00 H2O+/O   0.00e+00 OH+/Otot 0.00e+00 Hex(tot) 0.00e+00
 Nitrogen      0.00e+00 0.00e+00 0.00e+00 0.00e+00 0.00e+00 0.00e+00 0.00e+00 0.00e+00 O2/Ototl 0.00e+00 O2+/Otot 0.00e+00
 #### 57  Te:2.243E+04 Hden:1.000E+04 Ne:1.100E+04 R:2.000E+17 R-R0:9.995E+16 dR:9.897E+13 NTR:  7 Htot:2.050E-16 T912: 9.97e+07###
 P(Lines):(H  1  1216A 1.01) 
 Hydrogen      3.13e-04 1.00e+00 H+o/Hden 1.00e+00 3.69e-12 H-    H2 2.77e-19 4.37e-13 H2+ HeH+ 1.05e-11 Ho+ ColD 1.63e+17 1.00e+21
 Helium        2.94e-04 1.00e+00 5.09e-05 HeI 2s3S 1.58e-06 Comp H,C 7.32e-23 2.18e-23 Fill Fac 1.00e+00 Gam1/tot 9.85e-01
 He singlet n  2.93e-04 1.50e-11 7.43e-17 2.23e-18 4.53e-18 1.72e-18 He tripl 1.58e-06 2.95e-13 1.39e-17 1.39e-16 6.91e-18
 Pressure      NgasTgas 4.93e+08 P(total) 7.35e-08 P( gas ) 6.81e-08 P(Radtn) 5.32e-09 Rad accl 8.88e-07 ForceMul 4.32e+02
 Texc(La)      5.15e+03 T(I con) 2.83e+01 T(D con) 2.17e+01 T(U tot) 3.05e+01 nT (c+d) 1.21e+07 Prad/Gas 7.24e-02 Pmag/Gas 0.00e+00
 Lithium       0.00e+00 0.00e+00 0.00e+00 0.00e+00 Berylliu 0.00e+00 0.00e+00 0.00e+00 0.00e+00 0.00e+00 sec ion: 2.88e-15
 Carbon        0.00e+00 0.00e+00 0.00e+00 0.00e+00 0.00e+00 0.00e+00 0.00e+00 H2O+/O   0.00e+00 OH+/Otot 0.00e+00 Hex(tot) 0.00e+00
 Nitrogen      0.00e+00 0.00e+00 0.00e+00 0.00e+00 0.00e+00 0.00e+00 0.00e+00 0.00e+00 O2/Ototl 0.00e+00 O2+/Otot 0.00e+00
    - this is the input stream for a planetary nebula  
   Calculation stopped because outer radius reached. Iteration 1 of 1
   The geometry is a thick shell.
 C-I must iterate when save continuum output is done.
  !Destruction of He 2TriS reached 11.9% of the total He0 dest rate at zone 1, 1.0% of that was photoionization.
  !AGE: Cloud age was not set.  Longest timescale was 8.59e+08 s = 2.72e+01 years.
  !The CMB was not included.  This is added with the CMB command.
  !The radiation pressure jumped by 255% at zone 3, from 1.28e-11 to 5.06e-11 to 2.45e-10
   Thermal collisional ionization of H reached 3.99% of the local ionization rate.
   Te-ne bounds of Case B lookup table exceeded, H I Case B line intensities set to zero.
   The density is too low to l-mix the lowest H  I collapsed level.  More resolved levels are needed for accurate line ratios.
   The density is too low to l-mix the lowest He I collapsed level.  More resolved levels are needed for accurate line ratios.
   Grains were not present but might survive in this environment (energy density temperature was 4.33e+01K)
   The continuum optical depth at the lowest energy considered (1.004e-08 Ryd) was 4.604e+02.
   The ratio of radiation to gas pressure reached 7.25e-02 at zone 57.  Caused by Lyman alpha.

                       *********************************> Cloudy 13.02 <**********************************
                       * title - this is the input stream for a planetary nebula                         *
                       * blackbody, temp = 100000K                                                       *
                       * luminosity total 38                                                             *
                       * element Lithium off                                                             *
                       * element Beryllium off                                                           *
                       * element Boron  off                                                              *
                       * element Carbon off                                                              *
                       * element Nitrogen off                                                            *
                       * element Oxygen off                                                              *
                       * element Fluorine  off                                                           *
                       * element Neon off                                                                *
                       * element Sodium off                                                              *
                       * element Magnesium off                                                           *
                       * element Aluminium off                                                           *
                       * element Silicon off                                                             *
                       * element Phosphor off                                                            *
                       * element Sulphur off                                                             *
                       * element Chlorine off                                                            *
                       * element Argon off                                                               *
                       * element Potassium off                                                           *
                       * element Calcium off                                                             *
                       * element Scandium  off                                                           *
                       * element Titanium off                                                            *
                       * element Vanadium off                                                            *
                       * element Chromium off                                                            *
                       * element Manganese off                                                           *
                       * element Iron off                                                                *
                       * element Cobalt off                                                              *
                       * element Nickel off                                                              *
                       * element Copper off                                                              *
                       * element Zinc  off                                                               *
                       * radius 17                                                                       *
                       * stop thickness 17.0                                                             *
                       * hden 4                                                                          *
                       * sphere                                                                          *
                       * save overview last "depth_17.0.ovr"                                             *
                       * save continuum last "depth_17.0.con" units eV                                   *
                       *********************************> Log(U): -1.30 <*********************************
                       >>>>>>>>>> Cautions are present.
                       >>>>>>>>>> Another iteration is needed.

                     Emission Line Spectrum.   Constant  Density Model.  Closed geometry.  Iteration 1 of 1.
                                    Luminosity (erg/s) emitted by a shell with full coverage.


                                                   Intrinsic line intensities
 general properties..........      H  1 11.03m  33.869   0.0372      Ca B  3687A  33.108   0.0065      Ca B 933.5A  33.700   0.0253            
 TOTL  4861A  35.298   1.0000      H  1 13.13m  33.756   0.0287      Ca B  3683A  33.045   0.0056      Ca B 930.4A  33.604   0.0203            
 TOTL  1216A  36.975  47.6286      H  1 15.40m  33.652   0.0226      Ca B  3679A  32.984   0.0049      Ca B 927.9A  33.515   0.0165            
 Inci     0   38.000 504.0767      H  1 17.87m  33.556   0.0181      Ca B  3676A  32.927   0.0043      Ca B 925.9A  33.431   0.0136            
 TotH     0   36.874  37.7489      H  1 20.51m  33.467   0.0148      Ca B  3674A  32.872   0.0038      Ca B 924.2A  33.353   0.0114            
 TotC     0   36.874  37.7366      H  1 23.33m  33.383   0.0122      Ca B  3671A  32.819   0.0033      Ca B 922.8A  33.280   0.0096            
 BFH1     0   36.699  25.1988      H  1 26.34m  33.304   0.0102      Ca B  9546A  33.711   0.0259      Ca B 921.6A  33.210   0.0082            
 BFHe     0   36.396  12.5499      H  1 29.53m  33.230   0.0086      Ca B  9229A  33.555   0.0181      Ca B 920.6A  33.145   0.0070            
 H FB     0   36.090   6.1965      H  1 32.91m  33.160   0.0073      Ca B  9015A  33.416   0.0131      Ca B 919.8A  33.083   0.0061            
 HFBc     0   36.090   6.1965      H  1 36.46m  33.093   0.0062      Ca B  8863A  33.291   0.0099      Ca B 919.0A  33.024   0.0053            
 continua....................      H  1 40.20m  33.029   0.0054      Ca B  8750A  33.177   0.0076      Ca B 918.4A  32.968   0.0047            
 Bac   3646A  36.222   8.4021      H  1 44.12m  32.969   0.0047      Ca B  8665A  33.072   0.0060      Ca B 917.8A  32.915   0.0041            
 nFnu  3645A  36.436  13.7437      H  1 48.22m  32.911   0.0041      Ca B  8598A  32.976   0.0048      Ca B  4686A  34.891   0.3922            
 nFnu  3647A  36.025   5.3415      H  1 52.50m  32.856   0.0036      Ca B  8545A  32.887   0.0039      Ca B  3203A  34.561   0.1834            
 cout  3646A  36.222   8.4021      H  1 56.97m  34.005   0.0510      Ca B  8502A  32.804   0.0032      Ca B  2733A  34.298   0.1002            
 thin  3646A  36.222   8.4040      He 2 227.9A  36.545  17.6723      Ca B  8467A  32.727   0.0027      Ca B  2511A  34.083   0.0610            
 Inci  4860A  35.536   1.7305      He 2 911.4A  35.275   0.9492      Ca B  8438A  32.654   0.0023      Ca B  2386A  33.901   0.0401            
 Inci  1215A  37.125  67.2964      He 2 911.4A  35.640   2.1995      Ca B  8413A  32.587   0.0019      Ca B  2306A  33.742   0.0278            
 Ba C     0   35.863   3.6758      He 2  2050A  34.606   0.2036      Ca B  8392A  32.524   0.0017      Ca B  2253A  33.602   0.0202            
 PA C     0   35.403   1.2741      He 2  2050A  35.027   0.5359      Ca B  8374A  32.464   0.0015      Ca B  2215A  33.476   0.0151            
 FIR  83.00m  34.496   0.1580      He 2  2050A  34.961   0.4603      Ca B  8359A  32.407   0.0013      Ca B  2187A  33.361   0.0116            
 TIR   1800m  33.520   0.0167      He 2  3645A  34.108   0.0646      Ca B  8346A  32.353   0.0011      Ca B  2165A  33.257   0.0091            
 NIRa 2.850m  36.192   7.8440      He 2  3645A  34.535   0.1729      Ca B  8334A  32.302   0.0010      Ca B  2149A  33.160   0.0073            
 NIRb 3.000m  36.019   5.2613      He 2  3645A  34.577   0.1904      Ca B 1.817m  33.207   0.0081      Ca B  2135A  33.070   0.0059            
 MIRa 15.00m  35.191   0.7828      He 2  3645A  34.273   0.0945      Ca B 1.736m  33.069   0.0059      Ca B  2125A  32.986   0.0049            
 MIRb 22.50m  35.237   0.8705      He 2  5695A  33.741   0.0278      Ca B 1.681m  32.944   0.0044      Ca B  2116A  32.908   0.0041            
 NMIR 21.75m  36.192   7.8440      He 2  5695A  34.168   0.0743      Ca B 1.641m  32.829   0.0034      Ca B  2109A  32.834   0.0034            
 TFIR 611.2m  34.070   0.0593      He 2  5695A  34.244   0.0883      Ca B 1.611m  32.725   0.0027      Ca B  2102A  32.764   0.0029            
 TALL 10000A  38.014 520.7163      He 2  5695A  34.088   0.0617      Ca B 1.588m  32.628   0.0021      Ca B  2097A  32.698   0.0025            
 F12  12.00m  34.702   0.2537      He 2  5695A  33.625   0.0213      Ca B 1.570m  32.537   0.0017      Ca B  2093A  32.635   0.0022            
 F25  25.00m  34.337   0.1096      He 2  8201A  33.453   0.0143      Ca B 1.556m  32.453   0.0014      Ca B  2089A  32.576   0.0019            
 F60  60.00m  34.195   0.0789      He 2  8201A  33.878   0.0381      Ca B 1.544m  32.375   0.0012      Ca B  2086A  32.519   0.0017            
 F100 100.0m  33.712   0.0260      He 2  8201A  33.966   0.0466      Ca B 1.534m  32.301   0.0010      Ca B  2083A  32.465   0.0015            
 MIPS 24.00m  34.024   0.0532      He 2  8201A  33.865   0.0370      Ca B 3.038m  32.799   0.0032      Ca B 1.012m  34.279   0.0959            
 MIPS 70.00m  33.708   0.0257      He 2  8201A  33.577   0.0190      Ca B 2.872m  32.674   0.0024      Ca B  6560A  34.022   0.0530            
 MIPS 160.0m  33.320   0.0105      He 2  8201A  33.004   0.0051      Ca B 2.758m  32.561   0.0018      Ca B  5412A  33.803   0.0320            
 IRAC 3.600m  34.688   0.2456      He 2 1.116m  33.217   0.0083      Ca B 2.674m  32.456   0.0014      Ca B  4860A  33.616   0.0208            
 IRAC 4.500m  34.765   0.2932      He 2 1.116m  33.641   0.0220      Ca B 2.612m  32.359   0.0012      Ca B  4542A  33.455   0.0144            
 IRAC 5.800m  34.569   0.1870      He 2 1.116m  33.733   0.0273      Ca B 12.37m  32.996   0.0050      Ca B  4339A  33.313   0.0104            
 IRAC 8.000m  34.670   0.2358      He 2 1.116m  33.658   0.0229      Ca B 7.500m  32.854   0.0036      Ca B  4200A  33.185   0.0077            
 SPR1 250.0m  33.301   0.0101      He 2 1.116m  33.440   0.0139      Ca B 5.907m  32.709   0.0026      Ca B  4100A  33.070   0.0059            
 SPR2 350.0m  33.183   0.0077      He 2 1.116m  33.059   0.0058      Ca B 5.127m  32.575   0.0019      Ca B  4026A  32.964   0.0046            
 SPR3 500.0m  33.128   0.0068      He 2 1.116m  32.407   0.0013      Ca B 4.671m  32.452   0.0014      Ca B  3969A  32.866   0.0037            
 PAC1 70.00m  33.768   0.0295      He 2 1.458m  33.018   0.0053      Ca B 4.375m  32.339   0.0011      Ca B  3924A  32.776   0.0030            
 PAC2 100.0m  33.712   0.0260      He 2 1.458m  33.440   0.0139      Ca B 19.06m  32.625   0.0021      Ca B  3888A  32.691   0.0025            
 PAC3 160.0m  33.599   0.0200      He 2 1.458m  33.536   0.0173      Ca B 11.31m  32.507   0.0016      Ca B  3858A  32.612   0.0021            
 PAH  3.300m  33.888   0.0390      He 2 1.458m  33.474   0.0150      Ca B 8.758m  32.380   0.0012      Ca B  3834A  32.537   0.0017            
 PAHC 3.230m  33.547   0.0178      He 2 1.458m  33.293   0.0099      Ca B 27.80m  32.299   0.0010      Ca B  3814A  32.467   0.0015            
 PAHC 3.370m  33.497   0.0158      He 2 1.458m  32.997   0.0050      H  1     0   35.572   1.8835      Ca B  3797A  32.401   0.0013            
 PAH  6.200m  34.064   0.0584      He 2 1.458m  32.552   0.0018      H  1  1216A  36.975  47.6286      Ca B  3782A  32.337   0.0011            
 PAHC 5.650m  34.118   0.0662      He 2 1.845m  32.846   0.0035      H  1  1026A  34.260   0.0918      Ca B 1.864m  33.790   0.0311            
 PAH  7.900m  34.288   0.0978      He 2 1.845m  33.267   0.0093      H  1 972.5A  34.147   0.0707      Ca B 1.163m  33.584   0.0193            
 PAHC 6.900m  34.274   0.0948      He 2 1.845m  33.364   0.0116      H  1 949.7A  34.079   0.0605      Ca B  9345A  33.397   0.0126            
 PAH  11.30m  33.525   0.0169      He 2 1.845m  33.310   0.0103      H  1 937.8A  33.977   0.0478      Ca B  8237A  33.234   0.0086            
 PAHC 10.90m  33.495   0.0157      He 2 1.845m  33.149   0.0071      H  1 930.8A  33.928   0.0427      Ca B  7593A  33.090   0.0062            
 PAH  11.80m  33.656   0.0229      He 2 1.845m  32.898   0.0040      H  1 926.2A  33.892   0.0393      Ca B  7178A  32.961   0.0046            
 PAHC 12.65m  33.769   0.0296      He 2 1.845m  32.548   0.0018      H  1 923.2A  33.863   0.0368      Ca B  6891A  32.844   0.0035            
 PAH  13.30m  33.658   0.0229      He 2 2.278m  32.695   0.0025      H  1 921.0A  33.836   0.0345      Ca B  6684A  32.737   0.0027            
 PAHC 14.10m  33.594   0.0198      He 2 2.278m  33.115   0.0066      H  1  6563A  35.759   2.8948      Ca B  6527A  32.638   0.0022            
 Bcon  3640A  37.370 118.2029      He 2 2.278m  33.212   0.0082      H  1  4861A  35.298   1.0000      Ca B  6407A  32.547   0.0018            
 Pcon  5000A  36.345  11.1626      He 2 2.278m  33.162   0.0073      H  1  4340A  34.972   0.4722      Ca B  6311A  32.462   0.0015            
 HFFc     0   36.102   6.3719      He 2 2.278m  33.015   0.0052      H  1  4102A  34.703   0.2546      Ca B  6234A  32.383   0.0012            
 H FF     0   36.009   5.1431      He 2 2.278m  32.791   0.0031      H  1  3970A  34.483   0.1533      Ca B  6171A  32.307   0.0010            
 HeFF     0   35.387   1.2287      He 2 2.278m  32.494   0.0016      H  1  3889A  34.294   0.0992      Ca B 3.091m  33.378   0.0120            
 ToFF     0   36.102   6.3718      He 2 2.756m  33.724   0.0267      H  1  3835A  34.130   0.0680      Ca B 1.874m  33.209   0.0082            
 nFnu 1.335c  32.309   0.0010      He 2 3.280m  33.611   0.0206      H  1  3798A  33.989   0.0491      Ca B 1.476m  33.048   0.0056            
 nFnu  9993m  32.421   0.0013      He 2 3.850m  33.508   0.0162      H  1 1.875m  34.748   0.2820      Ca B 1.281m  32.903   0.0040            
 nFnu  6917m  32.562   0.0018      He 2 4.465m  33.412   0.0130      H  1 1.282m  34.438   0.1381      Ca B 1.167m  32.774   0.0030            
 nFnu 122.4m  34.063   0.0583      He 2 5.125m  33.323   0.0106      H  1 1.094m  34.195   0.0790      Ca B 1.093m  32.656   0.0023            
 nFnu 60.83m  34.310   0.1030      He 2 5.832m  33.240   0.0088      H  1 1.005m  33.977   0.0479      Ca B 1.042m  32.548   0.0018            
 nFnu 41.22m  34.449   0.1417      He 2 6.583m  33.161   0.0073      H  1  9546A  33.791   0.0311      Ca B  9763A  32.357   0.0011            
 nFnu 30.87m  34.550   0.1789      He 2 7.381m  33.087   0.0062      H  1  9229A  33.628   0.0214      Ca B 4.762m  33.020   0.0053            
 nFnu 24.78m  34.627   0.2134      He 2 8.223m  33.017   0.0052      H  1  9015A  33.489   0.0155      Ca B 2.825m  32.881   0.0038            
 nFnu 24.30m  34.634   0.2168      He 2 9.112m  32.950   0.0045      H  1 4.051m  34.103   0.0638      Ca B 2.189m  32.740   0.0028            
 nFnu 22.83m  34.655   0.2276      He 2 10.05m  32.887   0.0039      H  1 2.625m  33.862   0.0367      Ca B 1.876m  32.611   0.0021            
 nFnu 21.42m  34.677   0.2396      He 2 11.03m  32.827   0.0034      H  1 2.166m  33.641   0.0220      Ca B 1.692m  32.493   0.0016            
 nFnu 21.12m  34.682   0.2425      He 2 12.05m  32.769   0.0030      H  1 1.945m  33.453   0.0143      Ca B 1.572m  32.385   0.0012            
 nFnu 19.62m  34.707   0.2566      He 2 13.12m  32.714   0.0026      H  1 1.817m  33.291   0.0099      Ca B 6.946m  32.703   0.0025            
 nFnu 17.65m  34.745   0.2804      He 2 14.24m  33.892   0.0393      H  1 1.736m  33.151   0.0071      Ca B 4.050m  32.588   0.0020            
 nFnu 17.37m  34.750   0.2837      He 1 504.3A  35.826   3.3780      H  1 7.458m  33.621   0.0211      Ca B 3.095m  32.464   0.0015            
 nFnu 15.69m  34.784   0.3069      He 1  2600A  34.336   0.1094      H  1 4.653m  33.390   0.0124      Ca B 2.624m  32.347   0.0011            
 nFnu 14.60m  34.809   0.3250      He 1  3121A  33.802   0.0319      H  1 3.740m  33.198   0.0079      Ca B 9.711m  32.420   0.0013            
 nFnu 12.43m  34.869   0.3725      He 1  3421A  33.704   0.0255      H  1 3.296m  33.033   0.0054      Ca B 5.582m  32.323   0.0011            
 nFnu 11.40m  34.897   0.3981      He 1  3421A  34.181   0.0765      H  1 3.038m  32.891   0.0039      He 2     0   36.341  11.0649            
 nFnu 10.46m  34.928   0.4273      He 1  3421A  34.403   0.1275      H  1 12.37m  33.191   0.0078      He 2 303.8A  36.704  25.4855            
 nFnu 9.480m  34.962   0.4619      He 1  3679A  33.948   0.0447      H  1 7.500m  32.993   0.0050      He 2 256.3A  33.999   0.0503            
 nFnu 9.325m  34.967   0.4673      He 1  6632A  33.525   0.0169      H  1 5.907m  32.824   0.0034      He 2 243.0A  33.900   0.0401            
 nFnu 8.210m  35.014   0.5203      He 1  7435A  33.062   0.0058      H  1 5.127m  32.677   0.0024      He 2 237.4A  33.836   0.0346            
 nFnu 7.580m  35.040   0.5533      He 1  7843A  33.985   0.0487      H  1 19.06m  32.817   0.0033      He 2 234.4A  33.797   0.0316            
 nFnu 7.050m  35.068   0.5893      He 1  8188A  33.609   0.0205      H  1 11.31m  32.647   0.0022      He 2 232.6A  33.767   0.0295            
 nFnu 4.114m  35.261   0.9185      He 1  8191A  33.116   0.0066      H  1 8.758m  32.496   0.0016      He 2 231.5A  33.739   0.0276            
 nInu 4.114m  32.812   0.0033      He 1  8261A  33.327   0.0107      H  1 27.80m  32.482   0.0015      He 2 230.7A  33.714   0.0261            
 nFnu 2.324m  35.454   1.4349      He 1 1.248m  33.031   0.0054      H  1 16.20m  32.336   0.0011      He 2 230.2A  33.692   0.0248            
 nInu 2.324m  33.548   0.0178      He 1 1.356m  32.595   0.0020      Ca A 303.8A  36.671  23.6570      He 2  1640A  35.807   3.2326            
 nFnu 1.643m  35.583   1.9284      He 1 1.409m  33.529   0.0170      Ca A 256.3A  36.008   5.1385      He 2  1215A  35.321   1.0568            
 nInu 1.643m  33.992   0.0495      He 1 1.456m  33.269   0.0094      Ca A 243.0A  35.593   1.9731      He 2  1085A  34.987   0.4894            
 nFnu 1.480m  35.610   2.0529      He 1 1.456m  32.773   0.0030      Ca A 237.4A  35.288   0.9775      He 2  1025A  34.730   0.2707            
 nInu 1.480m  34.127   0.0675      He 1 1.458m  32.800   0.0032      Ca A 234.4A  35.045   0.5597      He 2 992.4A  34.521   0.1672            
 nFnu 1.436m  35.675   2.3829      He 1 1.458m  32.323   0.0011      Ca A 232.6A  34.844   0.3518      He 2 972.2A  34.345   0.1115            
 nInu 1.436m  34.165   0.0738      He 1 1.466m  32.892   0.0039      Ca A 231.5A  34.671   0.2361      He 2 958.8A  34.193   0.0786            
 nFnu 1.119m  35.735   2.7388      He 1 2.014m  32.677   0.0024      Ca A 230.7A  34.519   0.1664      He 2 949.4A  34.061   0.0580            
 nInu 1.119m  34.485   0.1539      He 1 2.217m  33.192   0.0078      Ca A 230.2A  34.383   0.1218      He 2  4686A  34.931   0.4299            
 nFnu  8330A  35.799   3.1724      He 1 2.275m  32.969   0.0047      Ca A 229.8A  34.261   0.0919      He 2  3203A  34.561   0.1834            
 nInu  8330A  34.859   0.3645      He 1 2.276m  32.473   0.0015      Ca A 229.4A  34.149   0.0711      He 2  2733A  34.294   0.0992            
 nFnu  8079A  35.942   4.4103      He 1 2.278m  32.639   0.0022      Ca A 229.2A  34.047   0.0562      He 2  2511A  34.079   0.0604            
 nInu  8079A  34.897   0.3978      He 1 2.289m  32.565   0.0018      Ca A 229.0A  33.952   0.0452      He 2  2386A  33.898   0.0398            
 nFnu  6210A  35.981   4.8252      He 1 2.963m  32.409   0.0013      Ca A 228.9A  33.865   0.0369      He 2  2306A  33.741   0.0278            
 nInu  6210A  35.230   0.8566      He 1 3.206m  32.927   0.0043      Ca A 228.7A  33.783   0.0306      He 2  2253A  33.604   0.0203            
 nFnu  4885A  36.017   5.2399      He 1 3.277m  32.720   0.0026      Ca A 228.6A  33.706   0.0256      He 2 1.012m  34.352   0.1133            
 nInu  4885A  35.529   1.7028      He 1 3.280m  32.439   0.0014      Ca A 228.6A  33.635   0.0217      He 2  6560A  34.033   0.0543            
 nFnu  3704A  36.016   5.2337      He 1 3.293m  32.303   0.0010      Ca A 228.5A  33.568   0.0186      He 2  5412A  33.802   0.0320            
 nInu  3704A  35.866   3.6985      He 1 4.465m  33.184   0.0077      Ca A 228.4A  33.505   0.0161      He 2  4860A  33.614   0.0207            
 nFnu  3588A  36.436  13.7429      He 1 5.831m  33.012   0.0052      Ca A 228.4A  33.446   0.0141      He 2  4542A  33.453   0.0143            
 nInu  3588A  35.908   4.0778      He 1 7.380m  32.860   0.0036      Ca A 228.3A  33.391   0.0124      He 2  4339A  33.312   0.0103            
 nFnu  2430A  36.372  11.8800      He 1 9.111m  32.724   0.0027      Ca A 228.3A  33.340   0.0110      He 2 1.864m  33.899   0.0400            
 nInu  2430A  36.371  11.8403      He 1 11.02m  32.600   0.0020      Ca A 228.3A  33.292   0.0099      He 2 1.163m  33.613   0.0207            
 nFnu  2392A  36.368  11.7637      He 1 13.12m  32.488   0.0015      Ca A  1640A  35.622   2.1115      He 2  9345A  33.406   0.0128            
 nInu  2392A  36.388  12.3244      He 1 15.40m  32.384   0.0012      Ca A  1215A  35.157   0.7237      He 2  8237A  33.237   0.0087            
 nFnu  2071A  36.325  10.6461      He 1 61.59m  32.744   0.0028      Ca A  1085A  34.827   0.3382      He 2  7593A  33.091   0.0062            
 nInu  2071A  36.555  18.0760      grains......................      Ca A  1025A  34.571   0.1875      He 2 3.091m  33.525   0.0169            
 nFnu  2053A  36.423  13.3623      H-like iso-sequence.........      Ca A 992.4A  34.361   0.1157      He 2 1.874m  33.264   0.0093            
 nInu  2053A  36.566  18.5539      Clin 912.0A  36.591  19.6521      Ca A 972.2A  34.182   0.0767      He 2 1.476m  33.070   0.0059            
 nFnu  1793A  36.374  11.9245      Clin 228.0A  33.124   0.0067      Ca A 958.8A  34.027   0.0536      He 2 1.281m  32.915   0.0041            
 nInu  1793A  36.717  26.2739      Cool  1216A  36.306  10.1867      Ca A 949.4A  33.889   0.0390      He 2 4.762m  33.204   0.0081            
 nFnu  1585A  36.329  10.7521      Crst 960.0A  36.274   9.4652      Ca A 942.6A  33.765   0.0293      He 2 2.825m  32.969   0.0047            
 nInu  1585A  36.848  35.5193      CION     0   35.440   1.3877      Ca A 937.5A  33.652   0.0226      He 2 2.189m  32.780   0.0030            
 nFnu  1458A  36.294   9.9111      Dest  1216A  33.876   0.0379      Ca A 933.5A  33.548   0.0178      He 2 6.946m  32.921   0.0042            
 nInu  1458A  36.939  43.7544      Q(H)  4861A  35.952   4.5106      Ca A 930.4A  33.453   0.0143      He 2 4.050m  32.717   0.0026            
 nFnu  1357A  36.255   9.0635      Q(H)  1216A  37.488 155.1681      Ca A 927.9A  33.364   0.0116      He 2 9.711m  32.666   0.0023            
 nInu  1357A  37.012  51.7693      CaBo  4861A  35.219   0.8350      Ca A 925.9A  33.281   0.0096      He-like iso-sequence........            
 nFnu  1297A  36.214   8.2444      CaBo  1640A  35.814   3.2850      Ca A 924.2A  33.203   0.0080      Clin 506.0A  35.530   1.7065            
 nInu  1297A  37.058  57.5764      CaBo  4686A  34.886   0.3881      Ca A 922.8A  33.129   0.0068      Ca B  2945A  33.534   0.0172            
 nFnu  1263A  36.167   7.3964      Ca A 937.8A  34.985   0.4870      Ca A 921.6A  33.060   0.0058      Ca B  3188A  33.889   0.0391            
 nInu  1263A  37.088  61.7535      Ca A 930.8A  34.781   0.3046      Ca A 920.6A  32.994   0.0050      Ca B  3614A  32.974   0.0047            
 nFnu  1218A  36.079   6.0529      Ca A 926.2A  34.606   0.2034      Ca A 919.8A  32.931   0.0043      Ca B  3889A  34.349   0.1126            
 nInu  1218A  37.123  66.9518      Ca A 923.2A  34.452   0.1428      Ca A 919.0A  32.872   0.0038      Ca B  3965A  33.272   0.0094            
 nFnu  1196A  36.075   5.9858      Ca A 921.0A  34.316   0.1045      Ca A 918.4A  32.815   0.0033      Ca B  4026A  33.486   0.0154            
 nInu  1196A  37.138  69.2906      Ca A 919.4A  34.196   0.0791      Ca A 917.8A  32.761   0.0029      Ca B  4121A  32.768   0.0030            
 nFnu  1175A  36.069   5.9075      Ca A 918.1A  34.088   0.0618      Ca A  4686A  34.849   0.3562      Ca B  4388A  32.944   0.0044            
 nInu  1175A  37.158  72.5154      Ca A 917.2A  33.993   0.0496      Ca A  3203A  34.509   0.1629      Ca B  4471A  33.858   0.0363            
 nFnu  1144A  36.062   5.8142      Ca A 916.4A  33.908   0.0408      Ca A  2733A  34.242   0.0881      Ca B  4713A  33.209   0.0082            
 nInu  1144A  37.187  77.5865      Ca A 915.8A  33.833   0.0343      Ca A  2511A  34.025   0.0534      Ca B  4922A  33.306   0.0102            
 nFnu  1113A  36.058   5.7590      Ca A 915.3A  33.766   0.0294      Ca A  2386A  33.841   0.0350      Ca B  5016A  33.684   0.0244            
 nInu  1113A  37.211  82.0328      Ca A 914.9A  33.706   0.0256      Ca A  2306A  33.682   0.0243      Ca B  5048A  32.668   0.0023            
 nFnu  1103A  36.057   5.7426      Ca A 914.6A  33.650   0.0225      Ca A  2253A  33.542   0.0175      Ca B  5876A  34.460   0.1453            
 nInu  1103A  37.221  83.8685      Ca A 914.3A  33.600   0.0201      Ca A  2215A  33.415   0.0131      Ca B  6678A  33.916   0.0416            
 nFnu  1074A  36.055   5.7161      Ca A 914.0A  33.552   0.0180      Ca A  2187A  33.301   0.0101      Ca B  7065A  34.042   0.0556            
 nInu  1074A  37.245  88.6035      Ca A 913.8A  33.508   0.0163      Ca A  2165A  33.196   0.0079      Ca B  7281A  33.282   0.0097            
 nFnu  1064A  36.054   5.7112      Ca A 913.6A  33.468   0.0148      Ca A  2149A  33.099   0.0063      Ca B 1.083m  35.467   1.4762            
 nInu  1064A  37.254  90.5567      Ca A 913.5A  33.430   0.0136      Ca A  2135A  33.009   0.0052      Ca B 1.197m  32.489   0.0016            
 nFnu  1036A  36.054   5.7132      Ca A 913.3A  33.395   0.0125      Ca A  2125A  32.926   0.0042      Ca B 1.253m  32.395   0.0013            
 nInu  1036A  37.278  95.5892      Ca A  3970A  34.223   0.0842      Ca A  2116A  32.847   0.0035      Ca B 1.278m  33.001   0.0051            
 nFnu  1000A  36.057   5.7499      Ca A  3889A  34.045   0.0559      Ca A  2109A  32.773   0.0030      Ca B 1.279m  32.647   0.0022            
 nInu  1000A  37.310 102.9999      Ca A  3835A  33.889   0.0391      Ca A  2102A  32.703   0.0025      Ca B 1.700m  32.707   0.0026            
 nFnu 925.1A  36.074   5.9751      Ca A  3798A  33.750   0.0284      Ca A  2097A  32.636   0.0022      Ca B 1.869m  33.476   0.0151            
 nInu 925.1A  37.382 121.5738      Ca A  3771A  33.625   0.0213      Ca A  2093A  32.573   0.0019      Ca B 1.870m  33.203   0.0080            
 nFnu 897.8A  37.471 149.1131      Ca A  3750A  33.510   0.0163      Ca A  2089A  32.513   0.0016      Ca B 2.058m  33.913   0.0413            
 nInu 897.8A  36.976  47.7221      Ca A  3734A  33.405   0.0128      Ca A  2086A  32.456   0.0014      Ca B 2.112m  32.393   0.0012            
 nFnu 760.0A  37.162  73.1728      Ca A  3722A  33.307   0.0102      Ca A  2083A  32.401   0.0013      He 1     0   35.515   1.6519            
 nInu 760.0A  37.267  93.2885      Ca A  3712A  33.216   0.0083      Ca A 1.012m  34.260   0.0918      TOTL 591.4A  33.660   0.0231            
 nFnu 701.5A  36.990  49.2527      Ca A  3704A  33.132   0.0068      Ca A  6560A  33.997   0.0501      He 1 591.4A  33.659   0.0230            
 nInu 701.5A  37.381 121.2594      Ca A  3697A  33.053   0.0057      Ca A  5412A  33.775   0.0300      He 1 584.3A  35.201   0.8012            
 nFnu 608.2A  36.653  22.6478      Ca A  3692A  32.979   0.0048      Ca A  4860A  33.587   0.0195      He 1 537.0A  34.231   0.0858            
 nInu 608.2A  37.550 179.0258      Ca A  3687A  32.911   0.0041      Ca A  4542A  33.425   0.0134      He 1 522.2A  34.062   0.0582            
 nFnu 575.1A  36.547  17.7766      Ca A  3683A  32.847   0.0035      Ca A  4339A  33.282   0.0096      He 1 515.6A  33.959   0.0459            
 nInu 575.1A  37.603 202.2404      Ca A  3679A  32.788   0.0031      Ca A  4200A  33.153   0.0072      He 1 512.1A  34.013   0.0519            
 nFnu 511.9A  36.408  12.9052      Ca A  3676A  32.733   0.0027      Ca A  4100A  33.037   0.0055      He 1 625.6A  34.968   0.4680            
 nInu 511.9A  37.696 250.2351      Ca A  3674A  32.682   0.0024      Ca A  4026A  32.931   0.0043      TOTL 1.083m  35.482   1.5283            
 nFnu 496.9A  36.954  45.3739      Ca A  3671A  32.633   0.0022      Ca A  3969A  32.833   0.0034      He 1 1.083m  35.482   1.5283            
 nInu 496.9A  37.689 246.3892      Ca A  9546A  33.630   0.0215      Ca A  3924A  32.743   0.0028      He 1 1.083m  34.528   0.1701            
 nFnu 399.2A  36.502  16.0173      Ca A  9229A  33.474   0.0150      Ca A  3888A  32.658   0.0023      He 1 1.083m  35.004   0.5085            
 nInu 399.2A  37.797 315.8971      Ca A  9015A  33.334   0.0109      Ca A  3858A  32.579   0.0019      He 1 1.083m  35.227   0.8497            
 RRC.........................      Ca A  8863A  33.209   0.0081      Ca A  3834A  32.504   0.0016      He 1  3889A  34.226   0.0848            
 H  1 911.8A  36.761  29.0998      Ca A  8750A  33.093   0.0063      Ca A  3814A  32.433   0.0014      He 1  3188A  33.799   0.0317            
 H  1  3646A  35.600   2.0089      Ca A  8665A  32.987   0.0049      Ca A  3797A  32.366   0.0012      He 1  2945A  33.459   0.0145            
 H  1  3646A  35.840   3.4898      Ca A  8598A  32.888   0.0039      Ca A  3782A  32.303   0.0010      He 1  2829A  33.193   0.0079            
 H  1  8204A  34.930   0.4289      Ca A  8545A  32.796   0.0032      Ca A 1.864m  33.777   0.0302      He 1 2.058m  33.086   0.0061            
 H  1  8204A  35.209   0.8162      Ca A  8502A  32.710   0.0026      Ca A 1.163m  33.569   0.0187      He 1  5016A  33.474   0.0150            
 H  1  8204A  34.972   0.4723      Ca A  8467A  32.628   0.0021      Ca A  9345A  33.380   0.0121      He 1  3965A  33.034   0.0055            
 H  1 1.458m  34.487   0.1549      Ca A  8438A  32.551   0.0018      Ca A  8237A  33.216   0.0083      He 1  3614A  32.687   0.0025            
 H  1 1.458m  34.770   0.2970      Ca A  8413A  32.479   0.0015      Ca A  7593A  33.070   0.0059      He 1  3448A  32.575   0.0019            
 H  1 1.458m  34.632   0.2159      Ca A  8392A  32.412   0.0013      Ca A  7178A  32.941   0.0044      He 1  7065A  34.148   0.0709            
 H  1 1.458m  34.169   0.0744      Ca A  8374A  32.348   0.0011      Ca A  6891A  32.823   0.0034      He 1  5876A  34.398   0.1260            
 H  1 2.279m  34.160   0.0729      Ca A 1.817m  33.159   0.0073      Ca A  6684A  32.716   0.0026      He 1  4713A  33.224   0.0084            
 H  1 2.279m  34.442   0.1394      Ca A 1.736m  33.020   0.0053      Ca A  6527A  32.617   0.0021      He 1  4471A  33.815   0.0329            
 H  1 2.279m  34.332   0.1083      Ca A 1.681m  32.894   0.0039      Ca A  6407A  32.526   0.0017      He 1  4121A  32.764   0.0029            
 H  1 2.279m  34.009   0.0515      Ca A 1.641m  32.778   0.0030      Ca A  6311A  32.441   0.0014      He 1  4026A  33.441   0.0139            
 H  1 2.279m  33.421   0.0133      Ca A 1.611m  32.672   0.0024      Ca A  6234A  32.361   0.0012      He 1  3867A  32.665   0.0023            
 H  1 3.281m  33.901   0.0402      Ca A 1.588m  32.573   0.0019      Ca A 3.091m  33.366   0.0117      He 1  3820A  33.209   0.0081            
 H  1 3.281m  34.181   0.0765      Ca A 1.570m  32.481   0.0015      Ca A 1.874m  33.198   0.0079      He 1  7281A  33.205   0.0081            
 H  1 3.281m  34.082   0.0609      Ca A 1.556m  32.394   0.0012      Ca A 1.476m  33.036   0.0055      He 1  6678A  33.684   0.0243            
 H  1 3.281m  33.810   0.0326      Ca A 1.544m  32.312   0.0010      Ca A 1.281m  32.890   0.0039      He 1  5048A  32.595   0.0020            
 H  1 3.281m  33.390   0.0124      Ca A 3.038m  32.765   0.0029      Ca A 1.167m  32.760   0.0029      He 1  4922A  33.175   0.0075            
 H  1 3.281m  32.728   0.0027      Ca A 2.872m  32.639   0.0022      Ca A 1.093m  32.642   0.0022      He 1  4388A  32.834   0.0034            
 H  1 4.466m  33.687   0.0245      Ca A 2.758m  32.524   0.0017      Ca A 1.042m  32.534   0.0017      He 1  4169A  32.536   0.0017            
 H  1 4.466m  33.965   0.0465      Ca A 2.674m  32.418   0.0013      Ca A  9763A  32.342   0.0011      He 1  4144A  32.844   0.0035            
 H  1 4.466m  33.871   0.0375      Ca A 2.612m  32.320   0.0011      Ca A 4.762m  33.009   0.0051      He 1 4.295m  32.816   0.0033            
 H  1 4.466m  33.622   0.0211      Ca A 12.37m  32.971   0.0047      Ca A 2.825m  32.871   0.0037      He 1 1.253m  32.561   0.0018            
 H  1 4.466m  33.270   0.0094      Ca A 7.500m  32.829   0.0034      Ca A 2.189m  32.730   0.0027      He 1  9464A  32.342   0.0011            
 H  1 4.466m  32.797   0.0032      Ca A 5.907m  32.683   0.0024      Ca A 1.876m  32.600   0.0020      He 1 2.112m  32.408   0.0013            
 H  1 5.834m  33.503   0.0161      Ca A 5.127m  32.548   0.0018      Ca A 1.692m  32.482   0.0015      He 1 1.700m  32.664   0.0023            
 H  1 5.834m  33.780   0.0304      Ca A 4.671m  32.424   0.0013      Ca A 1.572m  32.374   0.0012      He 1 1.197m  32.445   0.0014            
 H  1 5.834m  33.689   0.0246      Ca A 4.375m  32.310   0.0010      Ca A 6.946m  32.692   0.0025      He 1 1.954m  32.327   0.0011            
 H  1 5.834m  33.453   0.0143      Ca A 19.06m  32.601   0.0020      Ca A 4.050m  32.578   0.0019      He 1 1.869m  33.284   0.0097            
 H  1 5.834m  33.134   0.0069      Ca A 11.31m  32.484   0.0015      Ca A 3.095m  32.454   0.0014      He 1 1.278m  32.896   0.0040            
 H  1 5.834m  32.741   0.0028      Ca A 8.758m  32.357   0.0011      Ca A 2.624m  32.338   0.0011      He 1 1.091m  32.628   0.0021            
 H  1 7.383m  33.343   0.0111      Ca B  3970A  34.407   0.1286      Ca A 9.711m  32.408   0.0013      He 1 1.870m  32.833   0.0034            
 H  1 7.383m  33.619   0.0210      Ca B  3889A  34.226   0.0848      Ca A 5.582m  32.313   0.0010      He 1 1.279m  32.419   0.0013            
 H  1 7.383m  33.529   0.0170      Ca B  3835A  34.068   0.0590      Ca B  1640A  35.792   3.1222      He 1 1.092m  32.356   0.0011            
 H  1 7.383m  33.300   0.0101      Ca B  3798A  33.928   0.0427      Ca B  1215A  35.324   1.0631      He 1 4.048m  32.546   0.0018            
 H  1 7.383m  33.000   0.0050      Ca B  3771A  33.802   0.0320      Ca B  1085A  34.991   0.4933      Pho+  3889A  34.933   0.4316            
 H  1 7.383m  32.651   0.0023      Ca B  3750A  33.688   0.0246      Ca B  1025A  34.732   0.2719      database lines..............            
 H  1 9.115m  33.201   0.0080      Ca B  3734A  33.584   0.0193      Ca B 992.4A  34.520   0.1668      level 1 lines...............            
 H  1 9.115m  33.477   0.0151      Ca B  3722A  33.489   0.0155      Ca B 972.2A  34.340   0.1102      recombination...............            
 H  1 9.115m  33.387   0.0123      Ca B  3712A  33.401   0.0127      Ca B 958.8A  34.183   0.0767      level2 lines................            
 H  1 9.115m  33.163   0.0073      Ca B  3704A  33.320   0.0105      Ca B 949.4A  34.043   0.0557      hyperfine structure.........            
 H  1 9.115m  32.874   0.0038      Ca B  3697A  33.245   0.0089      Ca B 942.6A  33.918   0.0418      inner shell.................            
 H  1 9.115m  32.551   0.0018      Ca B  3692A  33.174   0.0075      Ca B 937.5A  33.805   0.0321      molecules...................            

                                                    Emergent line intensities
 Caution: emergent intensities are not reliable on the first iteration.
 general properties..........      Ca A 930.8A  34.781   0.3046      H  1 11.31m  32.647   0.0022      Ca B  3888A  32.691   0.0025            
 TOTL  4861A  35.298   1.0000      Ca A 926.2A  34.606   0.2034      H  1 8.758m  32.496   0.0016      Ca B  3858A  32.612   0.0021            
 TOTL  1216A  36.975  47.6132      Ca A 923.2A  34.452   0.1428      H  1 27.80m  32.482   0.0015      Ca B  3834A  32.537   0.0017            
 continua....................      Ca A 921.0A  34.316   0.1045      H  1 16.20m  32.336   0.0011      Ca B  3814A  32.467   0.0015            
 Bac   3646A  36.222   8.4021      Ca A 919.4A  34.196   0.0791      Ca A 303.8A  36.659  22.9626      Ca B  3797A  32.401   0.0013            
 nFnu  3645A  36.436  13.7437      Ca A 918.1A  34.088   0.0618      Ca A 256.3A  36.000   5.0371      Ca B  3782A  32.337   0.0011            
 nFnu  3647A  36.025   5.3415      Ca A 917.2A  33.993   0.0496      Ca A 243.0A  35.585   1.9385      Ca B 1.864m  33.790   0.0311            
 cout  3646A  36.222   8.4021      Ca A 916.4A  33.908   0.0408      Ca A 237.4A  35.280   0.9614      Ca B 1.163m  33.584   0.0193            
 thin  3646A  36.222   8.4040      Ca A 915.8A  33.833   0.0343      Ca A 234.4A  35.038   0.5508      Ca B  9345A  33.397   0.0126            
 Inci  4860A  35.536   1.7305      Ca A 915.3A  33.766   0.0294      Ca A 232.6A  34.837   0.3463      Ca B  8237A  33.234   0.0086            
 Inci  1215A  37.125  67.2964      Ca A 914.9A  33.706   0.0256      Ca A 231.5A  34.664   0.2325      Ca B  7593A  33.090   0.0062            
 FIR  83.00m  34.496   0.1580      Ca A 914.6A  33.650   0.0225      Ca A 230.7A  34.512   0.1638      Ca B  7178A  32.961   0.0046            
 TIR   1800m  33.520   0.0167      Ca A 914.3A  33.600   0.0200      Ca A 230.2A  34.377   0.1200      Ca B  6891A  32.844   0.0035            
 NIRa 2.850m  36.192   7.8440      Ca A 914.0A  33.552   0.0180      Ca A 229.8A  34.254   0.0906      Ca B  6684A  32.737   0.0027            
 NIRb 3.000m  36.019   5.2613      Ca A 913.8A  33.508   0.0163      Ca A 229.4A  34.143   0.0700      Ca B  6527A  32.638   0.0022            
 MIRa 15.00m  35.191   0.7828      Ca A 913.6A  33.468   0.0148      Ca A 229.2A  34.040   0.0553      Ca B  6407A  32.547   0.0018            
 MIRb 22.50m  35.237   0.8705      Ca A 913.5A  33.430   0.0136      Ca A 229.0A  33.946   0.0445      Ca B  6311A  32.462   0.0015            
 NMIR 21.75m  36.192   7.8440      Ca A 913.3A  33.395   0.0125      Ca A 228.9A  33.858   0.0363      Ca B  6234A  32.383   0.0012            
 TFIR 611.2m  34.070   0.0593      Ca A  3970A  34.223   0.0842      Ca A 228.7A  33.776   0.0301      Ca B  6171A  32.307   0.0010            
 TALL 10000A  38.014 520.7159      Ca A  3889A  34.045   0.0559      Ca A 228.6A  33.700   0.0252      Ca B 3.091m  33.378   0.0120            
 F12  12.00m  34.702   0.2537      Ca A  3835A  33.889   0.0391      Ca A 228.6A  33.628   0.0214      Ca B 1.874m  33.209   0.0082            
 F25  25.00m  34.337   0.1096      Ca A  3798A  33.750   0.0284      Ca A 228.5A  33.561   0.0183      Ca B 1.476m  33.048   0.0056            
 F60  60.00m  34.195   0.0789      Ca A  3771A  33.625   0.0213      Ca A 228.4A  33.498   0.0159      Ca B 1.281m  32.903   0.0040            
 F100 100.0m  33.712   0.0260      Ca A  3750A  33.510   0.0163      Ca A 228.4A  33.439   0.0139      Ca B 1.167m  32.774   0.0030            
 MIPS 24.00m  34.024   0.0532      Ca A  3734A  33.405   0.0128      Ca A 228.3A  33.384   0.0122      Ca B 1.093m  32.656   0.0023            
 MIPS 70.00m  33.708   0.0257      Ca A  3722A  33.307   0.0102      Ca A 228.3A  33.333   0.0108      Ca B 1.042m  32.548   0.0018            
 MIPS 160.0m  33.320   0.0105      Ca A  3712A  33.216   0.0083      Ca A 228.3A  33.285   0.0097      Ca B  9763A  32.357   0.0011            
 IRAC 3.600m  34.688   0.2456      Ca A  3704A  33.132   0.0068      Ca A  1640A  35.622   2.1114      Ca B 4.762m  33.020   0.0053            
 IRAC 4.500m  34.765   0.2932      Ca A  3697A  33.053   0.0057      Ca A  1215A  35.157   0.7236      Ca B 2.825m  32.881   0.0038            
 IRAC 5.800m  34.569   0.1870      Ca A  3692A  32.979   0.0048      Ca A  1085A  34.827   0.3382      Ca B 2.189m  32.740   0.0028            
 IRAC 8.000m  34.670   0.2358      Ca A  3687A  32.911   0.0041      Ca A  1025A  34.570   0.1875      Ca B 1.876m  32.611   0.0021            
 SPR1 250.0m  33.301   0.0101      Ca A  3683A  32.847   0.0035      Ca A 992.4A  34.361   0.1157      Ca B 1.692m  32.493   0.0016            
 SPR2 350.0m  33.183   0.0077      Ca A  3679A  32.788   0.0031      Ca A 972.2A  34.182   0.0767      Ca B 1.572m  32.385   0.0012            
 SPR3 500.0m  33.128   0.0068      Ca A  3676A  32.733   0.0027      Ca A 958.8A  34.027   0.0536      Ca B 6.946m  32.703   0.0025            
 PAC1 70.00m  33.768   0.0295      Ca A  3674A  32.682   0.0024      Ca A 949.4A  33.889   0.0390      Ca B 4.050m  32.588   0.0020            
 PAC2 100.0m  33.712   0.0260      Ca A  3671A  32.633   0.0022      Ca A 942.6A  33.765   0.0293      Ca B 3.095m  32.464   0.0015            
 PAC3 160.0m  33.599   0.0200      Ca A  9546A  33.630   0.0215      Ca A 937.5A  33.652   0.0226      Ca B 2.624m  32.347   0.0011            
 PAH  3.300m  33.888   0.0390      Ca A  9229A  33.474   0.0150      Ca A 933.5A  33.548   0.0178      Ca B 9.711m  32.420   0.0013            
 PAHC 3.230m  33.547   0.0178      Ca A  9015A  33.334   0.0109      Ca A 930.4A  33.453   0.0143      Ca B 5.582m  32.323   0.0011            
 PAHC 3.370m  33.497   0.0158      Ca A  8863A  33.209   0.0081      Ca A 927.9A  33.364   0.0116      He 2 303.8A  36.704  25.4855            
 PAH  6.200m  34.064   0.0584      Ca A  8750A  33.093   0.0063      Ca A 925.9A  33.281   0.0096      He 2 256.3A  33.999   0.0503            
 PAHC 5.650m  34.118   0.0662      Ca A  8665A  32.987   0.0049      Ca A 924.2A  33.203   0.0080      He 2 243.0A  33.900   0.0401            
 PAH  7.900m  34.288   0.0978      Ca A  8598A  32.888   0.0039      Ca A 922.8A  33.129   0.0068      He 2 237.4A  33.836   0.0346            
 PAHC 6.900m  34.274   0.0948      Ca A  8545A  32.796   0.0032      Ca A 921.6A  33.060   0.0058      He 2 234.4A  33.797   0.0316            
 PAH  11.30m  33.525   0.0169      Ca A  8502A  32.710   0.0026      Ca A 920.6A  32.994   0.0050      He 2 232.6A  33.767   0.0295            
 PAHC 10.90m  33.495   0.0157      Ca A  8467A  32.628   0.0021      Ca A 919.8A  32.931   0.0043      He 2 231.5A  33.739   0.0276            
 PAH  11.80m  33.656   0.0229      Ca A  8438A  32.551   0.0018      Ca A 919.0A  32.872   0.0038      He 2 230.7A  33.714   0.0261            
 PAHC 12.65m  33.769   0.0296      Ca A  8413A  32.479   0.0015      Ca A 918.4A  32.815   0.0033      He 2 230.2A  33.692   0.0248            
 PAH  13.30m  33.658   0.0229      Ca A  8392A  32.412   0.0013      Ca A 917.8A  32.761   0.0029      He 2  1640A  35.807   3.2326            
 PAHC 14.10m  33.594   0.0198      Ca A  8374A  32.348   0.0011      Ca A  4686A  34.849   0.3562      He 2  1215A  35.321   1.0568            
 Bcon  3640A  37.370 118.0950      Ca A 1.817m  33.159   0.0073      Ca A  3203A  34.509   0.1629      He 2  1085A  34.987   0.4894            
 Pcon  5000A  36.345  11.1626      Ca A 1.736m  33.020   0.0053      Ca A  2733A  34.242   0.0881      He 2  1025A  34.730   0.2707            
 nFnu 1.335c  32.309   0.0010      Ca A 1.681m  32.894   0.0039      Ca A  2511A  34.025   0.0534      He 2 992.4A  34.521   0.1672            
 nFnu  9993m  32.421   0.0013      Ca A 1.641m  32.778   0.0030      Ca A  2386A  33.841   0.0350      He 2 972.2A  34.345   0.1115            
 nFnu  6917m  32.562   0.0018      Ca A 1.611m  32.672   0.0024      Ca A  2306A  33.682   0.0243      He 2 958.8A  34.193   0.0786            
 nFnu 122.4m  34.063   0.0583      Ca A 1.588m  32.573   0.0019      Ca A  2253A  33.542   0.0175      He 2 949.4A  34.061   0.0580            
 nFnu 60.83m  34.310   0.1030      Ca A 1.570m  32.481   0.0015      Ca A  2215A  33.415   0.0131      He 2  4686A  34.931   0.4299            
 nFnu 41.22m  34.449   0.1417      Ca A 1.556m  32.394   0.0012      Ca A  2187A  33.301   0.0101      He 2  3203A  34.561   0.1834            
 nFnu 30.87m  34.550   0.1789      Ca A 1.544m  32.312   0.0010      Ca A  2165A  33.196   0.0079      He 2  2733A  34.294   0.0992            
 nFnu 24.78m  34.627   0.2134      Ca A 3.038m  32.765   0.0029      Ca A  2149A  33.099   0.0063      He 2  2511A  34.079   0.0604            
 nFnu 24.30m  34.634   0.2168      Ca A 2.872m  32.639   0.0022      Ca A  2135A  33.009   0.0052      He 2  2386A  33.898   0.0398            
 nFnu 22.83m  34.655   0.2276      Ca A 2.758m  32.524   0.0017      Ca A  2125A  32.925   0.0042      He 2  2306A  33.741   0.0278            
 nFnu 21.42m  34.677   0.2396      Ca A 2.674m  32.418   0.0013      Ca A  2116A  32.847   0.0035      He 2  2253A  33.604   0.0203            
 nFnu 21.12m  34.682   0.2425      Ca A 2.612m  32.320   0.0011      Ca A  2109A  32.773   0.0030      He 2 1.012m  34.352   0.1133            
 nFnu 19.62m  34.707   0.2566      Ca A 12.37m  32.971   0.0047      Ca A  2102A  32.703   0.0025      He 2  6560A  34.033   0.0543            
 nFnu 17.65m  34.745   0.2804      Ca A 7.500m  32.829   0.0034      Ca A  2097A  32.636   0.0022      He 2  5412A  33.802   0.0320            
 nFnu 17.37m  34.750   0.2837      Ca A 5.907m  32.683   0.0024      Ca A  2093A  32.573   0.0019      He 2  4860A  33.614   0.0207            
 nFnu 15.69m  34.784   0.3069      Ca A 5.127m  32.548   0.0018      Ca A  2089A  32.513   0.0016      He 2  4542A  33.453   0.0143            
 nFnu 14.60m  34.809   0.3250      Ca A 4.671m  32.424   0.0013      Ca A  2086A  32.456   0.0014      He 2  4339A  33.312   0.0103            
 nFnu 12.43m  34.869   0.3725      Ca A 4.375m  32.310   0.0010      Ca A  2083A  32.401   0.0013      He 2 1.864m  33.899   0.0400            
 nFnu 11.40m  34.897   0.3981      Ca A 19.06m  32.601   0.0020      Ca A 1.012m  34.260   0.0918      He 2 1.163m  33.613   0.0207            
 nFnu 10.46m  34.928   0.4273      Ca A 11.31m  32.484   0.0015      Ca A  6560A  33.997   0.0501      He 2  9345A  33.406   0.0128            
 nFnu 9.480m  34.962   0.4619      Ca A 8.758m  32.357   0.0011      Ca A  5412A  33.775   0.0300      He 2  8237A  33.237   0.0087            
 nFnu 9.325m  34.967   0.4673      Ca B  3970A  34.407   0.1286      Ca A  4860A  33.587   0.0195      He 2  7593A  33.091   0.0062            
 nFnu 8.210m  35.014   0.5203      Ca B  3889A  34.226   0.0848      Ca A  4542A  33.425   0.0134      He 2 3.091m  33.525   0.0169            
 nFnu 7.580m  35.040   0.5533      Ca B  3835A  34.068   0.0590      Ca A  4339A  33.282   0.0096      He 2 1.874m  33.264   0.0093            
 nFnu 7.050m  35.068   0.5893      Ca B  3798A  33.928   0.0427      Ca A  4200A  33.153   0.0072      He 2 1.476m  33.070   0.0059            
 nFnu 4.114m  35.261   0.9185      Ca B  3771A  33.802   0.0320      Ca A  4100A  33.037   0.0055      He 2 1.281m  32.915   0.0041            
 nInu 4.114m  32.812   0.0033      Ca B  3750A  33.688   0.0246      Ca A  4026A  32.931   0.0043      He 2 4.762m  33.204   0.0081            
 nFnu 2.324m  35.454   1.4349      Ca B  3734A  33.584   0.0193      Ca A  3969A  32.833   0.0034      He 2 2.825m  32.969   0.0047            
 nInu 2.324m  33.548   0.0178      Ca B  3722A  33.489   0.0155      Ca A  3924A  32.743   0.0028      He 2 2.189m  32.780   0.0030            
 nFnu 1.643m  35.583   1.9284      Ca B  3712A  33.401   0.0127      Ca A  3888A  32.658   0.0023      He 2 6.946m  32.921   0.0042            
 nInu 1.643m  33.992   0.0495      Ca B  3704A  33.320   0.0105      Ca A  3858A  32.579   0.0019      He 2 4.050m  32.717   0.0026            
 nFnu 1.480m  35.610   2.0529      Ca B  3697A  33.245   0.0089      Ca A  3834A  32.504   0.0016      He 2 9.711m  32.666   0.0023            
 nInu 1.480m  34.127   0.0675      Ca B  3692A  33.174   0.0075      Ca A  3814A  32.433   0.0014      He-like iso-sequence........            
 nFnu 1.436m  35.675   2.3829      Ca B  3687A  33.108   0.0065      Ca A  3797A  32.366   0.0012      Clin 506.0A  35.530   1.7065            
 nInu 1.436m  34.165   0.0738      Ca B  3683A  33.045   0.0056      Ca A  3782A  32.303   0.0010      Ca B  2945A  33.534   0.0172            
 nFnu 1.119m  35.735   2.7388      Ca B  3679A  32.984   0.0049      Ca A 1.864m  33.777   0.0302      Ca B  3188A  33.889   0.0391            
 nInu 1.119m  34.485   0.1539      Ca B  3676A  32.927   0.0043      Ca A 1.163m  33.569   0.0187      Ca B  3614A  32.974   0.0047            
 nFnu  8330A  35.799   3.1724      Ca B  3674A  32.872   0.0038      Ca A  9345A  33.380   0.0121      Ca B  3889A  34.349   0.1126            
 nInu  8330A  34.859   0.3645      Ca B  3671A  32.819   0.0033      Ca A  8237A  33.216   0.0083      Ca B  3965A  33.272   0.0094            
 nFnu  8079A  35.942   4.4103      Ca B  9546A  33.711   0.0259      Ca A  7593A  33.070   0.0059      Ca B  4026A  33.486   0.0154            
 nInu  8079A  34.897   0.3978      Ca B  9229A  33.555   0.0181      Ca A  7178A  32.941   0.0044      Ca B  4121A  32.768   0.0030            
 nFnu  6210A  35.981   4.8252      Ca B  9015A  33.416   0.0131      Ca A  6891A  32.823   0.0034      Ca B  4388A  32.944   0.0044            
 nInu  6210A  35.230   0.8566      Ca B  8863A  33.291   0.0099      Ca A  6684A  32.716   0.0026      Ca B  4471A  33.858   0.0363            
 nFnu  4885A  36.017   5.2399      Ca B  8750A  33.177   0.0076      Ca A  6527A  32.617   0.0021      Ca B  4713A  33.209   0.0082            
 nInu  4885A  35.529   1.7028      Ca B  8665A  33.072   0.0060      Ca A  6407A  32.526   0.0017      Ca B  4922A  33.306   0.0102            
 nFnu  3704A  36.016   5.2337      Ca B  8598A  32.976   0.0048      Ca A  6311A  32.441   0.0014      Ca B  5016A  33.684   0.0244            
 nInu  3704A  35.866   3.6985      Ca B  8545A  32.887   0.0039      Ca A  6234A  32.361   0.0012      Ca B  5048A  32.668   0.0023            
 nFnu  3588A  36.436  13.7429      Ca B  8502A  32.804   0.0032      Ca A 3.091m  33.366   0.0117      Ca B  5876A  34.460   0.1453            
 nInu  3588A  35.908   4.0778      Ca B  8467A  32.727   0.0027      Ca A 1.874m  33.198   0.0079      Ca B  6678A  33.916   0.0416            
 nFnu  2430A  36.372  11.8800      Ca B  8438A  32.654   0.0023      Ca A 1.476m  33.036   0.0055      Ca B  7065A  34.042   0.0556            
 nInu  2430A  36.371  11.8403      Ca B  8413A  32.587   0.0019      Ca A 1.281m  32.890   0.0039      Ca B  7281A  33.282   0.0097            
 nFnu  2392A  36.368  11.7637      Ca B  8392A  32.524   0.0017      Ca A 1.167m  32.760   0.0029      Ca B 1.083m  35.467   1.4762            
 nInu  2392A  36.388  12.3244      Ca B  8374A  32.464   0.0015      Ca A 1.093m  32.642   0.0022      Ca B 1.197m  32.489   0.0016            
 nFnu  2071A  36.325  10.6461      Ca B  8359A  32.407   0.0013      Ca A 1.042m  32.534   0.0017      Ca B 1.253m  32.395   0.0013            
 nInu  2071A  36.555  18.0760      Ca B  8346A  32.353   0.0011      Ca A  9763A  32.342   0.0011      Ca B 1.278m  33.001   0.0051            
 nFnu  2053A  36.423  13.3623      Ca B  8334A  32.302   0.0010      Ca A 4.762m  33.009   0.0051      Ca B 1.279m  32.647   0.0022            
 nInu  2053A  36.566  18.5539      Ca B 1.817m  33.207   0.0081      Ca A 2.825m  32.871   0.0037      Ca B 1.700m  32.707   0.0026            
 nFnu  1793A  36.374  11.9245      Ca B 1.736m  33.069   0.0059      Ca A 2.189m  32.730   0.0027      Ca B 1.869m  33.476   0.0151            
 nInu  1793A  36.717  26.2739      Ca B 1.681m  32.944   0.0044      Ca A 1.876m  32.600   0.0020      Ca B 1.870m  33.203   0.0080            
 nFnu  1585A  36.329  10.7521      Ca B 1.641m  32.829   0.0034      Ca A 1.692m  32.482   0.0015      Ca B 2.058m  33.913   0.0413            
 nInu  1585A  36.848  35.5193      Ca B 1.611m  32.725   0.0027      Ca A 1.572m  32.374   0.0012      Ca B 2.112m  32.393   0.0012            
 nFnu  1458A  36.294   9.9111      Ca B 1.588m  32.628   0.0021      Ca A 6.946m  32.692   0.0025      TOTL 591.4A  33.660   0.0231            
 nInu  1458A  36.939  43.7544      Ca B 1.570m  32.537   0.0017      Ca A 4.050m  32.578   0.0019      He 1 591.4A  33.659   0.0230            
 nFnu  1357A  36.255   9.0635      Ca B 1.556m  32.453   0.0014      Ca A 3.095m  32.454   0.0014      He 1 584.3A  35.201   0.8012            
 nInu  1357A  37.012  51.7693      Ca B 1.544m  32.375   0.0012      Ca A 2.624m  32.338   0.0011      He 1 537.0A  34.231   0.0858            
 nFnu  1297A  36.214   8.2444      Ca B 1.534m  32.301   0.0010      Ca A 9.711m  32.408   0.0013      He 1 522.2A  34.062   0.0582            
 nInu  1297A  37.058  57.5764      Ca B 3.038m  32.799   0.0032      Ca A 5.582m  32.313   0.0010      He 1 515.6A  33.959   0.0459            
 nFnu  1263A  36.167   7.3964      Ca B 2.872m  32.674   0.0024      Ca B  1640A  35.792   3.1222      He 1 512.1A  34.013   0.0519            
 nInu  1263A  37.088  61.7535      Ca B 2.758m  32.561   0.0018      Ca B  1215A  35.324   1.0630      He 1 625.6A  34.968   0.4680            
 nFnu  1218A  36.079   6.0529      Ca B 2.674m  32.456   0.0014      Ca B  1085A  34.991   0.4933      TOTL 1.083m  35.482   1.5283            
 nInu  1218A  37.123  66.9518      Ca B 2.612m  32.359   0.0012      Ca B  1025A  34.732   0.2719      He 1 1.083m  35.482   1.5283            
 nFnu  1196A  36.075   5.9858      Ca B 12.37m  32.996   0.0050      Ca B 992.4A  34.520   0.1668      He 1 1.083m  34.528   0.1701            
 nInu  1196A  37.138  69.2906      Ca B 7.500m  32.854   0.0036      Ca B 972.2A  34.340   0.1102      He 1 1.083m  35.004   0.5085            
 nFnu  1175A  36.069   5.9075      Ca B 5.907m  32.709   0.0026      Ca B 958.8A  34.183   0.0767      He 1 1.083m  35.227   0.8497            
 nInu  1175A  37.158  72.5154      Ca B 5.127m  32.575   0.0019      Ca B 949.4A  34.043   0.0557      He 1  3889A  34.226   0.0848            
 nFnu  1144A  36.062   5.8142      Ca B 4.671m  32.452   0.0014      Ca B 942.6A  33.918   0.0418      He 1  3188A  33.799   0.0317            
 nInu  1144A  37.187  77.5865      Ca B 4.375m  32.339   0.0011      Ca B 937.5A  33.805   0.0321      He 1  2945A  33.459   0.0145            
 nFnu  1113A  36.058   5.7590      Ca B 19.06m  32.625   0.0021      Ca B 933.5A  33.700   0.0253      He 1  2829A  33.193   0.0079            
 nInu  1113A  37.211  82.0328      Ca B 11.31m  32.507   0.0016      Ca B 930.4A  33.604   0.0203      He 1 2.058m  33.086   0.0061            
 nFnu  1103A  36.057   5.7426      Ca B 8.758m  32.380   0.0012      Ca B 927.9A  33.515   0.0165      He 1  5016A  33.474   0.0150            
 nInu  1103A  37.221  83.8685      Ca B 27.80m  32.299   0.0010      Ca B 925.9A  33.431   0.0136      He 1  3965A  33.034   0.0055            
 nFnu  1074A  36.055   5.7161      H  1  1216A  36.975  47.6132      Ca B 924.2A  33.353   0.0114      He 1  3614A  32.687   0.0025            
 nInu  1074A  37.245  88.6035      H  1  1026A  34.260   0.0918      Ca B 922.8A  33.280   0.0096      He 1  3448A  32.575   0.0019            
 nFnu  1064A  36.054   5.7112      H  1 972.5A  34.147   0.0707      Ca B 921.6A  33.210   0.0082      He 1  7065A  34.148   0.0709            
 nInu  1064A  37.254  90.5567      H  1 949.7A  34.079   0.0605      Ca B 920.6A  33.145   0.0070      He 1  5876A  34.398   0.1260            
 nFnu  1036A  36.054   5.7132      H  1 937.8A  33.977   0.0478      Ca B 919.8A  33.083   0.0061      He 1  4713A  33.224   0.0084            
 nInu  1036A  37.278  95.5892      H  1 930.8A  33.928   0.0427      Ca B 919.0A  33.024   0.0053      He 1  4471A  33.815   0.0329            
 nFnu  1000A  36.057   5.7499      H  1 926.2A  33.892   0.0393      Ca B 918.4A  32.968   0.0047      He 1  4121A  32.764   0.0029            
 nInu  1000A  37.310 102.9999      H  1 923.2A  33.863   0.0368      Ca B 917.8A  32.915   0.0041      He 1  4026A  33.441   0.0139            
 nFnu 925.1A  36.074   5.9751      H  1 921.0A  33.836   0.0345      Ca B  4686A  34.891   0.3922      He 1  3867A  32.665   0.0023            
 nInu 925.1A  37.382 121.5738      H  1  6563A  35.759   2.8948      Ca B  3203A  34.561   0.1834      He 1  3820A  33.209   0.0081            
 nFnu 897.8A  37.471 149.1131      H  1  4861A  35.298   1.0000      Ca B  2733A  34.298   0.1002      He 1  7281A  33.205   0.0081            
 nInu 897.8A  36.976  47.7221      H  1  4340A  34.972   0.4722      Ca B  2511A  34.083   0.0610      He 1  6678A  33.684   0.0243            
 nFnu 760.0A  37.162  73.1728      H  1  4102A  34.703   0.2546      Ca B  2386A  33.901   0.0401      He 1  5048A  32.595   0.0020            
 nInu 760.0A  37.267  93.2885      H  1  3970A  34.483   0.1533      Ca B  2306A  33.742   0.0278      He 1  4922A  33.175   0.0075            
 nFnu 701.5A  36.990  49.2527      H  1  3889A  34.294   0.0992      Ca B  2253A  33.602   0.0202      He 1  4388A  32.834   0.0034            
 nInu 701.5A  37.381 121.2594      H  1  3835A  34.130   0.0680      Ca B  2215A  33.476   0.0151      He 1  4169A  32.536   0.0017            
 nFnu 608.2A  36.653  22.6478      H  1  3798A  33.989   0.0491      Ca B  2187A  33.361   0.0116      He 1  4144A  32.844   0.0035            
 nInu 608.2A  37.550 179.0258      H  1 1.875m  34.748   0.2820      Ca B  2165A  33.257   0.0091      He 1 4.295m  32.816   0.0033            
 nFnu 575.1A  36.547  17.7766      H  1 1.282m  34.438   0.1381      Ca B  2149A  33.160   0.0073      He 1 1.253m  32.561   0.0018            
 nInu 575.1A  37.603 202.2404      H  1 1.094m  34.195   0.0790      Ca B  2135A  33.070   0.0059      He 1  9464A  32.342   0.0011            
 nFnu 511.9A  36.408  12.9052      H  1 1.005m  33.977   0.0479      Ca B  2125A  32.986   0.0049      He 1 2.112m  32.408   0.0013            
 nInu 511.9A  37.696 250.2351      H  1  9546A  33.791   0.0311      Ca B  2116A  32.908   0.0041      He 1 1.700m  32.664   0.0023            
 nFnu 496.9A  36.954  45.3739      H  1  9229A  33.628   0.0214      Ca B  2109A  32.834   0.0034      He 1 1.197m  32.445   0.0014            
 nInu 496.9A  37.689 246.3892      H  1  9015A  33.489   0.0155      Ca B  2102A  32.764   0.0029      He 1 1.954m  32.327   0.0011            
 nFnu 399.2A  36.502  16.0173      H  1 4.051m  34.103   0.0638      Ca B  2097A  32.698   0.0025      He 1 1.869m  33.284   0.0097            
 nInu 399.2A  37.797 315.8971      H  1 2.625m  33.862   0.0367      Ca B  2093A  32.635   0.0022      He 1 1.278m  32.896   0.0040            
 RRC.........................      H  1 2.166m  33.641   0.0220      Ca B  2089A  32.576   0.0019      He 1 1.091m  32.628   0.0021            
 grains......................      H  1 1.945m  33.453   0.0143      Ca B  2086A  32.519   0.0017      He 1 1.870m  32.833   0.0034            
 H-like iso-sequence.........      H  1 1.817m  33.291   0.0099      Ca B  2083A  32.465   0.0015      He 1 1.279m  32.419   0.0013            
 Clin 912.0A  36.591  19.6521      H  1 1.736m  33.151   0.0071      Ca B 1.012m  34.279   0.0959      He 1 1.092m  32.356   0.0011            
 Clin 228.0A  33.124   0.0067      H  1 7.458m  33.621   0.0211      Ca B  6560A  34.022   0.0530      He 1 4.048m  32.546   0.0018            
 Cool  1216A  36.306  10.1867      H  1 4.653m  33.390   0.0124      Ca B  5412A  33.803   0.0320      Pho+  3889A  34.933   0.4316            
 Crst 960.0A  36.274   9.4652      H  1 3.740m  33.198   0.0079      Ca B  4860A  33.616   0.0208      database lines..............            
 Dest  1216A  33.876   0.0379      H  1 3.296m  33.033   0.0054      Ca B  4542A  33.455   0.0144      level 1 lines...............            
 Q(H)  4861A  35.952   4.5106      H  1 3.038m  32.891   0.0039      Ca B  4339A  33.313   0.0104      recombination...............            
 Q(H)  1216A  37.488 155.1681      H  1 12.37m  33.191   0.0078      Ca B  4200A  33.185   0.0077      level2 lines................            
 CaBo  4861A  34.918   0.4176      H  1 7.500m  32.993   0.0050      Ca B  4100A  33.070   0.0059      hyperfine structure.........            
 CaBo  1640A  35.513   1.6433      H  1 5.907m  32.824   0.0034      Ca B  4026A  32.964   0.0046      inner shell.................            
 CaBo  4686A  34.586   0.1942      H  1 5.127m  32.677   0.0024      Ca B  3969A  32.866   0.0037      molecules...................            
 Ca A 937.8A  34.985   0.4869      H  1 19.06m  32.817   0.0033      Ca B  3924A  32.776   0.0030            



  - this is the input stream for a planetary nebula  
 Cooling:  HFBc     0 :0.164 HFFc     0 :0.169 Clin 912.0A:0.521  
 Heating:  BFH1     0 :0.668 BFHe     0 :0.332  

 These are some of the most important databases used by Cloudy:
 Many recombination coefficients were taken from http://amdpp.phys.strath.ac.uk/tamoc/RR/ and http://amdpp.phys.strath.ac.uk/tamoc/DR/
      and are based on the following papers:
        Badnell N. R., et al., A&A 406, 1151 (2003) [http://adsabs.harvard.edu/abs/2003A%26A...406.1151B]
        Badnell N. R., ApJS 167, 334 (2006) [http://adsabs.harvard.edu/abs/2006ApJS..167..334B]
 Much of the molecular emission data is from LAMDA as accessed on Dec. 18, 2010. This database is described in:
        Schoeier F.L., et al., A&A 432, 369 (2005) [http://adsabs.harvard.edu/abs/2005A%26A...432..369S]
      This database is in part based on the work of the following groups:
        JPL: Pickett H. M. et al., JQSRT, 60, 883 (1998). [http://adsabs.harvard.edu/abs/1998JQSRT..60..883P]
        CDMS: Mueller H. S. et al., A&A 370, L49 (2001). [http://adsabs.harvard.edu/abs/2001A%26A...370L..49M]
              Mueller H. S. et al., J. Mol. Struct. 742, 215 (2005). [http://adsabs.harvard.edu/abs/2005JMoSt.742..215M]
 Much of the ionic emission data is from version 7.0 of CHIANTI. CHIANTI is a collaborative project involving the NRL (USA), the
      Universities of Florence (Italy) and Cambridge (UK), and George Mason University (USA). These papers describe Chianti:
        Dere K. P., et al., A&AS, 125, 149 (1997) [http://adsabs.harvard.edu/abs/1997A%26AS..125..149D]
        Landi E., et al., ApJ, 744, 99 (2012) [http://adsabs.harvard.edu/abs/2012ApJ...744...99L]
 Much of the H_2 data is from this web site: http://molat.obspm.fr/index.php?page=pages/Molecules/H2/H2can94.php. These data are
      described in:
        Abgrall H. et al., Can. J. Phys., 72, 856 (1994) [http://adsabs.harvard.edu/abs/1994CaJPh..72..856A]
        Wrathmall S. A. & Flower D. R., J. Phys. B, 40, 3221 (2007) [http://adsabs.harvard.edu/abs/2007JPhB...40.3221W]
 Please cite those papers that played a significant role in this calculation.

 IONIZE PARMET:  U(1-) -1.3010  U(4-): -2.5309  U(sp): -1.90  Q(ion):   48.192  L(ion) 37.857    Q(low): 49.186    L(low) 37.430
 ENERGY BUDGET:  Heat:  36.874  Coolg:  36.874  Error:  0.0%  Rec Lin:  36.462  F-F  H  0.000    P(rad/tot)max     7.25E-02

     Col(Heff):      0.000E+00  snd travl time  5.25E+10 sec  Te-low: 2.24E+04  Te-hi: 3.26E+04  G0TH85: 4.64E+04  G0DB96:7.76E+04
  Emiss Measure    n(e)n(p) dl       1.161E+25  n(e)n(He+)dl         4.268E+23  En(e)n(He++) dl         7.345E+23  ne nC+:0.00E+00
 He/Ha:1.27E-01  =   1.27*true  Lthin:4.70E+01  itr/zn:11.54  H2 itr/zn:  0.00  File Opacity: F  MassTot 6.86e+32  (gm)
   Temps(21 cm)   T(21cm/Ly a)  4.84E+03        T(<nH/Tkin>)  2.59E+04          T(<nH/Tspin>)    5.11E+03          TB21cm:2.44E-03
                   N(H0/Tspin)  3.20E+13        N(OH/Tkin)    0.00E+00          B(21cm)          0.00E+00
   <a>:1.59E-06  erdeFe0.0E+00  Tcompt5.88E+06  Tthr5.24E+08  <Tden>: 2.75E+04  <dens>:2.34E-20  <MolWgt>6.23E-01
     Mean Jeans  l(cm)8.48E+19  M(sun)3.75E+06  smallest:     len(cm):7.66E+19  M(sun):2.77E+06  a_ox tran:  0.00
 Rion:2.000E+17  Dist:0.00E+00  Diam:0.000E+00
 Hatom level 70  HatomType: add  HInducImp  F  He tot level: 63  He2 level:   70  ExecTime     9.1
 ConvrgError(%)  <eden>  0.000  MaxEden  0.000  <H-C>   0.05  Max(H-C)    0.45  <Press>   0.000  MaxPrs er  0.000
  Continuity(%)  chng Te   2.8  elec den   0.8  n(H2)    0.0  n(CO)        0.0

                                                        Averaged Quantities
             Te      Te(Ne)   Te(NeNp)  Te(NeHe+)Te(NeHe2+) Te(NeO+)  Te(NeO2+)  Te(H2)     N(H)     Ne(O2+)   Ne(Np)
 Radius:  2.75e+04  2.76e+04  2.76e+04  2.42e+04  2.96e+04  0.00e+00  0.00e+00  2.49e+04  1.00e+04  0.00e+00  1.16e+04
   Area:  2.69e+04  2.70e+04  2.70e+04  2.40e+04  2.94e+04  0.00e+00  0.00e+00  2.45e+04  1.00e+04  0.00e+00  1.15e+04
 Volume:  2.64e+04  2.65e+04  2.65e+04  2.39e+04  2.92e+04  0.00e+00  0.00e+00  2.42e+04  1.00e+04  0.00e+00  1.15e+04
 
 Peimbert T(OIIIr)0.00E+00 T(Bac)3.22E+04 T(Hth)0.00E+00 t2(Hstrc) 1.34e-02 T(O3-BAC)0.00E+00 t2(O3-BC) 0.00e+00 t2(O3str) 0.00e+00

 Contin Optical Depths: COMP: 7.72e-04    H-: 9.88e-08 R(1300): 1.10e-06  H2+: 1.39e-09  Pfa:3.86E-04
                          Pa: 3.86e-04    Ba: 3.86e-04      Hb: 3.86e-04   La: 1.62e-03     1r:4.986E+07  1.8:1.19E+07 4.:1.719E+06

 Old, new H  1 continuum optical depths:
     1 9.97e+07     2 1.00e-20     3 1.00e-20     4 1.00e-20     5 1.00e-20     6 1.00e-20     7 1.00e-20     8 1.00e-20
     9 1.00e-20    10 1.00e-20    11 1.00e-20    12 1.00e-20    13 1.00e-20    14 1.00e-20    15 1.00e-20    16 1.00e-20
    17 1.00e-20    18 1.00e-20    19 1.00e-20    20 1.00e-20    21 1.00e-20    22 1.00e-20    23 1.00e-20    24 1.00e-20
    25 1.00e-20    26 1.00e-20    27 1.00e-20    28 1.00e-20    29 1.00e-20    30 1.00e-20    31 1.00e-20    32 1.00e-20
    33 1.00e-20    34 1.00e-20    35 1.00e-20    36 1.00e-20    37 1.00e-20    38 1.00e-20    39 1.00e-20    40 1.00e-20
    41 1.00e-20    42 1.00e-20    43 1.00e-20    44 1.00e-20    45 1.00e-20    46 1.00e-20    47 1.00e-20    48 1.00e-20
    49 1.00e-20    50 1.00e-20    51 1.00e-20    52 1.00e-20    53 1.00e-20    54 1.00e-20
     1 4.99e+07     2 9.39e-08     3 4.95e-08     4 4.95e-08     5 4.95e-08     6 1.23e-08     7 1.23e-08     8 1.23e-08
     9 1.23e-08    10 5.70e-12    11 5.70e-12    12 5.70e-12    13 5.70e-12    14 5.70e-12    15 1.29e-11    16 1.29e-11
    17 1.29e-11    18 1.29e-11    19 1.29e-11    20 1.29e-11    21 2.65e-11    22 2.65e-11    23 2.65e-11    24 2.65e-11
    25 2.65e-11    26 2.65e-11    27 2.65e-11    28 5.01e-11    29 5.01e-11    30 5.01e-11    31 5.01e-11    32 5.01e-11
    33 5.01e-11    34 5.01e-11    35 5.01e-11    36 8.94e-11    37 8.94e-11    38 8.94e-11    39 8.94e-11    40 8.94e-11
    41 8.94e-11    42 8.94e-11    43 8.94e-11    44 8.94e-11    45 1.52e-10    46 1.52e-10    47 1.52e-10    48 1.52e-10
    49 1.52e-10    50 1.52e-10    51 1.52e-10    52 1.52e-10    53 1.52e-10    54 1.52e-10

 Old, new H  1 mean line optical depths:
  2- 1 1.61e+20  3- 2 6.01e+00  4- 3 1.77e-20  5- 4 1.77e-20  6- 5 1.77e-20  7- 6 1.77e-20  8- 7 1.77e-20
  9- 8 1.77e-20 10- 9 1.77e-20
  2- 1 1.06e+04  3- 2 3.36e-03  4- 3 3.05e-08  5- 4 3.43e-08  6- 5 5.15e-08  7- 6 7.98e-08  8- 7 1.26e-07
  9- 8 2.67e-07 10- 9 6.09e-07

 Old, new He 2 continuum optical depths:
     1 3.44e+06     2 9.86e+07     3 1.00e-20     4 1.00e-20     5 1.00e-20     6 1.00e-20     7 1.00e-20     8 1.00e-20
     9 1.00e-20    10 1.00e-20    11 1.00e-20    12 1.00e-20    13 1.00e-20    14 1.00e-20    15 1.00e-20    16 1.00e-20
    17 1.00e-20    18 1.00e-20    19 1.00e-20    20 1.00e-20    21 1.00e-20    22 1.00e-20    23 1.00e-20    24 1.00e-20
    25 1.00e-20    26 1.00e-20    27 1.00e-20    28 1.00e-20    29 1.00e-20    30 1.00e-20    31 1.00e-20    32 1.00e-20
    33 1.00e-20    34 1.00e-20    35 1.00e-20    36 1.00e-20    37 1.00e-20    38 1.00e-20    39 1.00e-20    40 1.00e-20
    41 1.00e-20    42 1.00e-20    43 1.00e-20    44 1.00e-20    45 1.00e-20    46 1.00e-20    47 1.00e-20    48 1.00e-20
    49 1.00e-20    50 1.00e-20    51 1.00e-20    52 1.00e-20    53 1.00e-20    54 1.00e-20
     1 1.72e+06     2 4.93e+07     3 1.19e-04     4 1.19e-04     5 1.19e-04     6 9.39e-08     7 9.39e-08     8 9.39e-08
     9 9.39e-08    10 4.02e-08    11 4.02e-08    12 4.02e-08    13 4.02e-08    14 4.02e-08    15 4.95e-08    16 4.95e-08
    17 4.95e-08    18 4.95e-08    19 4.95e-08    20 4.95e-08    21 4.19e-08    22 4.19e-08    23 4.19e-08    24 4.19e-08
    25 4.19e-08    26 4.19e-08    27 4.19e-08    28 1.23e-08    29 1.23e-08    30 1.23e-08    31 1.23e-08    32 1.23e-08
    33 1.23e-08    34 1.23e-08    35 1.23e-08    36 3.30e-12    37 3.30e-12    38 3.30e-12    39 3.30e-12    40 3.30e-12
    41 3.30e-12    42 3.30e-12    43 3.30e-12    44 3.30e-12    45 5.70e-12    46 5.70e-12    47 5.70e-12    48 5.70e-12
    49 5.70e-12    50 5.70e-12    51 5.70e-12    52 5.70e-12    53 5.70e-12    54 5.70e-12

 Old, new He 2 mean line optical depths:
  2- 1 1.61e+19  3- 2 6.01e-01  4- 3 1.77e-20  5- 4 1.77e-20  6- 5 1.77e-20  7- 6 1.77e-20  8- 7 1.77e-20
  9- 8 1.77e-20 10- 9 1.77e-20
  2- 1 1.29e+06  3- 2 4.86e-05  4- 3 2.17e-10  5- 4 2.47e-10  6- 5 3.67e-10  7- 6 5.89e-10  8- 7 9.63e-10
  9- 8 1.57e-09 10- 9 2.52e-09

 Old He Is optical depths:    1 2.38e+07    2 1.00e-20    3 1.00e-20    4 1.00e-20    5 1.00e-20
 New He Is optical depths:    1 1.19e+07    2 1.53e-04    3 7.25e-08    4 8.41e-08    5 8.41e-08
          Old He Is Lines:  584 3.54e-20 3889 3.54e-20 5016 3.54e-20 5876 3.54e-20
          New He Is Lines:  584 3.68e+02 3889 3.73e+00 5016 9.43e-05 5876 4.48e-06

==== H      compounds ====           Log10 column densities [cm^-2}
   H2        :  1.279   H2*       :  1.848   H2+       :  8.297   H3+       : -6.824
==== He     compounds ====
   HeH+      :  9.402


               1      2      3      4      5      6      7      8      9     10     11     12     13     14     15     16     17

 Hydrogen   17.213 21.000  1.952 (H2)                Log10 Column density (cm^-2)
 Helium     15.934 19.584 19.789
 Exc state    He1* 13.747   CII*-35.930   C11*-35.930   C12*-35.930   C13*-35.930   O11*-35.930   O12*-35.930   O13*-35.930
              Si2*-35.930   C30*-35.930   C31*-35.930   C32*-35.930


 Hydrogen   -3.727 -0.000-18.631 (H2)                 Log10 Mean Ionisation (over volume)
 Helium     -3.911 -0.273 -0.331

               1      2      3      4      5      6      7      8      9     10     11     12     13     14     15     16     17

 Hydrogen   -3.756 -0.000-18.685 (H2)                 Log10 Mean Ionisation (over area)
 Helium     -3.981 -0.338 -0.267

               1      2      3      4      5      6      7      8      9     10     11     12     13     14     15     16     17

 Hydrogen   -3.787 -0.000-18.747 (H2)                 Log10 Mean Ionisation (over radius)
 Helium     -4.066 -0.416 -0.211

               1      2      3      4      5      6      7      8      9     10     11     12     13     14     15     16     17

 Hydrogen   -3.733 -0.000-18.643 (H2)         Log10 Mean Ionisation (over volume*electron density)
 Helium     -3.927 -0.288 -0.314

               1      2      3      4      5      6      7      8      9     10     11     12     13     14     15     16     17

 Hydrogen   -3.762 -0.000-18.698 (H2)         Log10 Mean Ionisation (over area*electron density)
 Helium     -4.000 -0.355 -0.253

               1      2      3      4      5      6      7      8      9     10     11     12     13     14     15     16     17

 Hydrogen   -3.793 -0.000-18.761 (H2)         Log10 Mean Ionisation (over radius*electron density)
 Helium     -4.086 -0.435 -0.199

               1      2      3      4      5      6      7      8      9     10     11     12     13     14     15     16     17

 Hydrogen    4.403  4.421  4.384 (H2)                  Log10 Mean Temperature (over volume)
 Helium      4.373  4.378  4.465

               1      2      3      4      5      6      7      8      9     10     11     12     13     14     15     16     17

 Hydrogen    4.410  4.430  4.390 (H2)                  Log10 Mean Temperature (over area)
 Helium      4.375  4.380  4.468

               1      2      3      4      5      6      7      8      9     10     11     12     13     14     15     16     17

 Hydrogen    4.419  4.439  4.396 (H2)                  Log10 Mean Temperature (over radius)
 Helium      4.376  4.383  4.471

               1      2      3      4      5      6      7      8      9     10     11     12     13     14     15     16     17

 Hydrogen    4.404  4.423  4.385 (H2)          Log10 Mean Temperature (over volume*electron density)
 Helium      4.373  4.379  4.465

               1      2      3      4      5      6      7      8      9     10     11     12     13     14     15     16     17

 Hydrogen    4.412  4.432  4.391 (H2)          Log10 Mean Temperature (over area*electron density)
 Helium      4.375  4.381  4.468

               1      2      3      4      5      6      7      8      9     10     11     12     13     14     15     16     17

 Hydrogen    4.421  4.441  4.398 (H2)          Log10 Mean Temperature (over radius*electron density)
 Helium      4.377  4.384  4.471

               1      2      3      4      5      6      7      8      9     10     11     12     13     14     15     16     17
 - this is the input stream for a planetary nebula  

---------------Convergence statistics---------------
      1.07 mean iterations/state convergence
      2.18 mean cx acceleration loops/iteration
      1.04 mean iso convergence loops/ion solve
         1 mean steps/chemistry solve
         1 mean step length searches/chemistry step
----------------------------------------------------

 Cloudy ends: 57 zones, 1 iteration, 1 caution.  ExecTime(s) 9.12
 [Stop in cdMain at maincl.cpp:483, Cloudy exited OK]
