                                                          Cloudy 13.02
                                                         www.nublado.org

                       **************************************13Feb20**************************************
                       *                                                                                 *
                       * title - this is the input stream for a planetary nebula                         *
                       * blackbody, temp = 100000K                                                       *
                       * luminosity total 38                                                             *
                       * element Lithium off                                                             *
                       * element Beryllium off                                                           *
                       * element Boron  off                                                              *
                       * element Carbon off                                                              *
                       * element Nitrogen off                                                            *
                       * element Oxygen off                                                              *
                       * element Fluorine  off                                                           *
                       * element Neon off                                                                *
                       * element Sodium off                                                              *
                       * element Magnesium off                                                           *
                       * element Aluminium off                                                           *
                       * element Silicon off                                                             *
                       * element Phosphor off                                                            *
                       * element Sulphur off                                                             *
                       * element Chlorine off                                                            *
                       * element Argon off                                                               *
                       * element Potassium off                                                           *
                       * element Calcium off                                                             *
                       * element Scandium  off                                                           *
                       * element Titanium off                                                            *
                       * element Vanadium off                                                            *
                       * element Chromium off                                                            *
                       * element Manganese off                                                           *
                       * element Iron off                                                                *
                       * element Cobalt off                                                              *
                       * element Nickel off                                                              *
                       * element Copper off                                                              *
                       * element Zinc  off                                                               *
                       * radius 17                                                                       *
                       * stop thickness 16.5                                                             *
                       * hden 4                                                                          *
                       * sphere                                                                          *
                       * save overview last "depth_16.5.ovr"                                             *
                       * save continuum last "depth_16.5.con" units eV                                   *
                       *                                                                                 *
                       ***********************************************************************************



           4311CellPeak1.79E+00   Lo 1.00e-08=910.79cm   Hi-Con:2.29E+01 Ryd   E(hi):7.35E+06Ryd     E(hi):     100.01 MeV
           L(nu>1ryd):  37.9511   Average nu:2.176E+00   L( X-ray):  27.6627   L(BalC):  37.0163     Q(Balmer C):  47.8583
           Q(1.0-1.8):  47.9224   Q(1.8-4.0):  47.9716   Q(4.0-20):  47.0452   Q(20--):  36.9991     Ion pht flx:1.499E+13
           L(gam ray):   0.0000   Q(gam ray):   0.0000   L(Infred):  35.4328   Alf(ox):   0.0000     Total lumin:  38.0000
           log L/Lsun:   4.4172   Abs bol mg:  -6.2930   Abs V mag:   0.0378   Bol cor:  -6.3308     nuFnu(Bbet):  35.5356
           U(1.0----):5.001E-02   U(4.0----):2.945E-03   T(En-Den):4.328E+01   T(Comp):9.574E+04     nuJnu(912A):1.978E+02
           Occ(FarIR):2.214E-06   Occ(H n=6):7.831E-13   Occ(1Ryd):9.094E-15   Occ(4R):6.329E-17     Occ (Nu-hi):7.295E-30
           Tbr(FarIR):3.508E-09   Tbr(H n=6):3.432E-09   Tbr(1Ryd):1.437E-09   Tbr(4R):4.000E-11     Tbr (Nu-hi):2.634E-23
  
                                                  Gas Phase Chemical Composition
                                                       H :  0.0000  He: -1.0000
 
 ####  1  Te:3.262E+04 Hden:1.000E+04 Ne:1.199E+04 R:1.000E+17 R-R0:3.862E+13 dR:7.725E+13 NTR: 12 Htot:3.446E-16 T912: 9.97e+07###
 Hydrogen      8.16e-05 1.00e+00 H+o/Hden 1.00e+00 1.69e-12 H-    H2 1.58e-20 7.93e-14 H2+ HeH+ 9.64e-15 Ho+ ColD 6.30e+13 7.72e+17
 Helium        7.40e-07 1.22e-02 9.88e-01 HeI 2s3S 1.21e-08 Comp H,C 4.09e-22 1.39e-22 Fill Fac 1.00e+00 Gam1/tot 9.64e-01
 He singlet n  7.27e-07 7.94e-14 9.47e-21 1.92e-20 6.69e-21 1.67e-20 He tripl 1.21e-08 1.14e-17 1.05e-19 3.14e-19 7.75e-20
 Pressure      NgasTgas 7.50e+08 P(total) 1.04e-07 P( gas ) 1.04e-07 P(Radtn) 2.38e-12 Rad accl 7.90e-06 ForceMul 8.73e+02
 Texc(La)      3.99e+03 T(I con) 4.33e+01 T(D con) 6.12e+00 T(U tot) 4.33e+01 nT (c+d) 1.19e+07 Prad/Gas 2.30e-05 Pmag/Gas 0.00e+00
 Lithium       0.00e+00 0.00e+00 0.00e+00 0.00e+00 Berylliu 0.00e+00 0.00e+00 0.00e+00 0.00e+00 0.00e+00 sec ion: 5.70e-15
 Carbon        0.00e+00 0.00e+00 0.00e+00 0.00e+00 0.00e+00 0.00e+00 0.00e+00 H2O+/O   0.00e+00 OH+/Otot 0.00e+00 Hex(tot) 0.00e+00
 Nitrogen      0.00e+00 0.00e+00 0.00e+00 0.00e+00 0.00e+00 0.00e+00 0.00e+00 0.00e+00 O2/Ototl 0.00e+00 O2+/Otot 0.00e+00
 #### 35  Te:2.918E+04 Hden:1.000E+04 Ne:1.197E+04 R:1.316E+17 R-R0:3.157E+16 dR:1.083E+14 NTR: 10 Htot:2.903E-16 T912: 9.97e+07###
 Hydrogen      1.16e-04 1.00e+00 H+o/Hden 1.00e+00 1.94e-12 H-    H2 3.28e-20 1.24e-13 H2+ HeH+ 4.45e-14 Ho+ ColD 3.11e+16 3.16e+20
 Helium        2.74e-06 2.62e-02 9.74e-01 HeI 2s3S 3.00e-08 Comp H,C 2.22e-22 7.20e-23 Fill Fac 1.00e+00 Gam1/tot 9.69e-01
 He singlet n  2.71e-06 2.05e-13 3.63e-20 4.49e-20 1.97e-20 3.84e-20 He tripl 3.00e-08 4.90e-17 2.40e-19 7.63e-19 1.72e-19
 Pressure      NgasTgas 6.70e+08 P(total) 9.60e-08 P( gas ) 9.26e-08 P(Radtn) 3.46e-09 Rad accl 2.00e-06 ForceMul 3.83e+02
 Texc(La)      5.00e+03 T(I con) 3.70e+01 T(D con) 1.98e+01 T(U tot) 3.77e+01 nT (c+d) 1.37e+07 Prad/Gas 3.60e-02 Pmag/Gas 0.00e+00
 Lithium       0.00e+00 0.00e+00 0.00e+00 0.00e+00 Berylliu 0.00e+00 0.00e+00 0.00e+00 0.00e+00 0.00e+00 sec ion: 1.09e-14
 Carbon        0.00e+00 0.00e+00 0.00e+00 0.00e+00 0.00e+00 0.00e+00 0.00e+00 H2O+/O   0.00e+00 OH+/Otot 0.00e+00 Hex(tot) 0.00e+00
 Nitrogen      0.00e+00 0.00e+00 0.00e+00 0.00e+00 0.00e+00 0.00e+00 0.00e+00 0.00e+00 O2/Ototl 0.00e+00 O2+/Otot 0.00e+00
    - this is the input stream for a planetary nebula  
   Calculation stopped because outer radius reached. Iteration 1 of 1
   The geometry is a thick shell.
 C-I must iterate when save continuum output is done.
  !Destruction of He 2TriS reached 11.9% of the total He0 dest rate at zone 1, 1.0% of that was photoionization.
  !AGE: Cloud age was not set.  Longest timescale was 8.59e+08 s = 2.72e+01 years.
  !The CMB was not included.  This is added with the CMB command.
  !The radiation pressure jumped by 252% at zone 3, from 1.28e-11 to 5.06e-11 to 2.43e-10
   Continuum fluorescent production of H-beta was significant.
   Thermal collisional ionization of H reached 3.60% of the local ionization rate.
   Te-ne bounds of Case B lookup table exceeded, H I Case B line intensities set to zero.
   The density is too low to l-mix the lowest H  I collapsed level.  More resolved levels are needed for accurate line ratios.
   The density is too low to l-mix the lowest He I collapsed level.  More resolved levels are needed for accurate line ratios.
   Grains were not present but might survive in this environment (energy density temperature was 4.33e+01K)
   The continuum optical depth at the lowest energy considered (1.004e-08 Ryd) was 1.388e+02.
   The ratio of radiation to gas pressure reached 3.61e-02 at zone 35.  Caused by Lyman alpha.

                       *********************************> Cloudy 13.02 <**********************************
                       * title - this is the input stream for a planetary nebula                         *
                       * blackbody, temp = 100000K                                                       *
                       * luminosity total 38                                                             *
                       * element Lithium off                                                             *
                       * element Beryllium off                                                           *
                       * element Boron  off                                                              *
                       * element Carbon off                                                              *
                       * element Nitrogen off                                                            *
                       * element Oxygen off                                                              *
                       * element Fluorine  off                                                           *
                       * element Neon off                                                                *
                       * element Sodium off                                                              *
                       * element Magnesium off                                                           *
                       * element Aluminium off                                                           *
                       * element Silicon off                                                             *
                       * element Phosphor off                                                            *
                       * element Sulphur off                                                             *
                       * element Chlorine off                                                            *
                       * element Argon off                                                               *
                       * element Potassium off                                                           *
                       * element Calcium off                                                             *
                       * element Scandium  off                                                           *
                       * element Titanium off                                                            *
                       * element Vanadium off                                                            *
                       * element Chromium off                                                            *
                       * element Manganese off                                                           *
                       * element Iron off                                                                *
                       * element Cobalt off                                                              *
                       * element Nickel off                                                              *
                       * element Copper off                                                              *
                       * element Zinc  off                                                               *
                       * radius 17                                                                       *
                       * stop thickness 16.5                                                             *
                       * hden 4                                                                          *
                       * sphere                                                                          *
                       * save overview last "depth_16.5.ovr"                                             *
                       * save continuum last "depth_16.5.con" units eV                                   *
                       *********************************> Log(U): -1.30 <*********************************
                       >>>>>>>>>> Cautions are present.
                       >>>>>>>>>> Another iteration is needed.

                     Emission Line Spectrum.   Constant  Density Model.  Closed geometry.  Iteration 1 of 1.
                                    Luminosity (erg/s) emitted by a shell with full coverage.


                                                   Intrinsic line intensities
 general properties..........      H  1 3.281m  32.590   0.0114      Ca B  9015A  32.270   0.0055      Ca A 3.145m  31.562   0.0011            
 TOTL  4861A  34.533   1.0000      H  1 3.281m  31.919   0.0024      Ca B  8863A  32.145   0.0041      Ca B  1640A  35.362   6.7463            
 TOTL  1216A  36.237  50.5913      H  1 4.466m  32.976   0.0277      Ca B  8750A  32.031   0.0031      Ca B  1215A  34.896   2.3059            
 Inci     0   38.0002930.9719      H  1 4.466m  33.231   0.0499      Ca B  8665A  31.926   0.0025      Ca B  1085A  34.563   1.0715            
 TotH     0   36.220  48.5873      H  1 4.466m  33.110   0.0378      Ca B  8598A  31.830   0.0020      Ca B  1025A  34.304   0.5909            
 TotC     0   36.220  48.5881      H  1 4.466m  32.839   0.0203      Ca B  8545A  31.740   0.0016      Ca B 992.4A  34.092   0.3625            
 BFH1     0   36.000  29.3430      H  1 4.466m  32.471   0.0087      Ca B  8502A  31.657   0.0013      Ca B 972.2A  33.912   0.2395            
 BFHe     0   35.817  19.2442      H  1 4.466m  31.988   0.0029      Ca B  8467A  31.580   0.0011      Ca B 958.8A  33.755   0.1668            
 H FB     0   35.487   8.9934      H  1 5.834m  32.794   0.0182      Ca B 1.817m  32.054   0.0033      Ca B 949.4A  33.616   0.1210            
 HFBc     0   35.487   8.9934      H  1 5.834m  33.048   0.0327      Ca B 1.736m  31.916   0.0024      Ca B 942.6A  33.491   0.0907            
 continua....................      H  1 5.834m  32.930   0.0249      Ca B 1.681m  31.791   0.0018      Ca B 937.5A  33.377   0.0698            
 Bac   3646A  35.447   8.1950      H  1 5.834m  32.671   0.0137      Ca B 1.641m  31.677   0.0014      Ca B 933.5A  33.273   0.0549            
 nFnu  3645A  35.704  14.8377      H  1 5.834m  32.336   0.0064      Ca B 1.611m  31.573   0.0011      Ca B 930.4A  33.176   0.0440            
 nFnu  3647A  35.355   6.6427      H  1 5.834m  31.933   0.0025      Ca B 3.038m  31.642   0.0013      Ca B 927.9A  33.087   0.0358            
 cout  3646A  35.447   8.1950      H  1 7.383m  32.635   0.0126      Ca B 12.37m  31.832   0.0020      Ca B 925.9A  33.003   0.0295            
 thin  3646A  35.447   8.1961      H  1 7.383m  32.888   0.0226      Ca B 7.500m  31.692   0.0014      Ca B 924.2A  32.925   0.0247            
 Inci  4860A  35.536  10.0619      H  1 7.383m  32.771   0.0173      Ca B 5.907m  31.548   0.0010      Ca B 922.8A  32.852   0.0208            
 Inci  1215A  37.125 391.2971      H  1 7.383m  32.519   0.0097      H  1     0   34.800   1.8514      Ca B 921.6A  32.782   0.0177            
 Ba C     0   35.095   3.6481      H  1 7.383m  32.203   0.0047      H  1  1216A  36.237  50.5913      Ca B 920.6A  32.717   0.0153            
 PA C     0   34.627   1.2422      H  1 7.383m  31.844   0.0020      H  1  1026A  34.176   0.4398      Ca B 919.8A  32.655   0.0132            
 FIR  83.00m  33.806   0.1874      H  1 9.115m  32.493   0.0091      H  1 972.5A  34.049   0.3281      Ca B 919.0A  32.596   0.0116            
 TIR   1800m  32.828   0.0197      H  1 9.115m  32.745   0.0163      H  1 949.7A  33.968   0.2720      Ca B 918.4A  32.540   0.0102            
 NIRa 2.850m  35.462   8.4851      H  1 9.115m  32.630   0.0125      H  1 937.8A  33.856   0.2104      Ca B 917.8A  32.487   0.0090            
 NIRb 3.000m  35.223   4.9019      H  1 9.115m  32.383   0.0071      H  1 930.8A  33.796   0.1832      Ca B  4686A  34.457   0.8403            
 MIRa 15.00m  34.504   0.9358      H  1 9.115m  32.078   0.0035      H  1 926.2A  33.746   0.1632      Ca B  3203A  34.129   0.3947            
 MIRb 22.50m  34.550   1.0397      H  1 9.115m  31.744   0.0016      H  1 923.2A  33.701   0.1472      Ca B  2733A  33.868   0.2161            
 NMIR 21.75m  35.462   8.4851      H  1 11.03m  33.119   0.0385      H  1 921.0A  33.653   0.1318      Ca B  2511A  33.653   0.1318            
 TFIR 611.2m  33.379   0.0702      H  1 13.13m  33.006   0.0297      H  1  6563A  34.999   2.9221      Ca B  2386A  33.471   0.0866            
 TALL 10000A  38.0052966.9661      H  1 15.40m  32.902   0.0234      H  1  4861A  34.533   1.0000      Ca B  2306A  33.312   0.0602            
 F12  12.00m  34.016   0.3038      H  1 17.87m  32.806   0.0188      H  1  4340A  34.206   0.4707      Ca B  2253A  33.172   0.0436            
 F25  25.00m  33.646   0.1297      H  1 20.51m  32.717   0.0153      H  1  4102A  33.936   0.2527      Ca B  2215A  33.046   0.0326            
 F60  60.00m  33.505   0.0937      H  1 23.33m  32.633   0.0126      H  1  3970A  33.713   0.1514      Ca B  2187A  32.931   0.0250            
 F100 100.0m  33.021   0.0308      H  1 26.34m  32.554   0.0105      H  1  3889A  33.522   0.0975      Ca B  2165A  32.827   0.0197            
 MIPS 24.00m  33.335   0.0634      H  1 29.53m  32.480   0.0088      H  1  3835A  33.355   0.0664      Ca B  2149A  32.730   0.0157            
 MIPS 70.00m  33.017   0.0305      H  1 32.91m  32.409   0.0075      H  1  3798A  33.212   0.0477      Ca B  2135A  32.640   0.0128            
 MIPS 160.0m  32.631   0.0125      H  1 36.46m  32.343   0.0065      H  1 1.875m  33.979   0.2792      Ca B  2125A  32.556   0.0106            
 IRAC 3.600m  34.002   0.2942      H  1 40.20m  32.279   0.0056      H  1 1.282m  33.664   0.1353      Ca B  2116A  32.478   0.0088            
 IRAC 4.500m  34.064   0.3400      H  1 44.12m  32.219   0.0049      H  1 1.094m  33.425   0.0780      Ca B  2109A  32.404   0.0074            
 IRAC 5.800m  33.885   0.2251      H  1 48.22m  32.161   0.0042      H  1 1.005m  33.204   0.0469      Ca B  2102A  32.334   0.0063            
 IRAC 8.000m  33.980   0.2802      H  1 52.50m  32.106   0.0037      H  1  9546A  33.015   0.0304      Ca B  2097A  32.268   0.0054            
 SPR1 250.0m  32.609   0.0119      H  1 56.97m  33.252   0.0523      H  1  9229A  32.851   0.0208      Ca B  2093A  32.205   0.0047            
 SPR2 350.0m  32.492   0.0091      He 2 227.9A  36.201  46.5736      H  1  9015A  32.709   0.0150      Ca B  2089A  32.146   0.0041            
 SPR3 500.0m  32.436   0.0080      He 2 911.4A  34.894   2.2939      H  1 4.051m  33.336   0.0635      Ca B  2086A  32.089   0.0036            
 PAC1 70.00m  33.078   0.0351      He 2 911.4A  35.257   5.2942      H  1 2.625m  33.093   0.0363      Ca B  2083A  32.035   0.0032            
 PAC2 100.0m  33.022   0.0308      He 2  2050A  34.191   0.4554      H  1 2.166m  32.866   0.0215      Ca B 1.012m  33.844   0.2046            
 PAC3 160.0m  32.908   0.0237      He 2  2050A  34.608   1.1887      H  1 1.945m  32.676   0.0139      Ca B  6560A  33.588   0.1135            
 PAH  3.300m  33.195   0.0459      He 2  2050A  34.537   1.0087      H  1 1.817m  32.511   0.0095      Ca B  5412A  33.370   0.0686            
 PAHC 3.230m  32.864   0.0215      He 2  3645A  33.694   0.1449      H  1 1.736m  32.369   0.0069      Ca B  4860A  33.184   0.0448            
 PAHC 3.370m  32.817   0.0192      He 2  3645A  34.118   0.3844      H  1 7.458m  32.864   0.0214      Ca B  4542A  33.023   0.0309            
 PAH  6.200m  33.374   0.0693      He 2  3645A  34.154   0.4183      H  1 4.653m  32.619   0.0122      Ca B  4339A  32.881   0.0223            
 PAHC 5.650m  33.443   0.0813      He 2  3645A  33.845   0.2051      H  1 3.740m  32.420   0.0077      Ca B  4200A  32.753   0.0166            
 PAH  7.900m  33.580   0.1115      He 2  5695A  33.328   0.0624      H  1 3.296m  32.253   0.0052      Ca B  4100A  32.638   0.0127            
 PAHC 6.900m  33.603   0.1174      He 2  5695A  33.752   0.1656      H  1 3.038m  32.108   0.0038      Ca B  4026A  32.532   0.0100            
 PAH  11.30m  32.830   0.0198      He 2  5695A  33.822   0.1946      H  1 12.37m  32.432   0.0079      Ca B  3969A  32.434   0.0080            
 PAHC 10.90m  32.800   0.0185      He 2  5695A  33.661   0.1343      H  1 7.500m  32.220   0.0049      Ca B  3924A  32.344   0.0065            
 PAH  11.80m  32.971   0.0274      He 2  5695A  33.194   0.0458      H  1 5.907m  32.044   0.0032      Ca B  3888A  32.259   0.0053            
 PAHC 12.65m  33.060   0.0336      He 2  8201A  33.041   0.0322      H  1 5.127m  31.895   0.0023      Ca B  3858A  32.180   0.0044            
 PAH  13.30m  32.990   0.0286      He 2  8201A  33.463   0.0852      H  1 19.06m  32.054   0.0033      Ca B  3834A  32.106   0.0037            
 PAHC 14.10m  32.905   0.0236      He 2  8201A  33.546   0.1030      H  1 11.31m  31.871   0.0022      Ca B  3814A  32.035   0.0032            
 Bcon  3640A  37.120 386.4765      He 2  8201A  33.440   0.0806      H  1 8.758m  31.714   0.0015      Ca B  3797A  31.969   0.0027            
 Pcon  5000A  35.795  18.2811      He 2  8201A  33.146   0.0410      H  1 27.80m  31.713   0.0015      Ca B  3782A  31.906   0.0024            
 HFFc     0   35.460   8.4460      He 2  8201A  32.570   0.0109      H  1 16.20m  31.556   0.0011      Ca B  3769A  31.845   0.0021            
 H FF     0   35.324   6.1820      He 2 1.116m  32.806   0.0187      Ca A 303.8A  36.242  51.2217      Ca B  3758A  31.788   0.0018            
 HeFF     0   34.888   2.2640      He 2 1.116m  33.226   0.0494      Ca A 256.3A  35.582  11.1937      Ca B  3749A  31.733   0.0016            
 ToFF     0   35.460   8.4460      He 2 1.116m  33.314   0.0604      Ca A 243.0A  35.167   4.3049      Ca B 1.864m  33.353   0.0661            
 nFnu 1.335c  31.615   0.0012      He 2 1.116m  33.233   0.0501      Ca A 237.4A  34.862   2.1335      Ca B 1.163m  33.148   0.0413            
 nFnu  9993m  31.727   0.0016      He 2 1.116m  33.010   0.0300      Ca A 234.4A  34.620   1.2217      Ca B  9345A  32.962   0.0269            
 nFnu  6917m  31.869   0.0022      He 2 1.116m  32.626   0.0124      Ca A 232.6A  34.418   0.7677      Ca B  8237A  32.800   0.0185            
 nFnu 122.4m  33.373   0.0692      He 2 1.116m  31.971   0.0027      Ca A 231.5A  34.245   0.5152      Ca B  7593A  32.656   0.0133            
 nFnu 60.83m  33.621   0.1224      He 2 1.458m  32.608   0.0119      Ca A 230.7A  34.093   0.3630      Ca B  7178A  32.527   0.0099            
 nFnu 41.22m  33.759   0.1682      He 2 1.458m  33.027   0.0312      Ca A 230.2A  33.957   0.2657      Ca B  6891A  32.410   0.0075            
 nFnu 30.87m  33.860   0.2123      He 2 1.458m  33.117   0.0384      Ca A 229.8A  33.835   0.2005      Ca B  6684A  32.303   0.0059            
 nFnu 24.78m  33.937   0.2533      He 2 1.458m  33.050   0.0329      Ca A 229.4A  33.723   0.1550      Ca B  6527A  32.205   0.0047            
 nFnu 24.30m  33.943   0.2573      He 2 1.458m  32.864   0.0214      Ca A 229.2A  33.621   0.1224      Ca B  6407A  32.114   0.0038            
 nFnu 22.83m  33.964   0.2701      He 2 1.458m  32.564   0.0107      Ca A 229.0A  33.526   0.0984      Ca B  6311A  32.029   0.0031            
 nFnu 21.42m  33.987   0.2843      He 2 1.458m  32.116   0.0038      Ca A 228.9A  33.438   0.0804      Ca B  6234A  31.949   0.0026            
 nFnu 21.12m  33.992   0.2877      He 2 1.845m  32.437   0.0080      Ca A 228.7A  33.356   0.0666      Ca B  6171A  31.874   0.0022            
 nFnu 19.62m  34.016   0.3044      He 2 1.845m  32.855   0.0210      Ca A 228.6A  33.280   0.0558      Ca B  6119A  31.803   0.0019            
 nFnu 17.65m  34.055   0.3325      He 2 1.845m  32.946   0.0259      Ca A 228.6A  33.208   0.0473      Ca B  6074A  31.736   0.0016            
 nFnu 17.37m  34.060   0.3364      He 2 1.845m  32.886   0.0225      Ca A 228.5A  33.141   0.0406      Ca B  6037A  31.673   0.0014            
 nFnu 15.69m  34.094   0.3639      He 2 1.845m  32.721   0.0154      Ca A 228.4A  33.078   0.0351      Ca B  6005A  31.612   0.0012            
 nFnu 14.60m  34.119   0.3852      He 2 1.845m  32.466   0.0086      Ca A 228.4A  33.019   0.0306      Ca B  5977A  31.554   0.0011            
 nFnu 12.43m  34.179   0.4426      He 2 1.845m  32.113   0.0038      Ca A 228.3A  32.964   0.0270      Ca B 3.091m  32.940   0.0255            
 nFnu 11.40m  34.208   0.4732      He 2 1.845m  31.619   0.0012      Ca A 228.3A  32.913   0.0240      Ca B 1.874m  32.773   0.0174            
 nFnu 10.46m  34.239   0.5076      He 2 2.278m  32.286   0.0057      Ca A 228.3A  32.865   0.0215      Ca B 1.476m  32.612   0.0120            
 nInu 10.46m  31.598   0.0012      He 2 2.278m  32.703   0.0148      Ca A  1640A  35.191   4.5448      Ca B 1.281m  32.468   0.0086            
 nFnu 9.480m  34.273   0.5491      He 2 2.278m  32.794   0.0182      Ca A  1215A  34.728   1.5655      Ca B 1.167m  32.338   0.0064            
 nInu 9.480m  31.728   0.0016      He 2 2.278m  32.739   0.0161      Ca A  1085A  34.398   0.7330      Ca B 1.093m  32.221   0.0049            
 nFnu 9.325m  34.278   0.5555      He 2 2.278m  32.587   0.0113      Ca A  1025A  34.142   0.4067      Ca B 1.042m  32.113   0.0038            
 nInu 9.325m  31.748   0.0016      He 2 2.278m  32.359   0.0067      Ca A 992.4A  33.933   0.2510      Ca B  9763A  31.923   0.0025            
 nFnu 8.210m  34.324   0.6182      He 2 2.278m  32.059   0.0034      Ca A 972.2A  33.754   0.1664      Ca B  9542A  31.837   0.0020            
 nInu 8.210m  31.917   0.0024      He 2 2.278m  31.668   0.0014      Ca A 958.8A  33.599   0.1163      Ca B  9367A  31.757   0.0017            
 nFnu 7.580m  34.351   0.6577      He 2 2.756m  33.302   0.0588      Ca A 949.4A  33.461   0.0847      Ca B  9226A  31.682   0.0014            
 nInu 7.580m  32.020   0.0031      He 2 3.280m  33.190   0.0454      Ca A 942.6A  33.337   0.0636      Ca B  9109A  31.611   0.0012            
 nFnu 7.050m  34.378   0.6992      He 2 3.850m  33.087   0.0358      Ca A 937.5A  33.224   0.0491      Ca B  9012A  31.543   0.0010            
 nInu 7.050m  32.111   0.0038      He 2 4.465m  32.991   0.0287      Ca A 933.5A  33.120   0.0387      Ca B 4.762m  32.582   0.0112            
 nFnu 4.114m  34.569   1.0876      He 2 5.125m  32.902   0.0234      Ca A 930.4A  33.024   0.0310      Ca B 2.825m  32.444   0.0081            
 nInu 4.114m  32.812   0.0190      He 2 5.832m  32.818   0.0193      Ca A 927.9A  32.935   0.0253      Ca B 2.189m  32.303   0.0059            
 nFnu 2.324m  34.766   1.7083      He 2 6.583m  32.740   0.0161      Ca A 925.9A  32.852   0.0209      Ca B 1.876m  32.175   0.0044            
 nInu 2.324m  33.548   0.1036      He 2 7.381m  32.666   0.0136      Ca A 924.2A  32.774   0.0174      Ca B 1.692m  32.057   0.0033            
 nFnu 1.643m  34.894   2.2966      He 2 8.223m  32.596   0.0115      Ca A 922.8A  32.701   0.0147      Ca B 1.572m  31.949   0.0026            
 nInu 1.643m  33.992   0.2878      He 2 9.112m  32.529   0.0099      Ca A 921.6A  32.631   0.0125      Ca B 1.488m  31.850   0.0021            
 nFnu 1.480m  34.923   2.4541      He 2 10.05m  32.466   0.0086      Ca A 920.6A  32.565   0.0108      Ca B 1.427m  31.758   0.0017            
 nInu 1.480m  34.127   0.3925      He 2 11.03m  32.405   0.0075      Ca A 919.8A  32.503   0.0093      Ca B 1.380m  31.672   0.0014            
 nFnu 1.436m  34.976   2.7757      He 2 12.05m  32.348   0.0065      Ca A 919.0A  32.443   0.0081      Ca B 1.344m  31.591   0.0011            
 nInu 1.436m  34.165   0.4288      He 2 13.12m  32.292   0.0057      Ca A 918.4A  32.386   0.0071      Ca B 6.946m  32.265   0.0054            
 nFnu 1.119m  35.041   3.2195      He 2 14.24m  33.469   0.0863      Ca A 917.8A  32.332   0.0063      Ca B 4.050m  32.150   0.0041            
 nInu 1.119m  34.485   0.8946      He 1 504.3A  33.671   0.1374      Ca A  4686A  34.415   0.7619      Ca B 3.095m  32.026   0.0031            
 nFnu  8330A  35.117   3.8393      He 1  2600A  32.163   0.0043      Ca A  3203A  34.077   0.3500      Ca B 2.624m  31.910   0.0024            
 nInu  8330A  34.859   2.1189      He 1  3121A  31.618   0.0012      Ca A  2733A  33.811   0.1897      Ca B 2.346m  31.803   0.0019            
 nFnu  8079A  35.234   5.0289      He 1  3421A  31.954   0.0026      Ca A  2511A  33.594   0.1151      Ca B 2.165m  31.704   0.0015            
 nInu  8079A  34.897   2.3121      He 1  3421A  32.176   0.0044      Ca A  2386A  33.411   0.0755      Ca B 2.037m  31.612   0.0012            
 nFnu  6210A  35.280   5.5843      He 1  3679A  31.707   0.0015      Ca A  2306A  33.252   0.0523      Ca B 9.711m  31.981   0.0028            
 nInu  6210A  35.230   4.9788      He 1  7843A  31.775   0.0017      Ca A  2253A  33.111   0.0379      Ca B 5.582m  31.884   0.0022            
 nFnu  4885A  35.341   6.4247      grains......................      Ca A  2215A  32.985   0.0283      Ca B 4.217m  31.775   0.0017            
 nInu  4885A  35.529   9.8978      H-like iso-sequence.........      Ca A  2187A  32.871   0.0218      Ca B 3.543m  31.670   0.0014            
 nFnu  3704A  35.352   6.5978      Clin 912.0A  35.916  24.1790      Ca A  2165A  32.766   0.0171      Ca B 3.145m  31.571   0.0011            
 nInu  3704A  35.865  21.4982      Clin 228.0A  32.262   0.0054      Ca A  2149A  32.669   0.0137      He 2     0   35.911  23.8753            
 nFnu  3588A  35.706  14.8779      Cool  1216A  35.624  12.3418      Ca A  2135A  32.579   0.0111      He 2 303.8A  36.263  53.6931            
 nInu  3588A  35.908  23.7029      Crst 960.0A  35.606  11.8371      Ca A  2125A  32.495   0.0092      He 2 256.3A  33.982   0.2814            
 nFnu  2430A  35.660  13.4050      CION     0   34.863   2.1361      Ca A  2116A  32.416   0.0076      He 2 243.0A  33.882   0.2234            
 nInu  2430A  36.371  68.8427      Q(H)  4861A  35.952  26.2273      Ca A  2109A  32.342   0.0064      He 2 237.4A  33.814   0.1910            
 nFnu  2392A  35.657  13.3147      Q(H)  1216A  37.488 902.2308      Ca A  2102A  32.272   0.0055      He 2 234.4A  33.770   0.1727            
 nInu  2392A  36.388  71.6574      CaBo  4861A  34.433   0.7948      Ca A  2097A  32.206   0.0047      He 2 232.6A  33.733   0.1585            
 nFnu  2071A  35.626  12.3962      CaBo  1640A  35.386   7.1262      Ca A  2093A  32.142   0.0041      He 2 231.5A  33.697   0.1460            
 nInu  2071A  36.555 105.0937      CaBo  4686A  34.454   0.8334      Ca A  2089A  32.082   0.0035      He 2 230.7A  33.666   0.1358            
 nFnu  2053A  35.793  18.2110      Ca A 937.8A  33.853   0.2091      Ca A  2086A  32.025   0.0031      He 2 230.2A  33.641   0.1283            
 nInu  2053A  36.566 107.8724      Ca A 930.8A  33.649   0.1307      Ca A  2083A  31.970   0.0027      He 2  1640A  35.373   6.9191            
 nFnu  1793A  35.747  16.3860      Ca A 926.2A  33.474   0.0872      Ca A 1.012m  33.824   0.1955      He 2  1215A  34.892   2.2850            
 nInu  1793A  36.717 152.7504      Ca A 923.2A  33.320   0.0612      Ca A  6560A  33.563   0.1072      He 2  1085A  34.560   1.0651            
 nFnu  1585A  35.702  14.7720      Ca A 921.0A  33.184   0.0448      Ca A  5412A  33.342   0.0644      He 2  1025A  34.305   0.5918            
 nInu  1585A  36.848 206.4949      Ca A 919.4A  33.063   0.0339      Ca A  4860A  33.154   0.0418      He 2 992.4A  34.098   0.3671            
 nFnu  1458A  35.666  13.5914      Ca A 918.1A  32.956   0.0265      Ca A  4542A  32.992   0.0288      He 2 972.2A  33.923   0.2456            
 nInu  1458A  36.938 254.3652      Ca A 917.2A  32.860   0.0212      Ca A  4339A  32.849   0.0207      He 2 958.8A  33.773   0.1736            
 nFnu  1357A  35.629  12.4682      Ca A 916.4A  32.775   0.0175      Ca A  4200A  32.721   0.0154      He 2 949.4A  33.642   0.1284            
 nInu  1357A  37.011 300.9553      Ca A 915.8A  32.700   0.0147      Ca A  4100A  32.605   0.0118      He 2  4686A  34.496   0.9186            
 nFnu  1297A  35.593  11.4845      Ca A 915.3A  32.632   0.0126      Ca A  4026A  32.499   0.0092      He 2  3203A  34.129   0.3944            
 nInu  1297A  37.058 334.7109      Ca A 914.9A  32.572   0.0109      Ca A  3969A  32.401   0.0074      He 2  2733A  33.864   0.2141            
 nFnu  1263A  35.556  10.5378      Ca A 914.6A  32.516   0.0096      Ca A  3924A  32.311   0.0060      He 2  2511A  33.650   0.1308            
 nInu  1263A  37.088 358.9915      Ca A 914.3A  32.465   0.0085      Ca A  3888A  32.226   0.0049      He 2  2386A  33.469   0.0864            
 nFnu  1218A  35.492   9.0932      Ca A 914.0A  32.416   0.0076      Ca A  3858A  32.147   0.0041      He 2  2306A  33.314   0.0603            
 nInu  1218A  37.123 389.2085      Ca A 913.8A  32.371   0.0069      Ca A  3834A  32.072   0.0035      He 2  2253A  33.177   0.0441            
 nFnu  1196A  35.486   8.9774      Ca A 913.6A  32.329   0.0063      Ca A  3814A  32.001   0.0029      He 2 1.012m  33.915   0.2412            
 nInu  1196A  37.138 402.8030      Ca A 913.5A  32.289   0.0057      Ca A  3797A  31.934   0.0025      He 2  6560A  33.598   0.1162            
 nFnu  1175A  35.479   8.8373      Ca A 913.3A  32.252   0.0052      Ca A  3782A  31.870   0.0022      He 2  5412A  33.369   0.0686            
 nInu  1175A  37.158 421.5482      Ca A  3970A  33.082   0.0354      Ca A  3769A  31.810   0.0019      He 2  4860A  33.182   0.0446            
 nFnu  1144A  35.470   8.6590      Ca A  3889A  32.904   0.0235      Ca A  3758A  31.752   0.0017      He 2  4542A  33.021   0.0308            
 nInu  1144A  37.187 451.0260      Ca A  3835A  32.748   0.0164      Ca A  3749A  31.697   0.0015      He 2  4339A  32.880   0.0223            
 nFnu  1113A  35.464   8.5409      Ca A  3798A  32.609   0.0119      Ca A 1.864m  33.340   0.0641      He 2 1.864m  33.462   0.0849            
 nInu  1113A  37.211 476.8705      Ca A  3771A  32.483   0.0089      Ca A 1.163m  33.133   0.0398      He 2 1.163m  33.177   0.0441            
 nFnu  1103A  35.462   8.5016      Ca A  3750A  32.369   0.0069      Ca A  9345A  32.945   0.0258      He 2  9345A  32.971   0.0274            
 nInu  1103A  37.221 487.5409      Ca A  3734A  32.263   0.0054      Ca A  8237A  32.781   0.0177      He 2  8237A  32.803   0.0186            
 nFnu  1074A  35.458   8.4238      Ca A  3722A  32.165   0.0043      Ca A  7593A  32.636   0.0127      He 2  7593A  32.658   0.0133            
 nInu  1074A  37.245 515.0649      Ca A  3712A  32.074   0.0035      Ca A  7178A  32.507   0.0094      He 2 3.091m  33.087   0.0358            
 nFnu  1064A  35.457   8.4010      Ca A  3704A  31.989   0.0029      Ca A  6891A  32.390   0.0072      He 2 1.874m  32.828   0.0197            
 nInu  1064A  37.254 526.4173      Ca A  3697A  31.909   0.0024      Ca A  6684A  32.283   0.0056      He 2 1.476m  32.634   0.0126            
 nFnu  1036A  35.455   8.3652      Ca A  3692A  31.835   0.0020      Ca A  6527A  32.184   0.0045      He 2 1.281m  32.480   0.0088            
 nInu  1036A  37.278 555.6701      Ca A  3687A  31.766   0.0017      Ca A  6407A  32.092   0.0036      He 2 4.762m  32.766   0.0171            
 nFnu  1000A  35.456   8.3672      Ca A  3683A  31.702   0.0015      Ca A  6311A  32.007   0.0030      He 2 2.825m  32.532   0.0100            
 nInu  1000A  37.310 598.7466      Ca A  3679A  31.642   0.0013      Ca A  6234A  31.927   0.0025      He 2 2.189m  32.343   0.0065            
 nFnu 925.1A  35.468   8.6088      Ca A  3676A  31.586   0.0011      Ca A  6171A  31.852   0.0021      He 2 6.946m  32.483   0.0089            
 nInu 925.1A  37.382 706.7108      Ca A  3674A  31.534   0.0010      Ca A  6119A  31.781   0.0018      He 2 4.050m  32.279   0.0056            
 nFnu 897.8A  36.870 217.4798      Ca A  9546A  32.480   0.0089      Ca A  6074A  31.714   0.0015      He 2 9.711m  32.227   0.0049            
 nInu 897.8A  37.326 620.7433      Ca A  9229A  32.325   0.0062      Ca A  6037A  31.650   0.0013      He-like iso-sequence........            
 nFnu 760.0A  36.588 113.5315      Ca A  9015A  32.186   0.0045      Ca A  6005A  31.589   0.0011      Clin 506.0A  33.312   0.0602            
 nInu 760.0A  37.491 907.5308      Ca A  8863A  32.060   0.0034      Ca A 3.091m  32.929   0.0249      Ca B  3188A  31.700   0.0015            
 nFnu 701.5A  36.439  80.4496      Ca A  8750A  31.944   0.0026      Ca A 1.874m  32.761   0.0169      Ca B  3889A  32.159   0.0042            
 nInu 701.5A  37.5611065.8990      Ca A  8665A  31.838   0.0020      Ca A 1.476m  32.600   0.0117      Ca B  4471A  31.670   0.0014            
 nFnu 608.2A  36.181  44.4500      Ca A  8598A  31.739   0.0016      Ca A 1.281m  32.455   0.0084      Ca B  5876A  32.279   0.0056            
 nInu 608.2A  37.6711372.6261      Ca A  8545A  31.647   0.0013      Ca A 1.167m  32.324   0.0062      Ca B  6678A  31.736   0.0016            
 nFnu 575.1A  36.103  37.1476      Ca A  8502A  31.560   0.0011      Ca A 1.093m  32.206   0.0047      Ca B  7065A  31.856   0.0021            
 nInu 575.1A  37.7061490.7235      Ca A 1.817m  32.004   0.0030      Ca A 1.042m  32.099   0.0037      Ca B 1.083m  33.276   0.0553            
 nFnu 511.9A  36.005  29.6657      Ca A 1.736m  31.865   0.0021      Ca A  9763A  31.907   0.0024      Ca B 2.058m  31.721   0.0015            
 nInu 511.9A  37.7701727.4399      Ca A 1.681m  31.739   0.0016      Ca A  9542A  31.822   0.0019      He 1     0   33.077   0.0350            
 nFnu 496.9A  36.010  29.9902      Ca A 1.641m  31.624   0.0012      Ca A  9367A  31.741   0.0016      He 1 584.3A  33.568   0.1083            
 nInu 496.9A  37.7841784.0284      Ca A 3.038m  31.606   0.0012      Ca A  9226A  31.666   0.0014      He 1 537.0A  33.012   0.0301            
 nFnu 399.2A  36.034  31.7245      Ca A 12.37m  31.806   0.0019      Ca A  9109A  31.594   0.0012      He 1 522.2A  32.635   0.0126            
 nInu 399.2A  37.8522085.9524      Ca A 7.500m  31.666   0.0014      Ca A 4.762m  32.570   0.0109      He 1 515.6A  32.341   0.0064            
 RRC.........................      Ca B  3970A  33.269   0.0544      Ca A 2.825m  32.433   0.0080      He 1 512.1A  32.196   0.0046            
 H  1 911.8A  36.098  36.7321      Ca B  3889A  33.088   0.0359      Ca A 2.189m  32.293   0.0058      He 1 625.6A  32.629   0.0125            
 H  1  3646A  34.867   2.1568      Ca B  3835A  32.930   0.0249      Ca A 1.876m  32.164   0.0043      TOTL 1.083m  33.247   0.0518            
 H  1  3646A  35.084   3.5531      Ca B  3798A  32.790   0.0181      Ca A 1.692m  32.046   0.0033      He 1 1.083m  33.247   0.0518            
 H  1  8204A  34.206   0.4706      Ca B  3771A  32.664   0.0135      Ca A 1.572m  31.938   0.0025      He 1 1.083m  32.293   0.0058            
 H  1  8204A  34.461   0.8477      Ca B  3750A  32.549   0.0104      Ca A 1.488m  31.838   0.0020      He 1 1.083m  32.770   0.0173            
 H  1  8204A  34.198   0.4623      Ca B  3734A  32.445   0.0082      Ca A 1.427m  31.746   0.0016      He 1 1.083m  32.992   0.0288            
 H  1 1.458m  33.769   0.1723      Ca B  3722A  32.350   0.0066      Ca A 1.380m  31.660   0.0013      He 1  3889A  32.096   0.0037            
 H  1 1.458m  34.028   0.3128      Ca B  3712A  32.262   0.0054      Ca A 1.344m  31.579   0.0011      He 1  3188A  31.634   0.0013            
 H  1 1.458m  33.863   0.2138      Ca B  3704A  32.180   0.0044      Ca A 6.946m  32.254   0.0053      He 1  7065A  31.829   0.0020            
 H  1 1.458m  33.379   0.0702      Ca B  3697A  32.104   0.0037      Ca A 4.050m  32.140   0.0040      He 1  5876A  32.175   0.0044            
 H  1 2.279m  33.446   0.0818      Ca B  3692A  32.033   0.0032      Ca A 3.095m  32.017   0.0030      He 1  4471A  31.574   0.0011            
 H  1 2.279m  33.704   0.1481      Ca B  3687A  31.966   0.0027      Ca A 2.624m  31.901   0.0023      Pho+  3889A  33.488   0.0902            
 H  1 2.279m  33.567   0.1082      Ca B  3683A  31.902   0.0023      Ca A 2.346m  31.793   0.0018      database lines..............            
 H  1 2.279m  33.222   0.0489      Ca B  3679A  31.841   0.0020      Ca A 2.165m  31.694   0.0014      level 1 lines...............            
 H  1 2.279m  32.620   0.0122      Ca B  3676A  31.782   0.0018      Ca A 2.037m  31.601   0.0012      recombination...............            
 H  1 3.281m  33.189   0.0453      Ca B  3674A  31.726   0.0016      Ca A 9.711m  31.970   0.0027      level2 lines................            
 H  1 3.281m  33.445   0.0817      Ca B  3671A  31.672   0.0014      Ca A 5.582m  31.875   0.0022      hyperfine structure.........            
 H  1 3.281m  33.320   0.0612      Ca B  9546A  32.565   0.0108      Ca A 4.217m  31.766   0.0017      inner shell.................            
 H  1 3.281m  33.025   0.0311      Ca B  9229A  32.409   0.0075      Ca A 3.543m  31.661   0.0013      molecules...................            

                                                    Emergent line intensities
 Caution: emergent intensities are not reliable on the first iteration.
 general properties..........      nFnu 496.9A  36.010  29.9902      Ca A 229.0A  33.523   0.0978      Ca B  2109A  32.404   0.0074            
 TOTL  4861A  34.533   1.0000      nInu 496.9A  37.7841784.0284      Ca A 228.9A  33.435   0.0798      Ca B  2102A  32.334   0.0063            
 TOTL  1216A  36.237  50.5909      nFnu 399.2A  36.034  31.7245      Ca A 228.7A  33.353   0.0661      Ca B  2097A  32.268   0.0054            
 continua....................      nInu 399.2A  37.8522085.9524      Ca A 228.6A  33.277   0.0554      Ca B  2093A  32.205   0.0047            
 Bac   3646A  35.447   8.1950      RRC.........................      Ca A 228.6A  33.205   0.0470      Ca B  2089A  32.146   0.0041            
 nFnu  3645A  35.704  14.8377      grains......................      Ca A 228.5A  33.138   0.0403      Ca B  2086A  32.089   0.0036            
 nFnu  3647A  35.355   6.6427      H-like iso-sequence.........      Ca A 228.4A  33.075   0.0348      Ca B  2083A  32.035   0.0032            
 cout  3646A  35.447   8.1950      Clin 912.0A  35.916  24.1790      Ca A 228.4A  33.016   0.0304      Ca B 1.012m  33.844   0.2046            
 thin  3646A  35.447   8.1961      Clin 228.0A  32.262   0.0054      Ca A 228.3A  32.961   0.0268      Ca B  6560A  33.588   0.1135            
 Inci  4860A  35.536  10.0619      Cool  1216A  35.624  12.3418      Ca A 228.3A  32.910   0.0238      Ca B  5412A  33.370   0.0686            
 Inci  1215A  37.125 391.2971      Crst 960.0A  35.606  11.8371      Ca A 228.3A  32.862   0.0213      Ca B  4860A  33.184   0.0448            
 FIR  83.00m  33.806   0.1874      Q(H)  4861A  35.952  26.2273      Ca A  1640A  35.190   4.5448      Ca B  4542A  33.023   0.0309            
 TIR   1800m  32.828   0.0197      Q(H)  1216A  37.488 902.2308      Ca A  1215A  34.728   1.5655      Ca B  4339A  32.881   0.0223            
 NIRa 2.850m  35.462   8.4851      CaBo  4861A  34.133   0.3979      Ca A  1085A  34.398   0.7330      Ca B  4200A  32.753   0.0166            
 NIRb 3.000m  35.223   4.9019      CaBo  1640A  35.085   3.5676      Ca A  1025A  34.142   0.4067      Ca B  4100A  32.638   0.0127            
 MIRa 15.00m  34.504   0.9358      CaBo  4686A  34.153   0.4172      Ca A 992.4A  33.933   0.2510      Ca B  4026A  32.532   0.0100            
 MIRb 22.50m  34.550   1.0397      Ca A 937.8A  33.853   0.2091      Ca A 972.2A  33.754   0.1664      Ca B  3969A  32.434   0.0080            
 NMIR 21.75m  35.462   8.4851      Ca A 930.8A  33.649   0.1307      Ca A 958.8A  33.599   0.1163      Ca B  3924A  32.344   0.0065            
 TFIR 611.2m  33.379   0.0702      Ca A 926.2A  33.474   0.0872      Ca A 949.4A  33.461   0.0847      Ca B  3888A  32.259   0.0053            
 TALL 10000A  38.0052966.9656      Ca A 923.2A  33.320   0.0612      Ca A 942.6A  33.337   0.0636      Ca B  3858A  32.180   0.0044            
 F12  12.00m  34.016   0.3038      Ca A 921.0A  33.184   0.0448      Ca A 937.5A  33.224   0.0491      Ca B  3834A  32.106   0.0037            
 F25  25.00m  33.646   0.1297      Ca A 919.4A  33.063   0.0339      Ca A 933.5A  33.120   0.0387      Ca B  3814A  32.035   0.0032            
 F60  60.00m  33.505   0.0937      Ca A 918.1A  32.956   0.0265      Ca A 930.4A  33.024   0.0310      Ca B  3797A  31.969   0.0027            
 F100 100.0m  33.021   0.0308      Ca A 917.2A  32.860   0.0212      Ca A 927.9A  32.935   0.0253      Ca B  3782A  31.906   0.0024            
 MIPS 24.00m  33.335   0.0634      Ca A 916.4A  32.775   0.0175      Ca A 925.9A  32.852   0.0209      Ca B  3769A  31.845   0.0021            
 MIPS 70.00m  33.017   0.0305      Ca A 915.8A  32.700   0.0147      Ca A 924.2A  32.774   0.0174      Ca B  3758A  31.788   0.0018            
 MIPS 160.0m  32.631   0.0125      Ca A 915.3A  32.632   0.0126      Ca A 922.8A  32.701   0.0147      Ca B  3749A  31.733   0.0016            
 IRAC 3.600m  34.002   0.2942      Ca A 914.9A  32.572   0.0109      Ca A 921.6A  32.631   0.0125      Ca B 1.864m  33.353   0.0661            
 IRAC 4.500m  34.064   0.3400      Ca A 914.6A  32.516   0.0096      Ca A 920.6A  32.565   0.0108      Ca B 1.163m  33.148   0.0413            
 IRAC 5.800m  33.885   0.2251      Ca A 914.3A  32.465   0.0085      Ca A 919.8A  32.503   0.0093      Ca B  9345A  32.962   0.0269            
 IRAC 8.000m  33.980   0.2802      Ca A 914.0A  32.416   0.0076      Ca A 919.0A  32.443   0.0081      Ca B  8237A  32.800   0.0185            
 SPR1 250.0m  32.609   0.0119      Ca A 913.8A  32.371   0.0069      Ca A 918.4A  32.386   0.0071      Ca B  7593A  32.656   0.0133            
 SPR2 350.0m  32.492   0.0091      Ca A 913.6A  32.329   0.0063      Ca A 917.8A  32.332   0.0063      Ca B  7178A  32.527   0.0099            
 SPR3 500.0m  32.436   0.0080      Ca A 913.5A  32.289   0.0057      Ca A  4686A  34.415   0.7619      Ca B  6891A  32.410   0.0075            
 PAC1 70.00m  33.078   0.0351      Ca A 913.3A  32.252   0.0052      Ca A  3203A  34.077   0.3500      Ca B  6684A  32.303   0.0059            
 PAC2 100.0m  33.022   0.0308      Ca A  3970A  33.082   0.0354      Ca A  2733A  33.811   0.1897      Ca B  6527A  32.205   0.0047            
 PAC3 160.0m  32.908   0.0237      Ca A  3889A  32.904   0.0235      Ca A  2511A  33.594   0.1151      Ca B  6407A  32.114   0.0038            
 PAH  3.300m  33.195   0.0459      Ca A  3835A  32.748   0.0164      Ca A  2386A  33.411   0.0755      Ca B  6311A  32.029   0.0031            
 PAHC 3.230m  32.864   0.0215      Ca A  3798A  32.609   0.0119      Ca A  2306A  33.252   0.0523      Ca B  6234A  31.949   0.0026            
 PAHC 3.370m  32.817   0.0192      Ca A  3771A  32.483   0.0089      Ca A  2253A  33.111   0.0379      Ca B  6171A  31.874   0.0022            
 PAH  6.200m  33.374   0.0693      Ca A  3750A  32.369   0.0069      Ca A  2215A  32.985   0.0283      Ca B  6119A  31.803   0.0019            
 PAHC 5.650m  33.443   0.0813      Ca A  3734A  32.263   0.0054      Ca A  2187A  32.871   0.0218      Ca B  6074A  31.736   0.0016            
 PAH  7.900m  33.580   0.1115      Ca A  3722A  32.165   0.0043      Ca A  2165A  32.766   0.0171      Ca B  6037A  31.673   0.0014            
 PAHC 6.900m  33.603   0.1174      Ca A  3712A  32.074   0.0035      Ca A  2149A  32.669   0.0137      Ca B  6005A  31.612   0.0012            
 PAH  11.30m  32.830   0.0198      Ca A  3704A  31.989   0.0029      Ca A  2135A  32.579   0.0111      Ca B  5977A  31.554   0.0011            
 PAHC 10.90m  32.800   0.0185      Ca A  3697A  31.909   0.0024      Ca A  2125A  32.495   0.0092      Ca B 3.091m  32.940   0.0255            
 PAH  11.80m  32.971   0.0274      Ca A  3692A  31.835   0.0020      Ca A  2116A  32.416   0.0076      Ca B 1.874m  32.773   0.0174            
 PAHC 12.65m  33.060   0.0336      Ca A  3687A  31.766   0.0017      Ca A  2109A  32.342   0.0064      Ca B 1.476m  32.612   0.0120            
 PAH  13.30m  32.990   0.0286      Ca A  3683A  31.702   0.0015      Ca A  2102A  32.272   0.0055      Ca B 1.281m  32.468   0.0086            
 PAHC 14.10m  32.905   0.0236      Ca A  3679A  31.642   0.0013      Ca A  2097A  32.206   0.0047      Ca B 1.167m  32.338   0.0064            
 Bcon  3640A  37.120 386.4708      Ca A  3676A  31.586   0.0011      Ca A  2093A  32.142   0.0041      Ca B 1.093m  32.221   0.0049            
 Pcon  5000A  35.795  18.2811      Ca A  3674A  31.534   0.0010      Ca A  2089A  32.082   0.0035      Ca B 1.042m  32.113   0.0038            
 nFnu 1.335c  31.615   0.0012      Ca A  9546A  32.480   0.0089      Ca A  2086A  32.025   0.0031      Ca B  9763A  31.923   0.0025            
 nFnu  9993m  31.727   0.0016      Ca A  9229A  32.325   0.0062      Ca A  2083A  31.970   0.0027      Ca B  9542A  31.837   0.0020            
 nFnu  6917m  31.869   0.0022      Ca A  9015A  32.186   0.0045      Ca A 1.012m  33.824   0.1955      Ca B  9367A  31.757   0.0017            
 nFnu 122.4m  33.373   0.0692      Ca A  8863A  32.060   0.0034      Ca A  6560A  33.563   0.1072      Ca B  9226A  31.682   0.0014            
 nFnu 60.83m  33.621   0.1224      Ca A  8750A  31.944   0.0026      Ca A  5412A  33.342   0.0644      Ca B  9109A  31.611   0.0012            
 nFnu 41.22m  33.759   0.1682      Ca A  8665A  31.838   0.0020      Ca A  4860A  33.154   0.0418      Ca B  9012A  31.543   0.0010            
 nFnu 30.87m  33.860   0.2123      Ca A  8598A  31.739   0.0016      Ca A  4542A  32.992   0.0288      Ca B 4.762m  32.582   0.0112            
 nFnu 24.78m  33.937   0.2533      Ca A  8545A  31.647   0.0013      Ca A  4339A  32.849   0.0207      Ca B 2.825m  32.444   0.0081            
 nFnu 24.30m  33.943   0.2573      Ca A  8502A  31.560   0.0011      Ca A  4200A  32.721   0.0154      Ca B 2.189m  32.303   0.0059            
 nFnu 22.83m  33.964   0.2701      Ca A 1.817m  32.004   0.0030      Ca A  4100A  32.605   0.0118      Ca B 1.876m  32.175   0.0044            
 nFnu 21.42m  33.987   0.2843      Ca A 1.736m  31.865   0.0021      Ca A  4026A  32.499   0.0092      Ca B 1.692m  32.057   0.0033            
 nFnu 21.12m  33.992   0.2877      Ca A 1.681m  31.739   0.0016      Ca A  3969A  32.401   0.0074      Ca B 1.572m  31.949   0.0026            
 nFnu 19.62m  34.016   0.3044      Ca A 1.641m  31.624   0.0012      Ca A  3924A  32.311   0.0060      Ca B 1.488m  31.850   0.0021            
 nFnu 17.65m  34.055   0.3325      Ca A 3.038m  31.606   0.0012      Ca A  3888A  32.226   0.0049      Ca B 1.427m  31.758   0.0017            
 nFnu 17.37m  34.060   0.3364      Ca A 12.37m  31.806   0.0019      Ca A  3858A  32.147   0.0041      Ca B 1.380m  31.672   0.0014            
 nFnu 15.69m  34.094   0.3639      Ca A 7.500m  31.666   0.0014      Ca A  3834A  32.072   0.0035      Ca B 1.344m  31.591   0.0011            
 nFnu 14.60m  34.119   0.3852      Ca B  3970A  33.269   0.0544      Ca A  3814A  32.001   0.0029      Ca B 6.946m  32.265   0.0054            
 nFnu 12.43m  34.179   0.4426      Ca B  3889A  33.088   0.0359      Ca A  3797A  31.934   0.0025      Ca B 4.050m  32.150   0.0041            
 nFnu 11.40m  34.208   0.4732      Ca B  3835A  32.930   0.0249      Ca A  3782A  31.870   0.0022      Ca B 3.095m  32.026   0.0031            
 nFnu 10.46m  34.239   0.5076      Ca B  3798A  32.790   0.0181      Ca A  3769A  31.810   0.0019      Ca B 2.624m  31.910   0.0024            
 nInu 10.46m  31.598   0.0012      Ca B  3771A  32.664   0.0135      Ca A  3758A  31.752   0.0017      Ca B 2.346m  31.803   0.0019            
 nFnu 9.480m  34.273   0.5491      Ca B  3750A  32.549   0.0104      Ca A  3749A  31.697   0.0015      Ca B 2.165m  31.704   0.0015            
 nInu 9.480m  31.728   0.0016      Ca B  3734A  32.445   0.0082      Ca A 1.864m  33.340   0.0641      Ca B 2.037m  31.612   0.0012            
 nFnu 9.325m  34.278   0.5555      Ca B  3722A  32.350   0.0066      Ca A 1.163m  33.133   0.0398      Ca B 9.711m  31.981   0.0028            
 nInu 9.325m  31.748   0.0016      Ca B  3712A  32.262   0.0054      Ca A  9345A  32.945   0.0258      Ca B 5.582m  31.884   0.0022            
 nFnu 8.210m  34.324   0.6182      Ca B  3704A  32.180   0.0044      Ca A  8237A  32.781   0.0177      Ca B 4.217m  31.775   0.0017            
 nInu 8.210m  31.917   0.0024      Ca B  3697A  32.104   0.0037      Ca A  7593A  32.636   0.0127      Ca B 3.543m  31.670   0.0014            
 nFnu 7.580m  34.351   0.6577      Ca B  3692A  32.033   0.0032      Ca A  7178A  32.507   0.0094      Ca B 3.145m  31.571   0.0011            
 nInu 7.580m  32.020   0.0031      Ca B  3687A  31.966   0.0027      Ca A  6891A  32.390   0.0072      He 2 303.8A  36.263  53.6931            
 nFnu 7.050m  34.378   0.6992      Ca B  3683A  31.902   0.0023      Ca A  6684A  32.283   0.0056      He 2 256.3A  33.982   0.2814            
 nInu 7.050m  32.111   0.0038      Ca B  3679A  31.841   0.0020      Ca A  6527A  32.184   0.0045      He 2 243.0A  33.882   0.2234            
 nFnu 4.114m  34.569   1.0876      Ca B  3676A  31.782   0.0018      Ca A  6407A  32.092   0.0036      He 2 237.4A  33.814   0.1910            
 nInu 4.114m  32.812   0.0190      Ca B  3674A  31.726   0.0016      Ca A  6311A  32.007   0.0030      He 2 234.4A  33.770   0.1727            
 nFnu 2.324m  34.766   1.7083      Ca B  3671A  31.672   0.0014      Ca A  6234A  31.927   0.0025      He 2 232.6A  33.733   0.1585            
 nInu 2.324m  33.548   0.1036      Ca B  9546A  32.565   0.0108      Ca A  6171A  31.852   0.0021      He 2 231.5A  33.697   0.1460            
 nFnu 1.643m  34.894   2.2966      Ca B  9229A  32.409   0.0075      Ca A  6119A  31.781   0.0018      He 2 230.7A  33.666   0.1358            
 nInu 1.643m  33.992   0.2878      Ca B  9015A  32.270   0.0055      Ca A  6074A  31.714   0.0015      He 2 230.2A  33.641   0.1283            
 nFnu 1.480m  34.923   2.4541      Ca B  8863A  32.145   0.0041      Ca A  6037A  31.650   0.0013      He 2  1640A  35.373   6.9191            
 nInu 1.480m  34.127   0.3925      Ca B  8750A  32.031   0.0031      Ca A  6005A  31.589   0.0011      He 2  1215A  34.892   2.2850            
 nFnu 1.436m  34.976   2.7757      Ca B  8665A  31.926   0.0025      Ca A 3.091m  32.929   0.0249      He 2  1085A  34.560   1.0651            
 nInu 1.436m  34.165   0.4288      Ca B  8598A  31.830   0.0020      Ca A 1.874m  32.761   0.0169      He 2  1025A  34.305   0.5918            
 nFnu 1.119m  35.041   3.2195      Ca B  8545A  31.740   0.0016      Ca A 1.476m  32.600   0.0117      He 2 992.4A  34.098   0.3671            
 nInu 1.119m  34.485   0.8946      Ca B  8502A  31.657   0.0013      Ca A 1.281m  32.455   0.0084      He 2 972.2A  33.923   0.2456            
 nFnu  8330A  35.117   3.8393      Ca B  8467A  31.580   0.0011      Ca A 1.167m  32.324   0.0062      He 2 958.8A  33.773   0.1736            
 nInu  8330A  34.859   2.1189      Ca B 1.817m  32.054   0.0033      Ca A 1.093m  32.206   0.0047      He 2 949.4A  33.642   0.1284            
 nFnu  8079A  35.234   5.0289      Ca B 1.736m  31.916   0.0024      Ca A 1.042m  32.099   0.0037      He 2  4686A  34.496   0.9186            
 nInu  8079A  34.897   2.3121      Ca B 1.681m  31.791   0.0018      Ca A  9763A  31.907   0.0024      He 2  3203A  34.129   0.3944            
 nFnu  6210A  35.280   5.5843      Ca B 1.641m  31.677   0.0014      Ca A  9542A  31.822   0.0019      He 2  2733A  33.864   0.2141            
 nInu  6210A  35.230   4.9788      Ca B 1.611m  31.573   0.0011      Ca A  9367A  31.741   0.0016      He 2  2511A  33.650   0.1308            
 nFnu  4885A  35.341   6.4247      Ca B 3.038m  31.642   0.0013      Ca A  9226A  31.666   0.0014      He 2  2386A  33.469   0.0864            
 nInu  4885A  35.529   9.8978      Ca B 12.37m  31.832   0.0020      Ca A  9109A  31.594   0.0012      He 2  2306A  33.314   0.0603            
 nFnu  3704A  35.352   6.5978      Ca B 7.500m  31.692   0.0014      Ca A 4.762m  32.570   0.0109      He 2  2253A  33.177   0.0441            
 nInu  3704A  35.865  21.4982      Ca B 5.907m  31.548   0.0010      Ca A 2.825m  32.433   0.0080      He 2 1.012m  33.915   0.2412            
 nFnu  3588A  35.706  14.8779      H  1  1216A  36.237  50.5909      Ca A 2.189m  32.293   0.0058      He 2  6560A  33.598   0.1162            
 nInu  3588A  35.908  23.7029      H  1  1026A  34.176   0.4398      Ca A 1.876m  32.164   0.0043      He 2  5412A  33.369   0.0686            
 nFnu  2430A  35.660  13.4050      H  1 972.5A  34.049   0.3281      Ca A 1.692m  32.046   0.0033      He 2  4860A  33.182   0.0446            
 nInu  2430A  36.371  68.8427      H  1 949.7A  33.968   0.2720      Ca A 1.572m  31.938   0.0025      He 2  4542A  33.021   0.0308            
 nFnu  2392A  35.657  13.3147      H  1 937.8A  33.856   0.2104      Ca A 1.488m  31.838   0.0020      He 2  4339A  32.880   0.0223            
 nInu  2392A  36.388  71.6574      H  1 930.8A  33.796   0.1832      Ca A 1.427m  31.746   0.0016      He 2 1.864m  33.462   0.0849            
 nFnu  2071A  35.626  12.3962      H  1 926.2A  33.746   0.1632      Ca A 1.380m  31.660   0.0013      He 2 1.163m  33.177   0.0441            
 nInu  2071A  36.555 105.0937      H  1 923.2A  33.701   0.1472      Ca A 1.344m  31.579   0.0011      He 2  9345A  32.971   0.0274            
 nFnu  2053A  35.793  18.2110      H  1 921.0A  33.653   0.1318      Ca A 6.946m  32.254   0.0053      He 2  8237A  32.803   0.0186            
 nInu  2053A  36.566 107.8724      H  1  6563A  34.999   2.9221      Ca A 4.050m  32.140   0.0040      He 2  7593A  32.658   0.0133            
 nFnu  1793A  35.747  16.3860      H  1  4861A  34.533   1.0000      Ca A 3.095m  32.017   0.0030      He 2 3.091m  33.087   0.0358            
 nInu  1793A  36.717 152.7504      H  1  4340A  34.206   0.4707      Ca A 2.624m  31.901   0.0023      He 2 1.874m  32.828   0.0197            
 nFnu  1585A  35.702  14.7720      H  1  4102A  33.936   0.2527      Ca A 2.346m  31.793   0.0018      He 2 1.476m  32.634   0.0126            
 nInu  1585A  36.848 206.4949      H  1  3970A  33.713   0.1514      Ca A 2.165m  31.694   0.0014      He 2 1.281m  32.480   0.0088            
 nFnu  1458A  35.666  13.5914      H  1  3889A  33.522   0.0975      Ca A 2.037m  31.601   0.0012      He 2 4.762m  32.766   0.0171            
 nInu  1458A  36.938 254.3652      H  1  3835A  33.355   0.0664      Ca A 9.711m  31.970   0.0027      He 2 2.825m  32.532   0.0100            
 nFnu  1357A  35.629  12.4682      H  1  3798A  33.212   0.0477      Ca A 5.582m  31.875   0.0022      He 2 2.189m  32.343   0.0065            
 nInu  1357A  37.011 300.9553      H  1 1.875m  33.979   0.2792      Ca A 4.217m  31.766   0.0017      He 2 6.946m  32.483   0.0089            
 nFnu  1297A  35.593  11.4845      H  1 1.282m  33.664   0.1353      Ca A 3.543m  31.661   0.0013      He 2 4.050m  32.279   0.0056            
 nInu  1297A  37.058 334.7109      H  1 1.094m  33.425   0.0780      Ca A 3.145m  31.562   0.0011      He 2 9.711m  32.227   0.0049            
 nFnu  1263A  35.556  10.5378      H  1 1.005m  33.204   0.0469      Ca B  1640A  35.362   6.7463      He-like iso-sequence........            
 nInu  1263A  37.088 358.9915      H  1  9546A  33.015   0.0304      Ca B  1215A  34.896   2.3059      Clin 506.0A  33.312   0.0602            
 nFnu  1218A  35.492   9.0932      H  1  9229A  32.851   0.0208      Ca B  1085A  34.563   1.0715      Ca B  3188A  31.700   0.0015            
 nInu  1218A  37.123 389.2085      H  1  9015A  32.709   0.0150      Ca B  1025A  34.304   0.5909      Ca B  3889A  32.159   0.0042            
 nFnu  1196A  35.486   8.9774      H  1 4.051m  33.336   0.0635      Ca B 992.4A  34.092   0.3625      Ca B  4471A  31.670   0.0014            
 nInu  1196A  37.138 402.8030      H  1 2.625m  33.093   0.0363      Ca B 972.2A  33.912   0.2395      Ca B  5876A  32.279   0.0056            
 nFnu  1175A  35.479   8.8373      H  1 2.166m  32.866   0.0215      Ca B 958.8A  33.755   0.1668      Ca B  6678A  31.736   0.0016            
 nInu  1175A  37.158 421.5482      H  1 1.945m  32.676   0.0139      Ca B 949.4A  33.616   0.1210      Ca B  7065A  31.856   0.0021            
 nFnu  1144A  35.470   8.6590      H  1 1.817m  32.511   0.0095      Ca B 942.6A  33.491   0.0907      Ca B 1.083m  33.276   0.0553            
 nInu  1144A  37.187 451.0260      H  1 1.736m  32.369   0.0069      Ca B 937.5A  33.377   0.0698      Ca B 2.058m  31.721   0.0015            
 nFnu  1113A  35.464   8.5409      H  1 7.458m  32.864   0.0214      Ca B 933.5A  33.273   0.0549      He 1 584.3A  33.568   0.1083            
 nInu  1113A  37.211 476.8705      H  1 4.653m  32.619   0.0122      Ca B 930.4A  33.176   0.0440      He 1 537.0A  33.012   0.0301            
 nFnu  1103A  35.462   8.5016      H  1 3.740m  32.420   0.0077      Ca B 927.9A  33.087   0.0358      He 1 522.2A  32.635   0.0126            
 nInu  1103A  37.221 487.5409      H  1 3.296m  32.253   0.0052      Ca B 925.9A  33.003   0.0295      He 1 515.6A  32.341   0.0064            
 nFnu  1074A  35.458   8.4238      H  1 3.038m  32.108   0.0038      Ca B 924.2A  32.925   0.0247      He 1 512.1A  32.196   0.0046            
 nInu  1074A  37.245 515.0649      H  1 12.37m  32.432   0.0079      Ca B 922.8A  32.852   0.0208      He 1 625.6A  32.629   0.0125            
 nFnu  1064A  35.457   8.4010      H  1 7.500m  32.220   0.0049      Ca B 921.6A  32.782   0.0177      TOTL 1.083m  33.247   0.0518            
 nInu  1064A  37.254 526.4173      H  1 5.907m  32.044   0.0032      Ca B 920.6A  32.717   0.0153      He 1 1.083m  33.247   0.0518            
 nFnu  1036A  35.455   8.3652      H  1 5.127m  31.895   0.0023      Ca B 919.8A  32.655   0.0132      He 1 1.083m  32.293   0.0058            
 nInu  1036A  37.278 555.6701      H  1 19.06m  32.054   0.0033      Ca B 919.0A  32.596   0.0116      He 1 1.083m  32.770   0.0173            
 nFnu  1000A  35.456   8.3672      H  1 11.31m  31.871   0.0022      Ca B 918.4A  32.540   0.0102      He 1 1.083m  32.992   0.0288            
 nInu  1000A  37.310 598.7466      H  1 8.758m  31.714   0.0015      Ca B 917.8A  32.487   0.0090      He 1  3889A  32.096   0.0037            
 nFnu 925.1A  35.468   8.6088      H  1 27.80m  31.713   0.0015      Ca B  4686A  34.457   0.8403      He 1  3188A  31.634   0.0013            
 nInu 925.1A  37.382 706.7108      H  1 16.20m  31.556   0.0011      Ca B  3203A  34.129   0.3947      He 1  7065A  31.829   0.0020            
 nFnu 897.8A  36.870 217.4798      Ca A 303.8A  36.236  50.5151      Ca B  2733A  33.868   0.2161      He 1  5876A  32.175   0.0044            
 nInu 897.8A  37.326 620.7433      Ca A 256.3A  35.578  11.0918      Ca B  2511A  33.653   0.1318      He 1  4471A  31.574   0.0011            
 nFnu 760.0A  36.588 113.5315      Ca A 243.0A  35.163   4.2702      Ca B  2386A  33.471   0.0866      Pho+  3889A  33.488   0.0902            
 nInu 760.0A  37.491 907.5308      Ca A 237.4A  34.859   2.1174      Ca B  2306A  33.312   0.0602      database lines..............            
 nFnu 701.5A  36.439  80.4496      Ca A 234.4A  34.617   1.2128      Ca B  2253A  33.172   0.0436      level 1 lines...............            
 nInu 701.5A  37.5611065.8990      Ca A 232.6A  34.415   0.7622      Ca B  2215A  33.046   0.0326      recombination...............            
 nFnu 608.2A  36.181  44.4500      Ca A 231.5A  34.242   0.5116      Ca B  2187A  32.931   0.0250      level2 lines................            
 nInu 608.2A  37.6711372.6261      Ca A 230.7A  34.090   0.3604      Ca B  2165A  32.827   0.0197      hyperfine structure.........            
 nFnu 575.1A  36.103  37.1476      Ca A 230.2A  33.954   0.2639      Ca B  2149A  32.730   0.0157      inner shell.................            
 nInu 575.1A  37.7061490.7235      Ca A 229.8A  33.832   0.1991      Ca B  2135A  32.640   0.0128      molecules...................            
 nFnu 511.9A  36.005  29.6657      Ca A 229.4A  33.720   0.1539      Ca B  2125A  32.556   0.0106            
 nInu 511.9A  37.7701727.4399      Ca A 229.2A  33.618   0.1216      Ca B  2116A  32.478   0.0088            



  - this is the input stream for a planetary nebula  
 Cooling:  HFBc     0 :0.185 HFFc     0 :0.174 Clin 912.0A:0.498  
 Heating:  BFH1     0 :0.604 BFHe     0 :0.396  

 These are some of the most important databases used by Cloudy:
 Many recombination coefficients were taken from http://amdpp.phys.strath.ac.uk/tamoc/RR/ and http://amdpp.phys.strath.ac.uk/tamoc/DR/
      and are based on the following papers:
        Badnell N. R., et al., A&A 406, 1151 (2003) [http://adsabs.harvard.edu/abs/2003A%26A...406.1151B]
        Badnell N. R., ApJS 167, 334 (2006) [http://adsabs.harvard.edu/abs/2006ApJS..167..334B]
 Much of the molecular emission data is from LAMDA as accessed on Dec. 18, 2010. This database is described in:
        Schoeier F.L., et al., A&A 432, 369 (2005) [http://adsabs.harvard.edu/abs/2005A%26A...432..369S]
      This database is in part based on the work of the following groups:
        JPL: Pickett H. M. et al., JQSRT, 60, 883 (1998). [http://adsabs.harvard.edu/abs/1998JQSRT..60..883P]
        CDMS: Mueller H. S. et al., A&A 370, L49 (2001). [http://adsabs.harvard.edu/abs/2001A%26A...370L..49M]
              Mueller H. S. et al., J. Mol. Struct. 742, 215 (2005). [http://adsabs.harvard.edu/abs/2005JMoSt.742..215M]
 Much of the ionic emission data is from version 7.0 of CHIANTI. CHIANTI is a collaborative project involving the NRL (USA), the
      Universities of Florence (Italy) and Cambridge (UK), and George Mason University (USA). These papers describe Chianti:
        Dere K. P., et al., A&AS, 125, 149 (1997) [http://adsabs.harvard.edu/abs/1997A%26AS..125..149D]
        Landi E., et al., ApJ, 744, 99 (2012) [http://adsabs.harvard.edu/abs/2012ApJ...744...99L]
 Much of the H_2 data is from this web site: http://molat.obspm.fr/index.php?page=pages/Molecules/H2/H2can94.php. These data are
      described in:
        Abgrall H. et al., Can. J. Phys., 72, 856 (1994) [http://adsabs.harvard.edu/abs/1994CaJPh..72..856A]
        Wrathmall S. A. & Flower D. R., J. Phys. B, 40, 3221 (2007) [http://adsabs.harvard.edu/abs/2007JPhB...40.3221W]
 Please cite those papers that played a significant role in this calculation.

 IONIZE PARMET:  U(1-) -1.3010  U(4-): -2.5309  U(sp): -1.54  Q(ion):   48.265  L(ion) 37.934    Q(low): 48.595    L(low) 37.147
 ENERGY BUDGET:  Heat:  36.220  Coolg:  36.220  Error:  0.0%  Rec Lin:  35.944  F-F  H  0.000    P(rad/tot)max     3.61E-02

     Col(Heff):      0.000E+00  snd travl time  1.55E+10 sec  Te-low: 2.92E+04  Te-hi: 3.26E+04  G0TH85: 4.64E+04  G0DB96:7.76E+04
  Emiss Measure    n(e)n(p) dl       3.789E+24  n(e)n(He+)dl         6.576E+21  En(e)n(He++) dl         3.723E+23  ne nC+:0.00E+00
 He/Ha:7.49E-02  =   0.75*true  Lthin:8.37E+01  itr/zn: 8.91  H2 itr/zn:  0.00  File Opacity: F  MassTot 1.25e+32  (gm)
   Temps(21 cm)   T(21cm/Ly a)  4.75E+03        T(<nH/Tkin>)  3.05E+04          T(<nH/Tspin>)    5.02E+03          TB21cm:2.99E-04
                   N(H0/Tspin)  6.21E+12        N(OH/Tkin)    0.00E+00          B(21cm)          0.00E+00
   <a>:2.31E-06  erdeFe0.0E+00  Tcompt5.88E+06  Tthr4.78E+08  <Tden>: 3.07E+04  <dens>:2.34E-20  <MolWgt>6.13E-01
     Mean Jeans  l(cm)9.15E+19  M(sun)4.72E+06  smallest:     len(cm):8.93E+19  M(sun):4.38E+06  a_ox tran:  0.00
 Rion:1.316E+17  Dist:0.00E+00  Diam:0.000E+00
 Hatom level 70  HatomType: add  HInducImp  F  He tot level: 63  He2 level:   70  ExecTime     6.2
 ConvrgError(%)  <eden>  0.000  MaxEden  0.000  <H-C>   0.04  Max(H-C)    0.39  <Press>   0.000  MaxPrs er  0.000
  Continuity(%)  chng Te   1.3  elec den   0.0  n(H2)    0.0  n(CO)        0.0

                                                        Averaged Quantities
             Te      Te(Ne)   Te(NeNp)  Te(NeHe+)Te(NeHe2+) Te(NeO+)  Te(NeO2+)  Te(H2)     N(H)     Ne(O2+)   Ne(Np)
 Radius:  3.07e+04  3.07e+04  3.07e+04  3.04e+04  3.07e+04  0.00e+00  0.00e+00  3.05e+04  1.00e+04  0.00e+00  1.20e+04
   Area:  3.06e+04  3.06e+04  3.06e+04  3.04e+04  3.06e+04  0.00e+00  0.00e+00  3.04e+04  1.00e+04  0.00e+00  1.20e+04
 Volume:  3.05e+04  3.05e+04  3.05e+04  3.03e+04  3.05e+04  0.00e+00  0.00e+00  3.03e+04  1.00e+04  0.00e+00  1.20e+04
 
 Peimbert T(OIIIr)0.00E+00 T(Bac)3.40E+04 T(Hth)0.00E+00 t2(Hstrc) 1.01e-03 T(O3-BAC)0.00E+00 t2(O3-BC) 0.00e+00 t2(O3str) 0.00e+00

 Contin Optical Depths: COMP: 2.52e-04    H-: 2.22e-08 R(1300): 2.09e-07  H2+: 2.25e-10  Pfa:1.26E-04
                          Pa: 1.26e-04    Ba: 1.26e-04      Hb: 1.26e-04   La: 3.51e-04     1r:4.986E+07  1.8:1.19E+07 4.:1.719E+06

 Old, new H  1 continuum optical depths:
     1 9.97e+07     2 1.00e-20     3 1.00e-20     4 1.00e-20     5 1.00e-20     6 1.00e-20     7 1.00e-20     8 1.00e-20
     9 1.00e-20    10 1.00e-20    11 1.00e-20    12 1.00e-20    13 1.00e-20    14 1.00e-20    15 1.00e-20    16 1.00e-20
    17 1.00e-20    18 1.00e-20    19 1.00e-20    20 1.00e-20    21 1.00e-20    22 1.00e-20    23 1.00e-20    24 1.00e-20
    25 1.00e-20    26 1.00e-20    27 1.00e-20    28 1.00e-20    29 1.00e-20    30 1.00e-20    31 1.00e-20    32 1.00e-20
    33 1.00e-20    34 1.00e-20    35 1.00e-20    36 1.00e-20    37 1.00e-20    38 1.00e-20    39 1.00e-20    40 1.00e-20
    41 1.00e-20    42 1.00e-20    43 1.00e-20    44 1.00e-20    45 1.00e-20    46 1.00e-20    47 1.00e-20    48 1.00e-20
    49 1.00e-20    50 1.00e-20    51 1.00e-20    52 1.00e-20    53 1.00e-20    54 1.00e-20
     1 4.99e+07     2 2.60e-08     3 1.12e-08     4 1.12e-08     5 1.12e-08     6 2.77e-09     7 2.77e-09     8 2.77e-09
     9 2.77e-09    10 1.84e-12    11 1.84e-12    12 1.84e-12    13 1.84e-12    14 1.84e-12    15 4.21e-12    16 4.21e-12
    17 4.21e-12    18 4.21e-12    19 4.21e-12    20 4.21e-12    21 8.67e-12    22 8.67e-12    23 8.67e-12    24 8.67e-12
    25 8.67e-12    26 8.67e-12    27 8.67e-12    28 1.65e-11    29 1.65e-11    30 1.65e-11    31 1.65e-11    32 1.65e-11
    33 1.65e-11    34 1.65e-11    35 1.65e-11    36 2.95e-11    37 2.95e-11    38 2.95e-11    39 2.95e-11    40 2.95e-11
    41 2.95e-11    42 2.95e-11    43 2.95e-11    44 2.95e-11    45 5.03e-11    46 5.03e-11    47 5.03e-11    48 5.03e-11
    49 5.03e-11    50 5.03e-11    51 5.03e-11    52 5.03e-11    53 5.03e-11    54 5.03e-11

 Old, new H  1 mean line optical depths:
  2- 1 1.61e+20  3- 2 6.01e+00  4- 3 1.77e-20  5- 4 1.77e-20  6- 5 1.77e-20  7- 6 1.77e-20  8- 7 1.77e-20
  9- 8 1.77e-20 10- 9 1.77e-20
  2- 1 1.87e+03  3- 2 9.32e-04  4- 3 8.90e-09  5- 4 9.99e-09  6- 5 1.50e-08  7- 6 2.36e-08  8- 7 3.92e-08
  9- 8 8.67e-08 10- 9 2.07e-07

 Old, new He 2 continuum optical depths:
     1 3.44e+06     2 9.86e+07     3 1.00e-20     4 1.00e-20     5 1.00e-20     6 1.00e-20     7 1.00e-20     8 1.00e-20
     9 1.00e-20    10 1.00e-20    11 1.00e-20    12 1.00e-20    13 1.00e-20    14 1.00e-20    15 1.00e-20    16 1.00e-20
    17 1.00e-20    18 1.00e-20    19 1.00e-20    20 1.00e-20    21 1.00e-20    22 1.00e-20    23 1.00e-20    24 1.00e-20
    25 1.00e-20    26 1.00e-20    27 1.00e-20    28 1.00e-20    29 1.00e-20    30 1.00e-20    31 1.00e-20    32 1.00e-20
    33 1.00e-20    34 1.00e-20    35 1.00e-20    36 1.00e-20    37 1.00e-20    38 1.00e-20    39 1.00e-20    40 1.00e-20
    41 1.00e-20    42 1.00e-20    43 1.00e-20    44 1.00e-20    45 1.00e-20    46 1.00e-20    47 1.00e-20    48 1.00e-20
    49 1.00e-20    50 1.00e-20    51 1.00e-20    52 1.00e-20    53 1.00e-20    54 1.00e-20
     1 1.72e+06     2 4.93e+07     3 1.28e-06     4 1.28e-06     5 1.28e-06     6 2.60e-08     7 2.60e-08     8 2.60e-08
     9 2.60e-08    10 9.05e-09    11 9.05e-09    12 9.05e-09    13 9.05e-09    14 9.05e-09    15 1.12e-08    16 1.12e-08
    17 1.12e-08    18 1.12e-08    19 1.12e-08    20 1.12e-08    21 9.42e-09    22 9.42e-09    23 9.42e-09    24 9.42e-09
    25 9.42e-09    26 9.42e-09    27 9.42e-09    28 2.77e-09    29 2.77e-09    30 2.77e-09    31 2.77e-09    32 2.77e-09
    33 2.77e-09    34 2.77e-09    35 2.77e-09    36 1.07e-12    37 1.07e-12    38 1.07e-12    39 1.07e-12    40 1.07e-12
    41 1.07e-12    42 1.07e-12    43 1.07e-12    44 1.07e-12    45 1.84e-12    46 1.84e-12    47 1.84e-12    48 1.84e-12
    49 1.84e-12    50 1.84e-12    51 1.84e-12    52 1.84e-12    53 1.84e-12    54 1.84e-12

 Old, new He 2 mean line optical depths:
  2- 1 1.61e+19  3- 2 6.01e-01  4- 3 1.77e-20  5- 4 1.77e-20  6- 5 1.77e-20  7- 6 1.77e-20  8- 7 1.77e-20
  9- 8 1.77e-20 10- 9 1.77e-20
  2- 1 1.63e+04  3- 2 2.33e-05  4- 3 1.05e-10  5- 4 1.20e-10  6- 5 1.80e-10  7- 6 2.90e-10  8- 7 4.74e-10
  9- 8 7.71e-10 10- 9 1.23e-09

 Old He Is optical depths:    1 2.38e+07    2 1.00e-20    3 1.00e-20    4 1.00e-20    5 1.00e-20
 New He Is optical depths:    1 1.19e+07    2 1.65e-06    3 1.94e-08    4 2.32e-08    5 2.32e-08
          Old He Is Lines:  584 3.54e-20 3889 3.54e-20 5016 3.54e-20 5876 3.54e-20
          New He Is Lines:  584 1.75e+00 3889 3.53e-02 5016 7.18e-07 5876 5.89e-10

==== H      compounds ====           Log10 column densities [cm^-2}
   H2        :  0.200   H2*       :  0.779   H2+       :  7.507   H3+       : -7.955
==== He     compounds ====
   HeH+      :  6.843


               1      2      3      4      5      6      7      8      9     10     11     12     13     14     15     16     17

 Hydrogen   16.493 20.500  0.880 (H2)                Log10 Column density (cm^-2)
 Helium     13.667 17.739 19.492
 Exc state    He1* 11.776   CII*-35.930   C11*-35.930   C12*-35.930   C13*-35.930   O11*-35.930   O12*-35.930   O13*-35.930
              Si2*-35.930   C30*-35.930   C31*-35.930   C32*-35.930


 Hydrogen   -4.000 -0.000-19.306 (H2)                 Log10 Mean Ionisation (over volume)
 Helium     -5.808 -1.746 -0.008

               1      2      3      4      5      6      7      8      9     10     11     12     13     14     15     16     17

 Hydrogen   -4.003 -0.000-19.312 (H2)                 Log10 Mean Ionisation (over area)
 Helium     -5.821 -1.753 -0.008

               1      2      3      4      5      6      7      8      9     10     11     12     13     14     15     16     17

 Hydrogen   -4.007 -0.000-19.319 (H2)                 Log10 Mean Ionisation (over radius)
 Helium     -5.833 -1.761 -0.008

               1      2      3      4      5      6      7      8      9     10     11     12     13     14     15     16     17

 Hydrogen   -4.000 -0.000-19.306 (H2)         Log10 Mean Ionisation (over volume*electron density)
 Helium     -5.808 -1.746 -0.008

               1      2      3      4      5      6      7      8      9     10     11     12     13     14     15     16     17

 Hydrogen   -4.003 -0.000-19.312 (H2)         Log10 Mean Ionisation (over area*electron density)
 Helium     -5.821 -1.753 -0.008

               1      2      3      4      5      6      7      8      9     10     11     12     13     14     15     16     17

 Hydrogen   -4.007 -0.000-19.319 (H2)         Log10 Mean Ionisation (over radius*electron density)
 Helium     -5.833 -1.761 -0.008

               1      2      3      4      5      6      7      8      9     10     11     12     13     14     15     16     17

 Hydrogen    4.483  4.484  4.482 (H2)                  Log10 Mean Temperature (over volume)
 Helium      4.479  4.481  4.484

               1      2      3      4      5      6      7      8      9     10     11     12     13     14     15     16     17

 Hydrogen    4.484  4.485  4.483 (H2)                  Log10 Mean Temperature (over area)
 Helium      4.480  4.482  4.485

               1      2      3      4      5      6      7      8      9     10     11     12     13     14     15     16     17

 Hydrogen    4.485  4.486  4.484 (H2)                  Log10 Mean Temperature (over radius)
 Helium      4.481  4.483  4.487

               1      2      3      4      5      6      7      8      9     10     11     12     13     14     15     16     17

 Hydrogen    4.483  4.484  4.482 (H2)          Log10 Mean Temperature (over volume*electron density)
 Helium      4.479  4.481  4.484

               1      2      3      4      5      6      7      8      9     10     11     12     13     14     15     16     17

 Hydrogen    4.484  4.485  4.483 (H2)          Log10 Mean Temperature (over area*electron density)
 Helium      4.480  4.482  4.485

               1      2      3      4      5      6      7      8      9     10     11     12     13     14     15     16     17

 Hydrogen    4.485  4.486  4.484 (H2)          Log10 Mean Temperature (over radius*electron density)
 Helium      4.481  4.483  4.487

               1      2      3      4      5      6      7      8      9     10     11     12     13     14     15     16     17
 - this is the input stream for a planetary nebula  

---------------Convergence statistics---------------
      1.04 mean iterations/state convergence
      2.17 mean cx acceleration loops/iteration
      1.03 mean iso convergence loops/ion solve
         1 mean steps/chemistry solve
         1 mean step length searches/chemistry step
----------------------------------------------------

 Cloudy ends: 35 zones, 1 iteration, 1 caution.  ExecTime(s) 6.17
 [Stop in cdMain at maincl.cpp:483, Cloudy exited OK]
