                                                          Cloudy 13.02
                                                         www.nublado.org

                       **************************************13Feb20**************************************
                       *                                                                                 *
                       * title - this is the input stream for a planetary nebula                         *
                       * blackbody, temp = 100000K                                                       *
                       * luminosity total 38                                                             *
                       * element Lithium off                                                             *
                       * element Beryllium off                                                           *
                       * element Boron  off                                                              *
                       * element Carbon off                                                              *
                       * element Nitrogen off                                                            *
                       * element Oxygen off                                                              *
                       * element Fluorine  off                                                           *
                       * element Neon off                                                                *
                       * element Sodium off                                                              *
                       * element Magnesium off                                                           *
                       * element Aluminium off                                                           *
                       * element Silicon off                                                             *
                       * element Phosphor off                                                            *
                       * element Sulphur off                                                             *
                       * element Chlorine off                                                            *
                       * element Argon off                                                               *
                       * element Potassium off                                                           *
                       * element Calcium off                                                             *
                       * element Scandium  off                                                           *
                       * element Titanium off                                                            *
                       * element Vanadium off                                                            *
                       * element Chromium off                                                            *
                       * element Manganese off                                                           *
                       * element Iron off                                                                *
                       * element Cobalt off                                                              *
                       * element Nickel off                                                              *
                       * element Copper off                                                              *
                       * element Zinc  off                                                               *
                       * radius inner=17, outer=17.2                                                     *
                       * hden 4                                                                          *
                       * sphere                                                                          *
                       * save overview last "oradius_17.2.ovr"                                           *
                       * save continuum last "oradius_17.2.con" units eV                                 *
                       *                                                                                 *
                       ***********************************************************************************



           4311CellPeak1.79E+00   Lo 1.00e-08=910.79cm   Hi-Con:2.29E+01 Ryd   E(hi):7.35E+06Ryd     E(hi):     100.01 MeV
           L(nu>1ryd):  37.9511   Average nu:2.176E+00   L( X-ray):  27.6627   L(BalC):  37.0163     Q(Balmer C):  47.8583
           Q(1.0-1.8):  47.9224   Q(1.8-4.0):  47.9716   Q(4.0-20):  47.0452   Q(20--):  36.9991     Ion pht flx:1.499E+13
           L(gam ray):   0.0000   Q(gam ray):   0.0000   L(Infred):  35.4328   Alf(ox):   0.0000     Total lumin:  38.0000
           log L/Lsun:   4.4172   Abs bol mg:  -6.2930   Abs V mag:   0.0378   Bol cor:  -6.3308     nuFnu(Bbet):  35.5356
           U(1.0----):5.001E-02   U(4.0----):2.945E-03   T(En-Den):4.328E+01   T(Comp):9.574E+04     nuJnu(912A):1.978E+02
           Occ(FarIR):2.214E-06   Occ(H n=6):7.831E-13   Occ(1Ryd):9.094E-15   Occ(4R):6.329E-17     Occ (Nu-hi):7.295E-30
           Tbr(FarIR):3.508E-09   Tbr(H n=6):3.432E-09   Tbr(1Ryd):1.437E-09   Tbr(4R):4.000E-11     Tbr (Nu-hi):2.634E-23
  
                                                  Gas Phase Chemical Composition
                                                       H :  0.0000  He: -1.0000
 
 ####  1  Te:3.262E+04 Hden:1.000E+04 Ne:1.199E+04 R:1.000E+17 R-R0:3.862E+13 dR:7.725E+13 NTR: 12 Htot:3.446E-16 T912: 9.97e+07###
 Hydrogen      8.16e-05 1.00e+00 H+o/Hden 1.00e+00 1.69e-12 H-    H2 1.58e-20 7.93e-14 H2+ HeH+ 9.64e-15 Ho+ ColD 6.30e+13 7.72e+17
 Helium        7.40e-07 1.22e-02 9.88e-01 HeI 2s3S 1.21e-08 Comp H,C 4.09e-22 1.39e-22 Fill Fac 1.00e+00 Gam1/tot 9.64e-01
 He singlet n  7.27e-07 7.94e-14 9.47e-21 1.92e-20 6.69e-21 1.67e-20 He tripl 1.21e-08 1.14e-17 1.05e-19 3.14e-19 7.75e-20
 Pressure      NgasTgas 7.50e+08 P(total) 1.04e-07 P( gas ) 1.04e-07 P(Radtn) 2.38e-12 Rad accl 7.90e-06 ForceMul 8.73e+02
 Texc(La)      3.99e+03 T(I con) 4.33e+01 T(D con) 6.12e+00 T(U tot) 4.33e+01 nT (c+d) 1.19e+07 Prad/Gas 2.30e-05 Pmag/Gas 0.00e+00
 Lithium       0.00e+00 0.00e+00 0.00e+00 0.00e+00 Berylliu 0.00e+00 0.00e+00 0.00e+00 0.00e+00 0.00e+00 sec ion: 5.70e-15
 Carbon        0.00e+00 0.00e+00 0.00e+00 0.00e+00 0.00e+00 0.00e+00 0.00e+00 H2O+/O   0.00e+00 OH+/Otot 0.00e+00 Hex(tot) 0.00e+00
 Nitrogen      0.00e+00 0.00e+00 0.00e+00 0.00e+00 0.00e+00 0.00e+00 0.00e+00 0.00e+00 O2/Ototl 0.00e+00 O2+/Otot 0.00e+00
 #### 36  Te:2.851E+04 Hden:1.000E+04 Ne:1.182E+04 R:1.584E+17 R-R0:5.844E+16 dR:1.070E+14 NTR:  9 Htot:3.012E-16 T912: 9.97e+07###
 P(Lines):(H  1  1216A 0.92) (He 2 303.8A 0.09) 
 Hydrogen      1.49e-04 1.00e+00 H+o/Hden 1.00e+00 2.16e-12 H-    H2 5.36e-20 1.63e-13 H2+ HeH+ 5.28e-13 Ho+ ColD 6.73e+16 5.85e+20
 Helium        2.73e-05 1.78e-01 8.22e-01 HeI 2s3S 2.11e-07 Comp H,C 1.37e-22 4.75e-23 Fill Fac 1.00e+00 Gam1/tot 9.62e-01
 He singlet n  2.71e-05 1.48e-12 5.91e-19 3.15e-19 2.34e-19 2.65e-19 He tripl 2.11e-07 1.10e-15 1.67e-18 5.97e-18 1.17e-18
 Pressure      NgasTgas 6.51e+08 P(total) 9.54e-08 P( gas ) 8.98e-08 P(Radtn) 5.61e-09 Rad accl 1.68e-06 ForceMul 4.76e+02
 Texc(La)      5.13e+03 T(I con) 3.29e+01 T(D con) 2.15e+01 T(U tot) 3.43e+01 nT (c+d) 1.31e+07 Prad/Gas 5.88e-02 Pmag/Gas 0.00e+00
 Lithium       0.00e+00 0.00e+00 0.00e+00 0.00e+00 Berylliu 0.00e+00 0.00e+00 0.00e+00 0.00e+00 0.00e+00 sec ion: 1.41e-13
 Carbon        0.00e+00 0.00e+00 0.00e+00 0.00e+00 0.00e+00 0.00e+00 0.00e+00 H2O+/O   0.00e+00 OH+/Otot 0.00e+00 Hex(tot) 0.00e+00
 Nitrogen      0.00e+00 0.00e+00 0.00e+00 0.00e+00 0.00e+00 0.00e+00 0.00e+00 0.00e+00 O2/Ototl 0.00e+00 O2+/Otot 0.00e+00
    - this is the input stream for a planetary nebula  
   Calculation stopped because outer radius reached. Iteration 1 of 1
   The geometry is a thick shell.
 C-I must iterate when save continuum output is done.
  !Destruction of He 2TriS reached 11.9% of the total He0 dest rate at zone 1, 1.0% of that was photoionization.
  !AGE: Cloud age was not set.  Longest timescale was 8.59e+08 s = 2.72e+01 years.
  !The CMB was not included.  This is added with the CMB command.
  !The radiation pressure jumped by 255% at zone 3, from 1.28e-11 to 5.06e-11 to 2.45e-10
   Thermal collisional ionization of H reached 3.81% of the local ionization rate.
   Te-ne bounds of Case B lookup table exceeded, H I Case B line intensities set to zero.
   The density is too low to l-mix the lowest H  I collapsed level.  More resolved levels are needed for accurate line ratios.
   The density is too low to l-mix the lowest He I collapsed level.  More resolved levels are needed for accurate line ratios.
   Grains were not present but might survive in this environment (energy density temperature was 4.33e+01K)
   The continuum optical depth at the lowest energy considered (1.004e-08 Ryd) was 2.671e+02.
   The ratio of radiation to gas pressure reached 5.89e-02 at zone 36.  Caused by Lyman alpha.

                       *********************************> Cloudy 13.02 <**********************************
                       * title - this is the input stream for a planetary nebula                         *
                       * blackbody, temp = 100000K                                                       *
                       * luminosity total 38                                                             *
                       * element Lithium off                                                             *
                       * element Beryllium off                                                           *
                       * element Boron  off                                                              *
                       * element Carbon off                                                              *
                       * element Nitrogen off                                                            *
                       * element Oxygen off                                                              *
                       * element Fluorine  off                                                           *
                       * element Neon off                                                                *
                       * element Sodium off                                                              *
                       * element Magnesium off                                                           *
                       * element Aluminium off                                                           *
                       * element Silicon off                                                             *
                       * element Phosphor off                                                            *
                       * element Sulphur off                                                             *
                       * element Chlorine off                                                            *
                       * element Argon off                                                               *
                       * element Potassium off                                                           *
                       * element Calcium off                                                             *
                       * element Scandium  off                                                           *
                       * element Titanium off                                                            *
                       * element Vanadium off                                                            *
                       * element Chromium off                                                            *
                       * element Manganese off                                                           *
                       * element Iron off                                                                *
                       * element Cobalt off                                                              *
                       * element Nickel off                                                              *
                       * element Copper off                                                              *
                       * element Zinc  off                                                               *
                       * radius inner=17, outer=17.2                                                     *
                       * hden 4                                                                          *
                       * sphere                                                                          *
                       * save overview last "oradius_17.2.ovr"                                           *
                       * save continuum last "oradius_17.2.con" units eV                                 *
                       *********************************> Log(U): -1.30 <*********************************
                       >>>>>>>>>> Cautions are present.
                       >>>>>>>>>> Another iteration is needed.

                     Emission Line Spectrum.   Constant  Density Model.  Closed geometry.  Iteration 1 of 1.
                                    Luminosity (erg/s) emitted by a shell with full coverage.


                                                   Intrinsic line intensities
 general properties..........      H  1 5.834m  32.721   0.0064      Ca B  8598A  32.470   0.0036      Ca A 3.543m  32.035   0.0013            
 TOTL  4861A  34.915   1.0000      H  1 5.834m  32.321   0.0025      Ca B  8545A  32.381   0.0029      Ca A 3.145m  31.936   0.0010            
 TOTL  1216A  36.617  50.2937      H  1 7.383m  32.998   0.0121      Ca B  8502A  32.298   0.0024      Ca B  1640A  35.730   6.5251            
 Inci     0   38.0001215.4363      H  1 7.383m  33.257   0.0220      Ca B  8467A  32.220   0.0020      Ca B  1215A  35.262   2.2232            
 TotH     0   36.574  45.5432      H  1 7.383m  33.147   0.0171      Ca B  8438A  32.148   0.0017      Ca B  1085A  34.929   1.0319            
 TotC     0   36.574  45.5454      H  1 7.383m  32.901   0.0097      Ca B  8413A  32.080   0.0015      Ca B  1025A  34.670   0.5688            
 BFH1     0   36.338  26.4654      H  1 7.383m  32.589   0.0047      Ca B  8392A  32.016   0.0013      Ca B 992.4A  34.458   0.3489            
 BFHe     0   36.196  19.0777      H  1 7.383m  32.231   0.0021      Ca B  8374A  31.956   0.0011      Ca B 972.2A  34.278   0.2305            
 H FB     0   35.805   7.7544      H  1 9.115m  32.856   0.0087      Ca B 1.817m  32.696   0.0060      Ca B 958.8A  34.121   0.1606            
 HFBc     0   35.805   7.7544      H  1 9.115m  33.115   0.0158      Ca B 1.736m  32.558   0.0044      Ca B 949.4A  33.982   0.1165            
 continua....................      H  1 9.115m  33.006   0.0123      Ca B 1.681m  32.433   0.0033      Ca B 942.6A  33.857   0.0874            
 Bac   3646A  35.835   8.3088      H  1 9.115m  32.764   0.0071      Ca B 1.641m  32.319   0.0025      Ca B 937.5A  33.743   0.0672            
 nFnu  3645A  36.082  14.6738      H  1 9.115m  32.463   0.0035      Ca B 1.611m  32.214   0.0020      Ca B 933.5A  33.639   0.0529            
 nFnu  3647A  35.719   6.3650      H  1 9.115m  32.132   0.0016      Ca B 1.588m  32.117   0.0016      Ca B 930.4A  33.542   0.0424            
 cout  3646A  35.835   8.3088      H  1 11.03m  33.492   0.0378      Ca B 1.570m  32.027   0.0013      Ca B 927.9A  33.453   0.0345            
 thin  3646A  35.835   8.3113      H  1 13.13m  33.380   0.0291      Ca B 1.556m  31.943   0.0011      Ca B 925.9A  33.369   0.0284            
 Inci  4860A  35.536   4.1725      H  1 15.40m  33.276   0.0229      Ca B 3.038m  32.285   0.0023      Ca B 924.2A  33.291   0.0238            
 Inci  1215A  37.125 162.2659      H  1 17.87m  33.180   0.0184      Ca B 2.872m  32.161   0.0018      Ca B 922.8A  33.218   0.0201            
 Ba C     0   35.473   3.6148      H  1 20.51m  33.090   0.0150      Ca B 2.758m  32.047   0.0014      Ca B 921.6A  33.148   0.0171            
 PA C     0   35.007   1.2361      H  1 23.33m  33.006   0.0123      Ca B 2.674m  31.942   0.0011      Ca B 920.6A  33.083   0.0147            
 FIR  83.00m  34.173   0.1811      H  1 26.34m  32.928   0.0103      Ca B 12.37m  32.476   0.0036      Ca B 919.8A  33.021   0.0128            
 TIR   1800m  33.196   0.0191      H  1 29.53m  32.853   0.0087      Ca B 7.500m  32.336   0.0026      Ca B 919.0A  32.962   0.0111            
 NIRa 2.850m  35.798   7.6391      H  1 32.91m  32.783   0.0074      Ca B 5.907m  32.192   0.0019      Ca B 918.4A  32.906   0.0098            
 NIRb 3.000m  35.578   4.5974      H  1 36.46m  32.717   0.0063      Ca B 5.127m  32.058   0.0014      Ca B 917.8A  32.853   0.0087            
 MIRa 15.00m  34.871   0.9031      H  1 40.20m  32.653   0.0055      Ca B 4.671m  31.935   0.0010      Ca B  4686A  34.828   0.8185            
 MIRb 22.50m  34.917   1.0035      H  1 44.12m  32.593   0.0048      Ca B 19.06m  32.104   0.0015      Ca B  3203A  34.498   0.3830            
 NMIR 21.75m  35.798   7.6391      H  1 48.22m  32.535   0.0042      Ca B 11.31m  31.987   0.0012      Ca B  2733A  34.236   0.2093            
 TFIR 611.2m  33.747   0.0679      H  1 52.50m  32.479   0.0037      H  1     0   35.179   1.8359      Ca B  2511A  34.021   0.1275            
 TALL 10000A  38.0071235.3717      H  1 56.97m  33.627   0.0514      H  1  1216A  36.617  50.2937      Ca B  2386A  33.839   0.0838            
 F12  12.00m  34.383   0.2934      He 2 227.9A  36.495  37.9638      H  1  1026A  34.233   0.2080      Ca B  2306A  33.680   0.0582            
 F25  25.00m  34.014   0.1254      He 2 911.4A  35.221   2.0232      H  1 972.5A  34.117   0.1590      Ca B  2253A  33.540   0.0421            
 F60  60.00m  33.872   0.0906      He 2 911.4A  35.586   4.6848      H  1 949.7A  34.044   0.1345      Ca B  2215A  33.414   0.0315            
 F100 100.0m  33.389   0.0298      He 2  2050A  34.547   0.4279      H  1 937.8A  33.935   0.1047      Ca B  2187A  33.299   0.0242            
 MIPS 24.00m  33.703   0.0613      He 2  2050A  34.966   1.1249      H  1 930.8A  33.880   0.0922      Ca B  2165A  33.195   0.0190            
 MIPS 70.00m  33.385   0.0295      He 2  2050A  34.899   0.9642      H  1 926.2A  33.836   0.0834      Ca B  2149A  33.098   0.0152            
 MIPS 160.0m  32.998   0.0121      He 2  3645A  34.049   0.1359      H  1 923.2A  33.800   0.0768      Ca B  2135A  33.008   0.0124            
 IRAC 3.600m  34.364   0.2813      He 2  3645A  34.475   0.3631      H  1 921.0A  33.765   0.0708      Ca B  2125A  32.924   0.0102            
 IRAC 4.500m  34.431   0.3278      He 2  3645A  34.516   0.3990      H  1  6563A  35.381   2.9224      Ca B  2116A  32.846   0.0085            
 IRAC 5.800m  34.251   0.2167      He 2  3645A  34.211   0.1976      H  1  4861A  34.915   1.0000      Ca B  2109A  32.772   0.0072            
 IRAC 8.000m  34.348   0.2706      He 2  5695A  33.682   0.0584      H  1  4340A  34.588   0.4710      Ca B  2102A  32.702   0.0061            
 SPR1 250.0m  32.977   0.0115      He 2  5695A  34.109   0.1561      H  1  4102A  34.317   0.2521      Ca B  2097A  32.636   0.0053            
 SPR2 350.0m  32.859   0.0088      He 2  5695A  34.183   0.1852      H  1  3970A  34.094   0.1509      Ca B  2093A  32.573   0.0045            
 SPR3 500.0m  32.804   0.0077      He 2  5695A  34.026   0.1292      H  1  3889A  33.903   0.0972      Ca B  2089A  32.514   0.0040            
 PAC1 70.00m  33.446   0.0339      He 2  5695A  33.563   0.0444      H  1  3835A  33.737   0.0663      Ca B  2086A  32.457   0.0035            
 PAC2 100.0m  33.389   0.0298      He 2  8201A  33.394   0.0301      H  1  3798A  33.594   0.0478      Ca B  2083A  32.403   0.0031            
 PAC3 160.0m  33.276   0.0230      He 2  8201A  33.819   0.0801      H  1 1.875m  34.362   0.2796      Ca B 1.012m  34.216   0.2000            
 PAH  3.300m  33.558   0.0439      He 2  8201A  33.906   0.0978      H  1 1.282m  34.048   0.1356      Ca B  6560A  33.959   0.1106            
 PAHC 3.230m  33.226   0.0204      He 2  8201A  33.804   0.0774      H  1 1.094m  33.807   0.0780      Ca B  5412A  33.740   0.0668            
 PAHC 3.370m  33.178   0.0183      He 2  8201A  33.514   0.0397      H  1 1.005m  33.586   0.0469      Ca B  4860A  33.554   0.0435            
 PAH  6.200m  33.740   0.0668      He 2  8201A  32.941   0.0106      H  1  9546A  33.398   0.0304      Ca B  4542A  33.393   0.0300            
 PAHC 5.650m  33.808   0.0782      He 2 1.116m  33.158   0.0175      H  1  9229A  33.234   0.0208      Ca B  4339A  33.250   0.0216            
 PAH  7.900m  33.948   0.1079      He 2 1.116m  33.581   0.0463      H  1  9015A  33.093   0.0151      Ca B  4200A  33.123   0.0161            
 PAHC 6.900m  33.969   0.1131      He 2 1.116m  33.673   0.0573      H  1 4.051m  33.718   0.0636      Ca B  4100A  33.007   0.0124            
 PAH  11.30m  33.198   0.0192      He 2 1.116m  33.597   0.0480      H  1 2.625m  33.476   0.0363      Ca B  4026A  32.901   0.0097            
 PAHC 10.90m  33.168   0.0179      He 2 1.116m  33.378   0.0290      H  1 2.166m  33.249   0.0216      Ca B  3969A  32.804   0.0077            
 PAH  11.80m  33.338   0.0264      He 2 1.116m  32.996   0.0121      H  1 1.945m  33.059   0.0139      Ca B  3924A  32.713   0.0063            
 PAHC 12.65m  33.428   0.0326      He 2 1.116m  32.344   0.0027      H  1 1.817m  32.895   0.0095      Ca B  3888A  32.629   0.0052            
 PAH  13.30m  33.357   0.0276      He 2 1.458m  32.959   0.0111      H  1 1.736m  32.754   0.0069      Ca B  3858A  32.550   0.0043            
 PAHC 14.10m  33.272   0.0228      He 2 1.458m  33.381   0.0292      H  1 7.458m  33.246   0.0214      Ca B  3834A  32.475   0.0036            
 Bcon  3640A  37.225 203.8184      He 2 1.458m  33.476   0.0363      H  1 4.653m  33.002   0.0122      Ca B  3814A  32.405   0.0031            
 Pcon  5000A  36.054  13.7534      He 2 1.458m  33.413   0.0314      H  1 3.740m  32.804   0.0077      Ca B  3797A  32.338   0.0026            
 HFFc     0   35.815   7.9300      He 2 1.458m  33.231   0.0207      H  1 3.296m  32.637   0.0053      Ca B  3782A  32.275   0.0023            
 H FF     0   35.681   5.8369      He 2 1.458m  32.934   0.0104      H  1 3.038m  32.493   0.0038      Ca B  3769A  32.215   0.0020            
 HeFF     0   35.236   2.0931      He 2 1.458m  32.489   0.0037      H  1 12.37m  32.814   0.0079      Ca B  3758A  32.158   0.0017            
 ToFF     0   35.815   7.9300      He 2 1.845m  32.788   0.0075      H  1 7.500m  32.604   0.0049      Ca B  3749A  32.103   0.0015            
 nFnu 1.335c  31.984   0.0012      He 2 1.845m  33.208   0.0196      H  1 5.907m  32.429   0.0033      Ca B 1.864m  33.727   0.0648            
 nFnu  9993m  32.096   0.0015      He 2 1.845m  33.304   0.0244      H  1 5.127m  32.280   0.0023      Ca B 1.163m  33.521   0.0403            
 nFnu  6917m  32.238   0.0021      He 2 1.845m  33.249   0.0215      H  1 19.06m  32.437   0.0033      Ca B  9345A  33.334   0.0262            
 nFnu 122.4m  33.740   0.0669      He 2 1.845m  33.087   0.0149      H  1 11.31m  32.256   0.0022      Ca B  8237A  33.171   0.0180            
 nFnu 60.83m  33.988   0.1182      He 2 1.845m  32.836   0.0083      H  1 8.758m  32.100   0.0015      Ca B  7593A  33.027   0.0129            
 nFnu 41.22m  34.126   0.1625      He 2 1.845m  32.485   0.0037      H  1 27.80m  32.096   0.0015      Ca B  7178A  32.898   0.0096            
 nFnu 30.87m  34.227   0.2051      He 2 1.845m  31.993   0.0012      H  1 16.20m  31.941   0.0011      Ca B  6891A  32.781   0.0073            
 nFnu 24.78m  34.304   0.2447      He 2 2.278m  32.637   0.0053      Ca A 303.8A  36.610  49.4591      Ca B  6684A  32.674   0.0057            
 nFnu 24.30m  34.311   0.2486      He 2 2.278m  33.056   0.0138      Ca A 256.3A  35.947  10.7544      Ca B  6527A  32.576   0.0046            
 nFnu 22.83m  34.332   0.2609      He 2 2.278m  33.152   0.0172      Ca A 243.0A  35.531   4.1305      Ca B  6407A  32.485   0.0037            
 nFnu 21.42m  34.354   0.2747      He 2 2.278m  33.101   0.0154      Ca A 237.4A  35.226   2.0465      Ca B  6311A  32.400   0.0030            
 nFnu 21.12m  34.359   0.2779      He 2 2.278m  32.953   0.0109      Ca A 234.4A  34.984   1.1718      Ca B  6234A  32.320   0.0025            
 nFnu 19.62m  34.384   0.2941      He 2 2.278m  32.729   0.0065      Ca A 232.6A  34.782   0.7365      Ca B  6171A  32.245   0.0021            
 nFnu 17.65m  34.422   0.3212      He 2 2.278m  32.431   0.0033      Ca A 231.5A  34.609   0.4944      Ca B  6119A  32.174   0.0018            
 nFnu 17.37m  34.427   0.3250      He 2 2.278m  32.042   0.0013      Ca A 230.7A  34.457   0.3483      Ca B  6074A  32.107   0.0016            
 nFnu 15.69m  34.461   0.3516      He 2 2.756m  33.663   0.0559      Ca A 230.2A  34.322   0.2551      Ca B  6037A  32.043   0.0013            
 nFnu 14.60m  34.486   0.3721      He 2 3.280m  33.551   0.0432      Ca A 229.8A  34.200   0.1925      Ca B  6005A  31.983   0.0012            
 nFnu 12.43m  34.546   0.4277      He 2 3.850m  33.447   0.0341      Ca A 229.4A  34.088   0.1488      Ca B  5977A  31.925   0.0010            
 nFnu 11.40m  34.576   0.4573      He 2 4.465m  33.352   0.0273      Ca A 229.2A  33.986   0.1176      Ca B 3.091m  33.314   0.0251            
 nFnu 10.46m  34.606   0.4906      He 2 5.125m  33.262   0.0222      Ca A 229.0A  33.891   0.0946      Ca B 1.874m  33.146   0.0170            
 nFnu 9.480m  34.640   0.5307      He 2 5.832m  33.179   0.0183      Ca A 228.9A  33.803   0.0772      Ca B 1.476m  32.985   0.0117            
 nFnu 9.325m  34.645   0.5369      He 2 6.583m  33.100   0.0153      Ca A 228.7A  33.721   0.0640      Ca B 1.281m  32.840   0.0084            
 nFnu 8.210m  34.692   0.5977      He 2 7.381m  33.026   0.0129      Ca A 228.6A  33.645   0.0536      Ca B 1.167m  32.711   0.0062            
 nInu 8.210m  31.917   0.0010      He 2 8.223m  32.956   0.0110      Ca A 228.6A  33.573   0.0455      Ca B 1.093m  32.593   0.0048            
 nFnu 7.580m  34.719   0.6358      He 2 9.112m  32.890   0.0094      Ca A 228.5A  33.506   0.0390      Ca B 1.042m  32.485   0.0037            
 nInu 7.580m  32.021   0.0013      He 2 10.05m  32.826   0.0081      Ca A 228.4A  33.443   0.0337      Ca B  9763A  32.294   0.0024            
 nFnu 7.050m  34.745   0.6762      He 2 11.03m  32.766   0.0071      Ca A 228.4A  33.385   0.0295      Ca B  9542A  32.209   0.0020            
 nInu 7.050m  32.111   0.0016      He 2 12.05m  32.708   0.0062      Ca A 228.3A  33.330   0.0260      Ca B  9367A  32.129   0.0016            
 nFnu 4.114m  34.938   1.0526      He 2 13.12m  32.653   0.0055      Ca A 228.3A  33.278   0.0231      Ca B  9226A  32.053   0.0014            
 nInu 4.114m  32.812   0.0079      He 2 14.24m  33.831   0.0824      Ca A 228.3A  33.230   0.0207      Ca B  9109A  31.982   0.0012            
 nFnu 2.324m  35.134   1.6528      He 1 504.3A  34.440   0.3346      Ca A  1640A  35.560   4.4098      Ca B 4.762m  32.956   0.0110            
 nInu 2.324m  33.548   0.0430      He 1  2600A  32.939   0.0106      Ca A  1215A  35.095   1.5127      Ca B 2.825m  32.817   0.0080            
 nFnu 1.643m  35.262   2.2235      He 1  3121A  32.398   0.0030      Ca A  1085A  34.765   0.7071      Ca B 2.189m  32.677   0.0058            
 nInu 1.643m  33.992   0.1194      He 1  3421A  32.268   0.0023      Ca A  1025A  34.509   0.3921      Ca B 1.876m  32.548   0.0043            
 nFnu 1.480m  35.291   2.3739      He 1  3421A  32.745   0.0068      Ca A 992.4A  34.299   0.2419      Ca B 1.692m  32.430   0.0033            
 nInu 1.480m  34.127   0.1628      He 1  3421A  32.967   0.0113      Ca A 972.2A  34.120   0.1604      Ca B 1.572m  32.322   0.0026            
 nFnu 1.436m  35.346   2.6977      He 1  3679A  32.501   0.0039      Ca A 958.8A  33.965   0.1121      Ca B 1.488m  32.222   0.0020            
 nInu 1.436m  34.165   0.1778      He 1  6632A  32.148   0.0017      Ca A 949.4A  33.827   0.0816      Ca B 1.427m  32.130   0.0016            
 nFnu 1.119m  35.410   3.1210      He 1  7843A  32.563   0.0044      Ca A 942.6A  33.703   0.0613      Ca B 1.380m  32.044   0.0013            
 nInu 1.119m  34.485   0.3710      He 1  8188A  32.146   0.0017      Ca A 937.5A  33.590   0.0473      Ca B 1.344m  31.964   0.0011            
 nFnu  8330A  35.484   3.7077      He 1 1.409m  32.115   0.0016      Ca A 933.5A  33.487   0.0373      Ca B 6.946m  32.640   0.0053            
 nInu  8330A  34.859   0.8788      grains......................      Ca A 930.4A  33.391   0.0299      Ca B 4.050m  32.524   0.0041            
 nFnu  8079A  35.606   4.9106      H-like iso-sequence.........      Ca A 927.9A  33.302   0.0244      Ca B 3.095m  32.400   0.0031            
 nInu  8079A  34.897   0.9590      Clin 912.0A  36.291  23.7766      Ca A 925.9A  33.219   0.0201      Ca B 2.624m  32.284   0.0023            
 nFnu  6210A  35.650   5.4246      Clin 228.0A  32.699   0.0061      Ca A 924.2A  33.141   0.0168      Ca B 2.346m  32.176   0.0018            
 nInu  6210A  35.230   2.0650      Cool  1216A  36.001  12.1854      Ca A 922.8A  33.067   0.0142      Ca B 2.165m  32.077   0.0015            
 nFnu  4885A  35.708   6.2101      Crst 960.0A  35.979  11.5910      Ca A 921.6A  32.998   0.0121      Ca B 2.037m  31.985   0.0012            
 nInu  4885A  35.529   4.1051      CION     0   35.209   1.9658      Ca A 920.6A  32.932   0.0104      Ca B 9.711m  32.356   0.0028            
 nFnu  3704A  35.716   6.3215      Q(H)  4861A  35.952  10.8761      Ca A 919.8A  32.869   0.0090      Ca B 5.582m  32.259   0.0022            
 nInu  3704A  35.865   8.9163      Q(H)  1216A  37.488 374.1435      Ca A 919.0A  32.810   0.0078      Ca B 4.217m  32.149   0.0017            
 nFnu  3588A  36.083  14.7037      CaBo  4861A  34.816   0.7953      Ca A 918.4A  32.753   0.0069      Ca B 3.543m  32.044   0.0013            
 nInu  3588A  35.908   9.8308      CaBo  1640A  35.752   6.8698      Ca A 917.8A  32.699   0.0061      Ca B 3.145m  31.945   0.0011            
 nFnu  2430A  36.029  13.0042      CaBo  4686A  34.824   0.8102      Ca A  4686A  34.786   0.7432      He 2     0   36.272  22.7348            
 nInu  2430A  36.371  28.5521      Ca A 937.8A  34.491   0.3766      Ca A  3203A  34.447   0.3401      He 2 303.8A  36.623  51.0661            
 nFnu  2392A  36.026  12.9058      Ca A 930.8A  34.287   0.2355      Ca A  2733A  34.180   0.1840      He 2 256.3A  33.998   0.1209            
 nInu  2392A  36.388  29.7195      Ca A 926.2A  34.112   0.1572      Ca A  2511A  33.963   0.1116      He 2 243.0A  33.899   0.0964            
 nFnu  2071A  35.992  11.9210      Ca A 923.2A  33.958   0.1103      Ca A  2386A  33.779   0.0731      He 2 237.4A  33.835   0.0831            
 nInu  2071A  36.555  43.5871      Ca A 921.0A  33.822   0.0807      Ca A  2306A  33.620   0.0507      He 2 234.4A  33.796   0.0760            
 nFnu  2053A  36.162  17.6606      Ca A 919.4A  33.702   0.0611      Ca A  2253A  33.479   0.0367      He 2 232.6A  33.765   0.0708            
 nInu  2053A  36.566  44.7395      Ca A 918.1A  33.594   0.0477      Ca A  2215A  33.353   0.0274      He 2 231.5A  33.737   0.0663            
 nFnu  1793A  36.113  15.7505      Ca A 917.2A  33.499   0.0383      Ca A  2187A  33.239   0.0211      He 2 230.7A  33.712   0.0626            
 nInu  1793A  36.717  63.3525      Ca A 916.4A  33.414   0.0315      Ca A  2165A  33.134   0.0165      He 2 230.2A  33.690   0.0595            
 nFnu  1585A  36.064  14.0995      Ca A 915.8A  33.338   0.0265      Ca A  2149A  33.037   0.0132      He 2  1640A  35.740   6.6834            
 nInu  1585A  36.848  85.6429      Ca A 915.3A  33.271   0.0227      Ca A  2135A  32.947   0.0108      He 2  1215A  35.256   2.1940            
 nFnu  1458A  36.026  12.9157      Ca A 914.9A  33.210   0.0197      Ca A  2125A  32.863   0.0089      He 2  1085A  34.923   1.0183            
 nInu  1458A  36.939 105.4970      Ca A 914.6A  33.155   0.0174      Ca A  2116A  32.785   0.0074      He 2  1025A  34.666   0.5633            
 nFnu  1357A  35.987  11.8042      Ca A 914.3A  33.104   0.0154      Ca A  2109A  32.710   0.0062      He 2 992.4A  34.456   0.3477            
 nInu  1357A  37.012 124.8201      Ca A 914.0A  33.056   0.0138      Ca A  2102A  32.640   0.0053      He 2 972.2A  34.279   0.2313            
 nFnu  1297A  35.950  10.8356      Ca A 913.8A  33.011   0.0125      Ca A  2097A  32.574   0.0046      He 2 958.8A  34.126   0.1626            
 nInu  1297A  37.058 138.8202      Ca A 913.6A  32.969   0.0113      Ca A  2093A  32.511   0.0039      He 2 949.4A  33.993   0.1196            
 nFnu  1263A  35.911   9.9035      Ca A 913.5A  32.929   0.0103      Ca A  2089A  32.451   0.0034      He 2  4686A  34.867   0.8940            
 nInu  1263A  37.088 148.8905      Ca A 913.3A  32.893   0.0095      Ca A  2086A  32.393   0.0030      He 2  3203A  34.497   0.3818            
 nFnu  1218A  35.844   8.4805      Ca A  3970A  33.721   0.0640      Ca A  2083A  32.338   0.0026      He 2  2733A  34.230   0.2066            
 nInu  1218A  37.123 161.4230      Ca A  3889A  33.544   0.0425      Ca A 1.012m  34.197   0.1913      He 2  2511A  34.015   0.1258            
 nFnu  1196A  35.838   8.3701      Ca A  3835A  33.388   0.0297      Ca A  6560A  33.935   0.1046      He 2  2386A  33.834   0.0829            
 nInu  1196A  37.138 167.0614      Ca A  3798A  33.249   0.0216      Ca A  5412A  33.713   0.0627      He 2  2306A  33.677   0.0577            
 nFnu  1175A  35.831   8.2375      Ca A  3771A  33.123   0.0161      Ca A  4860A  33.525   0.0407      He 2  2253A  33.539   0.0420            
 nInu  1175A  37.158 174.8360      Ca A  3750A  33.009   0.0124      Ca A  4542A  33.362   0.0280      He 2 1.012m  34.288   0.2356            
 nFnu  1144A  35.822   8.0709      Ca A  3734A  32.903   0.0097      Ca A  4339A  33.219   0.0201      He 2  6560A  33.969   0.1131            
 nInu  1144A  37.187 187.0616      Ca A  3722A  32.805   0.0078      Ca A  4200A  33.091   0.0150      He 2  5412A  33.739   0.0666            
 nFnu  1113A  35.816   7.9626      Ca A  3712A  32.714   0.0063      Ca A  4100A  32.975   0.0115      He 2  4860A  33.550   0.0432            
 nInu  1113A  37.211 197.7805      Ca A  3704A  32.629   0.0052      Ca A  4026A  32.869   0.0090      He 2  4542A  33.389   0.0297            
 nFnu  1103A  35.814   7.9273      Ca A  3697A  32.550   0.0043      Ca A  3969A  32.771   0.0072      He 2  4339A  33.247   0.0215            
 nInu  1103A  37.221 202.2062      Ca A  3692A  32.476   0.0036      Ca A  3924A  32.680   0.0058      He 2 1.864m  33.835   0.0831            
 nFnu  1074A  35.811   7.8593      Ca A  3687A  32.407   0.0031      Ca A  3888A  32.596   0.0048      He 2 1.163m  33.549   0.0430            
 nInu  1074A  37.245 213.6216      Ca A  3683A  32.343   0.0027      Ca A  3858A  32.516   0.0040      He 2  9345A  33.342   0.0267            
 nFnu  1064A  35.810   7.8404      Ca A  3679A  32.283   0.0023      Ca A  3834A  32.441   0.0034      He 2  8237A  33.173   0.0181            
 nInu  1064A  37.254 218.3302      Ca A  3676A  32.227   0.0020      Ca A  3814A  32.371   0.0029      He 2  7593A  33.027   0.0129            
 nFnu  1036A  35.808   7.8140      Ca A  3674A  32.175   0.0018      Ca A  3797A  32.304   0.0024      He 2 3.091m  33.460   0.0351            
 nInu  1036A  37.278 230.4626      Ca A  3671A  32.126   0.0016      Ca A  3782A  32.240   0.0021      He 2 1.874m  33.200   0.0193            
 nFnu  1000A  35.809   7.8284      Ca A  9546A  33.122   0.0161      Ca A  3769A  32.180   0.0018      He 2 1.476m  33.006   0.0123            
 nInu  1000A  37.310 248.3287      Ca A  9229A  32.966   0.0112      Ca A  3758A  32.122   0.0016      He 2 1.281m  32.851   0.0086            
 nFnu 925.1A  35.823   8.0923      Ca A  9015A  32.827   0.0082      Ca A  3749A  32.066   0.0014      He 2 4.762m  33.139   0.0167            
 nInu 925.1A  37.382 293.1066      Ca A  8863A  32.701   0.0061      Ca A 1.864m  33.714   0.0629      He 2 2.825m  32.905   0.0098            
 nFnu 897.8A  37.214 199.0609      Ca A  8750A  32.586   0.0047      Ca A 1.163m  33.506   0.0389      He 2 2.189m  32.716   0.0063            
 nInu 897.8A  37.230 206.5329      Ca A  8665A  32.479   0.0037      Ca A  9345A  33.317   0.0252      He 2 6.946m  32.856   0.0087            
 nFnu 760.0A  36.930 103.4880      Ca A  8598A  32.380   0.0029      Ca A  8237A  33.153   0.0173      He 2 4.050m  32.652   0.0055            
 nInu 760.0A  37.430 326.9304      Ca A  8545A  32.288   0.0024      Ca A  7593A  33.008   0.0124      He 2 9.711m  32.601   0.0048            
 nFnu 701.5A  36.778  72.8658      Ca A  8502A  32.201   0.0019      Ca A  7178A  32.878   0.0092      He-like iso-sequence........            
 nInu 701.5A  37.512 394.7818      Ca A  8467A  32.119   0.0016      Ca A  6891A  32.761   0.0070      Clin 506.0A  34.106   0.1552            
 nFnu 608.2A  36.515  39.8171      Ca A  8438A  32.042   0.0013      Ca A  6684A  32.653   0.0055      Ca B  2945A  32.125   0.0016            
 nInu 608.2A  37.638 527.7580      Ca A  8413A  31.970   0.0011      Ca A  6527A  32.555   0.0044      Ca B  3188A  32.480   0.0037            
 nFnu 575.1A  36.438  33.2905      Ca A 1.817m  32.646   0.0054      Ca A  6407A  32.463   0.0035      Ca B  3889A  32.939   0.0106            
 nInu 575.1A  37.678 579.3755      Ca A 1.736m  32.507   0.0039      Ca A  6311A  32.378   0.0029      Ca B  4026A  32.075   0.0014            
 nFnu 511.9A  36.345  26.9102      Ca A 1.681m  32.381   0.0029      Ca A  6234A  32.298   0.0024      Ca B  4471A  32.450   0.0034            
 nInu 511.9A  37.750 683.5274      Ca A 1.641m  32.266   0.0022      Ca A  6171A  32.223   0.0020      Ca B  5016A  32.276   0.0023            
 nFnu 496.9A  36.379  29.0688      Ca A 1.611m  32.160   0.0018      Ca A  6119A  32.152   0.0017      Ca B  5876A  33.059   0.0139            
 nInu 496.9A  37.765 707.4062      Ca A 1.588m  32.061   0.0014      Ca A  6074A  32.085   0.0015      Ca B  6678A  32.516   0.0040            
 nFnu 399.2A  36.392  29.9404      Ca A 1.570m  31.968   0.0011      Ca A  6037A  32.021   0.0013      Ca B  7065A  32.636   0.0053            
 nInu 399.2A  37.842 844.3900      Ca A 3.038m  32.249   0.0022      Ca A  6005A  31.960   0.0011      Ca B 1.083m  34.056   0.1382            
 RRC.........................      Ca A 2.872m  32.124   0.0016      Ca A 3.091m  33.303   0.0244      Ca B 1.869m  32.074   0.0014            
 H  1 911.8A  36.439  33.3828      Ca A 2.758m  32.009   0.0012      Ca A 1.874m  33.135   0.0166      Ca B 2.058m  32.501   0.0039            
 H  1  3646A  35.236   2.0925      Ca A 12.37m  32.450   0.0034      Ca A 1.476m  32.973   0.0114      He 1     0   33.901   0.0968            
 H  1  3646A  35.459   3.4970      Ca A 7.500m  32.310   0.0025      Ca A 1.281m  32.827   0.0082      He 1 584.3A  34.117   0.1590            
 H  1  8204A  34.573   0.4543      Ca A 5.907m  32.165   0.0018      Ca A 1.167m  32.697   0.0060      He 1 537.0A  33.654   0.0548            
 H  1  8204A  34.835   0.8304      Ca A 5.127m  32.030   0.0013      Ca A 1.093m  32.578   0.0046      He 1 522.2A  33.352   0.0273            
 H  1  8204A  34.578   0.4596      Ca A 19.06m  32.079   0.0015      Ca A 1.042m  32.471   0.0036      He 1 515.6A  33.089   0.0149            
 H  1 1.458m  34.135   0.1658      Ca A 11.31m  31.963   0.0011      Ca A  9763A  32.279   0.0023      He 1 512.1A  32.959   0.0111            
 H  1 1.458m  34.400   0.3054      Ca B  3970A  33.908   0.0983      Ca A  9542A  32.193   0.0019      He 1 625.6A  33.441   0.0335            
 H  1 1.458m  34.242   0.2120      Ca B  3889A  33.727   0.0648      Ca A  9367A  32.113   0.0016      TOTL 1.083m  34.043   0.1343            
 H  1 1.458m  33.763   0.0704      Ca B  3835A  33.569   0.0451      Ca A  9226A  32.037   0.0013      He 1 1.083m  34.043   0.1343            
 H  1 2.279m  33.810   0.0785      Ca B  3798A  33.429   0.0326      Ca A  9109A  31.966   0.0011      He 1 1.083m  33.090   0.0149            
 H  1 2.279m  34.075   0.1443      Ca B  3771A  33.303   0.0244      Ca A 4.762m  32.945   0.0107      He 1 1.083m  33.566   0.0448            
 H  1 2.279m  33.945   0.1070      Ca B  3750A  33.189   0.0188      Ca A 2.825m  32.807   0.0078      He 1 1.083m  33.788   0.0746            
 H  1 2.279m  33.605   0.0490      Ca B  3734A  33.085   0.0148      Ca A 2.189m  32.667   0.0056      He 1  3889A  32.886   0.0093            
 H  1 2.279m  33.006   0.0123      Ca B  3722A  32.989   0.0119      Ca A 1.876m  32.537   0.0042      He 1  3188A  32.424   0.0032            
 H  1 3.281m  33.553   0.0434      Ca B  3712A  32.901   0.0097      Ca A 1.692m  32.419   0.0032      He 1  2945A  32.060   0.0014            
 H  1 3.281m  33.816   0.0795      Ca B  3704A  32.820   0.0080      Ca A 1.572m  32.310   0.0025      He 1  7065A  32.628   0.0052            
 H  1 3.281m  33.697   0.0605      Ca B  3697A  32.744   0.0067      Ca A 1.488m  32.211   0.0020      He 1  5876A  32.965   0.0112            
 H  1 3.281m  33.408   0.0311      Ca B  3692A  32.673   0.0057      Ca A 1.427m  32.118   0.0016      He 1  4471A  32.366   0.0028            
 H  1 3.281m  32.976   0.0115      Ca B  3687A  32.606   0.0049      Ca A 1.380m  32.032   0.0013      He 1  4026A  31.984   0.0012            
 H  1 3.281m  32.307   0.0025      Ca B  3683A  32.542   0.0042      Ca A 1.344m  31.951   0.0011      He 1  6678A  32.215   0.0020            
 H  1 4.466m  33.340   0.0266      Ca B  3679A  32.481   0.0037      Ca A 6.946m  32.629   0.0052      Pho+  3889A  33.953   0.1092            
 H  1 4.466m  33.601   0.0485      Ca B  3676A  32.423   0.0032      Ca A 4.050m  32.515   0.0040      database lines..............            
 H  1 4.466m  33.487   0.0373      Ca B  3674A  32.367   0.0028      Ca A 3.095m  32.391   0.0030      level 1 lines...............            
 H  1 4.466m  33.222   0.0202      Ca B  3671A  32.313   0.0025      Ca A 2.624m  32.275   0.0023      recombination...............            
 H  1 4.466m  32.857   0.0087      Ca B  9546A  33.206   0.0195      Ca A 2.346m  32.167   0.0018      level2 lines................            
 H  1 4.466m  32.376   0.0029      Ca B  9229A  33.050   0.0136      Ca A 2.165m  32.067   0.0014      hyperfine structure.........            
 H  1 5.834m  33.157   0.0175      Ca B  9015A  32.911   0.0099      Ca A 2.037m  31.975   0.0011      inner shell.................            
 H  1 5.834m  33.417   0.0318      Ca B  8863A  32.785   0.0074      Ca A 9.711m  32.345   0.0027      molecules...................            
 H  1 5.834m  33.306   0.0246      Ca B  8750A  32.671   0.0057      Ca A 5.582m  32.250   0.0022            
 H  1 5.834m  33.053   0.0137      Ca B  8665A  32.567   0.0045      Ca A 4.217m  32.140   0.0017            

                                                    Emergent line intensities
 Caution: emergent intensities are not reliable on the first iteration.
 general properties..........      Crst 960.0A  35.979  11.5910      Ca A 243.0A  35.525   4.0670      Ca B  2135A  33.008   0.0124            
 TOTL  4861A  34.915   1.0000      Q(H)  4861A  35.952  10.8761      Ca A 237.4A  35.220   2.0169      Ca B  2125A  32.924   0.0102            
 TOTL  1216A  36.617  50.2925      Q(H)  1216A  37.488 374.1435      Ca A 234.4A  34.978   1.1555      Ca B  2116A  32.846   0.0085            
 continua....................      CaBo  4861A  34.515   0.3979      Ca A 232.6A  34.776   0.7263      Ca B  2109A  32.772   0.0072            
 Bac   3646A  35.835   8.3088      CaBo  1640A  35.451   3.4368      Ca A 231.5A  34.603   0.4876      Ca B  2102A  32.702   0.0061            
 nFnu  3645A  36.082  14.6738      CaBo  4686A  34.523   0.4053      Ca A 230.7A  34.451   0.3437      Ca B  2097A  32.636   0.0053            
 nFnu  3647A  35.719   6.3650      Ca A 937.8A  34.491   0.3766      Ca A 230.2A  34.316   0.2516      Ca B  2093A  32.573   0.0045            
 cout  3646A  35.835   8.3088      Ca A 930.8A  34.287   0.2355      Ca A 229.8A  34.194   0.1899      Ca B  2089A  32.514   0.0040            
 thin  3646A  35.835   8.3113      Ca A 926.2A  34.112   0.1572      Ca A 229.4A  34.082   0.1469      Ca B  2086A  32.457   0.0035            
 Inci  4860A  35.536   4.1725      Ca A 923.2A  33.958   0.1103      Ca A 229.2A  33.980   0.1160      Ca B  2083A  32.403   0.0031            
 Inci  1215A  37.125 162.2659      Ca A 921.0A  33.822   0.0807      Ca A 229.0A  33.885   0.0933      Ca B 1.012m  34.216   0.2000            
 FIR  83.00m  34.173   0.1811      Ca A 919.4A  33.702   0.0611      Ca A 228.9A  33.797   0.0762      Ca B  6560A  33.959   0.1106            
 TIR   1800m  33.196   0.0191      Ca A 918.1A  33.594   0.0477      Ca A 228.7A  33.715   0.0631      Ca B  5412A  33.740   0.0668            
 NIRa 2.850m  35.798   7.6391      Ca A 917.2A  33.499   0.0383      Ca A 228.6A  33.639   0.0529      Ca B  4860A  33.554   0.0435            
 NIRb 3.000m  35.578   4.5974      Ca A 916.4A  33.414   0.0315      Ca A 228.6A  33.567   0.0449      Ca B  4542A  33.393   0.0300            
 MIRa 15.00m  34.871   0.9031      Ca A 915.8A  33.338   0.0265      Ca A 228.5A  33.500   0.0385      Ca B  4339A  33.250   0.0216            
 MIRb 22.50m  34.917   1.0035      Ca A 915.3A  33.271   0.0227      Ca A 228.4A  33.438   0.0333      Ca B  4200A  33.123   0.0161            
 NMIR 21.75m  35.798   7.6391      Ca A 914.9A  33.210   0.0197      Ca A 228.4A  33.379   0.0291      Ca B  4100A  33.007   0.0124            
 TFIR 611.2m  33.747   0.0679      Ca A 914.6A  33.155   0.0174      Ca A 228.3A  33.324   0.0256      Ca B  4026A  32.901   0.0097            
 TALL 10000A  38.0071235.3712      Ca A 914.3A  33.104   0.0154      Ca A 228.3A  33.272   0.0228      Ca B  3969A  32.804   0.0077            
 F12  12.00m  34.383   0.2934      Ca A 914.0A  33.056   0.0138      Ca A 228.3A  33.225   0.0204      Ca B  3924A  32.713   0.0063            
 F25  25.00m  34.014   0.1254      Ca A 913.8A  33.011   0.0125      Ca A  1640A  35.560   4.4097      Ca B  3888A  32.629   0.0052            
 F60  60.00m  33.872   0.0906      Ca A 913.6A  32.969   0.0113      Ca A  1215A  35.095   1.5127      Ca B  3858A  32.550   0.0043            
 F100 100.0m  33.389   0.0298      Ca A 913.5A  32.929   0.0103      Ca A  1085A  34.765   0.7071      Ca B  3834A  32.475   0.0036            
 MIPS 24.00m  33.703   0.0613      Ca A 913.3A  32.893   0.0095      Ca A  1025A  34.509   0.3921      Ca B  3814A  32.405   0.0031            
 MIPS 70.00m  33.385   0.0295      Ca A  3970A  33.721   0.0640      Ca A 992.4A  34.299   0.2419      Ca B  3797A  32.338   0.0026            
 MIPS 160.0m  32.998   0.0121      Ca A  3889A  33.544   0.0425      Ca A 972.2A  34.120   0.1604      Ca B  3782A  32.275   0.0023            
 IRAC 3.600m  34.364   0.2813      Ca A  3835A  33.388   0.0297      Ca A 958.8A  33.965   0.1121      Ca B  3769A  32.215   0.0020            
 IRAC 4.500m  34.431   0.3278      Ca A  3798A  33.249   0.0216      Ca A 949.4A  33.827   0.0816      Ca B  3758A  32.158   0.0017            
 IRAC 5.800m  34.251   0.2167      Ca A  3771A  33.123   0.0161      Ca A 942.6A  33.703   0.0613      Ca B  3749A  32.103   0.0015            
 IRAC 8.000m  34.348   0.2706      Ca A  3750A  33.009   0.0124      Ca A 937.5A  33.590   0.0473      Ca B 1.864m  33.727   0.0648            
 SPR1 250.0m  32.977   0.0115      Ca A  3734A  32.903   0.0097      Ca A 933.5A  33.487   0.0373      Ca B 1.163m  33.521   0.0403            
 SPR2 350.0m  32.859   0.0088      Ca A  3722A  32.805   0.0078      Ca A 930.4A  33.391   0.0299      Ca B  9345A  33.334   0.0262            
 SPR3 500.0m  32.804   0.0077      Ca A  3712A  32.714   0.0063      Ca A 927.9A  33.302   0.0244      Ca B  8237A  33.171   0.0180            
 PAC1 70.00m  33.446   0.0339      Ca A  3704A  32.629   0.0052      Ca A 925.9A  33.219   0.0201      Ca B  7593A  33.027   0.0129            
 PAC2 100.0m  33.389   0.0298      Ca A  3697A  32.550   0.0043      Ca A 924.2A  33.141   0.0168      Ca B  7178A  32.898   0.0096            
 PAC3 160.0m  33.276   0.0230      Ca A  3692A  32.476   0.0036      Ca A 922.8A  33.067   0.0142      Ca B  6891A  32.781   0.0073            
 PAH  3.300m  33.558   0.0439      Ca A  3687A  32.407   0.0031      Ca A 921.6A  32.998   0.0121      Ca B  6684A  32.674   0.0057            
 PAHC 3.230m  33.226   0.0204      Ca A  3683A  32.343   0.0027      Ca A 920.6A  32.932   0.0104      Ca B  6527A  32.576   0.0046            
 PAHC 3.370m  33.178   0.0183      Ca A  3679A  32.283   0.0023      Ca A 919.8A  32.869   0.0090      Ca B  6407A  32.485   0.0037            
 PAH  6.200m  33.740   0.0668      Ca A  3676A  32.227   0.0020      Ca A 919.0A  32.810   0.0078      Ca B  6311A  32.400   0.0030            
 PAHC 5.650m  33.808   0.0782      Ca A  3674A  32.175   0.0018      Ca A 918.4A  32.753   0.0069      Ca B  6234A  32.320   0.0025            
 PAH  7.900m  33.948   0.1079      Ca A  3671A  32.126   0.0016      Ca A 917.8A  32.699   0.0061      Ca B  6171A  32.245   0.0021            
 PAHC 6.900m  33.969   0.1131      Ca A  9546A  33.122   0.0161      Ca A  4686A  34.786   0.7432      Ca B  6119A  32.174   0.0018            
 PAH  11.30m  33.198   0.0192      Ca A  9229A  32.966   0.0112      Ca A  3203A  34.447   0.3401      Ca B  6074A  32.107   0.0016            
 PAHC 10.90m  33.168   0.0179      Ca A  9015A  32.827   0.0082      Ca A  2733A  34.180   0.1840      Ca B  6037A  32.043   0.0013            
 PAH  11.80m  33.338   0.0264      Ca A  8863A  32.701   0.0061      Ca A  2511A  33.963   0.1116      Ca B  6005A  31.983   0.0012            
 PAHC 12.65m  33.428   0.0326      Ca A  8750A  32.586   0.0047      Ca A  2386A  33.779   0.0731      Ca B  5977A  31.925   0.0010            
 PAH  13.30m  33.357   0.0276      Ca A  8665A  32.479   0.0037      Ca A  2306A  33.620   0.0507      Ca B 3.091m  33.314   0.0251            
 PAHC 14.10m  33.272   0.0228      Ca A  8598A  32.380   0.0029      Ca A  2253A  33.479   0.0367      Ca B 1.874m  33.146   0.0170            
 Bcon  3640A  37.224 203.8065      Ca A  8545A  32.288   0.0024      Ca A  2215A  33.353   0.0274      Ca B 1.476m  32.985   0.0117            
 Pcon  5000A  36.054  13.7534      Ca A  8502A  32.201   0.0019      Ca A  2187A  33.239   0.0211      Ca B 1.281m  32.840   0.0084            
 nFnu 1.335c  31.984   0.0012      Ca A  8467A  32.119   0.0016      Ca A  2165A  33.134   0.0165      Ca B 1.167m  32.711   0.0062            
 nFnu  9993m  32.096   0.0015      Ca A  8438A  32.042   0.0013      Ca A  2149A  33.037   0.0132      Ca B 1.093m  32.593   0.0048            
 nFnu  6917m  32.238   0.0021      Ca A  8413A  31.970   0.0011      Ca A  2135A  32.947   0.0108      Ca B 1.042m  32.485   0.0037            
 nFnu 122.4m  33.740   0.0669      Ca A 1.817m  32.646   0.0054      Ca A  2125A  32.863   0.0089      Ca B  9763A  32.294   0.0024            
 nFnu 60.83m  33.988   0.1182      Ca A 1.736m  32.507   0.0039      Ca A  2116A  32.785   0.0074      Ca B  9542A  32.209   0.0020            
 nFnu 41.22m  34.126   0.1625      Ca A 1.681m  32.381   0.0029      Ca A  2109A  32.710   0.0062      Ca B  9367A  32.129   0.0016            
 nFnu 30.87m  34.227   0.2051      Ca A 1.641m  32.266   0.0022      Ca A  2102A  32.640   0.0053      Ca B  9226A  32.053   0.0014            
 nFnu 24.78m  34.304   0.2447      Ca A 1.611m  32.160   0.0018      Ca A  2097A  32.574   0.0046      Ca B  9109A  31.982   0.0012            
 nFnu 24.30m  34.311   0.2486      Ca A 1.588m  32.061   0.0014      Ca A  2093A  32.511   0.0039      Ca B 4.762m  32.956   0.0110            
 nFnu 22.83m  34.332   0.2609      Ca A 1.570m  31.968   0.0011      Ca A  2089A  32.451   0.0034      Ca B 2.825m  32.817   0.0080            
 nFnu 21.42m  34.354   0.2747      Ca A 3.038m  32.249   0.0022      Ca A  2086A  32.393   0.0030      Ca B 2.189m  32.677   0.0058            
 nFnu 21.12m  34.359   0.2779      Ca A 2.872m  32.124   0.0016      Ca A  2083A  32.338   0.0026      Ca B 1.876m  32.548   0.0043            
 nFnu 19.62m  34.384   0.2941      Ca A 2.758m  32.009   0.0012      Ca A 1.012m  34.197   0.1913      Ca B 1.692m  32.430   0.0033            
 nFnu 17.65m  34.422   0.3212      Ca A 12.37m  32.450   0.0034      Ca A  6560A  33.935   0.1046      Ca B 1.572m  32.322   0.0026            
 nFnu 17.37m  34.427   0.3250      Ca A 7.500m  32.310   0.0025      Ca A  5412A  33.713   0.0627      Ca B 1.488m  32.222   0.0020            
 nFnu 15.69m  34.461   0.3516      Ca A 5.907m  32.165   0.0018      Ca A  4860A  33.525   0.0407      Ca B 1.427m  32.130   0.0016            
 nFnu 14.60m  34.486   0.3721      Ca A 5.127m  32.030   0.0013      Ca A  4542A  33.362   0.0280      Ca B 1.380m  32.044   0.0013            
 nFnu 12.43m  34.546   0.4277      Ca A 19.06m  32.079   0.0015      Ca A  4339A  33.219   0.0201      Ca B 1.344m  31.964   0.0011            
 nFnu 11.40m  34.576   0.4573      Ca A 11.31m  31.963   0.0011      Ca A  4200A  33.091   0.0150      Ca B 6.946m  32.640   0.0053            
 nFnu 10.46m  34.606   0.4906      Ca B  3970A  33.908   0.0983      Ca A  4100A  32.975   0.0115      Ca B 4.050m  32.524   0.0041            
 nFnu 9.480m  34.640   0.5307      Ca B  3889A  33.727   0.0648      Ca A  4026A  32.869   0.0090      Ca B 3.095m  32.400   0.0031            
 nFnu 9.325m  34.645   0.5369      Ca B  3835A  33.569   0.0451      Ca A  3969A  32.771   0.0072      Ca B 2.624m  32.284   0.0023            
 nFnu 8.210m  34.692   0.5977      Ca B  3798A  33.429   0.0326      Ca A  3924A  32.680   0.0058      Ca B 2.346m  32.176   0.0018            
 nInu 8.210m  31.917   0.0010      Ca B  3771A  33.303   0.0244      Ca A  3888A  32.596   0.0048      Ca B 2.165m  32.077   0.0015            
 nFnu 7.580m  34.719   0.6358      Ca B  3750A  33.189   0.0188      Ca A  3858A  32.516   0.0040      Ca B 2.037m  31.985   0.0012            
 nInu 7.580m  32.021   0.0013      Ca B  3734A  33.085   0.0148      Ca A  3834A  32.441   0.0034      Ca B 9.711m  32.356   0.0028            
 nFnu 7.050m  34.745   0.6762      Ca B  3722A  32.989   0.0119      Ca A  3814A  32.371   0.0029      Ca B 5.582m  32.259   0.0022            
 nInu 7.050m  32.111   0.0016      Ca B  3712A  32.901   0.0097      Ca A  3797A  32.304   0.0024      Ca B 4.217m  32.149   0.0017            
 nFnu 4.114m  34.938   1.0526      Ca B  3704A  32.820   0.0080      Ca A  3782A  32.240   0.0021      Ca B 3.543m  32.044   0.0013            
 nInu 4.114m  32.812   0.0079      Ca B  3697A  32.744   0.0067      Ca A  3769A  32.180   0.0018      Ca B 3.145m  31.945   0.0011            
 nFnu 2.324m  35.134   1.6528      Ca B  3692A  32.673   0.0057      Ca A  3758A  32.122   0.0016      He 2 303.8A  36.623  51.0661            
 nInu 2.324m  33.548   0.0430      Ca B  3687A  32.606   0.0049      Ca A  3749A  32.066   0.0014      He 2 256.3A  33.998   0.1209            
 nFnu 1.643m  35.262   2.2235      Ca B  3683A  32.542   0.0042      Ca A 1.864m  33.714   0.0629      He 2 243.0A  33.899   0.0964            
 nInu 1.643m  33.992   0.1194      Ca B  3679A  32.481   0.0037      Ca A 1.163m  33.506   0.0389      He 2 237.4A  33.835   0.0831            
 nFnu 1.480m  35.291   2.3739      Ca B  3676A  32.423   0.0032      Ca A  9345A  33.317   0.0252      He 2 234.4A  33.796   0.0760            
 nInu 1.480m  34.127   0.1628      Ca B  3674A  32.367   0.0028      Ca A  8237A  33.153   0.0173      He 2 232.6A  33.765   0.0708            
 nFnu 1.436m  35.346   2.6977      Ca B  3671A  32.313   0.0025      Ca A  7593A  33.008   0.0124      He 2 231.5A  33.737   0.0663            
 nInu 1.436m  34.165   0.1778      Ca B  9546A  33.206   0.0195      Ca A  7178A  32.878   0.0092      He 2 230.7A  33.712   0.0626            
 nFnu 1.119m  35.410   3.1210      Ca B  9229A  33.050   0.0136      Ca A  6891A  32.761   0.0070      He 2 230.2A  33.690   0.0595            
 nInu 1.119m  34.485   0.3710      Ca B  9015A  32.911   0.0099      Ca A  6684A  32.653   0.0055      He 2  1640A  35.740   6.6834            
 nFnu  8330A  35.484   3.7077      Ca B  8863A  32.785   0.0074      Ca A  6527A  32.555   0.0044      He 2  1215A  35.256   2.1940            
 nInu  8330A  34.859   0.8788      Ca B  8750A  32.671   0.0057      Ca A  6407A  32.463   0.0035      He 2  1085A  34.923   1.0183            
 nFnu  8079A  35.606   4.9106      Ca B  8665A  32.567   0.0045      Ca A  6311A  32.378   0.0029      He 2  1025A  34.666   0.5633            
 nInu  8079A  34.897   0.9590      Ca B  8598A  32.470   0.0036      Ca A  6234A  32.298   0.0024      He 2 992.4A  34.456   0.3477            
 nFnu  6210A  35.650   5.4246      Ca B  8545A  32.381   0.0029      Ca A  6171A  32.223   0.0020      He 2 972.2A  34.279   0.2313            
 nInu  6210A  35.230   2.0650      Ca B  8502A  32.298   0.0024      Ca A  6119A  32.152   0.0017      He 2 958.8A  34.126   0.1626            
 nFnu  4885A  35.708   6.2101      Ca B  8467A  32.220   0.0020      Ca A  6074A  32.085   0.0015      He 2 949.4A  33.993   0.1196            
 nInu  4885A  35.529   4.1051      Ca B  8438A  32.148   0.0017      Ca A  6037A  32.021   0.0013      He 2  4686A  34.867   0.8940            
 nFnu  3704A  35.716   6.3215      Ca B  8413A  32.080   0.0015      Ca A  6005A  31.960   0.0011      He 2  3203A  34.497   0.3818            
 nInu  3704A  35.865   8.9163      Ca B  8392A  32.016   0.0013      Ca A 3.091m  33.303   0.0244      He 2  2733A  34.230   0.2066            
 nFnu  3588A  36.083  14.7037      Ca B  8374A  31.956   0.0011      Ca A 1.874m  33.135   0.0166      He 2  2511A  34.015   0.1258            
 nInu  3588A  35.908   9.8308      Ca B 1.817m  32.696   0.0060      Ca A 1.476m  32.973   0.0114      He 2  2386A  33.834   0.0829            
 nFnu  2430A  36.029  13.0042      Ca B 1.736m  32.558   0.0044      Ca A 1.281m  32.827   0.0082      He 2  2306A  33.677   0.0577            
 nInu  2430A  36.371  28.5521      Ca B 1.681m  32.433   0.0033      Ca A 1.167m  32.697   0.0060      He 2  2253A  33.539   0.0420            
 nFnu  2392A  36.026  12.9058      Ca B 1.641m  32.319   0.0025      Ca A 1.093m  32.578   0.0046      He 2 1.012m  34.288   0.2356            
 nInu  2392A  36.388  29.7195      Ca B 1.611m  32.214   0.0020      Ca A 1.042m  32.471   0.0036      He 2  6560A  33.969   0.1131            
 nFnu  2071A  35.992  11.9210      Ca B 1.588m  32.117   0.0016      Ca A  9763A  32.279   0.0023      He 2  5412A  33.739   0.0666            
 nInu  2071A  36.555  43.5871      Ca B 1.570m  32.027   0.0013      Ca A  9542A  32.193   0.0019      He 2  4860A  33.550   0.0432            
 nFnu  2053A  36.162  17.6606      Ca B 1.556m  31.943   0.0011      Ca A  9367A  32.113   0.0016      He 2  4542A  33.389   0.0297            
 nInu  2053A  36.566  44.7395      Ca B 3.038m  32.285   0.0023      Ca A  9226A  32.037   0.0013      He 2  4339A  33.247   0.0215            
 nFnu  1793A  36.113  15.7505      Ca B 2.872m  32.161   0.0018      Ca A  9109A  31.966   0.0011      He 2 1.864m  33.835   0.0831            
 nInu  1793A  36.717  63.3525      Ca B 2.758m  32.047   0.0014      Ca A 4.762m  32.945   0.0107      He 2 1.163m  33.549   0.0430            
 nFnu  1585A  36.064  14.0995      Ca B 2.674m  31.942   0.0011      Ca A 2.825m  32.807   0.0078      He 2  9345A  33.342   0.0267            
 nInu  1585A  36.848  85.6429      Ca B 12.37m  32.476   0.0036      Ca A 2.189m  32.667   0.0056      He 2  8237A  33.173   0.0181            
 nFnu  1458A  36.026  12.9157      Ca B 7.500m  32.336   0.0026      Ca A 1.876m  32.537   0.0042      He 2  7593A  33.027   0.0129            
 nInu  1458A  36.939 105.4970      Ca B 5.907m  32.192   0.0019      Ca A 1.692m  32.419   0.0032      He 2 3.091m  33.460   0.0351            
 nFnu  1357A  35.987  11.8042      Ca B 5.127m  32.058   0.0014      Ca A 1.572m  32.310   0.0025      He 2 1.874m  33.200   0.0193            
 nInu  1357A  37.012 124.8201      Ca B 4.671m  31.935   0.0010      Ca A 1.488m  32.211   0.0020      He 2 1.476m  33.006   0.0123            
 nFnu  1297A  35.950  10.8356      Ca B 19.06m  32.104   0.0015      Ca A 1.427m  32.118   0.0016      He 2 1.281m  32.851   0.0086            
 nInu  1297A  37.058 138.8202      Ca B 11.31m  31.987   0.0012      Ca A 1.380m  32.032   0.0013      He 2 4.762m  33.139   0.0167            
 nFnu  1263A  35.911   9.9035      H  1  1216A  36.617  50.2925      Ca A 1.344m  31.951   0.0011      He 2 2.825m  32.905   0.0098            
 nInu  1263A  37.088 148.8905      H  1  1026A  34.233   0.2080      Ca A 6.946m  32.629   0.0052      He 2 2.189m  32.716   0.0063            
 nFnu  1218A  35.844   8.4805      H  1 972.5A  34.117   0.1590      Ca A 4.050m  32.515   0.0040      He 2 6.946m  32.856   0.0087            
 nInu  1218A  37.123 161.4230      H  1 949.7A  34.044   0.1345      Ca A 3.095m  32.391   0.0030      He 2 4.050m  32.652   0.0055            
 nFnu  1196A  35.838   8.3701      H  1 937.8A  33.935   0.1047      Ca A 2.624m  32.275   0.0023      He 2 9.711m  32.601   0.0048            
 nInu  1196A  37.138 167.0614      H  1 930.8A  33.880   0.0922      Ca A 2.346m  32.167   0.0018      He-like iso-sequence........            
 nFnu  1175A  35.831   8.2375      H  1 926.2A  33.836   0.0834      Ca A 2.165m  32.067   0.0014      Clin 506.0A  34.106   0.1552            
 nInu  1175A  37.158 174.8360      H  1 923.2A  33.800   0.0768      Ca A 2.037m  31.975   0.0011      Ca B  2945A  32.125   0.0016            
 nFnu  1144A  35.822   8.0709      H  1 921.0A  33.765   0.0708      Ca A 9.711m  32.345   0.0027      Ca B  3188A  32.480   0.0037            
 nInu  1144A  37.187 187.0616      H  1  6563A  35.381   2.9224      Ca A 5.582m  32.250   0.0022      Ca B  3889A  32.939   0.0106            
 nFnu  1113A  35.816   7.9626      H  1  4861A  34.915   1.0000      Ca A 4.217m  32.140   0.0017      Ca B  4026A  32.075   0.0014            
 nInu  1113A  37.211 197.7805      H  1  4340A  34.588   0.4710      Ca A 3.543m  32.035   0.0013      Ca B  4471A  32.450   0.0034            
 nFnu  1103A  35.814   7.9273      H  1  4102A  34.317   0.2521      Ca A 3.145m  31.936   0.0010      Ca B  5016A  32.276   0.0023            
 nInu  1103A  37.221 202.2062      H  1  3970A  34.094   0.1509      Ca B  1640A  35.730   6.5250      Ca B  5876A  33.059   0.0139            
 nFnu  1074A  35.811   7.8593      H  1  3889A  33.903   0.0972      Ca B  1215A  35.262   2.2232      Ca B  6678A  32.516   0.0040            
 nInu  1074A  37.245 213.6216      H  1  3835A  33.737   0.0663      Ca B  1085A  34.929   1.0319      Ca B  7065A  32.636   0.0053            
 nFnu  1064A  35.810   7.8404      H  1  3798A  33.594   0.0478      Ca B  1025A  34.670   0.5688      Ca B 1.083m  34.056   0.1382            
 nInu  1064A  37.254 218.3302      H  1 1.875m  34.362   0.2796      Ca B 992.4A  34.458   0.3489      Ca B 1.869m  32.074   0.0014            
 nFnu  1036A  35.808   7.8140      H  1 1.282m  34.048   0.1356      Ca B 972.2A  34.278   0.2305      Ca B 2.058m  32.501   0.0039            
 nInu  1036A  37.278 230.4626      H  1 1.094m  33.807   0.0780      Ca B 958.8A  34.121   0.1605      He 1 584.3A  34.117   0.1590            
 nFnu  1000A  35.809   7.8284      H  1 1.005m  33.586   0.0469      Ca B 949.4A  33.982   0.1165      He 1 537.0A  33.654   0.0548            
 nInu  1000A  37.310 248.3287      H  1  9546A  33.398   0.0304      Ca B 942.6A  33.857   0.0874      He 1 522.2A  33.352   0.0273            
 nFnu 925.1A  35.823   8.0923      H  1  9229A  33.234   0.0208      Ca B 937.5A  33.743   0.0672      He 1 515.6A  33.089   0.0149            
 nInu 925.1A  37.382 293.1066      H  1  9015A  33.093   0.0151      Ca B 933.5A  33.639   0.0529      He 1 512.1A  32.959   0.0111            
 nFnu 897.8A  37.214 199.0609      H  1 4.051m  33.718   0.0636      Ca B 930.4A  33.542   0.0424      He 1 625.6A  33.441   0.0335            
 nInu 897.8A  37.230 206.5329      H  1 2.625m  33.476   0.0363      Ca B 927.9A  33.453   0.0345      TOTL 1.083m  34.043   0.1343            
 nFnu 760.0A  36.930 103.4880      H  1 2.166m  33.249   0.0216      Ca B 925.9A  33.369   0.0284      He 1 1.083m  34.043   0.1343            
 nInu 760.0A  37.430 326.9304      H  1 1.945m  33.059   0.0139      Ca B 924.2A  33.291   0.0238      He 1 1.083m  33.090   0.0149            
 nFnu 701.5A  36.778  72.8658      H  1 1.817m  32.895   0.0095      Ca B 922.8A  33.218   0.0201      He 1 1.083m  33.566   0.0448            
 nInu 701.5A  37.512 394.7818      H  1 1.736m  32.754   0.0069      Ca B 921.6A  33.148   0.0171      He 1 1.083m  33.788   0.0746            
 nFnu 608.2A  36.515  39.8171      H  1 7.458m  33.246   0.0214      Ca B 920.6A  33.083   0.0147      He 1  3889A  32.886   0.0093            
 nInu 608.2A  37.638 527.7580      H  1 4.653m  33.002   0.0122      Ca B 919.8A  33.021   0.0128      He 1  3188A  32.424   0.0032            
 nFnu 575.1A  36.438  33.2905      H  1 3.740m  32.804   0.0077      Ca B 919.0A  32.962   0.0111      He 1  2945A  32.060   0.0014            
 nInu 575.1A  37.678 579.3755      H  1 3.296m  32.637   0.0053      Ca B 918.4A  32.906   0.0098      He 1  7065A  32.628   0.0052            
 nFnu 511.9A  36.345  26.9102      H  1 3.038m  32.493   0.0038      Ca B 917.8A  32.853   0.0087      He 1  5876A  32.965   0.0112            
 nInu 511.9A  37.750 683.5274      H  1 12.37m  32.814   0.0079      Ca B  4686A  34.828   0.8185      He 1  4471A  32.366   0.0028            
 nFnu 496.9A  36.379  29.0688      H  1 7.500m  32.604   0.0049      Ca B  3203A  34.498   0.3830      He 1  4026A  31.984   0.0012            
 nInu 496.9A  37.765 707.4062      H  1 5.907m  32.429   0.0033      Ca B  2733A  34.236   0.2093      He 1  6678A  32.215   0.0020            
 nFnu 399.2A  36.392  29.9404      H  1 5.127m  32.280   0.0023      Ca B  2511A  34.021   0.1275      Pho+  3889A  33.953   0.1092            
 nInu 399.2A  37.842 844.3900      H  1 19.06m  32.437   0.0033      Ca B  2386A  33.839   0.0838      database lines..............            
 RRC.........................      H  1 11.31m  32.256   0.0022      Ca B  2306A  33.680   0.0582      level 1 lines...............            
 grains......................      H  1 8.758m  32.100   0.0015      Ca B  2253A  33.540   0.0421      recombination...............            
 H-like iso-sequence.........      H  1 27.80m  32.096   0.0015      Ca B  2215A  33.414   0.0315      level2 lines................            
 Clin 912.0A  36.291  23.7766      H  1 16.20m  31.941   0.0011      Ca B  2187A  33.299   0.0242      hyperfine structure.........            
 Clin 228.0A  32.699   0.0061      Ca A 303.8A  36.598  48.1774      Ca B  2165A  33.195   0.0190      inner shell.................            
 Cool  1216A  36.001  12.1854      Ca A 256.3A  35.939  10.5678      Ca B  2149A  33.098   0.0152      molecules...................            



  - this is the input stream for a planetary nebula  
 Cooling:  HFBc     0 :0.170 HFFc     0 :0.174 Clin 912.0A:0.522  
 Heating:  BFH1     0 :0.581 BFHe     0 :0.419  

 These are some of the most important databases used by Cloudy:
 Many recombination coefficients were taken from http://amdpp.phys.strath.ac.uk/tamoc/RR/ and http://amdpp.phys.strath.ac.uk/tamoc/DR/
      and are based on the following papers:
        Badnell N. R., et al., A&A 406, 1151 (2003) [http://adsabs.harvard.edu/abs/2003A%26A...406.1151B]
        Badnell N. R., ApJS 167, 334 (2006) [http://adsabs.harvard.edu/abs/2006ApJS..167..334B]
 Much of the molecular emission data is from LAMDA as accessed on Dec. 18, 2010. This database is described in:
        Schoeier F.L., et al., A&A 432, 369 (2005) [http://adsabs.harvard.edu/abs/2005A%26A...432..369S]
      This database is in part based on the work of the following groups:
        JPL: Pickett H. M. et al., JQSRT, 60, 883 (1998). [http://adsabs.harvard.edu/abs/1998JQSRT..60..883P]
        CDMS: Mueller H. S. et al., A&A 370, L49 (2001). [http://adsabs.harvard.edu/abs/2001A%26A...370L..49M]
              Mueller H. S. et al., J. Mol. Struct. 742, 215 (2005). [http://adsabs.harvard.edu/abs/2005JMoSt.742..215M]
 Much of the ionic emission data is from version 7.0 of CHIANTI. CHIANTI is a collaborative project involving the NRL (USA), the
      Universities of Florence (Italy) and Cambridge (UK), and George Mason University (USA). These papers describe Chianti:
        Dere K. P., et al., A&AS, 125, 149 (1997) [http://adsabs.harvard.edu/abs/1997A%26AS..125..149D]
        Landi E., et al., ApJ, 744, 99 (2012) [http://adsabs.harvard.edu/abs/2012ApJ...744...99L]
 Much of the H_2 data is from this web site: http://molat.obspm.fr/index.php?page=pages/Molecules/H2/H2can94.php. These data are
      described in:
        Abgrall H. et al., Can. J. Phys., 72, 856 (1994) [http://adsabs.harvard.edu/abs/1994CaJPh..72..856A]
        Wrathmall S. A. & Flower D. R., J. Phys. B, 40, 3221 (2007) [http://adsabs.harvard.edu/abs/2007JPhB...40.3221W]
 Please cite those papers that played a significant role in this calculation.

 IONIZE PARMET:  U(1-) -1.3010  U(4-): -2.5309  U(sp): -1.70  Q(ion):   48.249  L(ion) 37.907    Q(low): 48.893    L(low) 37.264
 ENERGY BUDGET:  Heat:  36.574  Coolg:  36.574  Error:  0.0%  Rec Lin:  36.308  F-F  H  0.000    P(rad/tot)max     5.89E-02

     Col(Heff):      0.000E+00  snd travl time  2.92E+10 sec  Te-low: 2.84E+04  Te-hi: 3.26E+04  G0TH85: 4.64E+04  G0DB96:7.76E+04
  Emiss Measure    n(e)n(p) dl       6.994E+24  n(e)n(He+)dl         2.733E+22  En(e)n(He++) dl         6.722E+23  ne nC+:0.00E+00
 He/Ha:7.80E-02  =   0.78*true  Lthin:6.11E+01  itr/zn:12.22  H2 itr/zn:  0.00  File Opacity: F  MassTot 2.92e+32  (gm)
   Temps(21 cm)   T(21cm/Ly a)  4.79E+03        T(<nH/Tkin>)  2.94E+04          T(<nH/Tspin>)    5.06E+03          TB21cm:9.05E-04
                   N(H0/Tspin)  1.33E+13        N(OH/Tkin)    0.00E+00          B(21cm)          0.00E+00
   <a>:2.03E-06  erdeFe0.0E+00  Tcompt5.88E+06  Tthr4.74E+08  <Tden>: 2.97E+04  <dens>:2.34E-20  <MolWgt>6.13E-01
     Mean Jeans  l(cm)8.98E+19  M(sun)4.45E+06  smallest:     len(cm):8.79E+19  M(sun):4.18E+06  a_ox tran:  0.00
 Rion:1.585E+17  Dist:0.00E+00  Diam:0.000E+00
 Hatom level 70  HatomType: add  HInducImp  F  He tot level: 63  He2 level:   70  ExecTime     8.3
 ConvrgError(%)  <eden>  0.000  MaxEden  0.000  <H-C>   0.05  Max(H-C)    0.29  <Press>   0.000  MaxPrs er  0.000
  Continuity(%)  chng Te   1.9  elec den   0.1  n(H2)    0.0  n(CO)        0.0

                                                        Averaged Quantities
             Te      Te(Ne)   Te(NeNp)  Te(NeHe+)Te(NeHe2+) Te(NeO+)  Te(NeO2+)  Te(H2)     N(H)     Ne(O2+)   Ne(Np)
 Radius:  2.97e+04  2.97e+04  2.97e+04  2.90e+04  2.97e+04  0.00e+00  0.00e+00  2.93e+04  1.00e+04  0.00e+00  1.20e+04
   Area:  2.95e+04  2.95e+04  2.95e+04  2.89e+04  2.96e+04  0.00e+00  0.00e+00  2.92e+04  1.00e+04  0.00e+00  1.20e+04
 Volume:  2.94e+04  2.94e+04  2.94e+04  2.88e+04  2.94e+04  0.00e+00  0.00e+00  2.91e+04  1.00e+04  0.00e+00  1.20e+04
 
 Peimbert T(OIIIr)0.00E+00 T(Bac)3.30E+04 T(Hth)0.00E+00 t2(Hstrc) 1.57e-03 T(O3-BAC)0.00E+00 t2(O3-BC) 0.00e+00 t2(O3str) 0.00e+00

 Contin Optical Depths: COMP: 4.65e-04    H-: 4.51e-08 R(1300): 4.52e-07  H2+: 5.03e-10  Pfa:2.33E-04
                          Pa: 2.33e-04    Ba: 2.33e-04      Hb: 2.33e-04   La: 7.21e-04     1r:4.986E+07  1.8:1.19E+07 4.:1.719E+06

 Old, new H  1 continuum optical depths:
     1 9.97e+07     2 1.00e-20     3 1.00e-20     4 1.00e-20     5 1.00e-20     6 1.00e-20     7 1.00e-20     8 1.00e-20
     9 1.00e-20    10 1.00e-20    11 1.00e-20    12 1.00e-20    13 1.00e-20    14 1.00e-20    15 1.00e-20    16 1.00e-20
    17 1.00e-20    18 1.00e-20    19 1.00e-20    20 1.00e-20    21 1.00e-20    22 1.00e-20    23 1.00e-20    24 1.00e-20
    25 1.00e-20    26 1.00e-20    27 1.00e-20    28 1.00e-20    29 1.00e-20    30 1.00e-20    31 1.00e-20    32 1.00e-20
    33 1.00e-20    34 1.00e-20    35 1.00e-20    36 1.00e-20    37 1.00e-20    38 1.00e-20    39 1.00e-20    40 1.00e-20
    41 1.00e-20    42 1.00e-20    43 1.00e-20    44 1.00e-20    45 1.00e-20    46 1.00e-20    47 1.00e-20    48 1.00e-20
    49 1.00e-20    50 1.00e-20    51 1.00e-20    52 1.00e-20    53 1.00e-20    54 1.00e-20
     1 4.99e+07     2 5.00e-08     3 2.26e-08     4 2.26e-08     5 2.26e-08     6 5.62e-09     7 5.62e-09     8 5.62e-09
     9 5.62e-09    10 3.52e-12    11 3.52e-12    12 3.52e-12    13 3.52e-12    14 3.52e-12    15 8.07e-12    16 8.07e-12
    17 8.07e-12    18 8.07e-12    19 8.07e-12    20 8.07e-12    21 1.67e-11    22 1.67e-11    23 1.67e-11    24 1.67e-11
    25 1.67e-11    26 1.67e-11    27 1.67e-11    28 3.17e-11    29 3.17e-11    30 3.17e-11    31 3.17e-11    32 3.17e-11
    33 3.17e-11    34 3.17e-11    35 3.17e-11    36 5.68e-11    37 5.68e-11    38 5.68e-11    39 5.68e-11    40 5.68e-11
    41 5.68e-11    42 5.68e-11    43 5.68e-11    44 5.68e-11    45 9.69e-11    46 9.69e-11    47 9.69e-11    48 9.69e-11
    49 9.69e-11    50 9.69e-11    51 9.69e-11    52 9.69e-11    53 9.69e-11    54 9.69e-11

 Old, new H  1 mean line optical depths:
  2- 1 1.61e+20  3- 2 6.01e+00  4- 3 1.77e-20  5- 4 1.77e-20  6- 5 1.77e-20  7- 6 1.77e-20  8- 7 1.77e-20
  9- 8 1.77e-20 10- 9 1.77e-20
  2- 1 4.11e+03  3- 2 1.79e-03  4- 3 1.72e-08  5- 4 1.92e-08  6- 5 2.90e-08  7- 6 4.52e-08  8- 7 7.44e-08
  9- 8 1.64e-07 10- 9 3.87e-07

 Old, new He 2 continuum optical depths:
     1 3.44e+06     2 9.86e+07     3 1.00e-20     4 1.00e-20     5 1.00e-20     6 1.00e-20     7 1.00e-20     8 1.00e-20
     9 1.00e-20    10 1.00e-20    11 1.00e-20    12 1.00e-20    13 1.00e-20    14 1.00e-20    15 1.00e-20    16 1.00e-20
    17 1.00e-20    18 1.00e-20    19 1.00e-20    20 1.00e-20    21 1.00e-20    22 1.00e-20    23 1.00e-20    24 1.00e-20
    25 1.00e-20    26 1.00e-20    27 1.00e-20    28 1.00e-20    29 1.00e-20    30 1.00e-20    31 1.00e-20    32 1.00e-20
    33 1.00e-20    34 1.00e-20    35 1.00e-20    36 1.00e-20    37 1.00e-20    38 1.00e-20    39 1.00e-20    40 1.00e-20
    41 1.00e-20    42 1.00e-20    43 1.00e-20    44 1.00e-20    45 1.00e-20    46 1.00e-20    47 1.00e-20    48 1.00e-20
    49 1.00e-20    50 1.00e-20    51 1.00e-20    52 1.00e-20    53 1.00e-20    54 1.00e-20
     1 1.72e+06     2 4.93e+07     3 5.67e-06     4 5.67e-06     5 5.67e-06     6 5.00e-08     7 5.00e-08     8 5.00e-08
     9 5.00e-08    10 1.83e-08    11 1.83e-08    12 1.83e-08    13 1.83e-08    14 1.83e-08    15 2.26e-08    16 2.26e-08
    17 2.26e-08    18 2.26e-08    19 2.26e-08    20 2.26e-08    21 1.91e-08    22 1.91e-08    23 1.91e-08    24 1.91e-08
    25 1.91e-08    26 1.91e-08    27 1.91e-08    28 5.62e-09    29 5.62e-09    30 5.62e-09    31 5.62e-09    32 5.62e-09
    33 5.62e-09    34 5.62e-09    35 5.62e-09    36 2.04e-12    37 2.04e-12    38 2.04e-12    39 2.04e-12    40 2.04e-12
    41 2.04e-12    42 2.04e-12    43 2.04e-12    44 2.04e-12    45 3.52e-12    46 3.52e-12    47 3.52e-12    48 3.52e-12
    49 3.52e-12    50 3.52e-12    51 3.52e-12    52 3.52e-12    53 3.52e-12    54 3.52e-12

 Old, new He 2 mean line optical depths:
  2- 1 1.61e+19  3- 2 6.01e-01  4- 3 1.77e-20  5- 4 1.77e-20  6- 5 1.77e-20  7- 6 1.77e-20  8- 7 1.77e-20
  9- 8 1.77e-20 10- 9 1.77e-20
  2- 1 6.99e+04  3- 2 4.35e-05  4- 3 1.95e-10  5- 4 2.22e-10  6- 5 3.32e-10  7- 6 5.32e-10  8- 7 8.70e-10
  9- 8 1.41e-09 10- 9 2.27e-09

 Old He Is optical depths:    1 2.38e+07    2 1.00e-20    3 1.00e-20    4 1.00e-20    5 1.00e-20
 New He Is optical depths:    1 1.19e+07    2 7.32e-06    3 3.73e-08    4 4.46e-08    5 4.46e-08
          Old He Is Lines:  584 3.54e-20 3889 3.54e-20 5016 3.54e-20 5876 3.54e-20
          New He Is Lines:  584 1.10e+01 3889 1.62e-01 5016 3.37e-06 5876 6.07e-09

==== H      compounds ====           Log10 column densities [cm^-2}
   H2        :  0.659   H2*       :  1.181   H2+       :  7.857   H3+       : -7.477
==== He     compounds ====
   HeH+      :  7.704


               1      2      3      4      5      6      7      8      9     10     11     12     13     14     15     16     17

 Hydrogen   16.828 20.767  1.295 (H2)                Log10 Column density (cm^-2)
 Helium     14.453 18.360 19.750
 Exc state    He1* 12.425   CII*-35.930   C11*-35.930   C12*-35.930   C13*-35.930   O11*-35.930   O12*-35.930   O13*-35.930
              Si2*-35.930   C30*-35.930   C31*-35.930   C32*-35.930


 Hydrogen   -3.921 -0.000-19.136 (H2)                 Log10 Mean Ionisation (over volume)
 Helium     -5.219 -1.330 -0.021

               1      2      3      4      5      6      7      8      9     10     11     12     13     14     15     16     17

 Hydrogen   -3.929 -0.000-19.153 (H2)                 Log10 Mean Ionisation (over area)
 Helium     -5.264 -1.368 -0.019

               1      2      3      4      5      6      7      8      9     10     11     12     13     14     15     16     17

 Hydrogen   -3.939 -0.000-19.171 (H2)                 Log10 Mean Ionisation (over radius)
 Helium     -5.314 -1.407 -0.017

               1      2      3      4      5      6      7      8      9     10     11     12     13     14     15     16     17

 Hydrogen   -3.921 -0.000-19.136 (H2)         Log10 Mean Ionisation (over volume*electron density)
 Helium     -5.220 -1.332 -0.021

               1      2      3      4      5      6      7      8      9     10     11     12     13     14     15     16     17

 Hydrogen   -3.930 -0.000-19.153 (H2)         Log10 Mean Ionisation (over area*electron density)
 Helium     -5.266 -1.369 -0.019

               1      2      3      4      5      6      7      8      9     10     11     12     13     14     15     16     17

 Hydrogen   -3.939 -0.000-19.171 (H2)         Log10 Mean Ionisation (over radius*electron density)
 Helium     -5.315 -1.408 -0.017

               1      2      3      4      5      6      7      8      9     10     11     12     13     14     15     16     17

 Hydrogen    4.466  4.468  4.463 (H2)                  Log10 Mean Temperature (over volume)
 Helium      4.457  4.459  4.469

               1      2      3      4      5      6      7      8      9     10     11     12     13     14     15     16     17

 Hydrogen    4.468  4.470  4.465 (H2)                  Log10 Mean Temperature (over area)
 Helium      4.458  4.460  4.471

               1      2      3      4      5      6      7      8      9     10     11     12     13     14     15     16     17

 Hydrogen    4.470  4.473  4.467 (H2)                  Log10 Mean Temperature (over radius)
 Helium      4.459  4.462  4.473

               1      2      3      4      5      6      7      8      9     10     11     12     13     14     15     16     17

 Hydrogen    4.466  4.468  4.463 (H2)          Log10 Mean Temperature (over volume*electron density)
 Helium      4.457  4.459  4.469

               1      2      3      4      5      6      7      8      9     10     11     12     13     14     15     16     17

 Hydrogen    4.468  4.470  4.465 (H2)          Log10 Mean Temperature (over area*electron density)
 Helium      4.458  4.460  4.471

               1      2      3      4      5      6      7      8      9     10     11     12     13     14     15     16     17

 Hydrogen    4.470  4.473  4.467 (H2)          Log10 Mean Temperature (over radius*electron density)
 Helium      4.459  4.462  4.473

               1      2      3      4      5      6      7      8      9     10     11     12     13     14     15     16     17
 - this is the input stream for a planetary nebula  

---------------Convergence statistics---------------
      1.08 mean iterations/state convergence
      2.15 mean cx acceleration loops/iteration
      1.03 mean iso convergence loops/ion solve
         1 mean steps/chemistry solve
         1 mean step length searches/chemistry step
----------------------------------------------------

 Cloudy ends: 36 zones, 1 iteration, 1 caution.  ExecTime(s) 8.34
 [Stop in cdMain at maincl.cpp:483, Cloudy exited OK]
