                                                          Cloudy 13.02
                                                         www.nublado.org

                       **************************************13Feb20**************************************
                       *                                                                                 *
                       * title - this is the input stream for a planetary nebula                         *
                       * blackbody, temp = 100000K                                                       *
                       * luminosity total 38                                                             *
                       * element Lithium off                                                             *
                       * element Beryllium off                                                           *
                       * element Boron  off                                                              *
                       * element Carbon off                                                              *
                       * element Nitrogen off                                                            *
                       * element Oxygen off                                                              *
                       * element Fluorine  off                                                           *
                       * element Neon off                                                                *
                       * element Sodium off                                                              *
                       * element Magnesium off                                                           *
                       * element Aluminium off                                                           *
                       * element Silicon off                                                             *
                       * element Phosphor off                                                            *
                       * element Sulphur off                                                             *
                       * element Chlorine off                                                            *
                       * element Argon off                                                               *
                       * element Potassium off                                                           *
                       * element Calcium off                                                             *
                       * element Scandium  off                                                           *
                       * element Titanium off                                                            *
                       * element Vanadium off                                                            *
                       * element Chromium off                                                            *
                       * element Manganese off                                                           *
                       * element Iron off                                                                *
                       * element Cobalt off                                                              *
                       * element Nickel off                                                              *
                       * element Copper off                                                              *
                       * element Zinc  off                                                               *
                       * radius inner=17, outer=17.1                                                     *
                       * hden 4                                                                          *
                       * sphere                                                                          *
                       * save overview last "oradius_17.1.ovr"                                           *
                       * save continuum last "oradius_17.1.con" units eV                                 *
                       *                                                                                 *
                       ***********************************************************************************



           4311CellPeak1.79E+00   Lo 1.00e-08=910.79cm   Hi-Con:2.29E+01 Ryd   E(hi):7.35E+06Ryd     E(hi):     100.01 MeV
           L(nu>1ryd):  37.9511   Average nu:2.176E+00   L( X-ray):  27.6627   L(BalC):  37.0163     Q(Balmer C):  47.8583
           Q(1.0-1.8):  47.9224   Q(1.8-4.0):  47.9716   Q(4.0-20):  47.0452   Q(20--):  36.9991     Ion pht flx:1.499E+13
           L(gam ray):   0.0000   Q(gam ray):   0.0000   L(Infred):  35.4328   Alf(ox):   0.0000     Total lumin:  38.0000
           log L/Lsun:   4.4172   Abs bol mg:  -6.2930   Abs V mag:   0.0378   Bol cor:  -6.3308     nuFnu(Bbet):  35.5356
           U(1.0----):5.001E-02   U(4.0----):2.945E-03   T(En-Den):4.328E+01   T(Comp):9.574E+04     nuJnu(912A):1.978E+02
           Occ(FarIR):2.214E-06   Occ(H n=6):7.831E-13   Occ(1Ryd):9.094E-15   Occ(4R):6.329E-17     Occ (Nu-hi):7.295E-30
           Tbr(FarIR):3.508E-09   Tbr(H n=6):3.432E-09   Tbr(1Ryd):1.437E-09   Tbr(4R):4.000E-11     Tbr (Nu-hi):2.634E-23
  
                                                  Gas Phase Chemical Composition
                                                       H :  0.0000  He: -1.0000
 
 ####  1  Te:3.262E+04 Hden:1.000E+04 Ne:1.199E+04 R:1.000E+17 R-R0:3.862E+13 dR:7.725E+13 NTR: 12 Htot:3.446E-16 T912: 9.97e+07###
 Hydrogen      8.16e-05 1.00e+00 H+o/Hden 1.00e+00 1.69e-12 H-    H2 1.58e-20 7.93e-14 H2+ HeH+ 9.64e-15 Ho+ ColD 6.30e+13 7.72e+17
 Helium        7.40e-07 1.22e-02 9.88e-01 HeI 2s3S 1.21e-08 Comp H,C 4.09e-22 1.39e-22 Fill Fac 1.00e+00 Gam1/tot 9.64e-01
 He singlet n  7.27e-07 7.94e-14 9.47e-21 1.92e-20 6.69e-21 1.67e-20 He tripl 1.21e-08 1.14e-17 1.05e-19 3.14e-19 7.75e-20
 Pressure      NgasTgas 7.50e+08 P(total) 1.04e-07 P( gas ) 1.04e-07 P(Radtn) 2.38e-12 Rad accl 7.90e-06 ForceMul 8.73e+02
 Texc(La)      3.99e+03 T(I con) 4.33e+01 T(D con) 6.12e+00 T(U tot) 4.33e+01 nT (c+d) 1.19e+07 Prad/Gas 2.30e-05 Pmag/Gas 0.00e+00
 Lithium       0.00e+00 0.00e+00 0.00e+00 0.00e+00 Berylliu 0.00e+00 0.00e+00 0.00e+00 0.00e+00 0.00e+00 sec ion: 5.70e-15
 Carbon        0.00e+00 0.00e+00 0.00e+00 0.00e+00 0.00e+00 0.00e+00 0.00e+00 H2O+/O   0.00e+00 OH+/Otot 0.00e+00 Hex(tot) 0.00e+00
 Nitrogen      0.00e+00 0.00e+00 0.00e+00 0.00e+00 0.00e+00 0.00e+00 0.00e+00 0.00e+00 O2/Ototl 0.00e+00 O2+/Otot 0.00e+00
 #### 35  Te:2.961E+04 Hden:1.000E+04 Ne:1.198E+04 R:1.259E+17 R-R0:2.586E+16 dR:5.974E+13 NTR:  8 Htot:2.945E-16 T912: 9.97e+07###
 Hydrogen      1.09e-04 1.00e+00 H+o/Hden 1.00e+00 1.86e-12 H-    H2 2.88e-20 1.15e-13 H2+ HeH+ 3.21e-14 Ho+ ColD 2.46e+16 2.59e+20
 Helium        2.06e-06 2.15e-02 9.79e-01 HeI 2s3S 2.42e-08 Comp H,C 2.46e-22 7.99e-23 Fill Fac 1.00e+00 Gam1/tot 9.69e-01
 He singlet n  2.03e-06 1.64e-13 2.69e-20 3.64e-20 1.51e-20 3.12e-20 He tripl 2.42e-08 3.50e-17 1.95e-19 6.13e-19 1.41e-19
 Pressure      NgasTgas 6.80e+08 P(total) 9.69e-08 P( gas ) 9.39e-08 P(Radtn) 2.91e-09 Rad accl 2.06e-06 ForceMul 3.61e+02
 Texc(La)      4.96e+03 T(I con) 3.80e+01 T(D con) 1.92e+01 T(U tot) 3.86e+01 nT (c+d) 1.38e+07 Prad/Gas 3.01e-02 Pmag/Gas 0.00e+00
 Lithium       0.00e+00 0.00e+00 0.00e+00 0.00e+00 Berylliu 0.00e+00 0.00e+00 0.00e+00 0.00e+00 0.00e+00 sec ion: 8.71e-15
 Carbon        0.00e+00 0.00e+00 0.00e+00 0.00e+00 0.00e+00 0.00e+00 0.00e+00 H2O+/O   0.00e+00 OH+/Otot 0.00e+00 Hex(tot) 0.00e+00
 Nitrogen      0.00e+00 0.00e+00 0.00e+00 0.00e+00 0.00e+00 0.00e+00 0.00e+00 0.00e+00 O2/Ototl 0.00e+00 O2+/Otot 0.00e+00
    - this is the input stream for a planetary nebula  
   Calculation stopped because outer radius reached. Iteration 1 of 1
   The geometry is a thick shell.
 C-I must iterate when save continuum output is done.
  !Destruction of He 2TriS reached 11.9% of the total He0 dest rate at zone 1, 1.0% of that was photoionization.
  !AGE: Cloud age was not set.  Longest timescale was 8.59e+08 s = 2.72e+01 years.
  !The CMB was not included.  This is added with the CMB command.
  !The radiation pressure jumped by 251% at zone 3, from 1.28e-11 to 5.06e-11 to 2.41e-10
   Continuum fluorescent production of H-beta was significant.
   Thermal collisional ionization of H reached 3.60% of the local ionization rate.
   Te-ne bounds of Case B lookup table exceeded, H I Case B line intensities set to zero.
   The density is too low to l-mix the lowest H  I collapsed level.  More resolved levels are needed for accurate line ratios.
   The density is too low to l-mix the lowest He I collapsed level.  More resolved levels are needed for accurate line ratios.
   Grains were not present but might survive in this environment (energy density temperature was 4.33e+01K)
   The continuum optical depth at the lowest energy considered (1.004e-08 Ryd) was 1.122e+02.
   The ratio of radiation to gas pressure reached 3.01e-02 at zone 35.  Caused by Lyman alpha.

                       *********************************> Cloudy 13.02 <**********************************
                       * title - this is the input stream for a planetary nebula                         *
                       * blackbody, temp = 100000K                                                       *
                       * luminosity total 38                                                             *
                       * element Lithium off                                                             *
                       * element Beryllium off                                                           *
                       * element Boron  off                                                              *
                       * element Carbon off                                                              *
                       * element Nitrogen off                                                            *
                       * element Oxygen off                                                              *
                       * element Fluorine  off                                                           *
                       * element Neon off                                                                *
                       * element Sodium off                                                              *
                       * element Magnesium off                                                           *
                       * element Aluminium off                                                           *
                       * element Silicon off                                                             *
                       * element Phosphor off                                                            *
                       * element Sulphur off                                                             *
                       * element Chlorine off                                                            *
                       * element Argon off                                                               *
                       * element Potassium off                                                           *
                       * element Calcium off                                                             *
                       * element Scandium  off                                                           *
                       * element Titanium off                                                            *
                       * element Vanadium off                                                            *
                       * element Chromium off                                                            *
                       * element Manganese off                                                           *
                       * element Iron off                                                                *
                       * element Cobalt off                                                              *
                       * element Nickel off                                                              *
                       * element Copper off                                                              *
                       * element Zinc  off                                                               *
                       * radius inner=17, outer=17.1                                                     *
                       * hden 4                                                                          *
                       * sphere                                                                          *
                       * save overview last "oradius_17.1.ovr"                                           *
                       * save continuum last "oradius_17.1.con" units eV                                 *
                       *********************************> Log(U): -1.30 <*********************************
                       >>>>>>>>>> Cautions are present.
                       >>>>>>>>>> Another iteration is needed.

                     Emission Line Spectrum.   Constant  Density Model.  Closed geometry.  Iteration 1 of 1.
                                    Luminosity (erg/s) emitted by a shell with full coverage.


                                                   Intrinsic line intensities
 general properties..........      H  1 2.279m  33.454   0.1083      Ca B  8665A  31.537   0.0013      Ca B 972.2A  33.800   0.2400            
 TOTL  4861A  34.420   1.0000      H  1 2.279m  33.108   0.0488      Ca B  8598A  31.440   0.0010      Ca B 958.8A  33.643   0.1672            
 TOTL  1216A  36.126  50.8232      H  1 2.279m  32.504   0.0122      Ca B 1.817m  31.665   0.0018      Ca B 949.4A  33.504   0.1213            
 Inci     0   38.0003804.2554      H  1 3.281m  33.080   0.0458      Ca B 1.736m  31.527   0.0013      Ca B 942.6A  33.378   0.0909            
 TotH     0   36.116  49.6461      H  1 3.281m  33.335   0.0822      Ca B 12.37m  31.442   0.0011      Ca B 937.5A  33.265   0.0700            
 TotC     0   36.116  49.6451      H  1 3.281m  33.207   0.0613      H  1     0   34.690   1.8619      Ca B 933.5A  33.160   0.0550            
 BFH1     0   35.897  29.9814      H  1 3.281m  32.911   0.0310      H  1  1216A  36.126  50.8232      Ca B 930.4A  33.064   0.0441            
 BFHe     0   35.713  19.6647      H  1 3.281m  32.475   0.0114      H  1  1026A  34.154   0.5428      Ca B 927.9A  32.975   0.0359            
 H FB     0   35.389   9.3075      H  1 3.281m  31.804   0.0024      H  1 972.5A  34.022   0.4000      Ca B 925.9A  32.891   0.0296            
 HFBc     0   35.389   9.3075      H  1 4.466m  32.867   0.0280      H  1 949.7A  33.937   0.3291      Ca B 924.2A  32.813   0.0247            
 continua....................      H  1 4.466m  33.120   0.0502      H  1 937.8A  33.826   0.2551      Ca B 922.8A  32.739   0.0209            
 Bac   3646A  35.330   8.1401      H  1 4.466m  32.998   0.0379      H  1 930.8A  33.766   0.2219      Ca B 921.6A  32.670   0.0178            
 nFnu  3645A  35.591  14.8462      H  1 4.466m  32.726   0.0202      H  1 926.2A  33.713   0.1966      Ca B 920.6A  32.604   0.0153            
 nFnu  3647A  35.246   6.7061      H  1 4.466m  32.356   0.0086      H  1 923.2A  33.664   0.1756      Ca B 919.8A  32.542   0.0133            
 cout  3646A  35.330   8.1401      H  1 4.466m  31.873   0.0028      H  1 921.0A  33.610   0.1551      Ca B 919.0A  32.483   0.0116            
 thin  3646A  35.330   8.1408      H  1 5.834m  32.685   0.0184      H  1  6563A  34.885   2.9226      Ca B 918.4A  32.427   0.0102            
 Inci  4860A  35.536  13.0598      H  1 5.834m  32.937   0.0329      H  1  4861A  34.420   1.0000      Ca B 917.8A  32.374   0.0090            
 Inci  1215A  37.125 507.8841      H  1 5.834m  32.817   0.0250      H  1  4340A  34.092   0.4706      Ca B  4686A  34.344   0.8394            
 Ba C     0   34.982   3.6517      H  1 5.834m  32.557   0.0137      H  1  4102A  33.823   0.2530      Ca B  3203A  34.016   0.3947            
 PA C     0   34.514   1.2419      H  1 5.834m  32.221   0.0063      H  1  3970A  33.600   0.1516      Ca B  2733A  33.755   0.2162            
 FIR  83.00m  33.695   0.1886      H  1 5.834m  31.818   0.0025      H  1  3889A  33.409   0.0976      Ca B  2511A  33.540   0.1319            
 TIR   1800m  32.717   0.0198      H  1 7.383m  32.526   0.0128      H  1  3835A  33.242   0.0664      Ca B  2386A  33.358   0.0867            
 NIRa 2.850m  35.368   8.8818      H  1 7.383m  32.777   0.0228      H  1  3798A  33.098   0.0476      Ca B  2306A  33.199   0.0602            
 NIRb 3.000m  35.123   5.0486      H  1 7.383m  32.659   0.0173      H  1 1.875m  33.866   0.2792      Ca B  2253A  33.059   0.0436            
 MIRa 15.00m  34.394   0.9428      H  1 7.383m  32.406   0.0097      H  1 1.282m  33.551   0.1352      Ca B  2215A  32.933   0.0326            
 MIRb 22.50m  34.440   1.0474      H  1 7.383m  32.089   0.0047      H  1 1.094m  33.312   0.0781      Ca B  2187A  32.819   0.0251            
 NMIR 21.75m  35.368   8.8818      H  1 7.383m  31.728   0.0020      H  1 1.005m  33.091   0.0469      Ca B  2165A  32.714   0.0197            
 TFIR 611.2m  33.269   0.0706      H  1 9.115m  32.384   0.0092      H  1  9546A  32.902   0.0304      Ca B  2149A  32.617   0.0158            
 TALL 10000A  38.0043840.0620      H  1 9.115m  32.635   0.0164      H  1  9229A  32.737   0.0208      Ca B  2135A  32.527   0.0128            
 F12  12.00m  33.905   0.3060      H  1 9.115m  32.517   0.0125      H  1  9015A  32.595   0.0150      Ca B  2125A  32.444   0.0106            
 F25  25.00m  33.536   0.1306      H  1 9.115m  32.269   0.0071      H  1 4.051m  33.223   0.0635      Ca B  2116A  32.365   0.0088            
 F60  60.00m  33.394   0.0943      H  1 9.115m  31.964   0.0035      H  1 2.625m  32.980   0.0363      Ca B  2109A  32.291   0.0074            
 F100 100.0m  32.911   0.0310      H  1 9.115m  31.629   0.0016      H  1 2.166m  32.753   0.0215      Ca B  2102A  32.221   0.0063            
 MIPS 24.00m  33.225   0.0639      H  1 11.03m  33.007   0.0387      H  1 1.945m  32.562   0.0139      Ca B  2097A  32.155   0.0054            
 MIPS 70.00m  32.907   0.0307      H  1 13.13m  32.894   0.0298      H  1 1.817m  32.397   0.0095      Ca B  2093A  32.092   0.0047            
 MIPS 160.0m  32.520   0.0126      H  1 15.40m  32.791   0.0235      H  1 1.736m  32.255   0.0068      Ca B  2089A  32.033   0.0041            
 IRAC 3.600m  33.894   0.2979      H  1 17.87m  32.695   0.0188      H  1 7.458m  32.752   0.0215      Ca B  2086A  31.976   0.0036            
 IRAC 4.500m  33.955   0.3431      H  1 20.51m  32.605   0.0153      H  1 4.653m  32.505   0.0122      Ca B  2083A  31.922   0.0032            
 IRAC 5.800m  33.776   0.2270      H  1 23.33m  32.521   0.0126      H  1 3.740m  32.307   0.0077      Ca B 1.012m  33.730   0.2041            
 IRAC 8.000m  33.870   0.2823      H  1 26.34m  32.442   0.0105      H  1 3.296m  32.139   0.0052      Ca B  6560A  33.474   0.1133            
 SPR1 250.0m  32.499   0.0120      H  1 29.53m  32.368   0.0089      H  1 3.038m  31.994   0.0038      Ca B  5412A  33.256   0.0686            
 SPR2 350.0m  32.381   0.0091      H  1 32.91m  32.298   0.0076      H  1 12.37m  32.319   0.0079      Ca B  4860A  33.070   0.0447            
 SPR3 500.0m  32.325   0.0080      H  1 36.46m  32.231   0.0065      H  1 7.500m  32.107   0.0049      Ca B  4542A  32.910   0.0309            
 PAC1 70.00m  32.968   0.0353      H  1 40.20m  32.168   0.0056      H  1 5.907m  31.931   0.0032      Ca B  4339A  32.767   0.0223            
 PAC2 100.0m  32.911   0.0310      H  1 44.12m  32.107   0.0049      H  1 5.127m  31.781   0.0023      Ca B  4200A  32.640   0.0166            
 PAC3 160.0m  32.798   0.0239      H  1 48.22m  32.049   0.0043      H  1 19.06m  31.942   0.0033      Ca B  4100A  32.524   0.0127            
 PAH  3.300m  33.087   0.0465      H  1 52.50m  31.994   0.0038      H  1 11.31m  31.758   0.0022      Ca B  4026A  32.419   0.0100            
 PAHC 3.230m  32.757   0.0218      H  1 56.97m  33.140   0.0525      H  1 8.758m  31.600   0.0015      Ca B  3969A  32.321   0.0080            
 PAHC 3.370m  32.710   0.0195      He 2 227.9A  36.108  48.8071      H  1 27.80m  31.600   0.0015      Ca B  3924A  32.231   0.0065            
 PAH  6.200m  33.264   0.0699      He 2 911.4A  34.790   2.3478      H  1 16.20m  31.442   0.0011      Ca B  3888A  32.146   0.0053            
 PAHC 5.650m  33.333   0.0820      He 2 911.4A  35.153   5.4132      Ca A 303.8A  36.130  51.2979      Ca B  3858A  32.067   0.0044            
 PAH  7.900m  33.471   0.1124      He 2  2050A  34.082   0.4596      Ca A 256.3A  35.470  11.2264      Ca B  3834A  31.992   0.0037            
 PAHC 6.900m  33.493   0.1183      He 2  2050A  34.498   1.1974      Ca A 243.0A  35.055   4.3191      Ca B  3814A  31.922   0.0032            
 PAH  11.30m  32.720   0.0200      He 2  2050A  34.425   1.0132      Ca A 237.4A  34.750   2.1408      Ca B  3797A  31.855   0.0027            
 PAHC 10.90m  32.690   0.0186      He 2  3645A  33.585   0.1463      Ca A 234.4A  34.508   1.2258      Ca B  3782A  31.792   0.0024            
 PAH  11.80m  32.860   0.0276      He 2  3645A  34.008   0.3875      Ca A 232.6A  34.306   0.7703      Ca B  3769A  31.732   0.0021            
 PAHC 12.65m  32.950   0.0339      He 2  3645A  34.043   0.4204      Ca A 231.5A  34.133   0.5169      Ca B  3758A  31.675   0.0018            
 PAH  13.30m  32.879   0.0288      He 2  3645A  33.733   0.2056      Ca A 230.7A  33.981   0.3642      Ca B  3749A  31.620   0.0016            
 PAHC 14.10m  32.795   0.0237      He 2  5695A  33.220   0.0631      Ca A 230.2A  33.846   0.2666      Ca B 1.864m  33.239   0.0660            
 Bcon  3640A  37.100 478.7022      He 2  5695A  33.643   0.1671      Ca A 229.8A  33.723   0.2011      Ca B 1.163m  33.034   0.0412            
 Pcon  5000A  35.731  20.4961      He 2  5695A  33.711   0.1957      Ca A 229.4A  33.611   0.1555      Ca B  9345A  32.848   0.0268            
 HFFc     0   35.353   8.5744      He 2  5695A  33.549   0.1347      Ca A 229.2A  33.509   0.1228      Ca B  8237A  32.686   0.0184            
 H FF     0   35.217   6.2738      He 2  5695A  33.081   0.0458      Ca A 229.0A  33.414   0.0987      Ca B  7593A  32.542   0.0132            
 HeFF     0   34.782   2.3005      He 2  8201A  32.933   0.0326      Ca A 228.9A  33.326   0.0806      Ca B  7178A  32.413   0.0098            
 ToFF     0   35.353   8.5743      He 2  8201A  33.354   0.0860      Ca A 228.7A  33.244   0.0668      Ca B  6891A  32.296   0.0075            
 nFnu 1.335c  31.504   0.0012      He 2  8201A  33.435   0.1036      Ca A 228.6A  33.168   0.0560      Ca B  6684A  32.190   0.0059            
 nFnu  9993m  31.617   0.0016      He 2  8201A  33.328   0.0809      Ca A 228.6A  33.096   0.0475      Ca B  6527A  32.091   0.0047            
 nFnu  6917m  31.758   0.0022      He 2  8201A  33.033   0.0411      Ca A 228.5A  33.029   0.0407      Ca B  6407A  32.000   0.0038            
 nFnu 122.4m  33.263   0.0697      He 2  8201A  32.456   0.0109      Ca A 228.4A  32.966   0.0352      Ca B  6311A  31.915   0.0031            
 nFnu 60.83m  33.511   0.1233      He 2 1.116m  32.698   0.0190      Ca A 228.4A  32.907   0.0307      Ca B  6234A  31.836   0.0026            
 nFnu 41.22m  33.649   0.1694      He 2 1.116m  33.117   0.0499      Ca A 228.3A  32.852   0.0271      Ca B  6171A  31.761   0.0022            
 nFnu 30.87m  33.750   0.2139      He 2 1.116m  33.204   0.0608      Ca A 228.3A  32.800   0.0240      Ca B  6119A  31.690   0.0019            
 nFnu 24.78m  33.826   0.2551      He 2 1.116m  33.122   0.0503      Ca A 228.3A  32.753   0.0215      Ca B  6074A  31.623   0.0016            
 nFnu 24.30m  33.833   0.2591      He 2 1.116m  32.898   0.0301      Ca A  1640A  35.077   4.5451      Ca B  6037A  31.559   0.0014            
 nFnu 22.83m  33.854   0.2720      He 2 1.116m  32.512   0.0124      Ca A  1215A  34.615   1.5675      Ca B  6005A  31.499   0.0012            
 nFnu 21.42m  33.877   0.2864      He 2 1.116m  31.857   0.0027      Ca A  1085A  34.286   0.7342      Ca B  5977A  31.441   0.0010            
 nFnu 21.12m  33.882   0.2898      He 2 1.458m  32.500   0.0120      Ca A  1025A  34.030   0.4075      Ca B 3.091m  32.825   0.0254            
 nFnu 19.62m  33.906   0.3066      He 2 1.458m  32.918   0.0315      Ca A 992.4A  33.820   0.2515      Ca B 1.874m  32.658   0.0173            
 nFnu 17.65m  33.945   0.3348      He 2 1.458m  33.007   0.0387      Ca A 972.2A  33.642   0.1668      Ca B 1.476m  32.498   0.0120            
 nFnu 17.37m  33.950   0.3388      He 2 1.458m  32.938   0.0330      Ca A 958.8A  33.486   0.1166      Ca B 1.281m  32.354   0.0086            
 nFnu 15.69m  33.984   0.3665      He 2 1.458m  32.751   0.0214      Ca A 949.4A  33.348   0.0849      Ca B 1.167m  32.224   0.0064            
 nFnu 14.60m  34.008   0.3879      He 2 1.458m  32.450   0.0107      Ca A 942.6A  33.224   0.0638      Ca B 1.093m  32.107   0.0049            
 nFnu 12.43m  34.069   0.4457      He 2 1.458m  32.002   0.0038      Ca A 937.5A  33.111   0.0492      Ca B 1.042m  31.999   0.0038            
 nFnu 11.40m  34.098   0.4765      He 2 1.845m  32.329   0.0081      Ca A 933.5A  33.008   0.0387      Ca B  9763A  31.809   0.0024            
 nInu 11.40m  31.488   0.0012      He 2 1.845m  32.746   0.0212      Ca A 930.4A  32.912   0.0311      Ca B  9542A  31.723   0.0020            
 nFnu 10.46m  34.128   0.5111      He 2 1.845m  32.836   0.0261      Ca A 927.9A  32.823   0.0253      Ca B  9367A  31.643   0.0017            
 nInu 10.46m  31.598   0.0015      He 2 1.845m  32.775   0.0226      Ca A 925.9A  32.740   0.0209      Ca B  9226A  31.568   0.0014            
 nFnu 9.480m  34.162   0.5529      He 2 1.845m  32.608   0.0154      Ca A 924.2A  32.662   0.0175      Ca B  9109A  31.497   0.0012            
 nInu 9.480m  31.728   0.0020      He 2 1.845m  32.352   0.0086      Ca A 922.8A  32.588   0.0147      Ca B  9012A  31.429   0.0010            
 nFnu 9.325m  34.167   0.5594      He 2 1.845m  31.999   0.0038      Ca A 921.6A  32.519   0.0126      Ca B 4.762m  32.467   0.0111            
 nInu 9.325m  31.748   0.0021      He 2 1.845m  31.505   0.0012      Ca A 920.6A  32.453   0.0108      Ca B 2.825m  32.329   0.0081            
 nFnu 8.210m  34.214   0.6225      He 2 2.278m  32.179   0.0057      Ca A 919.8A  32.390   0.0093      Ca B 2.189m  32.189   0.0059            
 nInu 8.210m  31.917   0.0031      He 2 2.278m  32.594   0.0150      Ca A 919.0A  32.331   0.0081      Ca B 1.876m  32.060   0.0044            
 nFnu 7.580m  34.241   0.6622      He 2 2.278m  32.684   0.0184      Ca A 918.4A  32.274   0.0071      Ca B 1.692m  31.943   0.0033            
 nInu 7.580m  32.021   0.0040      He 2 2.278m  32.628   0.0162      Ca A 917.8A  32.220   0.0063      Ca B 1.572m  31.835   0.0026            
 nFnu 7.050m  34.267   0.7040      He 2 2.278m  32.474   0.0113      Ca A  4686A  34.301   0.7608      Ca B 1.488m  31.736   0.0021            
 nInu 7.050m  32.112   0.0049      He 2 2.278m  32.246   0.0067      Ca A  3203A  33.964   0.3499      Ca B 1.427m  31.644   0.0017            
 nFnu 4.114m  34.459   1.0947      He 2 2.278m  31.945   0.0034      Ca A  2733A  33.698   0.1897      Ca B 1.380m  31.558   0.0014            
 nInu 4.114m  32.812   0.0247      He 2 2.278m  31.554   0.0014      Ca A  2511A  33.481   0.1152      Ca B 1.344m  31.477   0.0011            
 nFnu 2.324m  34.655   1.7195      He 2 2.756m  33.192   0.0591      Ca A  2386A  33.298   0.0755      Ca B 6.946m  32.150   0.0054            
 nInu 2.324m  33.548   0.1345      He 2 3.280m  33.079   0.0457      Ca A  2306A  33.139   0.0524      Ca B 4.050m  32.035   0.0041            
 nFnu 1.643m  34.784   2.3112      He 2 3.850m  32.976   0.0360      Ca A  2253A  32.998   0.0379      Ca B 3.095m  31.912   0.0031            
 nInu 1.643m  33.992   0.3737      He 2 4.465m  32.880   0.0289      Ca A  2215A  32.872   0.0283      Ca B 2.624m  31.796   0.0024            
 nFnu 1.480m  34.812   2.4702      He 2 5.125m  32.791   0.0235      Ca A  2187A  32.758   0.0218      Ca B 2.346m  31.689   0.0019            
 nInu 1.480m  34.127   0.5096      He 2 5.832m  32.707   0.0194      Ca A  2165A  32.653   0.0171      Ca B 2.165m  31.589   0.0015            
 nFnu 1.436m  34.865   2.7905      He 2 6.583m  32.629   0.0162      Ca A  2149A  32.556   0.0137      Ca B 2.037m  31.497   0.0012            
 nInu 1.436m  34.165   0.5567      He 2 7.381m  32.555   0.0136      Ca A  2135A  32.466   0.0111      Ca B 9.711m  31.866   0.0028            
 nFnu 1.119m  34.930   3.2391      He 2 8.223m  32.485   0.0116      Ca A  2125A  32.382   0.0092      Ca B 5.582m  31.770   0.0022            
 nInu 1.119m  34.485   1.1615      He 2 9.112m  32.418   0.0100      Ca A  2116A  32.303   0.0076      Ca B 4.217m  31.660   0.0017            
 nFnu  8330A  35.007   3.8664      He 2 10.05m  32.355   0.0086      Ca A  2109A  32.229   0.0064      Ca B 3.543m  31.555   0.0014            
 nInu  8330A  34.859   2.7512      He 2 11.03m  32.295   0.0075      Ca A  2102A  32.159   0.0055      Ca B 3.145m  31.457   0.0011            
 nFnu  8079A  35.123   5.0494      He 2 12.05m  32.237   0.0066      Ca A  2097A  32.093   0.0047      He 2     0   35.801  24.0617            
 nInu  8079A  34.897   3.0021      He 2 13.12m  32.182   0.0058      Ca A  2093A  32.029   0.0041      He 2 303.8A  36.154  54.2278            
 nFnu  6210A  35.169   5.6159      He 2 14.24m  33.358   0.0868      Ca A  2089A  31.969   0.0035      He 2 256.3A  33.976   0.3599            
 nInu  6210A  35.230   6.4645      He 1 504.3A  33.518   0.1253      Ca A  2086A  31.912   0.0031      He 2 243.0A  33.875   0.2851            
 nFnu  4885A  35.230   6.4678      He 1  2600A  32.009   0.0039      Ca A  2083A  31.857   0.0027      He 2 237.4A  33.805   0.2428            
 nInu  4885A  35.529  12.8513      He 1  3121A  31.464   0.0011      Ca A 1.012m  33.710   0.1951      He 2 234.4A  33.759   0.2184            
 nFnu  3704A  35.243   6.6600      He 1  3421A  31.798   0.0024      Ca A  6560A  33.449   0.1070      He 2 232.6A  33.718   0.1988            
 nInu  3704A  35.866  27.9133      He 1  3421A  32.019   0.0040      Ca A  5412A  33.228   0.0643      He 2 231.5A  33.679   0.1815            
 nFnu  3588A  35.593  14.8894      He 1  3679A  31.550   0.0013      Ca A  4860A  33.041   0.0418      He 2 230.7A  33.644   0.1676            
 nInu  3588A  35.908  30.7760      He 1  7843A  31.619   0.0016      Ca A  4542A  32.879   0.0288      He 2 230.2A  33.618   0.1579            
 nFnu  2430A  35.550  13.4952      grains......................      Ca A  4339A  32.736   0.0207      He 2  1640A  35.261   6.9348            
 nInu  2430A  36.371  89.3857      H-like iso-sequence.........      Ca A  4200A  32.608   0.0154      He 2  1215A  34.781   2.2952            
 nFnu  2392A  35.547  13.4077      Clin 912.0A  35.809  24.5033      Ca A  4100A  32.492   0.0118      He 2  1085A  34.450   1.0719            
 nInu  2392A  36.388  93.0403      Clin 228.0A  32.180   0.0058      Ca A  4026A  32.386   0.0092      He 2  1025A  34.196   0.5969            
 nFnu  2071A  35.517  12.5135      Cool  1216A  35.516  12.4939      Ca A  3969A  32.288   0.0074      He 2 992.4A  33.989   0.3711            
 nInu  2071A  36.555 136.4540      Crst 960.0A  35.499  12.0093      Ca A  3924A  32.197   0.0060      He 2 972.2A  33.816   0.2489            
 nFnu  2053A  35.682  18.3000      CION     0   34.763   2.2035      Ca A  3888A  32.112   0.0049      He 2 958.8A  33.666   0.1764            
 nInu  2053A  36.566 140.0620      Q(H)  4861A  35.952  34.0417      Ca A  3858A  32.033   0.0041      He 2 949.4A  33.537   0.1309            
 nFnu  1793A  35.638  16.5131      Q(H)  1216A  37.4881171.0504      Ca A  3834A  31.958   0.0035      He 2  4686A  34.383   0.9183            
 nInu  1793A  36.717 198.3316      CaBo  4861A  34.319   0.7933      Ca A  3814A  31.888   0.0029      He 2  3203A  34.016   0.3949            
 nFnu  1585A  35.594  14.9219      CaBo  1640A  35.273   7.1409      Ca A  3797A  31.821   0.0025      He 2  2733A  33.752   0.2147            
 nInu  1585A  36.848 268.1135      CaBo  4686A  34.340   0.8330      Ca A  3782A  31.757   0.0022      He 2  2511A  33.538   0.1313            
 nFnu  1458A  35.558  13.7498      Ca A 937.8A  33.465   0.1109      Ca A  3769A  31.696   0.0019      He 2  2386A  33.358   0.0868            
 nInu  1458A  36.939 330.2687      Ca A 930.8A  33.261   0.0693      Ca A  3758A  31.639   0.0017      He 2  2306A  33.203   0.0608            
 nFnu  1357A  35.521  12.6279      Ca A 926.2A  33.085   0.0463      Ca A  3749A  31.583   0.0015      He 2  2253A  33.068   0.0444            
 nInu  1357A  37.012 390.7613      Ca A 923.2A  32.931   0.0325      Ca A 1.864m  33.225   0.0639      He 2 1.012m  33.802   0.2409            
 nFnu  1297A  35.486  11.6414      Ca A 921.0A  32.795   0.0237      Ca A 1.163m  33.019   0.0397      He 2  6560A  33.485   0.1162            
 nInu  1297A  37.058 434.5897      Ca A 919.4A  32.675   0.0180      Ca A  9345A  32.831   0.0258      He 2  5412A  33.256   0.0687            
 nFnu  1263A  35.449  10.6902      Ca A 918.1A  32.567   0.0140      Ca A  8237A  32.667   0.0177      He 2  4860A  33.069   0.0446            
 nInu  1263A  37.088 466.1158      Ca A 917.2A  32.471   0.0113      Ca A  7593A  32.522   0.0127      He 2  4542A  32.909   0.0309            
 nFnu  1218A  35.385   9.2376      Ca A 916.4A  32.386   0.0093      Ca A  7178A  32.393   0.0094      He 2  4339A  32.769   0.0223            
 nInu  1218A  37.123 505.3492      Ca A 915.8A  32.311   0.0078      Ca A  6891A  32.276   0.0072      He 2 1.864m  33.348   0.0847            
 nFnu  1196A  35.380   9.1209      Ca A 915.3A  32.244   0.0067      Ca A  6684A  32.169   0.0056      He 2 1.163m  33.063   0.0440            
 nInu  1196A  37.138 523.0008      Ca A 914.9A  32.183   0.0058      Ca A  6527A  32.070   0.0045      He 2  9345A  32.857   0.0274            
 nFnu  1175A  35.373   8.9796      Ca A 914.6A  32.127   0.0051      Ca A  6407A  31.979   0.0036      He 2  8237A  32.690   0.0186            
 nInu  1175A  37.158 547.3400      Ca A 914.3A  32.076   0.0045      Ca A  6311A  31.894   0.0030      He 2  7593A  32.545   0.0133            
 nFnu  1144A  35.364   8.7992      Ca A 914.0A  32.027   0.0041      Ca A  6234A  31.814   0.0025      He 2 3.091m  32.973   0.0357            
 nInu  1144A  37.187 585.6135      Ca A 913.8A  31.982   0.0036      Ca A  6171A  31.738   0.0021      He 2 1.874m  32.714   0.0197            
 nFnu  1113A  35.358   8.6791      Ca A 913.6A  31.940   0.0033      Ca A  6119A  31.667   0.0018      He 2 1.476m  32.520   0.0126            
 nInu  1113A  37.212 619.1701      Ca A 913.5A  31.900   0.0030      Ca A  6074A  31.600   0.0015      He 2 1.281m  32.366   0.0088            
 nFnu  1103A  35.356   8.6389      Ca A 913.3A  31.863   0.0028      Ca A  6037A  31.536   0.0013      He 2 4.762m  32.652   0.0171            
 nInu  1103A  37.221 633.0244      Ca A  3970A  32.692   0.0187      Ca A  6005A  31.475   0.0011      He 2 2.825m  32.418   0.0100            
 nFnu  1074A  35.352   8.5589      Ca A  3889A  32.515   0.0124      Ca A 3.091m  32.814   0.0248      He 2 2.189m  32.230   0.0065            
 nInu  1074A  37.245 668.7617      Ca A  3835A  32.359   0.0087      Ca A 1.874m  32.647   0.0169      He 2 6.946m  32.368   0.0089            
 nFnu  1064A  35.351   8.5352      Ca A  3798A  32.220   0.0063      Ca A 1.476m  32.485   0.0116      He 2 4.050m  32.164   0.0056            
 nInu  1064A  37.254 683.5019      Ca A  3771A  32.094   0.0047      Ca A 1.281m  32.341   0.0083      He 2 9.711m  32.113   0.0049            
 nFnu  1036A  35.349   8.4971      Ca A  3750A  31.980   0.0036      Ca A 1.167m  32.210   0.0062      He-like iso-sequence........            
 nInu  1036A  37.278 721.4836      Ca A  3734A  31.874   0.0028      Ca A 1.093m  32.092   0.0047      Clin 506.0A  33.155   0.0543            
 nFnu  1000A  35.349   8.4957      Ca A  3722A  31.776   0.0023      Ca A 1.042m  31.985   0.0037      Ca B  3188A  31.546   0.0013            
 nInu  1000A  37.310 777.4146      Ca A  3712A  31.685   0.0018      Ca A  9763A  31.793   0.0024      Ca B  3889A  32.005   0.0038            
 nFnu 925.1A  35.361   8.7301      Ca A  3704A  31.600   0.0015      Ca A  9542A  31.708   0.0019      Ca B  4471A  31.516   0.0012            
 nInu 925.1A  37.382 917.5958      Ca A  3697A  31.520   0.0013      Ca A  9367A  31.627   0.0016      Ca B  5876A  32.124   0.0051            
 nFnu 897.8A  36.763 220.2935      Ca A  3692A  31.446   0.0011      Ca A  9226A  31.552   0.0014      Ca B  6678A  31.581   0.0015            
 nInu 897.8A  37.343 838.8573      Ca A  9546A  32.091   0.0047      Ca A  9109A  31.480   0.0011      Ca B  7065A  31.701   0.0019            
 nFnu 760.0A  36.482 115.4682      Ca A  9229A  31.935   0.0033      Ca A 4.762m  32.456   0.0109      Ca B 1.083m  33.121   0.0503            
 nInu 760.0A  37.5021208.8556      Ca A  9015A  31.796   0.0024      Ca A 2.825m  32.319   0.0079      Ca B 2.058m  31.567   0.0014            
 nFnu 701.5A  36.334  82.0463      Ca A  8863A  31.670   0.0018      Ca A 2.189m  32.179   0.0057      He 1     0   32.913   0.0312            
 nInu 701.5A  37.5701412.6776      Ca A  8750A  31.555   0.0014      Ca A 1.876m  32.049   0.0043      He 1 584.3A  33.439   0.1045            
 nFnu 608.2A  36.078  45.5046      Ca A  8665A  31.449   0.0011      Ca A 1.692m  31.931   0.0032      He 1 537.0A  32.867   0.0280            
 nInu 608.2A  37.6771806.8915      Ca A 1.817m  31.614   0.0016      Ca A 1.572m  31.823   0.0025      He 1 522.2A  32.485   0.0116            
 nFnu 575.1A  36.000  38.0301      Ca A 1.736m  31.475   0.0011      Ca A 1.488m  31.724   0.0020      He 1 515.6A  32.189   0.0059            
 nInu 575.1A  37.7121958.5194      Ca B  3970A  32.880   0.0288      Ca A 1.427m  31.631   0.0016      He 1 512.1A  32.043   0.0042            
 nFnu 511.9A  35.901  30.2723      Ca B  3889A  32.699   0.0190      Ca A 1.380m  31.545   0.0013      He 1 625.6A  32.467   0.0111            
 nInu 511.9A  37.7742262.1401      Ca B  3835A  32.541   0.0132      Ca A 1.344m  31.465   0.0011      TOTL 1.083m  33.089   0.0467            
 nFnu 496.9A  35.903  30.4411      Ca B  3798A  32.400   0.0096      Ca A 6.946m  32.139   0.0052      He 1 1.083m  33.089   0.0467            
 nInu 496.9A  37.7882334.8604      Ca B  3771A  32.275   0.0072      Ca A 4.050m  32.026   0.0040      He 1 1.083m  32.135   0.0052            
 nFnu 399.2A  35.926  32.0717      Ca B  3750A  32.160   0.0055      Ca A 3.095m  31.902   0.0030      He 1 1.083m  32.612   0.0156            
 nInu 399.2A  37.8542720.0430      Ca B  3734A  32.056   0.0043      Ca A 2.624m  31.786   0.0023      He 1 1.083m  32.833   0.0259            
 RRC.........................      Ca B  3722A  31.961   0.0035      Ca A 2.346m  31.679   0.0018      He 1  3889A  31.939   0.0033            
 H  1 911.8A  35.994  37.5028      Ca B  3712A  31.873   0.0028      Ca A 2.165m  31.579   0.0014      He 1  3188A  31.477   0.0011            
 H  1  3646A  34.757   2.1720      Ca B  3704A  31.791   0.0024      Ca A 2.037m  31.487   0.0012      He 1  7065A  31.672   0.0018            
 H  1  3646A  34.972   3.5636      Ca B  3697A  31.715   0.0020      Ca A 9.711m  31.855   0.0027      He 1  5876A  32.019   0.0040            
 H  1  8204A  34.096   0.4746      Ca B  3692A  31.644   0.0017      Ca A 5.582m  31.760   0.0022      Pho+  3889A  33.370   0.0891            
 H  1  8204A  34.350   0.8514      Ca B  3687A  31.577   0.0014      Ca A 4.217m  31.651   0.0017      database lines..............            
 H  1  8204A  34.085   0.4623      Ca B  3683A  31.513   0.0012      Ca A 3.543m  31.546   0.0013      level 1 lines...............            
 H  1 1.458m  33.660   0.1739      Ca B  3679A  31.452   0.0011      Ca A 3.145m  31.448   0.0011      recombination...............            
 H  1 1.458m  33.917   0.3144      Ca B  9546A  32.175   0.0057      Ca B  1640A  35.249   6.7531      level2 lines................            
 H  1 1.458m  33.750   0.2140      Ca B  9229A  32.020   0.0040      Ca B  1215A  34.783   2.3102      hyperfine structure.........            
 H  1 1.458m  33.265   0.0700      Ca B  9015A  31.881   0.0029      Ca B  1085A  34.451   1.0739      inner shell.................            
 H  1 2.279m  33.337   0.0826      Ca B  8863A  31.755   0.0022      Ca B  1025A  34.192   0.5922      molecules...................            
 H  1 2.279m  33.593   0.1490      Ca B  8750A  31.641   0.0017      Ca B 992.4A  33.980   0.3634            

                                                    Emergent line intensities
 Caution: emergent intensities are not reliable on the first iteration.
 general properties..........      nInu 701.5A  37.5701412.6776      Ca A  1215A  34.615   1.5675      Ca B  2083A  31.922   0.0032            
 TOTL  4861A  34.420   1.0000      nFnu 608.2A  36.078  45.5046      Ca A  1085A  34.286   0.7342      Ca B 1.012m  33.730   0.2041            
 TOTL  1216A  36.126  50.8228      nInu 608.2A  37.6771806.8915      Ca A  1025A  34.030   0.4075      Ca B  6560A  33.474   0.1133            
 continua....................      nFnu 575.1A  36.000  38.0301      Ca A 992.4A  33.820   0.2515      Ca B  5412A  33.256   0.0686            
 Bac   3646A  35.330   8.1401      nInu 575.1A  37.7121958.5194      Ca A 972.2A  33.642   0.1668      Ca B  4860A  33.070   0.0447            
 nFnu  3645A  35.591  14.8462      nFnu 511.9A  35.901  30.2723      Ca A 958.8A  33.486   0.1166      Ca B  4542A  32.910   0.0309            
 nFnu  3647A  35.246   6.7061      nInu 511.9A  37.7742262.1401      Ca A 949.4A  33.348   0.0849      Ca B  4339A  32.767   0.0223            
 cout  3646A  35.330   8.1401      nFnu 496.9A  35.903  30.4411      Ca A 942.6A  33.224   0.0638      Ca B  4200A  32.640   0.0166            
 thin  3646A  35.330   8.1408      nInu 496.9A  37.7882334.8604      Ca A 937.5A  33.111   0.0492      Ca B  4100A  32.524   0.0127            
 Inci  4860A  35.536  13.0598      nFnu 399.2A  35.926  32.0717      Ca A 933.5A  33.008   0.0387      Ca B  4026A  32.419   0.0100            
 Inci  1215A  37.125 507.8841      nInu 399.2A  37.8542720.0430      Ca A 930.4A  32.912   0.0311      Ca B  3969A  32.321   0.0080            
 FIR  83.00m  33.695   0.1886      RRC.........................      Ca A 927.9A  32.823   0.0253      Ca B  3924A  32.231   0.0065            
 TIR   1800m  32.717   0.0198      grains......................      Ca A 925.9A  32.740   0.0209      Ca B  3888A  32.146   0.0053            
 NIRa 2.850m  35.368   8.8818      H-like iso-sequence.........      Ca A 924.2A  32.662   0.0175      Ca B  3858A  32.067   0.0044            
 NIRb 3.000m  35.123   5.0486      Clin 912.0A  35.809  24.5033      Ca A 922.8A  32.588   0.0147      Ca B  3834A  31.992   0.0037            
 MIRa 15.00m  34.394   0.9428      Clin 228.0A  32.180   0.0058      Ca A 921.6A  32.519   0.0126      Ca B  3814A  31.922   0.0032            
 MIRb 22.50m  34.440   1.0474      Cool  1216A  35.516  12.4939      Ca A 920.6A  32.453   0.0108      Ca B  3797A  31.855   0.0027            
 NMIR 21.75m  35.368   8.8818      Crst 960.0A  35.499  12.0093      Ca A 919.8A  32.390   0.0093      Ca B  3782A  31.792   0.0024            
 TFIR 611.2m  33.269   0.0706      Q(H)  4861A  35.952  34.0417      Ca A 919.0A  32.331   0.0081      Ca B  3769A  31.732   0.0021            
 TALL 10000A  38.0043840.0615      Q(H)  1216A  37.4881171.0504      Ca A 918.4A  32.274   0.0071      Ca B  3758A  31.675   0.0018            
 F12  12.00m  33.905   0.3060      CaBo  4861A  34.019   0.3973      Ca A 917.8A  32.220   0.0063      Ca B  3749A  31.620   0.0016            
 F25  25.00m  33.536   0.1306      CaBo  1640A  34.973   3.5763      Ca A  4686A  34.301   0.7608      Ca B 1.864m  33.239   0.0660            
 F60  60.00m  33.394   0.0943      CaBo  4686A  34.040   0.4172      Ca A  3203A  33.964   0.3499      Ca B 1.163m  33.034   0.0412            
 F100 100.0m  32.911   0.0310      Ca A 937.8A  33.465   0.1109      Ca A  2733A  33.698   0.1897      Ca B  9345A  32.848   0.0268            
 MIPS 24.00m  33.225   0.0639      Ca A 930.8A  33.261   0.0693      Ca A  2511A  33.481   0.1152      Ca B  8237A  32.686   0.0184            
 MIPS 70.00m  32.907   0.0307      Ca A 926.2A  33.085   0.0463      Ca A  2386A  33.298   0.0755      Ca B  7593A  32.542   0.0132            
 MIPS 160.0m  32.520   0.0126      Ca A 923.2A  32.931   0.0325      Ca A  2306A  33.139   0.0524      Ca B  7178A  32.413   0.0098            
 IRAC 3.600m  33.894   0.2979      Ca A 921.0A  32.795   0.0237      Ca A  2253A  32.998   0.0379      Ca B  6891A  32.296   0.0075            
 IRAC 4.500m  33.955   0.3431      Ca A 919.4A  32.675   0.0180      Ca A  2215A  32.872   0.0283      Ca B  6684A  32.190   0.0059            
 IRAC 5.800m  33.776   0.2270      Ca A 918.1A  32.567   0.0140      Ca A  2187A  32.758   0.0218      Ca B  6527A  32.091   0.0047            
 IRAC 8.000m  33.870   0.2823      Ca A 917.2A  32.471   0.0113      Ca A  2165A  32.653   0.0171      Ca B  6407A  32.000   0.0038            
 SPR1 250.0m  32.499   0.0120      Ca A 916.4A  32.386   0.0093      Ca A  2149A  32.556   0.0137      Ca B  6311A  31.915   0.0031            
 SPR2 350.0m  32.381   0.0091      Ca A 915.8A  32.311   0.0078      Ca A  2135A  32.466   0.0111      Ca B  6234A  31.836   0.0026            
 SPR3 500.0m  32.325   0.0080      Ca A 915.3A  32.244   0.0067      Ca A  2125A  32.382   0.0092      Ca B  6171A  31.761   0.0022            
 PAC1 70.00m  32.968   0.0353      Ca A 914.9A  32.183   0.0058      Ca A  2116A  32.303   0.0076      Ca B  6119A  31.690   0.0019            
 PAC2 100.0m  32.911   0.0310      Ca A 914.6A  32.127   0.0051      Ca A  2109A  32.229   0.0064      Ca B  6074A  31.623   0.0016            
 PAC3 160.0m  32.798   0.0239      Ca A 914.3A  32.076   0.0045      Ca A  2102A  32.159   0.0055      Ca B  6037A  31.559   0.0014            
 PAH  3.300m  33.087   0.0465      Ca A 914.0A  32.027   0.0041      Ca A  2097A  32.093   0.0047      Ca B  6005A  31.499   0.0012            
 PAHC 3.230m  32.757   0.0218      Ca A 913.8A  31.982   0.0036      Ca A  2093A  32.029   0.0041      Ca B  5977A  31.441   0.0010            
 PAHC 3.370m  32.710   0.0195      Ca A 913.6A  31.940   0.0033      Ca A  2089A  31.969   0.0035      Ca B 3.091m  32.825   0.0254            
 PAH  6.200m  33.264   0.0699      Ca A 913.5A  31.900   0.0030      Ca A  2086A  31.912   0.0031      Ca B 1.874m  32.658   0.0173            
 PAHC 5.650m  33.333   0.0820      Ca A 913.3A  31.863   0.0028      Ca A  2083A  31.857   0.0027      Ca B 1.476m  32.498   0.0120            
 PAH  7.900m  33.471   0.1124      Ca A  3970A  32.692   0.0187      Ca A 1.012m  33.710   0.1951      Ca B 1.281m  32.354   0.0086            
 PAHC 6.900m  33.493   0.1183      Ca A  3889A  32.515   0.0124      Ca A  6560A  33.449   0.1070      Ca B 1.167m  32.224   0.0064            
 PAH  11.30m  32.720   0.0200      Ca A  3835A  32.359   0.0087      Ca A  5412A  33.228   0.0643      Ca B 1.093m  32.107   0.0049            
 PAHC 10.90m  32.690   0.0186      Ca A  3798A  32.220   0.0063      Ca A  4860A  33.041   0.0418      Ca B 1.042m  31.999   0.0038            
 PAH  11.80m  32.860   0.0276      Ca A  3771A  32.094   0.0047      Ca A  4542A  32.879   0.0288      Ca B  9763A  31.809   0.0024            
 PAHC 12.65m  32.950   0.0339      Ca A  3750A  31.980   0.0036      Ca A  4339A  32.736   0.0207      Ca B  9542A  31.723   0.0020            
 PAH  13.30m  32.879   0.0288      Ca A  3734A  31.874   0.0028      Ca A  4200A  32.608   0.0154      Ca B  9367A  31.643   0.0017            
 PAHC 14.10m  32.795   0.0237      Ca A  3722A  31.776   0.0023      Ca A  4100A  32.492   0.0118      Ca B  9226A  31.568   0.0014            
 Bcon  3640A  37.100 478.6969      Ca A  3712A  31.685   0.0018      Ca A  4026A  32.386   0.0092      Ca B  9109A  31.497   0.0012            
 Pcon  5000A  35.731  20.4961      Ca A  3704A  31.600   0.0015      Ca A  3969A  32.288   0.0074      Ca B  9012A  31.429   0.0010            
 nFnu 1.335c  31.504   0.0012      Ca A  3697A  31.520   0.0013      Ca A  3924A  32.197   0.0060      Ca B 4.762m  32.467   0.0111            
 nFnu  9993m  31.617   0.0016      Ca A  3692A  31.446   0.0011      Ca A  3888A  32.112   0.0049      Ca B 2.825m  32.329   0.0081            
 nFnu  6917m  31.758   0.0022      Ca A  9546A  32.091   0.0047      Ca A  3858A  32.033   0.0041      Ca B 2.189m  32.189   0.0059            
 nFnu 122.4m  33.263   0.0697      Ca A  9229A  31.935   0.0033      Ca A  3834A  31.958   0.0035      Ca B 1.876m  32.060   0.0044            
 nFnu 60.83m  33.511   0.1233      Ca A  9015A  31.796   0.0024      Ca A  3814A  31.888   0.0029      Ca B 1.692m  31.943   0.0033            
 nFnu 41.22m  33.649   0.1694      Ca A  8863A  31.670   0.0018      Ca A  3797A  31.821   0.0025      Ca B 1.572m  31.835   0.0026            
 nFnu 30.87m  33.750   0.2139      Ca A  8750A  31.555   0.0014      Ca A  3782A  31.757   0.0022      Ca B 1.488m  31.736   0.0021            
 nFnu 24.78m  33.826   0.2551      Ca A  8665A  31.449   0.0011      Ca A  3769A  31.696   0.0019      Ca B 1.427m  31.644   0.0017            
 nFnu 24.30m  33.833   0.2591      Ca A 1.817m  31.614   0.0016      Ca A  3758A  31.639   0.0017      Ca B 1.380m  31.558   0.0014            
 nFnu 22.83m  33.854   0.2720      Ca A 1.736m  31.475   0.0011      Ca A  3749A  31.583   0.0015      Ca B 1.344m  31.477   0.0011            
 nFnu 21.42m  33.877   0.2864      Ca B  3970A  32.880   0.0288      Ca A 1.864m  33.225   0.0639      Ca B 6.946m  32.150   0.0054            
 nFnu 21.12m  33.882   0.2898      Ca B  3889A  32.699   0.0190      Ca A 1.163m  33.019   0.0397      Ca B 4.050m  32.035   0.0041            
 nFnu 19.62m  33.906   0.3066      Ca B  3835A  32.541   0.0132      Ca A  9345A  32.831   0.0258      Ca B 3.095m  31.912   0.0031            
 nFnu 17.65m  33.945   0.3348      Ca B  3798A  32.400   0.0096      Ca A  8237A  32.667   0.0177      Ca B 2.624m  31.796   0.0024            
 nFnu 17.37m  33.950   0.3388      Ca B  3771A  32.275   0.0072      Ca A  7593A  32.522   0.0127      Ca B 2.346m  31.689   0.0019            
 nFnu 15.69m  33.984   0.3665      Ca B  3750A  32.160   0.0055      Ca A  7178A  32.393   0.0094      Ca B 2.165m  31.589   0.0015            
 nFnu 14.60m  34.008   0.3879      Ca B  3734A  32.056   0.0043      Ca A  6891A  32.276   0.0072      Ca B 2.037m  31.497   0.0012            
 nFnu 12.43m  34.069   0.4457      Ca B  3722A  31.961   0.0035      Ca A  6684A  32.169   0.0056      Ca B 9.711m  31.866   0.0028            
 nFnu 11.40m  34.098   0.4765      Ca B  3712A  31.873   0.0028      Ca A  6527A  32.070   0.0045      Ca B 5.582m  31.770   0.0022            
 nInu 11.40m  31.488   0.0012      Ca B  3704A  31.791   0.0024      Ca A  6407A  31.979   0.0036      Ca B 4.217m  31.660   0.0017            
 nFnu 10.46m  34.128   0.5111      Ca B  3697A  31.715   0.0020      Ca A  6311A  31.894   0.0030      Ca B 3.543m  31.555   0.0014            
 nInu 10.46m  31.598   0.0015      Ca B  3692A  31.644   0.0017      Ca A  6234A  31.814   0.0025      Ca B 3.145m  31.457   0.0011            
 nFnu 9.480m  34.162   0.5529      Ca B  3687A  31.577   0.0014      Ca A  6171A  31.738   0.0021      He 2 303.8A  36.154  54.2278            
 nInu 9.480m  31.728   0.0020      Ca B  3683A  31.513   0.0012      Ca A  6119A  31.667   0.0018      He 2 256.3A  33.976   0.3599            
 nFnu 9.325m  34.167   0.5594      Ca B  3679A  31.452   0.0011      Ca A  6074A  31.600   0.0015      He 2 243.0A  33.875   0.2851            
 nInu 9.325m  31.748   0.0021      Ca B  9546A  32.175   0.0057      Ca A  6037A  31.536   0.0013      He 2 237.4A  33.805   0.2428            
 nFnu 8.210m  34.214   0.6225      Ca B  9229A  32.020   0.0040      Ca A  6005A  31.475   0.0011      He 2 234.4A  33.759   0.2184            
 nInu 8.210m  31.917   0.0031      Ca B  9015A  31.881   0.0029      Ca A 3.091m  32.814   0.0248      He 2 232.6A  33.718   0.1988            
 nFnu 7.580m  34.241   0.6622      Ca B  8863A  31.755   0.0022      Ca A 1.874m  32.647   0.0169      He 2 231.5A  33.679   0.1815            
 nInu 7.580m  32.021   0.0040      Ca B  8750A  31.641   0.0017      Ca A 1.476m  32.485   0.0116      He 2 230.7A  33.644   0.1676            
 nFnu 7.050m  34.267   0.7040      Ca B  8665A  31.537   0.0013      Ca A 1.281m  32.341   0.0083      He 2 230.2A  33.618   0.1579            
 nInu 7.050m  32.112   0.0049      Ca B  8598A  31.440   0.0010      Ca A 1.167m  32.210   0.0062      He 2  1640A  35.261   6.9348            
 nFnu 4.114m  34.459   1.0947      Ca B 1.817m  31.665   0.0018      Ca A 1.093m  32.092   0.0047      He 2  1215A  34.781   2.2952            
 nInu 4.114m  32.812   0.0247      Ca B 1.736m  31.527   0.0013      Ca A 1.042m  31.985   0.0037      He 2  1085A  34.450   1.0719            
 nFnu 2.324m  34.655   1.7195      Ca B 12.37m  31.442   0.0011      Ca A  9763A  31.793   0.0024      He 2  1025A  34.196   0.5969            
 nInu 2.324m  33.548   0.1345      H  1  1216A  36.126  50.8228      Ca A  9542A  31.708   0.0019      He 2 992.4A  33.989   0.3711            
 nFnu 1.643m  34.784   2.3112      H  1  1026A  34.154   0.5428      Ca A  9367A  31.627   0.0016      He 2 972.2A  33.816   0.2489            
 nInu 1.643m  33.992   0.3737      H  1 972.5A  34.022   0.4000      Ca A  9226A  31.552   0.0014      He 2 958.8A  33.666   0.1764            
 nFnu 1.480m  34.812   2.4702      H  1 949.7A  33.937   0.3291      Ca A  9109A  31.480   0.0011      He 2 949.4A  33.537   0.1309            
 nInu 1.480m  34.127   0.5096      H  1 937.8A  33.826   0.2551      Ca A 4.762m  32.456   0.0109      He 2  4686A  34.383   0.9183            
 nFnu 1.436m  34.865   2.7905      H  1 930.8A  33.766   0.2219      Ca A 2.825m  32.319   0.0079      He 2  3203A  34.016   0.3949            
 nInu 1.436m  34.165   0.5567      H  1 926.2A  33.713   0.1966      Ca A 2.189m  32.179   0.0057      He 2  2733A  33.752   0.2147            
 nFnu 1.119m  34.930   3.2391      H  1 923.2A  33.664   0.1756      Ca A 1.876m  32.049   0.0043      He 2  2511A  33.538   0.1313            
 nInu 1.119m  34.485   1.1615      H  1 921.0A  33.610   0.1551      Ca A 1.692m  31.931   0.0032      He 2  2386A  33.358   0.0868            
 nFnu  8330A  35.007   3.8664      H  1  6563A  34.885   2.9226      Ca A 1.572m  31.823   0.0025      He 2  2306A  33.203   0.0608            
 nInu  8330A  34.859   2.7512      H  1  4861A  34.420   1.0000      Ca A 1.488m  31.724   0.0020      He 2  2253A  33.068   0.0444            
 nFnu  8079A  35.123   5.0494      H  1  4340A  34.092   0.4706      Ca A 1.427m  31.631   0.0016      He 2 1.012m  33.802   0.2409            
 nInu  8079A  34.897   3.0021      H  1  4102A  33.823   0.2530      Ca A 1.380m  31.545   0.0013      He 2  6560A  33.485   0.1162            
 nFnu  6210A  35.169   5.6159      H  1  3970A  33.600   0.1516      Ca A 1.344m  31.465   0.0011      He 2  5412A  33.256   0.0687            
 nInu  6210A  35.230   6.4645      H  1  3889A  33.409   0.0976      Ca A 6.946m  32.139   0.0052      He 2  4860A  33.069   0.0446            
 nFnu  4885A  35.230   6.4678      H  1  3835A  33.242   0.0664      Ca A 4.050m  32.026   0.0040      He 2  4542A  32.909   0.0309            
 nInu  4885A  35.529  12.8513      H  1  3798A  33.098   0.0476      Ca A 3.095m  31.902   0.0030      He 2  4339A  32.769   0.0223            
 nFnu  3704A  35.243   6.6600      H  1 1.875m  33.866   0.2792      Ca A 2.624m  31.786   0.0023      He 2 1.864m  33.348   0.0847            
 nInu  3704A  35.866  27.9133      H  1 1.282m  33.551   0.1352      Ca A 2.346m  31.679   0.0018      He 2 1.163m  33.063   0.0440            
 nFnu  3588A  35.593  14.8894      H  1 1.094m  33.312   0.0781      Ca A 2.165m  31.579   0.0014      He 2  9345A  32.857   0.0274            
 nInu  3588A  35.908  30.7760      H  1 1.005m  33.091   0.0469      Ca A 2.037m  31.487   0.0012      He 2  8237A  32.690   0.0186            
 nFnu  2430A  35.550  13.4952      H  1  9546A  32.902   0.0304      Ca A 9.711m  31.855   0.0027      He 2  7593A  32.545   0.0133            
 nInu  2430A  36.371  89.3857      H  1  9229A  32.737   0.0208      Ca A 5.582m  31.760   0.0022      He 2 3.091m  32.973   0.0357            
 nFnu  2392A  35.547  13.4077      H  1  9015A  32.595   0.0150      Ca A 4.217m  31.651   0.0017      He 2 1.874m  32.714   0.0197            
 nInu  2392A  36.388  93.0403      H  1 4.051m  33.223   0.0635      Ca A 3.543m  31.546   0.0013      He 2 1.476m  32.520   0.0126            
 nFnu  2071A  35.517  12.5135      H  1 2.625m  32.980   0.0363      Ca A 3.145m  31.448   0.0011      He 2 1.281m  32.366   0.0088            
 nInu  2071A  36.555 136.4540      H  1 2.166m  32.753   0.0215      Ca B  1640A  35.249   6.7531      He 2 4.762m  32.652   0.0171            
 nFnu  2053A  35.682  18.3000      H  1 1.945m  32.562   0.0139      Ca B  1215A  34.783   2.3102      He 2 2.825m  32.418   0.0100            
 nInu  2053A  36.566 140.0620      H  1 1.817m  32.397   0.0095      Ca B  1085A  34.451   1.0739      He 2 2.189m  32.230   0.0065            
 nFnu  1793A  35.638  16.5131      H  1 1.736m  32.255   0.0068      Ca B  1025A  34.192   0.5922      He 2 6.946m  32.368   0.0089            
 nInu  1793A  36.717 198.3316      H  1 7.458m  32.752   0.0215      Ca B 992.4A  33.980   0.3634      He 2 4.050m  32.164   0.0056            
 nFnu  1585A  35.594  14.9219      H  1 4.653m  32.505   0.0122      Ca B 972.2A  33.800   0.2400      He 2 9.711m  32.113   0.0049            
 nInu  1585A  36.848 268.1135      H  1 3.740m  32.307   0.0077      Ca B 958.8A  33.643   0.1672      He-like iso-sequence........            
 nFnu  1458A  35.558  13.7498      H  1 3.296m  32.139   0.0052      Ca B 949.4A  33.504   0.1213      Clin 506.0A  33.155   0.0543            
 nInu  1458A  36.939 330.2687      H  1 3.038m  31.994   0.0038      Ca B 942.6A  33.378   0.0909      Ca B  3188A  31.546   0.0013            
 nFnu  1357A  35.521  12.6279      H  1 12.37m  32.319   0.0079      Ca B 937.5A  33.265   0.0700      Ca B  3889A  32.005   0.0038            
 nInu  1357A  37.012 390.7613      H  1 7.500m  32.107   0.0049      Ca B 933.5A  33.160   0.0550      Ca B  4471A  31.516   0.0012            
 nFnu  1297A  35.486  11.6414      H  1 5.907m  31.931   0.0032      Ca B 930.4A  33.064   0.0441      Ca B  5876A  32.124   0.0051            
 nInu  1297A  37.058 434.5897      H  1 5.127m  31.781   0.0023      Ca B 927.9A  32.975   0.0359      Ca B  6678A  31.581   0.0015            
 nFnu  1263A  35.449  10.6902      H  1 19.06m  31.942   0.0033      Ca B 925.9A  32.891   0.0296      Ca B  7065A  31.701   0.0019            
 nInu  1263A  37.088 466.1158      H  1 11.31m  31.758   0.0022      Ca B 924.2A  32.813   0.0247      Ca B 1.083m  33.121   0.0503            
 nFnu  1218A  35.385   9.2376      H  1 8.758m  31.600   0.0015      Ca B 922.8A  32.739   0.0209      Ca B 2.058m  31.567   0.0014            
 nInu  1218A  37.123 505.3492      H  1 27.80m  31.600   0.0015      Ca B 921.6A  32.670   0.0178      He 1 584.3A  33.439   0.1045            
 nFnu  1196A  35.380   9.1209      H  1 16.20m  31.442   0.0011      Ca B 920.6A  32.604   0.0153      He 1 537.0A  32.867   0.0280            
 nInu  1196A  37.138 523.0008      Ca A 303.8A  36.125  50.7181      Ca B 919.8A  32.542   0.0133      He 1 522.2A  32.485   0.0116            
 nFnu  1175A  35.373   8.9796      Ca A 256.3A  35.467  11.1429      Ca B 919.0A  32.483   0.0116      He 1 515.6A  32.189   0.0059            
 nInu  1175A  37.158 547.3400      Ca A 243.0A  35.052   4.2907      Ca B 918.4A  32.427   0.0102      He 1 512.1A  32.043   0.0042            
 nFnu  1144A  35.364   8.7992      Ca A 237.4A  34.748   2.1276      Ca B 917.8A  32.374   0.0090      He 1 625.6A  32.467   0.0111            
 nInu  1144A  37.187 585.6135      Ca A 234.4A  34.506   1.2185      Ca B  4686A  34.344   0.8394      TOTL 1.083m  33.089   0.0467            
 nFnu  1113A  35.358   8.6791      Ca A 232.6A  34.304   0.7658      Ca B  3203A  34.016   0.3947      He 1 1.083m  33.089   0.0467            
 nInu  1113A  37.212 619.1701      Ca A 231.5A  34.131   0.5139      Ca B  2733A  33.755   0.2162      He 1 1.083m  32.135   0.0052            
 nFnu  1103A  35.356   8.6389      Ca A 230.7A  33.979   0.3621      Ca B  2511A  33.540   0.1319      He 1 1.083m  32.612   0.0156            
 nInu  1103A  37.221 633.0244      Ca A 230.2A  33.843   0.2650      Ca B  2386A  33.358   0.0867      He 1 1.083m  32.833   0.0259            
 nFnu  1074A  35.352   8.5589      Ca A 229.8A  33.721   0.2000      Ca B  2306A  33.199   0.0602      He 1  3889A  31.939   0.0033            
 nInu  1074A  37.245 668.7617      Ca A 229.4A  33.609   0.1546      Ca B  2253A  33.059   0.0436      He 1  3188A  31.477   0.0011            
 nFnu  1064A  35.351   8.5352      Ca A 229.2A  33.506   0.1221      Ca B  2215A  32.933   0.0326      He 1  7065A  31.672   0.0018            
 nInu  1064A  37.254 683.5019      Ca A 229.0A  33.412   0.0982      Ca B  2187A  32.819   0.0251      He 1  5876A  32.019   0.0040            
 nFnu  1036A  35.349   8.4971      Ca A 228.9A  33.324   0.0802      Ca B  2165A  32.714   0.0197      Pho+  3889A  33.370   0.0891            
 nInu  1036A  37.278 721.4836      Ca A 228.7A  33.242   0.0664      Ca B  2149A  32.617   0.0158      database lines..............            
 nFnu  1000A  35.349   8.4957      Ca A 228.6A  33.165   0.0557      Ca B  2135A  32.527   0.0128      level 1 lines...............            
 nInu  1000A  37.310 777.4146      Ca A 228.6A  33.094   0.0472      Ca B  2125A  32.444   0.0106      recombination...............            
 nFnu 925.1A  35.361   8.7301      Ca A 228.5A  33.027   0.0404      Ca B  2116A  32.365   0.0088      level2 lines................            
 nInu 925.1A  37.382 917.5958      Ca A 228.4A  32.964   0.0350      Ca B  2109A  32.291   0.0074      hyperfine structure.........            
 nFnu 897.8A  36.763 220.2935      Ca A 228.4A  32.905   0.0305      Ca B  2102A  32.221   0.0063      inner shell.................            
 nInu 897.8A  37.343 838.8573      Ca A 228.3A  32.850   0.0269      Ca B  2097A  32.155   0.0054      molecules...................            
 nFnu 760.0A  36.482 115.4682      Ca A 228.3A  32.798   0.0239      Ca B  2093A  32.092   0.0047            
 nInu 760.0A  37.5021208.8556      Ca A 228.3A  32.750   0.0214      Ca B  2089A  32.033   0.0041            
 nFnu 701.5A  36.334  82.0463      Ca A  1640A  35.077   4.5451      Ca B  2086A  31.976   0.0036            



  - this is the input stream for a planetary nebula  
 Cooling:  HFBc     0 :0.187 HFFc     0 :0.173 Clin 912.0A:0.494  
 Heating:  BFH1     0 :0.604 BFHe     0 :0.396  

 These are some of the most important databases used by Cloudy:
 Many recombination coefficients were taken from http://amdpp.phys.strath.ac.uk/tamoc/RR/ and http://amdpp.phys.strath.ac.uk/tamoc/DR/
      and are based on the following papers:
        Badnell N. R., et al., A&A 406, 1151 (2003) [http://adsabs.harvard.edu/abs/2003A%26A...406.1151B]
        Badnell N. R., ApJS 167, 334 (2006) [http://adsabs.harvard.edu/abs/2006ApJS..167..334B]
 Much of the molecular emission data is from LAMDA as accessed on Dec. 18, 2010. This database is described in:
        Schoeier F.L., et al., A&A 432, 369 (2005) [http://adsabs.harvard.edu/abs/2005A%26A...432..369S]
      This database is in part based on the work of the following groups:
        JPL: Pickett H. M. et al., JQSRT, 60, 883 (1998). [http://adsabs.harvard.edu/abs/1998JQSRT..60..883P]
        CDMS: Mueller H. S. et al., A&A 370, L49 (2001). [http://adsabs.harvard.edu/abs/2001A%26A...370L..49M]
              Mueller H. S. et al., J. Mol. Struct. 742, 215 (2005). [http://adsabs.harvard.edu/abs/2005JMoSt.742..215M]
 Much of the ionic emission data is from version 7.0 of CHIANTI. CHIANTI is a collaborative project involving the NRL (USA), the
      Universities of Florence (Italy) and Cambridge (UK), and George Mason University (USA). These papers describe Chianti:
        Dere K. P., et al., A&AS, 125, 149 (1997) [http://adsabs.harvard.edu/abs/1997A%26AS..125..149D]
        Landi E., et al., ApJ, 744, 99 (2012) [http://adsabs.harvard.edu/abs/2012ApJ...744...99L]
 Much of the H_2 data is from this web site: http://molat.obspm.fr/index.php?page=pages/Molecules/H2/H2can94.php. These data are
      described in:
        Abgrall H. et al., Can. J. Phys., 72, 856 (1994) [http://adsabs.harvard.edu/abs/1994CaJPh..72..856A]
        Wrathmall S. A. & Flower D. R., J. Phys. B, 40, 3221 (2007) [http://adsabs.harvard.edu/abs/2007JPhB...40.3221W]
 Please cite those papers that played a significant role in this calculation.

 IONIZE PARMET:  U(1-) -1.3010  U(4-): -2.5309  U(sp): -1.50  Q(ion):   48.268  L(ion) 37.938    Q(low): 48.514    L(low) 37.124
 ENERGY BUDGET:  Heat:  36.116  Coolg:  36.116  Error:  0.0%  Rec Lin:  35.834  F-F  H  0.000    P(rad/tot)max     3.01E-02

     Col(Heff):      0.000E+00  snd travl time  1.26E+10 sec  Te-low: 2.96E+04  Te-hi: 3.26E+04  G0TH85: 4.64E+04  G0DB96:7.76E+04
  Emiss Measure    n(e)n(p) dl       3.102E+24  n(e)n(He+)dl         4.917E+21  En(e)n(He++) dl         3.054E+23  ne nC+:0.00E+00
 He/Ha:7.46E-02  =   0.75*true  Lthin:9.27E+01  itr/zn: 8.80  H2 itr/zn:  0.00  File Opacity: F  MassTot 9.75e+31  (gm)
   Temps(21 cm)   T(21cm/Ly a)  4.75E+03        T(<nH/Tkin>)  3.08E+04          T(<nH/Tspin>)    5.01E+03          TB21cm:2.99E-04
                   N(H0/Tspin)  4.91E+12        N(OH/Tkin)    0.00E+00          B(21cm)          0.00E+00
   <a>:2.38E-06  erdeFe0.0E+00  Tcompt5.88E+06  Tthr4.78E+08  <Tden>: 3.09E+04  <dens>:2.34E-20  <MolWgt>6.13E-01
     Mean Jeans  l(cm)9.19E+19  M(sun)4.78E+06  smallest:     len(cm):8.99E+19  M(sun):4.48E+06  a_ox tran:  0.00
 Rion:1.259E+17  Dist:0.00E+00  Diam:0.000E+00
 Hatom level 70  HatomType: add  HInducImp  F  He tot level: 63  He2 level:   70  ExecTime     6.4
 ConvrgError(%)  <eden>  0.000  MaxEden  0.000  <H-C>   0.03  Max(H-C)    0.30  <Press>   0.000  MaxPrs er  0.000
  Continuity(%)  chng Te   1.1  elec den   0.0  n(H2)    0.0  n(CO)        0.0

                                                        Averaged Quantities
             Te      Te(Ne)   Te(NeNp)  Te(NeHe+)Te(NeHe2+) Te(NeO+)  Te(NeO2+)  Te(H2)     N(H)     Ne(O2+)   Ne(Np)
 Radius:  3.09e+04  3.09e+04  3.09e+04  3.08e+04  3.09e+04  0.00e+00  0.00e+00  3.08e+04  1.00e+04  0.00e+00  1.20e+04
   Area:  3.09e+04  3.09e+04  3.09e+04  3.07e+04  3.09e+04  0.00e+00  0.00e+00  3.07e+04  1.00e+04  0.00e+00  1.20e+04
 Volume:  3.08e+04  3.08e+04  3.08e+04  3.07e+04  3.08e+04  0.00e+00  0.00e+00  3.07e+04  1.00e+04  0.00e+00  1.20e+04
 
 Peimbert T(OIIIr)0.00E+00 T(Bac)3.45E+04 T(Hth)0.00E+00 t2(Hstrc) 7.70e-04 T(O3-BAC)0.00E+00 t2(O3-BC) 0.00e+00 t2(O3str) 0.00e+00

 Contin Optical Depths: COMP: 2.06e-04    H-: 1.79e-08 R(1300): 1.65e-07  H2+: 1.76e-10  Pfa:1.03E-04
                          Pa: 1.03e-04    Ba: 1.03e-04      Hb: 1.03e-04   La: 2.81e-04     1r:4.986E+07  1.8:1.19E+07 4.:1.719E+06

 Old, new H  1 continuum optical depths:
     1 9.97e+07     2 1.00e-20     3 1.00e-20     4 1.00e-20     5 1.00e-20     6 1.00e-20     7 1.00e-20     8 1.00e-20
     9 1.00e-20    10 1.00e-20    11 1.00e-20    12 1.00e-20    13 1.00e-20    14 1.00e-20    15 1.00e-20    16 1.00e-20
    17 1.00e-20    18 1.00e-20    19 1.00e-20    20 1.00e-20    21 1.00e-20    22 1.00e-20    23 1.00e-20    24 1.00e-20
    25 1.00e-20    26 1.00e-20    27 1.00e-20    28 1.00e-20    29 1.00e-20    30 1.00e-20    31 1.00e-20    32 1.00e-20
    33 1.00e-20    34 1.00e-20    35 1.00e-20    36 1.00e-20    37 1.00e-20    38 1.00e-20    39 1.00e-20    40 1.00e-20
    41 1.00e-20    42 1.00e-20    43 1.00e-20    44 1.00e-20    45 1.00e-20    46 1.00e-20    47 1.00e-20    48 1.00e-20
    49 1.00e-20    50 1.00e-20    51 1.00e-20    52 1.00e-20    53 1.00e-20    54 1.00e-20
     1 4.99e+07     2 2.11e-08     3 8.96e-09     4 8.96e-09     5 8.96e-09     6 2.23e-09     7 2.23e-09     8 2.23e-09
     9 2.23e-09    10 1.49e-12    11 1.49e-12    12 1.49e-12    13 1.49e-12    14 1.49e-12    15 3.41e-12    16 3.41e-12
    17 3.41e-12    18 3.41e-12    19 3.41e-12    20 3.41e-12    21 7.01e-12    22 7.01e-12    23 7.01e-12    24 7.01e-12
    25 7.01e-12    26 7.01e-12    27 7.01e-12    28 1.33e-11    29 1.33e-11    30 1.33e-11    31 1.33e-11    32 1.33e-11
    33 1.33e-11    34 1.33e-11    35 1.33e-11    36 2.39e-11    37 2.39e-11    38 2.39e-11    39 2.39e-11    40 2.39e-11
    41 2.39e-11    42 2.39e-11    43 2.39e-11    44 2.39e-11    45 4.06e-11    46 4.06e-11    47 4.06e-11    48 4.06e-11
    49 4.06e-11    50 4.06e-11    51 4.06e-11    52 4.06e-11    53 4.06e-11    54 4.06e-11

 Old, new H  1 mean line optical depths:
  2- 1 1.61e+20  3- 2 6.01e+00  4- 3 1.77e-20  5- 4 1.77e-20  6- 5 1.77e-20  7- 6 1.77e-20  8- 7 1.77e-20
  9- 8 1.77e-20 10- 9 1.77e-20
  2- 1 1.47e+03  3- 2 7.57e-04  4- 3 7.20e-09  5- 4 8.10e-09  6- 5 1.22e-08  7- 6 1.92e-08  8- 7 3.20e-08
  9- 8 7.10e-08 10- 9 1.70e-07

 Old, new He 2 continuum optical depths:
     1 3.44e+06     2 9.86e+07     3 1.00e-20     4 1.00e-20     5 1.00e-20     6 1.00e-20     7 1.00e-20     8 1.00e-20
     9 1.00e-20    10 1.00e-20    11 1.00e-20    12 1.00e-20    13 1.00e-20    14 1.00e-20    15 1.00e-20    16 1.00e-20
    17 1.00e-20    18 1.00e-20    19 1.00e-20    20 1.00e-20    21 1.00e-20    22 1.00e-20    23 1.00e-20    24 1.00e-20
    25 1.00e-20    26 1.00e-20    27 1.00e-20    28 1.00e-20    29 1.00e-20    30 1.00e-20    31 1.00e-20    32 1.00e-20
    33 1.00e-20    34 1.00e-20    35 1.00e-20    36 1.00e-20    37 1.00e-20    38 1.00e-20    39 1.00e-20    40 1.00e-20
    41 1.00e-20    42 1.00e-20    43 1.00e-20    44 1.00e-20    45 1.00e-20    46 1.00e-20    47 1.00e-20    48 1.00e-20
    49 1.00e-20    50 1.00e-20    51 1.00e-20    52 1.00e-20    53 1.00e-20    54 1.00e-20
     1 1.72e+06     2 4.93e+07     3 9.40e-07     4 9.40e-07     5 9.40e-07     6 2.11e-08     7 2.11e-08     8 2.11e-08
     9 2.11e-08    10 7.26e-09    11 7.26e-09    12 7.26e-09    13 7.26e-09    14 7.26e-09    15 8.96e-09    16 8.96e-09
    17 8.96e-09    18 8.96e-09    19 8.96e-09    20 8.96e-09    21 7.57e-09    22 7.57e-09    23 7.57e-09    24 7.57e-09
    25 7.57e-09    26 7.57e-09    27 7.57e-09    28 2.23e-09    29 2.23e-09    30 2.23e-09    31 2.23e-09    32 2.23e-09
    33 2.23e-09    34 2.23e-09    35 2.23e-09    36 8.64e-13    37 8.64e-13    38 8.64e-13    39 8.64e-13    40 8.64e-13
    41 8.64e-13    42 8.64e-13    43 8.64e-13    44 8.64e-13    45 1.49e-12    46 1.49e-12    47 1.49e-12    48 1.49e-12
    49 1.49e-12    50 1.49e-12    51 1.49e-12    52 1.49e-12    53 1.49e-12    54 1.49e-12

 Old, new He 2 mean line optical depths:
  2- 1 1.61e+19  3- 2 6.01e-01  4- 3 1.77e-20  5- 4 1.77e-20  6- 5 1.77e-20  7- 6 1.77e-20  8- 7 1.77e-20
  9- 8 1.77e-20 10- 9 1.77e-20
  2- 1 1.21e+04  3- 2 1.90e-05  4- 3 8.56e-11  5- 4 9.83e-11  6- 5 1.47e-10  7- 6 2.37e-10  8- 7 3.88e-10
  9- 8 6.32e-10 10- 9 1.01e-09

 Old He Is optical depths:    1 2.38e+07    2 1.00e-20    3 1.00e-20    4 1.00e-20    5 1.00e-20
 New He Is optical depths:    1 1.19e+07    2 1.21e-06    3 1.57e-08    4 1.89e-08    5 1.89e-08
          Old He Is Lines:  584 3.54e-20 3889 3.54e-20 5016 3.54e-20 5876 3.54e-20
          New He Is Lines:  584 1.22e+00 3889 2.58e-02 5016 5.23e-07 5876 4.00e-10

==== H      compounds ====           Log10 column densities [cm^-2}
   H2        :  0.072   H2*       :  0.661   H2+       :  7.400   H3+       : -8.087
==== He     compounds ====
   HeH+      :  6.675


               1      2      3      4      5      6      7      8      9     10     11     12     13     14     15     16     17

 Hydrogen   16.391 20.413  0.761 (H2)                Log10 Column density (cm^-2)
 Helium     13.512 17.613 19.406
 Exc state    He1* 11.642   CII*-35.930   C11*-35.930   C12*-35.930   C13*-35.930   O11*-35.930   O12*-35.930   O13*-35.930
              Si2*-35.930   C30*-35.930   C31*-35.930   C32*-35.930


 Hydrogen   -4.017 -0.000-19.343 (H2)                 Log10 Mean Ionisation (over volume)
 Helium     -5.885 -1.791 -0.007

               1      2      3      4      5      6      7      8      9     10     11     12     13     14     15     16     17

 Hydrogen   -4.020 -0.000-19.347 (H2)                 Log10 Mean Ionisation (over area)
 Helium     -5.893 -1.795 -0.007

               1      2      3      4      5      6      7      8      9     10     11     12     13     14     15     16     17

 Hydrogen   -4.022 -0.000-19.352 (H2)                 Log10 Mean Ionisation (over radius)
 Helium     -5.901 -1.800 -0.007

               1      2      3      4      5      6      7      8      9     10     11     12     13     14     15     16     17

 Hydrogen   -4.017 -0.000-19.343 (H2)         Log10 Mean Ionisation (over volume*electron density)
 Helium     -5.885 -1.791 -0.007

               1      2      3      4      5      6      7      8      9     10     11     12     13     14     15     16     17

 Hydrogen   -4.020 -0.000-19.347 (H2)         Log10 Mean Ionisation (over area*electron density)
 Helium     -5.893 -1.795 -0.007

               1      2      3      4      5      6      7      8      9     10     11     12     13     14     15     16     17

 Hydrogen   -4.022 -0.000-19.352 (H2)         Log10 Mean Ionisation (over radius*electron density)
 Helium     -5.901 -1.800 -0.007

               1      2      3      4      5      6      7      8      9     10     11     12     13     14     15     16     17

 Hydrogen    4.488  4.489  4.487 (H2)                  Log10 Mean Temperature (over volume)
 Helium      4.485  4.487  4.489

               1      2      3      4      5      6      7      8      9     10     11     12     13     14     15     16     17

 Hydrogen    4.489  4.490  4.488 (H2)                  Log10 Mean Temperature (over area)
 Helium      4.486  4.488  4.490

               1      2      3      4      5      6      7      8      9     10     11     12     13     14     15     16     17

 Hydrogen    4.489  4.490  4.489 (H2)                  Log10 Mean Temperature (over radius)
 Helium      4.487  4.488  4.490

               1      2      3      4      5      6      7      8      9     10     11     12     13     14     15     16     17

 Hydrogen    4.488  4.489  4.487 (H2)          Log10 Mean Temperature (over volume*electron density)
 Helium      4.485  4.487  4.489

               1      2      3      4      5      6      7      8      9     10     11     12     13     14     15     16     17

 Hydrogen    4.489  4.490  4.488 (H2)          Log10 Mean Temperature (over area*electron density)
 Helium      4.486  4.488  4.490

               1      2      3      4      5      6      7      8      9     10     11     12     13     14     15     16     17

 Hydrogen    4.489  4.490  4.489 (H2)          Log10 Mean Temperature (over radius*electron density)
 Helium      4.487  4.488  4.490

               1      2      3      4      5      6      7      8      9     10     11     12     13     14     15     16     17
 - this is the input stream for a planetary nebula  

---------------Convergence statistics---------------
      1.04 mean iterations/state convergence
      2.12 mean cx acceleration loops/iteration
      1.03 mean iso convergence loops/ion solve
         1 mean steps/chemistry solve
         1 mean step length searches/chemistry step
----------------------------------------------------

 Cloudy ends: 35 zones, 1 iteration, 1 caution.  ExecTime(s) 6.38
 [Stop in cdMain at maincl.cpp:483, Cloudy exited OK]
