                                                          Cloudy 13.02
                                                         www.nublado.org

                       **************************************13Feb20**************************************
                       *                                                                                 *
                       * title - this is the input stream for a planetary nebula                         *
                       * blackbody, temp = 100000K                                                       *
                       * luminosity total 38                                                             *
                       * element Lithium off                                                             *
                       * element Beryllium off                                                           *
                       * element Boron  off                                                              *
                       * element Carbon off                                                              *
                       * element Nitrogen off                                                            *
                       * element Oxygen off                                                              *
                       * element Fluorine  off                                                           *
                       * element Neon off                                                                *
                       * element Sodium off                                                              *
                       * element Magnesium off                                                           *
                       * element Aluminium off                                                           *
                       * element Silicon off                                                             *
                       * element Phosphor off                                                            *
                       * element Sulphur off                                                             *
                       * element Chlorine off                                                            *
                       * element Argon off                                                               *
                       * element Potassium off                                                           *
                       * element Calcium off                                                             *
                       * element Scandium  off                                                           *
                       * element Titanium off                                                            *
                       * element Vanadium off                                                            *
                       * element Chromium off                                                            *
                       * element Manganese off                                                           *
                       * element Iron off                                                                *
                       * element Cobalt off                                                              *
                       * element Nickel off                                                              *
                       * element Copper off                                                              *
                       * element Zinc  off                                                               *
                       * radius inner=17, outer=17.4                                                     *
                       * hden 4                                                                          *
                       * sphere                                                                          *
                       * save overview last "oradius_17.4.ovr"                                           *
                       * save continuum last "oradius_17.4.con" units eV                                 *
                       *                                                                                 *
                       ***********************************************************************************



           4311CellPeak1.79E+00   Lo 1.00e-08=910.79cm   Hi-Con:2.29E+01 Ryd   E(hi):7.35E+06Ryd     E(hi):     100.01 MeV
           L(nu>1ryd):  37.9511   Average nu:2.176E+00   L( X-ray):  27.6627   L(BalC):  37.0163     Q(Balmer C):  47.8583
           Q(1.0-1.8):  47.9224   Q(1.8-4.0):  47.9716   Q(4.0-20):  47.0452   Q(20--):  36.9991     Ion pht flx:1.499E+13
           L(gam ray):   0.0000   Q(gam ray):   0.0000   L(Infred):  35.4328   Alf(ox):   0.0000     Total lumin:  38.0000
           log L/Lsun:   4.4172   Abs bol mg:  -6.2930   Abs V mag:   0.0378   Bol cor:  -6.3308     nuFnu(Bbet):  35.5356
           U(1.0----):5.001E-02   U(4.0----):2.945E-03   T(En-Den):4.328E+01   T(Comp):9.574E+04     nuJnu(912A):1.978E+02
           Occ(FarIR):2.214E-06   Occ(H n=6):7.831E-13   Occ(1Ryd):9.094E-15   Occ(4R):6.329E-17     Occ (Nu-hi):7.295E-30
           Tbr(FarIR):3.508E-09   Tbr(H n=6):3.432E-09   Tbr(1Ryd):1.437E-09   Tbr(4R):4.000E-11     Tbr (Nu-hi):2.634E-23
  
                                                  Gas Phase Chemical Composition
                                                       H :  0.0000  He: -1.0000
 
 ####  1  Te:3.262E+04 Hden:1.000E+04 Ne:1.199E+04 R:1.000E+17 R-R0:3.862E+13 dR:7.725E+13 NTR: 12 Htot:3.446E-16 T912: 9.97e+07###
 Hydrogen      8.16e-05 1.00e+00 H+o/Hden 1.00e+00 1.69e-12 H-    H2 1.58e-20 7.93e-14 H2+ HeH+ 9.64e-15 Ho+ ColD 6.30e+13 7.72e+17
 Helium        7.40e-07 1.22e-02 9.88e-01 HeI 2s3S 1.21e-08 Comp H,C 4.09e-22 1.39e-22 Fill Fac 1.00e+00 Gam1/tot 9.64e-01
 He singlet n  7.27e-07 7.94e-14 9.47e-21 1.92e-20 6.69e-21 1.67e-20 He tripl 1.21e-08 1.14e-17 1.05e-19 3.14e-19 7.75e-20
 Pressure      NgasTgas 7.50e+08 P(total) 1.04e-07 P( gas ) 1.04e-07 P(Radtn) 2.38e-12 Rad accl 7.90e-06 ForceMul 8.73e+02
 Texc(La)      3.99e+03 T(I con) 4.33e+01 T(D con) 6.12e+00 T(U tot) 4.33e+01 nT (c+d) 1.19e+07 Prad/Gas 2.30e-05 Pmag/Gas 0.00e+00
 Lithium       0.00e+00 0.00e+00 0.00e+00 0.00e+00 Berylliu 0.00e+00 0.00e+00 0.00e+00 0.00e+00 0.00e+00 sec ion: 5.70e-15
 Carbon        0.00e+00 0.00e+00 0.00e+00 0.00e+00 0.00e+00 0.00e+00 0.00e+00 H2O+/O   0.00e+00 OH+/Otot 0.00e+00 Hex(tot) 0.00e+00
 Nitrogen      0.00e+00 0.00e+00 0.00e+00 0.00e+00 0.00e+00 0.00e+00 0.00e+00 0.00e+00 O2/Ototl 0.00e+00 O2+/Otot 0.00e+00
 #### 65  Te:2.009E+04 Hden:1.000E+04 Ne:1.099E+04 R:2.511E+17 R-R0:1.511E+17 dR:2.698E+14 NTR: 10 Htot:2.612E-16 T912: 9.97e+07###
 P(Lines):(H  1  1216A 1.01) 
 Hydrogen      9.21e-04 9.99e-01 H+o/Hden 1.00e+00 8.22e-12 H-    H2 2.28e-18 1.52e-12 H2+ HeH+ 5.18e-11 Ho+ ColD 4.37e+17 1.51e+21
 Helium        6.44e-04 9.99e-01 1.91e-07 HeI 2s3S 1.80e-06 Comp H,C 3.99e-23 1.22e-23 Fill Fac 1.00e+00 Gam1/tot 9.82e-01
 He singlet n  6.42e-04 1.87e-11 1.18e-16 2.41e-18 5.15e-18 1.87e-18 He tripl 1.80e-06 8.82e-13 1.82e-17 2.34e-16 7.26e-18
 Pressure      NgasTgas 4.42e+08 P(total) 6.69e-08 P( gas ) 6.10e-08 P(Radtn) 5.85e-09 Rad accl 9.20e-07 ForceMul 7.14e+02
 Texc(La)      5.17e+03 T(I con) 2.37e+01 T(D con) 2.19e+01 T(U tot) 2.72e+01 nT (c+d) 1.10e+07 Prad/Gas 8.75e-02 Pmag/Gas 0.00e+00
 Lithium       0.00e+00 0.00e+00 0.00e+00 0.00e+00 Berylliu 0.00e+00 0.00e+00 0.00e+00 0.00e+00 0.00e+00 sec ion: 1.67e-17
 Carbon        0.00e+00 0.00e+00 0.00e+00 0.00e+00 0.00e+00 0.00e+00 0.00e+00 H2O+/O   0.00e+00 OH+/Otot 0.00e+00 Hex(tot) 0.00e+00
 Nitrogen      0.00e+00 0.00e+00 0.00e+00 0.00e+00 0.00e+00 0.00e+00 0.00e+00 0.00e+00 O2/Ototl 0.00e+00 O2+/Otot 0.00e+00
    - this is the input stream for a planetary nebula  
   Calculation stopped because outer radius reached. Iteration 1 of 1
   The geometry is a thick shell.
 C-I must iterate when save continuum output is done.
  !Destruction of He 2TriS reached 11.9% of the total He0 dest rate at zone 1, 1.0% of that was photoionization.
  !AGE: Cloud age was not set.  Longest timescale was 8.59e+08 s = 2.72e+01 years.
  !The CMB was not included.  This is added with the CMB command.
  !The radiation pressure jumped by 255% at zone 3, from 1.28e-11 to 5.06e-11 to 2.45e-10
   Thermal collisional ionization of H reached 3.99% of the local ionization rate.
   Te-ne bounds of Case B lookup table exceeded, H I Case B line intensities set to zero.
   The density is too low to l-mix the lowest H  I collapsed level.  More resolved levels are needed for accurate line ratios.
   The density is too low to l-mix the lowest He I collapsed level.  More resolved levels are needed for accurate line ratios.
   Grains were not present but might survive in this environment (energy density temperature was 4.33e+01K)
   The continuum optical depth at the lowest energy considered (1.004e-08 Ryd) was 7.352e+02.
   The ratio of radiation to gas pressure reached 8.79e-02 at zone 61.  Caused by Lyman alpha.

                       *********************************> Cloudy 13.02 <**********************************
                       * title - this is the input stream for a planetary nebula                         *
                       * blackbody, temp = 100000K                                                       *
                       * luminosity total 38                                                             *
                       * element Lithium off                                                             *
                       * element Beryllium off                                                           *
                       * element Boron  off                                                              *
                       * element Carbon off                                                              *
                       * element Nitrogen off                                                            *
                       * element Oxygen off                                                              *
                       * element Fluorine  off                                                           *
                       * element Neon off                                                                *
                       * element Sodium off                                                              *
                       * element Magnesium off                                                           *
                       * element Aluminium off                                                           *
                       * element Silicon off                                                             *
                       * element Phosphor off                                                            *
                       * element Sulphur off                                                             *
                       * element Chlorine off                                                            *
                       * element Argon off                                                               *
                       * element Potassium off                                                           *
                       * element Calcium off                                                             *
                       * element Scandium  off                                                           *
                       * element Titanium off                                                            *
                       * element Vanadium off                                                            *
                       * element Chromium off                                                            *
                       * element Manganese off                                                           *
                       * element Iron off                                                                *
                       * element Cobalt off                                                              *
                       * element Nickel off                                                              *
                       * element Copper off                                                              *
                       * element Zinc  off                                                               *
                       * radius inner=17, outer=17.4                                                     *
                       * hden 4                                                                          *
                       * sphere                                                                          *
                       * save overview last "oradius_17.4.ovr"                                           *
                       * save continuum last "oradius_17.4.con" units eV                                 *
                       *********************************> Log(U): -1.30 <*********************************
                       >>>>>>>>>> Cautions are present.
                       >>>>>>>>>> Another iteration is needed.

                     Emission Line Spectrum.   Constant  Density Model.  Closed geometry.  Iteration 1 of 1.
                                    Luminosity (erg/s) emitted by a shell with full coverage.


                                                   Intrinsic line intensities
 general properties..........      H  1 7.383m  33.032   0.0024      Ca A 4.671m  32.828   0.0015      Ca B 949.4A  34.043   0.0246            
 TOTL  4861A  35.652   1.0000      H  1 9.115m  33.510   0.0072      Ca A 4.375m  32.714   0.0012      Ca B 942.6A  33.918   0.0185            
 TOTL  1216A  37.325  47.0580      H  1 9.115m  33.802   0.0141      Ca A 19.06m  33.008   0.0023      Ca B 937.5A  33.805   0.0142            
 Inci     0   38.000 222.8322      H  1 9.115m  33.732   0.0120      Ca A 11.31m  32.890   0.0017      Ca B 933.5A  33.700   0.0112            
 TotH     0   37.175  33.3717      H  1 9.115m  33.524   0.0074      Ca A 8.758m  32.763   0.0013      Ca B 930.4A  33.604   0.0090            
 TotC     0   37.175  33.3681      H  1 9.115m  33.248   0.0039      Ca A 27.80m  32.684   0.0011      Ca B 927.9A  33.515   0.0073            
 BFH1     0   37.056  25.3478      H  1 9.115m  32.931   0.0019      Ca B  3970A  34.793   0.1385      Ca B 925.9A  33.431   0.0060            
 BFHe     0   36.556   8.0235      H  1 11.03m  34.209   0.0361      Ca B  3889A  34.613   0.0914      Ca B 924.2A  33.353   0.0050            
 H FB     0   36.338   4.8510      H  1 13.13m  34.097   0.0278      Ca B  3835A  34.455   0.0636      Ca B 922.8A  33.280   0.0042            
 HFBc     0   36.338   4.8510      H  1 15.40m  33.993   0.0219      Ca B  3798A  34.315   0.0460      Ca B 921.6A  33.210   0.0036            
 continua....................      H  1 17.87m  33.897   0.0176      Ca B  3771A  34.189   0.0345      Ca B 920.6A  33.145   0.0031            
 Bac   3646A  36.593   8.7277      H  1 20.51m  33.807   0.0143      Ca B  3750A  34.076   0.0265      Ca B 919.8A  33.083   0.0027            
 nFnu  3645A  36.777  13.3367      H  1 23.33m  33.723   0.0118      Ca B  3734A  33.972   0.0209      Ca B 919.0A  33.024   0.0024            
 nFnu  3647A  36.316   4.6090      H  1 26.34m  33.645   0.0098      Ca B  3722A  33.877   0.0168      Ca B 918.4A  32.968   0.0021            
 cout  3646A  36.593   8.7277      H  1 29.53m  33.571   0.0083      Ca B  3712A  33.789   0.0137      Ca B 917.8A  32.915   0.0018            
 thin  3646A  36.593   8.7297      H  1 32.91m  33.500   0.0071      Ca B  3704A  33.709   0.0114      Ca B  4686A  34.891   0.1734            
 Inci  4860A  35.536   0.7650      H  1 36.46m  33.434   0.0060      Ca B  3697A  33.633   0.0096      Ca B  3203A  34.561   0.0811            
 Inci  1215A  37.125  29.7490      H  1 40.20m  33.370   0.0052      Ca B  3692A  33.563   0.0082      Ca B  2733A  34.298   0.0443            
 Ba C     0   36.216   3.6631      H  1 44.12m  33.310   0.0045      Ca B  3687A  33.497   0.0070      Ca B  2511A  34.083   0.0270            
 PA C     0   35.761   1.2862      H  1 48.22m  33.252   0.0040      Ca B  3683A  33.435   0.0061      Ca B  2386A  33.901   0.0177            
 FIR  83.00m  34.802   0.1412      H  1 52.50m  33.197   0.0035      Ca B  3679A  33.375   0.0053      Ca B  2306A  33.742   0.0123            
 TIR   1800m  33.828   0.0150      H  1 56.97m  34.348   0.0497      Ca B  3676A  33.319   0.0046      Ca B  2253A  33.602   0.0089            
 NIRa 2.850m  36.541   7.7473      He 2 227.9A  36.545   7.8120      Ca B  3674A  33.265   0.0041      Ca B  2215A  33.476   0.0067            
 NIRb 3.000m  36.386   5.4148      He 2 911.4A  35.275   0.4196      Ca B  3671A  33.213   0.0036      Ca B  2187A  33.361   0.0051            
 MIRa 15.00m  35.497   0.6994      He 2 911.4A  35.640   0.9723      Ca B  9546A  34.104   0.0283      Ca B  2165A  33.257   0.0040            
 MIRb 22.50m  35.543   0.7778      He 2  2050A  34.606   0.0900      Ca B  9229A  33.948   0.0198      Ca B  2149A  33.160   0.0032            
 NMIR 21.75m  36.541   7.7473      He 2  2050A  35.027   0.2369      Ca B  9015A  33.809   0.0144      Ca B  2135A  33.070   0.0026            
 TFIR 611.2m  34.377   0.0531      He 2  2050A  34.960   0.2035      Ca B  8863A  33.684   0.0108      Ca B  2125A  32.986   0.0022            
 TALL 10000A  38.023 235.0298      He 2  3645A  34.108   0.0286      Ca B  8750A  33.570   0.0083      Ca B  2116A  32.908   0.0018            
 F12  12.00m  35.006   0.2261      He 2  3645A  34.535   0.0764      Ca B  8665A  33.465   0.0065      Ca B  2109A  32.834   0.0015            
 F25  25.00m  34.644   0.0982      He 2  3645A  34.577   0.0842      Ca B  8598A  33.369   0.0052      Ca B  2102A  32.764   0.0013            
 F60  60.00m  34.500   0.0704      He 2  3645A  34.273   0.0418      Ca B  8545A  33.280   0.0042      Ca B  2097A  32.698   0.0011            
 F100 100.0m  34.018   0.0232      He 2  5695A  33.741   0.0123      Ca B  8502A  33.197   0.0035      Ca B 1.012m  34.279   0.0424            
 MIPS 24.00m  34.328   0.0474      He 2  5695A  34.168   0.0328      Ca B  8467A  33.120   0.0029      Ca B  6560A  34.022   0.0234            
 MIPS 70.00m  34.014   0.0230      He 2  5695A  34.244   0.0390      Ca B  8438A  33.048   0.0025      Ca B  5412A  33.802   0.0141            
 MIPS 160.0m  33.625   0.0094      He 2  5695A  34.088   0.0273      Ca B  8413A  32.981   0.0021      Ca B  4860A  33.616   0.0092            
 IRAC 3.600m  34.996   0.2208      He 2  5695A  33.625   0.0094      Ca B  8392A  32.918   0.0018      Ca B  4542A  33.455   0.0064            
 IRAC 4.500m  35.088   0.2730      He 2  8201A  33.453   0.0063      Ca B  8374A  32.859   0.0016      Ca B  4339A  33.313   0.0046            
 IRAC 5.800m  34.874   0.1666      He 2  8201A  33.878   0.0168      Ca B  8359A  32.803   0.0014      Ca B  4200A  33.185   0.0034            
 IRAC 8.000m  34.978   0.2119      He 2  8201A  33.966   0.0206      Ca B  8346A  32.749   0.0013      Ca B  4100A  33.069   0.0026            
 SPR1 250.0m  33.607   0.0090      He 2  8201A  33.865   0.0163      Ca B  8334A  32.698   0.0011      Ca B  4026A  32.964   0.0020            
 SPR2 350.0m  33.490   0.0069      He 2  8201A  33.576   0.0084      Ca B 1.817m  33.605   0.0090      Ca B  3969A  32.866   0.0016            
 SPR3 500.0m  33.435   0.0061      He 2  8201A  33.004   0.0022      Ca B 1.736m  33.466   0.0065      Ca B  3924A  32.776   0.0013            
 PAC1 70.00m  34.073   0.0264      He 2 1.116m  33.217   0.0037      Ca B 1.681m  33.341   0.0049      Ca B  3888A  32.691   0.0011            
 PAC2 100.0m  34.018   0.0233      He 2 1.116m  33.641   0.0097      Ca B 1.641m  33.227   0.0038      Ca B 1.864m  33.790   0.0137            
 PAC3 160.0m  33.905   0.0179      He 2 1.116m  33.733   0.0121      Ca B 1.611m  33.122   0.0029      Ca B 1.163m  33.584   0.0085            
 PAH  3.300m  34.203   0.0355      He 2 1.116m  33.658   0.0101      Ca B 1.588m  33.025   0.0024      Ca B  9345A  33.397   0.0056            
 PAHC 3.230m  33.853   0.0159      He 2 1.116m  33.440   0.0061      Ca B 1.570m  32.935   0.0019      Ca B  8237A  33.234   0.0038            
 PAHC 3.370m  33.801   0.0141      He 2 1.116m  33.059   0.0026      Ca B 1.556m  32.851   0.0016      Ca B  7593A  33.090   0.0027            
 PAH  6.200m  34.372   0.0524      He 2 1.458m  33.018   0.0023      Ca B 1.544m  32.772   0.0013      Ca B  7178A  32.960   0.0020            
 PAHC 5.650m  34.417   0.0582      He 2 1.458m  33.440   0.0061      Ca B 1.534m  32.698   0.0011      Ca B  6891A  32.844   0.0016            
 PAH  7.900m  34.608   0.0904      He 2 1.458m  33.536   0.0076      Ca B 3.038m  33.200   0.0035      Ca B  6684A  32.737   0.0012            
 PAHC 6.900m  34.569   0.0827      He 2 1.458m  33.474   0.0066      Ca B 2.872m  33.075   0.0026      Ca B 3.091m  33.378   0.0053            
 PAH  11.30m  33.836   0.0153      He 2 1.458m  33.293   0.0044      Ca B 2.758m  32.961   0.0020      Ca B 1.874m  33.209   0.0036            
 PAHC 10.90m  33.805   0.0142      He 2 1.458m  32.997   0.0022      Ca B 2.674m  32.856   0.0016      Ca B 1.476m  33.048   0.0025            
 PAH  11.80m  33.959   0.0203      He 2 1.845m  32.846   0.0016      Ca B 2.612m  32.759   0.0013      Ca B 1.281m  32.903   0.0018            
 PAHC 12.65m  34.091   0.0275      He 2 1.845m  33.267   0.0041      Ca B 2.564m  32.668   0.0010      Ca B 1.167m  32.774   0.0013            
 PAH  13.30m  33.951   0.0199      He 2 1.845m  33.364   0.0051      Ca B 12.37m  33.402   0.0056      Ca B 1.093m  32.656   0.0010            
 PAHC 14.10m  33.899   0.0177      He 2 1.845m  33.310   0.0045      Ca B 7.500m  33.259   0.0040      Ca B 4.762m  33.020   0.0023            
 Bcon  3640A  37.571  83.0526      He 2 1.845m  33.149   0.0031      Ca B 5.907m  33.113   0.0029      Ca B 2.825m  32.881   0.0017            
 Pcon  5000A  36.645   9.8388      He 2 1.845m  32.898   0.0018      Ca B 5.127m  32.978   0.0021      Ca B 2.189m  32.740   0.0012            
 HFFc     0   36.368   5.1976      He 2 2.278m  32.695   0.0011      Ca B 4.671m  32.855   0.0016      Ca B 6.946m  32.703   0.0011            
 H FF     0   36.299   4.4380      He 2 2.278m  33.115   0.0029      Ca B 4.375m  32.741   0.0012      He 2     0   36.347   4.9574            
 HeFF     0   35.533   0.7596      He 2 2.278m  33.212   0.0036      Ca B 19.06m  33.032   0.0024      He 2 303.8A  36.710  11.4319            
 ToFF     0   36.368   5.1976      He 2 2.278m  33.162   0.0032      Ca B 11.31m  32.913   0.0018      He 2 256.3A  33.999   0.0222            
 nFnu  9993m  32.730   0.0012      He 2 2.278m  33.015   0.0023      Ca B 8.758m  32.785   0.0014      He 2 243.0A  33.900   0.0177            
 nFnu  6917m  32.871   0.0017      He 2 2.278m  32.791   0.0014      Ca B 7.506m  32.664   0.0010      He 2 237.4A  33.836   0.0153            
 nFnu 122.4m  34.368   0.0520      He 2 2.756m  33.724   0.0118      Ca B 27.80m  32.707   0.0011      He 2 234.4A  33.797   0.0140            
 nFnu 60.83m  34.615   0.0918      He 2 3.280m  33.611   0.0091      H  1     0   35.930   1.8969      He 2 232.6A  33.767   0.0130            
 nFnu 41.22m  34.754   0.1263      He 2 3.850m  33.508   0.0072      H  1  1216A  37.325  47.0580      He 2 231.5A  33.739   0.0122            
 nFnu 30.87m  34.855   0.1595      He 2 4.465m  33.412   0.0058      H  1  1026A  34.279   0.0424      He 2 230.7A  33.714   0.0115            
 nFnu 24.78m  34.931   0.1903      He 2 5.125m  33.323   0.0047      H  1 972.5A  34.167   0.0328      He 2 230.2A  33.692   0.0110            
 nFnu 24.30m  34.938   0.1933      He 2 5.832m  33.240   0.0039      H  1 949.7A  34.103   0.0282      He 2  1640A  35.810   1.4396            
 nFnu 22.83m  34.959   0.2030      He 2 6.583m  33.161   0.0032      H  1 937.8A  34.005   0.0225      He 2  1215A  35.324   0.4700            
 nFnu 21.42m  34.982   0.2137      He 2 7.381m  33.087   0.0027      H  1 930.8A  33.960   0.0203      He 2  1085A  34.989   0.2173            
 nFnu 21.12m  34.987   0.2162      He 2 8.223m  33.017   0.0023      H  1 926.2A  33.927   0.0188      He 2  1025A  34.731   0.1200            
 nFnu 19.62m  35.012   0.2289      He 2 9.112m  32.950   0.0020      H  1 923.2A  33.902   0.0178      He 2 992.4A  34.522   0.0742            
 nFnu 17.65m  35.050   0.2501      He 2 10.05m  32.887   0.0017      H  1 921.0A  33.879   0.0169      He 2 972.2A  34.346   0.0494            
 nFnu 17.37m  35.055   0.2531      He 2 11.03m  32.827   0.0015      H  1  6563A  36.113   2.8898      He 2 958.8A  34.195   0.0349            
 nFnu 15.69m  35.089   0.2737      He 2 12.05m  32.769   0.0013      H  1  4861A  35.652   1.0000      He 2 949.4A  34.063   0.0258            
 nFnu 14.60m  35.114   0.2900      He 2 13.12m  32.714   0.0012      H  1  4340A  35.327   0.4726      He 2  4686A  34.932   0.1904            
 nFnu 12.43m  35.173   0.3319      He 2 14.24m  33.892   0.0174      H  1  4102A  35.060   0.2559      He 2  3203A  34.562   0.0812            
 nFnu 11.40m  35.202   0.3545      He 1 504.3A  36.281   4.2551      H  1  3970A  34.841   0.1546      He 2  2733A  34.294   0.0439            
 nFnu 10.46m  35.233   0.3808      He 1  2600A  34.827   0.1498      H  1  3889A  34.654   0.1004      He 2  2511A  34.079   0.0267            
 nFnu 9.480m  35.266   0.4115      He 1  3121A  34.295   0.0440      H  1  3835A  34.491   0.0690      He 2  2386A  33.898   0.0176            
 nFnu 9.325m  35.271   0.4163      He 1  3421A  34.210   0.0362      H  1  3798A  34.351   0.0500      He 2  2306A  33.742   0.0123            
 nFnu 8.210m  35.318   0.4637      He 1  3421A  34.688   0.1085      H  1 1.875m  35.108   0.2858      He 2  2253A  33.605   0.0090            
 nFnu 7.580m  35.345   0.4930      He 1  3421A  34.909   0.1809      H  1 1.282m  34.800   0.1405      He 2 1.012m  34.352   0.0501            
 nFnu 7.050m  35.373   0.5258      He 1  3679A  34.459   0.0641      H  1 1.094m  34.556   0.0801      He 2  6560A  34.033   0.0240            
 nFnu 4.114m  35.567   0.8214      He 1  6632A  34.007   0.0226      H  1 1.005m  34.339   0.0487      He 2  5412A  33.803   0.0141            
 nInu 4.114m  32.812   0.0014      He 1  7435A  33.549   0.0079      H  1  9546A  34.154   0.0318      He 2  4860A  33.615   0.0092            
 nFnu 2.324m  35.759   1.2783      He 1  7843A  34.485   0.0681      H  1  9229A  33.993   0.0219      He 2  4542A  33.453   0.0063            
 nInu 2.324m  33.548   0.0079      He 1  8188A  34.126   0.0298      H  1  9015A  33.854   0.0159      He 2  4339A  33.312   0.0046            
 nFnu 1.643m  35.887   1.7189      He 1  8191A  33.633   0.0096      H  1 4.051m  34.463   0.0647      He 2 1.864m  33.900   0.0177            
 nInu 1.643m  33.992   0.0219      He 1  8261A  33.833   0.0152      H  1 2.625m  34.224   0.0373      He 2 1.163m  33.613   0.0091            
 nFnu 1.480m  35.913   1.8237      He 1 1.248m  33.509   0.0072      H  1 2.166m  34.005   0.0225      He 2  9345A  33.406   0.0057            
 nInu 1.480m  34.127   0.0298      He 1 1.356m  33.077   0.0027      H  1 1.945m  33.819   0.0147      He 2  8237A  33.237   0.0038            
 nFnu 1.436m  35.987   2.1650      He 1 1.409m  34.026   0.0236      H  1 1.817m  33.658   0.0101      He 2  7593A  33.092   0.0028            
 nInu 1.436m  34.165   0.0326      He 1 1.456m  33.784   0.0135      H  1 1.736m  33.519   0.0074      He 2 3.091m  33.525   0.0075            
 nFnu 1.119m  36.044   2.4669      He 1 1.456m  33.288   0.0043      H  1 7.458m  33.977   0.0211      He 2 1.874m  33.265   0.0041            
 nInu 1.119m  34.484   0.0680      He 1 1.458m  33.326   0.0047      H  1 4.653m  33.753   0.0126      He 2 1.476m  33.070   0.0026            
 nFnu  8330A  36.098   2.7916      He 1 1.458m  32.849   0.0016      H  1 3.740m  33.564   0.0082      He 2 1.281m  32.916   0.0018            
 nInu  8330A  34.859   0.1611      He 1 1.466m  33.394   0.0055      H  1 3.296m  33.401   0.0056      He 2 4.762m  33.204   0.0036            
 nFnu  8079A  36.263   4.0841      He 1 2.014m  33.151   0.0032      H  1 3.038m  33.259   0.0041      He 2 2.825m  32.970   0.0021            
 nInu  8079A  34.897   0.1757      He 1 2.151m  32.734   0.0012      H  1 12.37m  33.548   0.0079      He 2 2.189m  32.781   0.0013            
 nFnu  6210A  36.296   4.4019      He 1 2.217m  33.686   0.0108      H  1 7.500m  33.357   0.0051      He 2 6.946m  32.922   0.0019            
 nInu  6210A  35.230   0.3784      He 1 2.275m  33.482   0.0068      H  1 5.907m  33.191   0.0035      He 2 4.050m  32.717   0.0012            
 nFnu  4885A  36.313   4.5772      He 1 2.276m  32.986   0.0022      H  1 5.127m  33.046   0.0025      He 2 9.711m  32.666   0.0010            
 nInu  4885A  35.528   0.7523      He 1 2.278m  33.163   0.0032      H  1 19.06m  33.176   0.0033      He-like iso-sequence........            
 nFnu  3704A  36.302   4.4660      He 1 2.278m  32.686   0.0011      H  1 11.31m  33.012   0.0023      Clin 506.0A  36.027   2.3718            
 nInu  3704A  35.865   1.6340      He 1 2.289m  33.065   0.0026      H  1 8.758m  32.865   0.0016      Ca B  2945A  34.037   0.0243            
 nFnu  3588A  36.776  13.3030      He 1 2.963m  32.883   0.0017      H  1 27.80m  32.843   0.0016      Ca B  3188A  34.392   0.0550            
 nInu  3588A  35.908   1.8016      He 1 3.206m  33.419   0.0059      H  1 16.20m  32.703   0.0011      Ca B  3614A  33.475   0.0067            
 nFnu  2430A  36.693  10.9982      He 1 3.277m  33.231   0.0038      Ca A 303.8A  36.671  10.4575      Ca B  3889A  34.853   0.1588            
 nInu  2430A  36.370   5.2288      He 1 3.278m  32.731   0.0012      Ca A 256.3A  36.008   2.2715      Ca B  3965A  33.774   0.0132            
 nFnu  2392A  36.688  10.8636      He 1 3.280m  32.961   0.0020      Ca A 243.0A  35.593   0.8722      Ca B  4026A  33.992   0.0219            
 nInu  2392A  36.388   5.4426      He 1 3.293m  32.802   0.0014      Ca A 237.4A  35.288   0.4321      Ca B  4121A  33.260   0.0041            
 nFnu  2071A  36.635   9.6265      He 1 4.465m  33.690   0.0109      Ca A 234.4A  35.045   0.2474      Ca B  4388A  33.449   0.0063            
 nInu  2071A  36.554   7.9831      He 1 5.831m  33.518   0.0073      Ca A 232.6A  34.844   0.1555      Ca B  4438A  32.764   0.0013            
 nFnu  2053A  36.685  10.7807      He 1 7.380m  33.366   0.0052      Ca A 231.5A  34.671   0.1044      Ca B  4471A  34.360   0.0511            
 nInu  2053A  36.566   8.1942      He 1 9.111m  33.230   0.0038      Ca A 230.7A  34.519   0.0736      Ca B  4713A  33.703   0.0112            
 nFnu  1793A  36.635   9.6123      He 1 11.02m  33.107   0.0028      Ca A 230.2A  34.383   0.0539      Ca B  4922A  33.809   0.0144            
 nInu  1793A  36.717  11.6043      He 1 13.12m  32.994   0.0022      Ca A 229.8A  34.261   0.0406      Ca B  5016A  34.188   0.0343            
 nFnu  1585A  36.594   8.7557      He 1 15.40m  32.890   0.0017      Ca A 229.4A  34.149   0.0314      Ca B  5048A  33.167   0.0033            
 nInu  1585A  36.848  15.6885      He 1 17.86m  32.794   0.0014      Ca A 229.2A  34.047   0.0248      Ca B  5876A  34.954   0.2005            
 nFnu  1458A  36.564   8.1626      He 1 20.50m  32.705   0.0011      Ca A 229.0A  33.952   0.0200      Ca B  6678A  34.410   0.0573            
 nInu  1458A  36.938  19.3264      He 1 61.59m  33.246   0.0039      Ca A 228.9A  33.865   0.0163      Ca B  7065A  34.542   0.0776            
 nFnu  1357A  36.528   7.5215      grains......................      Ca A 228.7A  33.783   0.0135      Ca B  7281A  33.785   0.0136            
 nInu  1357A  37.011  22.8672      H-like iso-sequence.........      Ca A 228.6A  33.706   0.0113      Ca B  9464A  32.780   0.0013            
 nFnu  1297A  36.486   6.8304      Clin 912.0A  36.916  18.3531      Ca A 228.6A  33.635   0.0096      Ca B 1.083m  35.972   2.0873            
 nInu  1297A  37.057  25.4327      Clin 228.0A  33.152   0.0032      Ca A 228.5A  33.568   0.0082      Ca B 1.197m  32.995   0.0022            
 nFnu  1263A  36.435   6.0628      Cool  1216A  36.638   9.6740      Ca A 228.4A  33.505   0.0071      Ca B 1.253m  32.898   0.0018            
 nInu  1263A  37.088  27.2780      Crst 960.0A  36.590   8.6790      Ca A 228.4A  33.446   0.0062      Ca B 1.278m  33.505   0.0071            
 nFnu  1218A  36.334   4.8066      CION     0   35.660   1.0191      Ca A 228.3A  33.391   0.0055      Ca B 1.279m  33.143   0.0031            
 nInu  1218A  37.123  29.5745      Dest  1216A  34.329   0.0475      Ca A 228.3A  33.340   0.0049      Ca B 1.700m  33.210   0.0036            
 nFnu  1196A  36.331   4.7790      Q(H)  4861A  35.952   1.9940      Ca A 228.3A  33.292   0.0044      Ca B 1.869m  33.972   0.0209            
 nInu  1196A  37.138  30.6078      Q(H)  1216A  37.488  68.5937      Ca A  1640A  35.622   0.9334      Ca B 1.870m  33.688   0.0109            
 nFnu  1175A  36.329   4.7516      CaBo  4861A  35.586   0.8583      Ca A  1215A  35.157   0.3199      Ca B 1.909m  32.774   0.0013            
 nInu  1175A  37.158  32.0324      CaBo  1640A  35.814   1.4521      Ca A  1085A  34.827   0.1495      Ca B 1.954m  32.664   0.0010            
 nFnu  1144A  36.327   4.7307      CaBo  4686A  34.886   0.1716      Ca A  1025A  34.570   0.0829      Ca B 2.058m  34.421   0.0587            
 nInu  1144A  37.187  34.2728      Ca A 937.8A  35.367   0.5190      Ca A 992.4A  34.361   0.0511      Ca B 2.112m  32.887   0.0017            
 nFnu  1113A  36.327   4.7316      Ca A 930.8A  35.164   0.3247      Ca A 972.2A  34.182   0.0339      He 1     0   36.103   2.8259            
 nInu  1113A  37.211  36.2371      Ca A 926.2A  34.988   0.2169      Ca A 958.8A  34.027   0.0237      TOTL 591.4A  34.658   0.1015            
 nFnu  1103A  36.327   4.7365      Ca A 923.2A  34.835   0.1524      Ca A 949.4A  33.889   0.0173      He 1 591.4A  34.657   0.1011            
 nInu  1103A  37.221  37.0481      Ca A 921.0A  34.699   0.1115      Ca A 942.6A  33.765   0.0130      He 1 584.3A  35.453   0.6329            
 nFnu  1074A  36.330   4.7599      Ca A 919.4A  34.579   0.0845      Ca A 937.5A  33.652   0.0100      He 1 537.0A  34.334   0.0481            
 nInu  1074A  37.245  39.1400      Ca A 918.1A  34.472   0.0660      Ca A 933.5A  33.548   0.0079      He 1 522.2A  34.169   0.0329            
 nFnu  1064A  36.331   4.7736      Ca A 917.2A  34.376   0.0530      Ca A 930.4A  33.453   0.0063      He 1 515.6A  34.080   0.0268            
 nInu  1064A  37.254  40.0029      Ca A 916.4A  34.292   0.0436      Ca A 927.9A  33.364   0.0051      He 1 512.1A  34.177   0.0335            
 nFnu  1036A  36.335   4.8184      Ca A 915.8A  34.217   0.0367      Ca A 925.9A  33.281   0.0043      He 1 625.6A  35.502   0.7079            
 nInu  1036A  37.278  42.2262      Ca A 915.3A  34.150   0.0315      Ca A 924.2A  33.203   0.0036      TOTL 1.083m  35.988   2.1669            
 nFnu  1000A  36.343   4.9051      Ca A 914.9A  34.090   0.0274      Ca A 922.8A  33.129   0.0030      He 1 1.083m  35.988   2.1669            
 nInu  1000A  37.310  45.5002      Ca A 914.6A  34.036   0.0242      Ca A 921.6A  33.060   0.0026      He 1 1.083m  35.035   0.2415            
 nFnu 925.1A  36.367   5.1930      Ca A 914.3A  33.985   0.0215      Ca A 920.6A  32.994   0.0022      He 1 1.083m  35.509   0.7186            
 nInu 925.1A  37.382  53.7062      Ca A 914.0A  33.939   0.0194      Ca A 919.8A  32.931   0.0019      He 1 1.083m  35.734   1.2068            
 nFnu 897.8A  37.522  74.1058      Ca A 913.8A  33.896   0.0175      Ca A 919.0A  32.872   0.0017      He 1  3889A  34.551   0.0793            
 nInu 897.8A  36.249   3.9548      Ca A 913.6A  33.856   0.0160      Ca A 918.4A  32.815   0.0015      He 1  3188A  34.195   0.0349            
 nFnu 760.0A  37.225  37.4050      Ca A 913.5A  33.820   0.0147      Ca A 917.8A  32.761   0.0013      He 1  2945A  33.901   0.0178            
 nInu 760.0A  36.802  14.1368      Ca A 913.3A  33.786   0.0136      Ca A  4686A  34.849   0.1575      He 1  2829A  33.658   0.0101            
 nFnu 701.5A  37.052  25.1114      Ca A  3970A  34.612   0.0911      Ca A  3203A  34.509   0.0720      He 1 2.058m  33.870   0.0165            
 nInu 701.5A  37.008  22.6844      Ca A  3889A  34.434   0.0606      Ca A  2733A  34.242   0.0389      He 1  5016A  34.059   0.0255            
 nFnu 608.2A  36.653  10.0120      Ca A  3835A  34.279   0.0423      Ca A  2511A  34.025   0.0236      He 1  3965A  33.632   0.0096            
 nInu 608.2A  37.300  44.4908      Ca A  3798A  34.140   0.0307      Ca A  2386A  33.841   0.0155      He 1  3614A  33.304   0.0045            
 nFnu 575.1A  36.521   7.3912      Ca A  3771A  34.014   0.0230      Ca A  2306A  33.682   0.0107      He 1  3448A  33.249   0.0040            
 nInu 575.1A  37.389  54.5464      Ca A  3750A  33.900   0.0177      Ca A  2253A  33.542   0.0078      He 1  7065A  34.749   0.1250            
 nFnu 511.9A  36.332   4.7907      Ca A  3734A  33.795   0.0139      Ca A  2215A  33.415   0.0058      He 1  5876A  34.907   0.1800            
 nInu 511.9A  37.540  77.3410      Ca A  3722A  33.697   0.0111      Ca A  2187A  33.301   0.0045      He 1  4713A  33.744   0.0124            
 nFnu 496.9A  37.289  43.3706      Ca A  3712A  33.607   0.0090      Ca A  2165A  33.196   0.0035      He 1  4471A  34.331   0.0477            
 nInu 496.9A  37.475  66.5910      Ca A  3704A  33.522   0.0074      Ca A  2149A  33.099   0.0028      He 1  4121A  33.262   0.0041            
 nFnu 399.2A  36.519   7.3638      Ca A  3697A  33.444   0.0062      Ca A  2135A  33.009   0.0023      He 1  4026A  33.960   0.0203            
 nInu 399.2A  37.671 104.4864      Ca A  3692A  33.371   0.0052      Ca A  2125A  32.926   0.0019      He 1  3867A  33.143   0.0031            
 RRC.........................      Ca A  3687A  33.303   0.0045      Ca A  2116A  32.847   0.0016      He 1  3820A  33.723   0.0118            
 H  1 911.8A  37.040  24.4413      Ca A  3683A  33.240   0.0039      Ca A  2109A  32.773   0.0013      He 1  7281A  33.735   0.0121            
 H  1  3646A  35.930   1.8964      Ca A  3679A  33.182   0.0034      Ca A  2102A  32.703   0.0011      He 1  6678A  34.205   0.0357            
 H  1  3646A  36.186   3.4164      Ca A  3676A  33.127   0.0030      Ca A 1.012m  34.260   0.0406      He 1  5048A  33.116   0.0029            
 H  1  8204A  35.252   0.3980      Ca A  3674A  33.077   0.0027      Ca A  6560A  33.997   0.0222      He 1  4922A  33.699   0.0111            
 H  1  8204A  35.548   0.7871      Ca A  3671A  33.029   0.0024      Ca A  5412A  33.775   0.0133      He 1  4438A  32.719   0.0012            
 H  1  8204A  35.329   0.4752      Ca A  9546A  34.025   0.0236      Ca A  4860A  33.587   0.0086      He 1  4388A  33.359   0.0051            
 H  1 1.458m  34.805   0.1421      Ca A  9229A  33.869   0.0165      Ca A  4542A  33.425   0.0059      He 1  4169A  33.009   0.0023            
 H  1 1.458m  35.104   0.2834      Ca A  9015A  33.729   0.0119      Ca A  4339A  33.282   0.0043      He 1  4144A  33.340   0.0049            
 H  1 1.458m  34.985   0.2153      Ca A  8863A  33.603   0.0089      Ca A  4200A  33.153   0.0032      He 1 4.295m  33.580   0.0085            
 H  1 1.458m  34.538   0.0769      Ca A  8750A  33.488   0.0069      Ca A  4100A  33.037   0.0024      He 1 1.253m  33.227   0.0038            
 H  1 2.279m  34.475   0.0665      Ca A  8665A  33.382   0.0054      Ca A  4026A  32.931   0.0019      He 1  9464A  32.944   0.0020            
 H  1 2.279m  34.773   0.1321      Ca A  8598A  33.284   0.0043      Ca A  3969A  32.833   0.0015      He 1  8362A  32.671   0.0010            
 H  1 2.279m  34.683   0.1073      Ca A  8545A  33.192   0.0035      Ca A  3924A  32.743   0.0012      He 1 2.112m  32.928   0.0019            
 H  1 2.279m  34.376   0.0529      Ca A  8502A  33.105   0.0028      Ca A  3888A  32.658   0.0010      He 1 1.700m  33.180   0.0034            
 H  1 2.279m  33.799   0.0140      Ca A  8467A  33.024   0.0024      Ca A 1.864m  33.777   0.0133      He 1 1.197m  32.964   0.0020            
 H  1 3.281m  34.214   0.0364      Ca A  8438A  32.948   0.0020      Ca A 1.163m  33.569   0.0083      He 1 1.031m  32.783   0.0014            
 H  1 3.281m  34.510   0.0721      Ca A  8413A  32.876   0.0017      Ca A  9345A  33.380   0.0053      He 1 1.954m  32.993   0.0022            
 H  1 3.281m  34.431   0.0601      Ca A  8392A  32.809   0.0014      Ca A  8237A  33.216   0.0037      He 1 1.869m  33.809   0.0143            
 H  1 3.281m  34.175   0.0333      Ca A  8374A  32.745   0.0012      Ca A  7593A  33.070   0.0026      He 1 1.278m  33.421   0.0059            
 H  1 3.281m  33.766   0.0130      Ca A  8359A  32.685   0.0011      Ca A  7178A  32.941   0.0019      He 1 1.091m  33.150   0.0031            
 H  1 3.281m  33.111   0.0029      Ca A 1.817m  33.558   0.0081      Ca A  6891A  32.823   0.0015      He 1 1.870m  33.355   0.0050            
 H  1 4.466m  33.998   0.0222      Ca A 1.736m  33.419   0.0058      Ca A  6684A  32.716   0.0012      He 1 1.279m  32.944   0.0020            
 H  1 4.466m  34.293   0.0437      Ca A 1.681m  33.293   0.0044      Ca A 3.091m  33.366   0.0052      He 1 1.092m  32.857   0.0016            
 H  1 4.466m  34.218   0.0368      Ca A 1.641m  33.177   0.0034      Ca A 1.874m  33.198   0.0035      He 1 1.909m  32.665   0.0010            
 H  1 4.466m  33.986   0.0216      Ca A 1.611m  33.071   0.0026      Ca A 1.476m  33.036   0.0024      He 1 4.037m  32.674   0.0011            
 H  1 4.466m  33.645   0.0098      Ca A 1.588m  32.972   0.0021      Ca A 1.281m  32.890   0.0017      He 1 4.048m  33.082   0.0027            
 H  1 4.466m  33.179   0.0034      Ca A 1.570m  32.880   0.0017      Ca A 1.167m  32.760   0.0013      He 1 2.623m  32.783   0.0014            
 H  1 5.834m  33.814   0.0145      Ca A 1.556m  32.793   0.0014      Ca A 4.762m  33.009   0.0023      He 1 4.048m  32.714   0.0012            
 H  1 5.834m  34.107   0.0285      Ca A 1.544m  32.711   0.0011      Ca A 2.825m  32.871   0.0017      Pho+  3889A  35.414   0.5779            
 H  1 5.834m  34.035   0.0241      Ca A 3.038m  33.167   0.0033      Ca A 2.189m  32.730   0.0012      database lines..............            
 H  1 5.834m  33.815   0.0146      Ca A 2.872m  33.041   0.0024      Ca A 6.946m  32.692   0.0011      level 1 lines...............            
 H  1 5.834m  33.508   0.0072      Ca A 2.758m  32.926   0.0019      Ca B  1640A  35.792   1.3802      recombination...............            
 H  1 5.834m  33.123   0.0030      Ca A 2.674m  32.820   0.0015      Ca B  1215A  35.324   0.4699      level2 lines................            
 H  1 7.383m  33.653   0.0100      Ca A 2.612m  32.721   0.0012      Ca B  1085A  34.991   0.2181      hyperfine structure.........            
 H  1 7.383m  33.946   0.0197      Ca A 12.37m  33.378   0.0053      Ca B  1025A  34.732   0.1202      inner shell.................            
 H  1 7.383m  33.874   0.0167      Ca A 7.500m  33.235   0.0038      Ca B 992.4A  34.520   0.0737      molecules...................            
 H  1 7.383m  33.662   0.0102      Ca A 5.907m  33.088   0.0027      Ca B 972.2A  34.340   0.0487            
 H  1 7.383m  33.374   0.0053      Ca A 5.127m  32.953   0.0020      Ca B 958.8A  34.183   0.0339            

                                                    Emergent line intensities
 Caution: emergent intensities are not reliable on the first iteration.
 general properties..........      Crst 960.0A  36.590   8.6790      H  1 1.094m  34.556   0.0801      Ca B  3924A  32.776   0.0013            
 TOTL  4861A  35.652   1.0000      Dest  1216A  34.329   0.0475      H  1 1.005m  34.339   0.0487      Ca B  3888A  32.691   0.0011            
 TOTL  1216A  37.324  47.0029      Q(H)  4861A  35.952   1.9940      H  1  9546A  34.154   0.0318      Ca B 1.864m  33.790   0.0137            
 continua....................      Q(H)  1216A  37.488  68.5937      H  1  9229A  33.993   0.0219      Ca B 1.163m  33.584   0.0085            
 Bac   3646A  36.593   8.7277      CaBo  4861A  35.285   0.4292      H  1  9015A  33.854   0.0159      Ca B  9345A  33.397   0.0056            
 nFnu  3645A  36.777  13.3367      CaBo  1640A  35.513   0.7264      H  1 4.051m  34.463   0.0647      Ca B  8237A  33.234   0.0038            
 nFnu  3647A  36.316   4.6090      CaBo  4686A  34.586   0.0858      H  1 2.625m  34.224   0.0373      Ca B  7593A  33.090   0.0027            
 cout  3646A  36.593   8.7277      Ca A 937.8A  35.367   0.5188      H  1 2.166m  34.005   0.0225      Ca B  7178A  32.960   0.0020            
 thin  3646A  36.593   8.7297      Ca A 930.8A  35.163   0.3246      H  1 1.945m  33.819   0.0147      Ca B  6891A  32.844   0.0016            
 Inci  4860A  35.536   0.7650      Ca A 926.2A  34.988   0.2168      H  1 1.817m  33.658   0.0101      Ca B  6684A  32.737   0.0012            
 Inci  1215A  37.125  29.7490      Ca A 923.2A  34.835   0.1523      H  1 1.736m  33.519   0.0074      Ca B 3.091m  33.378   0.0053            
 FIR  83.00m  34.802   0.1412      Ca A 921.0A  34.699   0.1115      H  1 7.458m  33.977   0.0211      Ca B 1.874m  33.209   0.0036            
 TIR   1800m  33.828   0.0150      Ca A 919.4A  34.579   0.0845      H  1 4.653m  33.753   0.0126      Ca B 1.476m  33.048   0.0025            
 NIRa 2.850m  36.541   7.7473      Ca A 918.1A  34.471   0.0660      H  1 3.740m  33.564   0.0082      Ca B 1.281m  32.903   0.0018            
 NIRb 3.000m  36.386   5.4148      Ca A 917.2A  34.376   0.0530      H  1 3.296m  33.401   0.0056      Ca B 1.167m  32.774   0.0013            
 MIRa 15.00m  35.497   0.6994      Ca A 916.4A  34.292   0.0436      H  1 3.038m  33.259   0.0041      Ca B 1.093m  32.656   0.0010            
 MIRb 22.50m  35.543   0.7778      Ca A 915.8A  34.217   0.0367      H  1 12.37m  33.548   0.0079      Ca B 4.762m  33.020   0.0023            
 NMIR 21.75m  36.541   7.7473      Ca A 915.3A  34.150   0.0315      H  1 7.500m  33.357   0.0051      Ca B 2.825m  32.881   0.0017            
 TFIR 611.2m  34.377   0.0531      Ca A 914.9A  34.090   0.0274      H  1 5.907m  33.191   0.0035      Ca B 2.189m  32.740   0.0012            
 TALL 10000A  38.023 235.0295      Ca A 914.6A  34.035   0.0242      H  1 5.127m  33.046   0.0025      Ca B 6.946m  32.703   0.0011            
 F12  12.00m  35.006   0.2261      Ca A 914.3A  33.985   0.0215      H  1 19.06m  33.176   0.0033      He 2 303.8A  36.710  11.4319            
 F25  25.00m  34.644   0.0982      Ca A 914.0A  33.939   0.0193      H  1 11.31m  33.012   0.0023      He 2 256.3A  33.999   0.0222            
 F60  60.00m  34.500   0.0704      Ca A 913.8A  33.896   0.0175      H  1 8.758m  32.865   0.0016      He 2 243.0A  33.900   0.0177            
 F100 100.0m  34.018   0.0232      Ca A 913.6A  33.856   0.0160      H  1 27.80m  32.843   0.0016      He 2 237.4A  33.836   0.0153            
 MIPS 24.00m  34.328   0.0474      Ca A 913.5A  33.820   0.0147      H  1 16.20m  32.703   0.0011      He 2 234.4A  33.797   0.0140            
 MIPS 70.00m  34.014   0.0230      Ca A 913.3A  33.786   0.0136      Ca A 303.8A  36.659  10.1506      He 2 232.6A  33.767   0.0130            
 MIPS 160.0m  33.625   0.0094      Ca A  3970A  34.612   0.0911      Ca A 256.3A  36.000   2.2266      He 2 231.5A  33.739   0.0122            
 IRAC 3.600m  34.996   0.2208      Ca A  3889A  34.434   0.0606      Ca A 243.0A  35.585   0.8569      He 2 230.7A  33.714   0.0115            
 IRAC 4.500m  35.088   0.2730      Ca A  3835A  34.279   0.0423      Ca A 237.4A  35.280   0.4250      He 2 230.2A  33.692   0.0110            
 IRAC 5.800m  34.874   0.1666      Ca A  3798A  34.140   0.0307      Ca A 234.4A  35.038   0.2435      He 2  1640A  35.810   1.4396            
 IRAC 8.000m  34.978   0.2119      Ca A  3771A  34.014   0.0230      Ca A 232.6A  34.837   0.1531      He 2  1215A  35.324   0.4700            
 SPR1 250.0m  33.607   0.0090      Ca A  3750A  33.900   0.0177      Ca A 231.5A  34.664   0.1028      He 2  1085A  34.989   0.2173            
 SPR2 350.0m  33.490   0.0069      Ca A  3734A  33.795   0.0139      Ca A 230.7A  34.512   0.0724      He 2  1025A  34.731   0.1200            
 SPR3 500.0m  33.435   0.0061      Ca A  3722A  33.697   0.0111      Ca A 230.2A  34.377   0.0530      He 2 992.4A  34.522   0.0742            
 PAC1 70.00m  34.073   0.0264      Ca A  3712A  33.607   0.0090      Ca A 229.8A  34.254   0.0400      He 2 972.2A  34.346   0.0494            
 PAC2 100.0m  34.018   0.0233      Ca A  3704A  33.522   0.0074      Ca A 229.4A  34.143   0.0310      He 2 958.8A  34.195   0.0349            
 PAC3 160.0m  33.905   0.0179      Ca A  3697A  33.444   0.0062      Ca A 229.2A  34.040   0.0245      He 2 949.4A  34.063   0.0258            
 PAH  3.300m  34.203   0.0355      Ca A  3692A  33.371   0.0052      Ca A 229.0A  33.946   0.0197      He 2  4686A  34.932   0.1904            
 PAHC 3.230m  33.853   0.0159      Ca A  3687A  33.303   0.0045      Ca A 228.9A  33.858   0.0161      He 2  3203A  34.562   0.0812            
 PAHC 3.370m  33.801   0.0141      Ca A  3683A  33.240   0.0039      Ca A 228.7A  33.776   0.0133      He 2  2733A  34.294   0.0439            
 PAH  6.200m  34.372   0.0524      Ca A  3679A  33.182   0.0034      Ca A 228.6A  33.700   0.0112      He 2  2511A  34.079   0.0267            
 PAHC 5.650m  34.417   0.0582      Ca A  3676A  33.127   0.0030      Ca A 228.6A  33.628   0.0095      He 2  2386A  33.898   0.0176            
 PAH  7.900m  34.608   0.0904      Ca A  3674A  33.077   0.0027      Ca A 228.5A  33.561   0.0081      He 2  2306A  33.742   0.0123            
 PAHC 6.900m  34.569   0.0827      Ca A  3671A  33.029   0.0024      Ca A 228.4A  33.498   0.0070      He 2  2253A  33.605   0.0090            
 PAH  11.30m  33.836   0.0153      Ca A  9546A  34.025   0.0236      Ca A 228.4A  33.439   0.0061      He 2 1.012m  34.352   0.0501            
 PAHC 10.90m  33.805   0.0142      Ca A  9229A  33.869   0.0165      Ca A 228.3A  33.384   0.0054      He 2  6560A  34.033   0.0240            
 PAH  11.80m  33.959   0.0203      Ca A  9015A  33.729   0.0119      Ca A 228.3A  33.333   0.0048      He 2  5412A  33.803   0.0141            
 PAHC 12.65m  34.091   0.0275      Ca A  8863A  33.603   0.0089      Ca A 228.3A  33.285   0.0043      He 2  4860A  33.615   0.0092            
 PAH  13.30m  33.951   0.0199      Ca A  8750A  33.488   0.0069      Ca A  1640A  35.622   0.9334      He 2  4542A  33.453   0.0063            
 PAHC 14.10m  33.899   0.0177      Ca A  8665A  33.382   0.0054      Ca A  1215A  35.157   0.3199      He 2  4339A  33.312   0.0046            
 Bcon  3640A  37.570  82.8799      Ca A  8598A  33.284   0.0043      Ca A  1085A  34.827   0.1495      He 2 1.864m  33.900   0.0177            
 Pcon  5000A  36.645   9.8388      Ca A  8545A  33.192   0.0035      Ca A  1025A  34.570   0.0829      He 2 1.163m  33.613   0.0091            
 nFnu  9993m  32.730   0.0012      Ca A  8502A  33.105   0.0028      Ca A 992.4A  34.361   0.0511      He 2  9345A  33.406   0.0057            
 nFnu  6917m  32.871   0.0017      Ca A  8467A  33.024   0.0024      Ca A 972.2A  34.182   0.0339      He 2  8237A  33.237   0.0038            
 nFnu 122.4m  34.368   0.0520      Ca A  8438A  32.948   0.0020      Ca A 958.8A  34.027   0.0237      He 2  7593A  33.092   0.0028            
 nFnu 60.83m  34.615   0.0918      Ca A  8413A  32.876   0.0017      Ca A 949.4A  33.889   0.0173      He 2 3.091m  33.525   0.0075            
 nFnu 41.22m  34.754   0.1263      Ca A  8392A  32.809   0.0014      Ca A 942.6A  33.765   0.0130      He 2 1.874m  33.265   0.0041            
 nFnu 30.87m  34.855   0.1595      Ca A  8374A  32.745   0.0012      Ca A 937.5A  33.652   0.0100      He 2 1.476m  33.070   0.0026            
 nFnu 24.78m  34.931   0.1903      Ca A  8359A  32.685   0.0011      Ca A 933.5A  33.548   0.0079      He 2 1.281m  32.916   0.0018            
 nFnu 24.30m  34.938   0.1933      Ca A 1.817m  33.558   0.0081      Ca A 930.4A  33.453   0.0063      He 2 4.762m  33.204   0.0036            
 nFnu 22.83m  34.959   0.2030      Ca A 1.736m  33.419   0.0058      Ca A 927.9A  33.364   0.0051      He 2 2.825m  32.970   0.0021            
 nFnu 21.42m  34.982   0.2137      Ca A 1.681m  33.293   0.0044      Ca A 925.9A  33.281   0.0043      He 2 2.189m  32.781   0.0013            
 nFnu 21.12m  34.987   0.2162      Ca A 1.641m  33.177   0.0034      Ca A 924.2A  33.203   0.0036      He 2 6.946m  32.922   0.0019            
 nFnu 19.62m  35.012   0.2289      Ca A 1.611m  33.071   0.0026      Ca A 922.8A  33.129   0.0030      He 2 4.050m  32.717   0.0012            
 nFnu 17.65m  35.050   0.2501      Ca A 1.588m  32.972   0.0021      Ca A 921.6A  33.060   0.0026      He 2 9.711m  32.666   0.0010            
 nFnu 17.37m  35.055   0.2531      Ca A 1.570m  32.880   0.0017      Ca A 920.6A  32.994   0.0022      He-like iso-sequence........            
 nFnu 15.69m  35.089   0.2737      Ca A 1.556m  32.793   0.0014      Ca A 919.8A  32.931   0.0019      Clin 506.0A  36.027   2.3718            
 nFnu 14.60m  35.114   0.2900      Ca A 1.544m  32.711   0.0011      Ca A 919.0A  32.872   0.0017      Ca B  2945A  34.037   0.0243            
 nFnu 12.43m  35.173   0.3319      Ca A 3.038m  33.167   0.0033      Ca A 918.4A  32.815   0.0015      Ca B  3188A  34.392   0.0550            
 nFnu 11.40m  35.202   0.3545      Ca A 2.872m  33.041   0.0024      Ca A 917.8A  32.761   0.0013      Ca B  3614A  33.475   0.0067            
 nFnu 10.46m  35.233   0.3808      Ca A 2.758m  32.926   0.0019      Ca A  4686A  34.849   0.1575      Ca B  3889A  34.853   0.1588            
 nFnu 9.480m  35.266   0.4115      Ca A 2.674m  32.820   0.0015      Ca A  3203A  34.509   0.0720      Ca B  3965A  33.774   0.0132            
 nFnu 9.325m  35.271   0.4163      Ca A 2.612m  32.721   0.0012      Ca A  2733A  34.242   0.0389      Ca B  4026A  33.992   0.0219            
 nFnu 8.210m  35.318   0.4637      Ca A 12.37m  33.378   0.0053      Ca A  2511A  34.025   0.0236      Ca B  4121A  33.260   0.0041            
 nFnu 7.580m  35.345   0.4930      Ca A 7.500m  33.235   0.0038      Ca A  2386A  33.841   0.0155      Ca B  4388A  33.449   0.0063            
 nFnu 7.050m  35.373   0.5258      Ca A 5.907m  33.088   0.0027      Ca A  2306A  33.682   0.0107      Ca B  4438A  32.764   0.0013            
 nFnu 4.114m  35.567   0.8214      Ca A 5.127m  32.953   0.0020      Ca A  2253A  33.542   0.0078      Ca B  4471A  34.360   0.0511            
 nInu 4.114m  32.812   0.0014      Ca A 4.671m  32.828   0.0015      Ca A  2215A  33.415   0.0058      Ca B  4713A  33.703   0.0112            
 nFnu 2.324m  35.759   1.2783      Ca A 4.375m  32.714   0.0012      Ca A  2187A  33.301   0.0045      Ca B  4922A  33.809   0.0144            
 nInu 2.324m  33.548   0.0079      Ca A 19.06m  33.008   0.0023      Ca A  2165A  33.196   0.0035      Ca B  5016A  34.188   0.0343            
 nFnu 1.643m  35.887   1.7189      Ca A 11.31m  32.890   0.0017      Ca A  2149A  33.099   0.0028      Ca B  5048A  33.167   0.0033            
 nInu 1.643m  33.992   0.0219      Ca A 8.758m  32.763   0.0013      Ca A  2135A  33.009   0.0023      Ca B  5876A  34.954   0.2005            
 nFnu 1.480m  35.913   1.8237      Ca A 27.80m  32.684   0.0011      Ca A  2125A  32.925   0.0019      Ca B  6678A  34.410   0.0573            
 nInu 1.480m  34.127   0.0298      Ca B  3970A  34.793   0.1385      Ca A  2116A  32.847   0.0016      Ca B  7065A  34.542   0.0776            
 nFnu 1.436m  35.987   2.1650      Ca B  3889A  34.613   0.0914      Ca A  2109A  32.773   0.0013      Ca B  7281A  33.785   0.0136            
 nInu 1.436m  34.165   0.0326      Ca B  3835A  34.455   0.0636      Ca A  2102A  32.703   0.0011      Ca B  9464A  32.780   0.0013            
 nFnu 1.119m  36.044   2.4669      Ca B  3798A  34.315   0.0460      Ca A 1.012m  34.260   0.0406      Ca B 1.083m  35.972   2.0873            
 nInu 1.119m  34.484   0.0680      Ca B  3771A  34.189   0.0345      Ca A  6560A  33.997   0.0222      Ca B 1.197m  32.995   0.0022            
 nFnu  8330A  36.098   2.7916      Ca B  3750A  34.076   0.0265      Ca A  5412A  33.775   0.0133      Ca B 1.253m  32.898   0.0018            
 nInu  8330A  34.859   0.1611      Ca B  3734A  33.972   0.0209      Ca A  4860A  33.587   0.0086      Ca B 1.278m  33.505   0.0071            
 nFnu  8079A  36.263   4.0841      Ca B  3722A  33.877   0.0168      Ca A  4542A  33.425   0.0059      Ca B 1.279m  33.143   0.0031            
 nInu  8079A  34.897   0.1757      Ca B  3712A  33.789   0.0137      Ca A  4339A  33.282   0.0043      Ca B 1.700m  33.210   0.0036            
 nFnu  6210A  36.296   4.4019      Ca B  3704A  33.709   0.0114      Ca A  4200A  33.153   0.0032      Ca B 1.869m  33.972   0.0209            
 nInu  6210A  35.230   0.3784      Ca B  3697A  33.633   0.0096      Ca A  4100A  33.037   0.0024      Ca B 1.870m  33.688   0.0109            
 nFnu  4885A  36.313   4.5772      Ca B  3692A  33.563   0.0082      Ca A  4026A  32.931   0.0019      Ca B 1.909m  32.774   0.0013            
 nInu  4885A  35.528   0.7523      Ca B  3687A  33.497   0.0070      Ca A  3969A  32.833   0.0015      Ca B 1.954m  32.664   0.0010            
 nFnu  3704A  36.302   4.4660      Ca B  3683A  33.435   0.0061      Ca A  3924A  32.743   0.0012      Ca B 2.058m  34.421   0.0587            
 nInu  3704A  35.865   1.6340      Ca B  3679A  33.375   0.0053      Ca A  3888A  32.658   0.0010      Ca B 2.112m  32.887   0.0017            
 nFnu  3588A  36.776  13.3030      Ca B  3676A  33.319   0.0046      Ca A 1.864m  33.777   0.0133      TOTL 591.4A  34.658   0.1015            
 nInu  3588A  35.908   1.8016      Ca B  3674A  33.265   0.0041      Ca A 1.163m  33.569   0.0083      He 1 591.4A  34.657   0.1011            
 nFnu  2430A  36.693  10.9982      Ca B  3671A  33.213   0.0036      Ca A  9345A  33.380   0.0053      He 1 584.3A  35.453   0.6329            
 nInu  2430A  36.370   5.2288      Ca B  9546A  34.104   0.0283      Ca A  8237A  33.216   0.0037      He 1 537.0A  34.334   0.0481            
 nFnu  2392A  36.688  10.8636      Ca B  9229A  33.948   0.0198      Ca A  7593A  33.070   0.0026      He 1 522.2A  34.169   0.0329            
 nInu  2392A  36.388   5.4426      Ca B  9015A  33.809   0.0144      Ca A  7178A  32.941   0.0019      He 1 515.6A  34.080   0.0268            
 nFnu  2071A  36.635   9.6265      Ca B  8863A  33.684   0.0108      Ca A  6891A  32.823   0.0015      He 1 512.1A  34.177   0.0335            
 nInu  2071A  36.554   7.9831      Ca B  8750A  33.570   0.0083      Ca A  6684A  32.716   0.0012      He 1 625.6A  35.502   0.7079            
 nFnu  2053A  36.685  10.7807      Ca B  8665A  33.465   0.0065      Ca A 3.091m  33.366   0.0052      TOTL 1.083m  35.988   2.1669            
 nInu  2053A  36.566   8.1942      Ca B  8598A  33.369   0.0052      Ca A 1.874m  33.198   0.0035      He 1 1.083m  35.988   2.1669            
 nFnu  1793A  36.635   9.6123      Ca B  8545A  33.280   0.0042      Ca A 1.476m  33.036   0.0024      He 1 1.083m  35.035   0.2415            
 nInu  1793A  36.717  11.6043      Ca B  8502A  33.197   0.0035      Ca A 1.281m  32.890   0.0017      He 1 1.083m  35.509   0.7186            
 nFnu  1585A  36.594   8.7557      Ca B  8467A  33.120   0.0029      Ca A 1.167m  32.760   0.0013      He 1 1.083m  35.734   1.2068            
 nInu  1585A  36.848  15.6885      Ca B  8438A  33.048   0.0025      Ca A 4.762m  33.009   0.0023      He 1  3889A  34.551   0.0793            
 nFnu  1458A  36.564   8.1626      Ca B  8413A  32.981   0.0021      Ca A 2.825m  32.871   0.0017      He 1  3188A  34.195   0.0349            
 nInu  1458A  36.938  19.3264      Ca B  8392A  32.918   0.0018      Ca A 2.189m  32.730   0.0012      He 1  2945A  33.901   0.0178            
 nFnu  1357A  36.528   7.5215      Ca B  8374A  32.859   0.0016      Ca A 6.946m  32.692   0.0011      He 1  2829A  33.658   0.0101            
 nInu  1357A  37.011  22.8672      Ca B  8359A  32.803   0.0014      Ca B  1640A  35.792   1.3801      He 1 2.058m  33.870   0.0165            
 nFnu  1297A  36.486   6.8304      Ca B  8346A  32.749   0.0013      Ca B  1215A  35.324   0.4699      He 1  5016A  34.059   0.0255            
 nInu  1297A  37.057  25.4327      Ca B  8334A  32.698   0.0011      Ca B  1085A  34.991   0.2181      He 1  3965A  33.632   0.0096            
 nFnu  1263A  36.435   6.0628      Ca B 1.817m  33.605   0.0090      Ca B  1025A  34.732   0.1202      He 1  3614A  33.304   0.0045            
 nInu  1263A  37.088  27.2780      Ca B 1.736m  33.466   0.0065      Ca B 992.4A  34.520   0.0737      He 1  3448A  33.249   0.0040            
 nFnu  1218A  36.334   4.8066      Ca B 1.681m  33.341   0.0049      Ca B 972.2A  34.340   0.0487      He 1  7065A  34.749   0.1250            
 nInu  1218A  37.123  29.5745      Ca B 1.641m  33.227   0.0038      Ca B 958.8A  34.183   0.0339      He 1  5876A  34.907   0.1800            
 nFnu  1196A  36.331   4.7790      Ca B 1.611m  33.122   0.0029      Ca B 949.4A  34.043   0.0246      He 1  4713A  33.744   0.0124            
 nInu  1196A  37.138  30.6078      Ca B 1.588m  33.025   0.0024      Ca B 942.6A  33.918   0.0185      He 1  4471A  34.331   0.0477            
 nFnu  1175A  36.329   4.7516      Ca B 1.570m  32.935   0.0019      Ca B 937.5A  33.805   0.0142      He 1  4121A  33.262   0.0041            
 nInu  1175A  37.158  32.0324      Ca B 1.556m  32.851   0.0016      Ca B 933.5A  33.700   0.0112      He 1  4026A  33.960   0.0203            
 nFnu  1144A  36.327   4.7307      Ca B 1.544m  32.772   0.0013      Ca B 930.4A  33.604   0.0090      He 1  3867A  33.143   0.0031            
 nInu  1144A  37.187  34.2728      Ca B 1.534m  32.698   0.0011      Ca B 927.9A  33.515   0.0073      He 1  3820A  33.723   0.0118            
 nFnu  1113A  36.327   4.7316      Ca B 3.038m  33.200   0.0035      Ca B 925.9A  33.431   0.0060      He 1  7281A  33.735   0.0121            
 nInu  1113A  37.211  36.2371      Ca B 2.872m  33.075   0.0026      Ca B 924.2A  33.353   0.0050      He 1  6678A  34.205   0.0357            
 nFnu  1103A  36.327   4.7365      Ca B 2.758m  32.961   0.0020      Ca B 922.8A  33.280   0.0042      He 1  5048A  33.116   0.0029            
 nInu  1103A  37.221  37.0481      Ca B 2.674m  32.856   0.0016      Ca B 921.6A  33.210   0.0036      He 1  4922A  33.699   0.0111            
 nFnu  1074A  36.330   4.7599      Ca B 2.612m  32.759   0.0013      Ca B 920.6A  33.145   0.0031      He 1  4438A  32.719   0.0012            
 nInu  1074A  37.245  39.1400      Ca B 2.564m  32.668   0.0010      Ca B 919.8A  33.083   0.0027      He 1  4388A  33.359   0.0051            
 nFnu  1064A  36.331   4.7736      Ca B 12.37m  33.402   0.0056      Ca B 919.0A  33.024   0.0024      He 1  4169A  33.009   0.0023            
 nInu  1064A  37.254  40.0029      Ca B 7.500m  33.259   0.0040      Ca B 918.4A  32.968   0.0021      He 1  4144A  33.340   0.0049            
 nFnu  1036A  36.335   4.8184      Ca B 5.907m  33.113   0.0029      Ca B 917.8A  32.915   0.0018      He 1 4.295m  33.580   0.0085            
 nInu  1036A  37.278  42.2262      Ca B 5.127m  32.978   0.0021      Ca B  4686A  34.891   0.1734      He 1 1.253m  33.227   0.0038            
 nFnu  1000A  36.343   4.9051      Ca B 4.671m  32.855   0.0016      Ca B  3203A  34.561   0.0811      He 1  9464A  32.944   0.0020            
 nInu  1000A  37.310  45.5002      Ca B 4.375m  32.741   0.0012      Ca B  2733A  34.298   0.0443      He 1  8362A  32.671   0.0010            
 nFnu 925.1A  36.367   5.1930      Ca B 19.06m  33.032   0.0024      Ca B  2511A  34.083   0.0270      He 1 2.112m  32.928   0.0019            
 nInu 925.1A  37.382  53.7062      Ca B 11.31m  32.913   0.0018      Ca B  2386A  33.901   0.0177      He 1 1.700m  33.180   0.0034            
 nFnu 897.8A  37.522  74.1058      Ca B 8.758m  32.785   0.0014      Ca B  2306A  33.742   0.0123      He 1 1.197m  32.964   0.0020            
 nInu 897.8A  36.249   3.9548      Ca B 7.506m  32.664   0.0010      Ca B  2253A  33.602   0.0089      He 1 1.031m  32.783   0.0014            
 nFnu 760.0A  37.225  37.4050      Ca B 27.80m  32.707   0.0011      Ca B  2215A  33.476   0.0067      He 1 1.954m  32.993   0.0022            
 nInu 760.0A  36.802  14.1368      H  1  1216A  37.324  47.0029      Ca B  2187A  33.361   0.0051      He 1 1.869m  33.809   0.0143            
 nFnu 701.5A  37.052  25.1114      H  1  1026A  34.279   0.0424      Ca B  2165A  33.257   0.0040      He 1 1.278m  33.421   0.0059            
 nInu 701.5A  37.008  22.6844      H  1 972.5A  34.167   0.0328      Ca B  2149A  33.160   0.0032      He 1 1.091m  33.150   0.0031            
 nFnu 608.2A  36.653  10.0120      H  1 949.7A  34.103   0.0282      Ca B  2135A  33.070   0.0026      He 1 1.870m  33.355   0.0050            
 nInu 608.2A  37.300  44.4908      H  1 937.8A  34.005   0.0225      Ca B  2125A  32.986   0.0022      He 1 1.279m  32.944   0.0020            
 nFnu 575.1A  36.521   7.3912      H  1 930.8A  33.960   0.0203      Ca B  2116A  32.908   0.0018      He 1 1.092m  32.857   0.0016            
 nInu 575.1A  37.389  54.5464      H  1 926.2A  33.927   0.0188      Ca B  2109A  32.834   0.0015      He 1 1.909m  32.665   0.0010            
 nFnu 511.9A  36.332   4.7907      H  1 923.2A  33.902   0.0178      Ca B  2102A  32.764   0.0013      He 1 4.037m  32.674   0.0011            
 nInu 511.9A  37.540  77.3410      H  1 921.0A  33.879   0.0169      Ca B  2097A  32.698   0.0011      He 1 4.048m  33.082   0.0027            
 nFnu 496.9A  37.289  43.3706      H  1  6563A  36.113   2.8898      Ca B 1.012m  34.279   0.0424      He 1 2.623m  32.783   0.0014            
 nInu 496.9A  37.475  66.5910      H  1  4861A  35.652   1.0000      Ca B  6560A  34.022   0.0234      He 1 4.048m  32.714   0.0012            
 nFnu 399.2A  36.519   7.3638      H  1  4340A  35.327   0.4726      Ca B  5412A  33.802   0.0141      Pho+  3889A  35.414   0.5779            
 nInu 399.2A  37.671 104.4864      H  1  4102A  35.060   0.2559      Ca B  4860A  33.616   0.0092      database lines..............            
 RRC.........................      H  1  3970A  34.841   0.1546      Ca B  4542A  33.455   0.0064      level 1 lines...............            
 grains......................      H  1  3889A  34.654   0.1004      Ca B  4339A  33.313   0.0046      recombination...............            
 H-like iso-sequence.........      H  1  3835A  34.491   0.0690      Ca B  4200A  33.185   0.0034      level2 lines................            
 Clin 912.0A  36.916  18.3531      H  1  3798A  34.351   0.0500      Ca B  4100A  33.069   0.0026      hyperfine structure.........            
 Clin 228.0A  33.152   0.0032      H  1 1.875m  35.108   0.2858      Ca B  4026A  32.964   0.0020      inner shell.................            
 Cool  1216A  36.638   9.6740      H  1 1.282m  34.800   0.1405      Ca B  3969A  32.866   0.0016      molecules...................            



  - this is the input stream for a planetary nebula  
 Cooling:  HFBc     0 :0.145 HFFc     0 :0.156 Clin 912.0A:0.550 Clin 506.0A:0.071  
 Heating:  BFH1     0 :0.760 BFHe     0 :0.240  

 These are some of the most important databases used by Cloudy:
 Many recombination coefficients were taken from http://amdpp.phys.strath.ac.uk/tamoc/RR/ and http://amdpp.phys.strath.ac.uk/tamoc/DR/
      and are based on the following papers:
        Badnell N. R., et al., A&A 406, 1151 (2003) [http://adsabs.harvard.edu/abs/2003A%26A...406.1151B]
        Badnell N. R., ApJS 167, 334 (2006) [http://adsabs.harvard.edu/abs/2006ApJS..167..334B]
 Much of the molecular emission data is from LAMDA as accessed on Dec. 18, 2010. This database is described in:
        Schoeier F.L., et al., A&A 432, 369 (2005) [http://adsabs.harvard.edu/abs/2005A%26A...432..369S]
      This database is in part based on the work of the following groups:
        JPL: Pickett H. M. et al., JQSRT, 60, 883 (1998). [http://adsabs.harvard.edu/abs/1998JQSRT..60..883P]
        CDMS: Mueller H. S. et al., A&A 370, L49 (2001). [http://adsabs.harvard.edu/abs/2001A%26A...370L..49M]
              Mueller H. S. et al., J. Mol. Struct. 742, 215 (2005). [http://adsabs.harvard.edu/abs/2005JMoSt.742..215M]
 Much of the ionic emission data is from version 7.0 of CHIANTI. CHIANTI is a collaborative project involving the NRL (USA), the
      Universities of Florence (Italy) and Cambridge (UK), and George Mason University (USA). These papers describe Chianti:
        Dere K. P., et al., A&AS, 125, 149 (1997) [http://adsabs.harvard.edu/abs/1997A%26AS..125..149D]
        Landi E., et al., ApJ, 744, 99 (2012) [http://adsabs.harvard.edu/abs/2012ApJ...744...99L]
 Much of the H_2 data is from this web site: http://molat.obspm.fr/index.php?page=pages/Molecules/H2/H2can94.php. These data are
      described in:
        Abgrall H. et al., Can. J. Phys., 72, 856 (1994) [http://adsabs.harvard.edu/abs/1994CaJPh..72..856A]
        Wrathmall S. A. & Flower D. R., J. Phys. B, 40, 3221 (2007) [http://adsabs.harvard.edu/abs/2007JPhB...40.3221W]
 Please cite those papers that played a significant role in this calculation.

 IONIZE PARMET:  U(1-) -1.3010  U(4-): -2.5309  U(sp): -2.10  Q(ion):   48.027  L(ion) 37.728    Q(low): 49.474    L(low) 37.649
 ENERGY BUDGET:  Heat:  37.175  Coolg:  37.175  Error:  0.0%  Rec Lin:  36.638  F-F  H  0.000    P(rad/tot)max     8.79E-02

     Col(Heff):      0.000E+00  snd travl time  8.33E+10 sec  Te-low: 2.01E+04  Te-hi: 3.26E+04  G0TH85: 4.64E+04  G0DB96:7.76E+04
  Emiss Measure    n(e)n(p) dl       1.724E+25  n(e)n(He+)dl         9.893E+23  En(e)n(He++) dl         7.345E+23  ne nC+:0.00E+00
 He/Ha:1.48E-01  =   1.48*true  Lthin:3.76E+01  itr/zn:12.08  H2 itr/zn:  0.00  File Opacity: F  MassTot 1.45e+33  (gm)
   Temps(21 cm)   T(21cm/Ly a)  4.89E+03        T(<nH/Tkin>)  2.26E+04          T(<nH/Tspin>)    5.16E+03          TB21cm:7.07E-03
                   N(H0/Tspin)  8.47E+13        N(OH/Tkin)    0.00E+00          B(21cm)          0.00E+00
   <a>:1.33E-06  erdeFe0.0E+00  Tcompt5.88E+06  Tthr5.24E+08  <Tden>: 2.54E+04  <dens>:2.34E-20  <MolWgt>6.29E-01
     Mean Jeans  l(cm)8.15E+19  M(sun)3.33E+06  smallest:     len(cm):7.25E+19  M(sun):2.34E+06  a_ox tran:  0.00
 Rion:2.512E+17  Dist:0.00E+00  Diam:0.000E+00
 Hatom level 70  HatomType: add  HInducImp  F  He tot level: 63  He2 level:   70  ExecTime    11.5
 ConvrgError(%)  <eden>  0.000  MaxEden  0.000  <H-C>   0.05  Max(H-C)    0.45  <Press>   0.000  MaxPrs er  0.000
  Continuity(%)  chng Te   2.8  elec den   0.8  n(H2)    0.0  n(CO)        0.0

                                                        Averaged Quantities
             Te      Te(Ne)   Te(NeNp)  Te(NeHe+)Te(NeHe2+) Te(NeO+)  Te(NeO2+)  Te(H2)     N(H)     Ne(O2+)   Ne(Np)
 Radius:  2.54e+04  2.55e+04  2.55e+04  2.25e+04  2.96e+04  0.00e+00  0.00e+00  2.16e+04  1.00e+04  0.00e+00  1.14e+04
   Area:  2.44e+04  2.46e+04  2.46e+04  2.23e+04  2.94e+04  0.00e+00  0.00e+00  2.13e+04  1.00e+04  0.00e+00  1.13e+04
 Volume:  2.36e+04  2.37e+04  2.37e+04  2.21e+04  2.92e+04  0.00e+00  0.00e+00  2.12e+04  1.00e+04  0.00e+00  1.12e+04
 
 Peimbert T(OIIIr)0.00E+00 T(Bac)2.97E+04 T(Hth)0.00E+00 t2(Hstrc) 2.08e-02 T(O3-BAC)0.00E+00 t2(O3-BC) 0.00e+00 t2(O3str) 0.00e+00

 Contin Optical Depths: COMP: 1.15e-03    H-: 2.06e-07 R(1300): 2.93e-06  H2+: 4.33e-09  Pfa:5.73E-04
                          Pa: 5.73e-04    Ba: 5.73e-04      Hb: 5.73e-04   La: 3.86e-03     1r:4.986E+07  1.8:1.19E+07 4.:1.719E+06

 Old, new H  1 continuum optical depths:
     1 9.97e+07     2 1.00e-20     3 1.00e-20     4 1.00e-20     5 1.00e-20     6 1.00e-20     7 1.00e-20     8 1.00e-20
     9 1.00e-20    10 1.00e-20    11 1.00e-20    12 1.00e-20    13 1.00e-20    14 1.00e-20    15 1.00e-20    16 1.00e-20
    17 1.00e-20    18 1.00e-20    19 1.00e-20    20 1.00e-20    21 1.00e-20    22 1.00e-20    23 1.00e-20    24 1.00e-20
    25 1.00e-20    26 1.00e-20    27 1.00e-20    28 1.00e-20    29 1.00e-20    30 1.00e-20    31 1.00e-20    32 1.00e-20
    33 1.00e-20    34 1.00e-20    35 1.00e-20    36 1.00e-20    37 1.00e-20    38 1.00e-20    39 1.00e-20    40 1.00e-20
    41 1.00e-20    42 1.00e-20    43 1.00e-20    44 1.00e-20    45 1.00e-20    46 1.00e-20    47 1.00e-20    48 1.00e-20
    49 1.00e-20    50 1.00e-20    51 1.00e-20    52 1.00e-20    53 1.00e-20    54 1.00e-20
     1 4.99e+07     2 1.62e-07     3 1.03e-07     4 1.03e-07     5 1.03e-07     6 2.57e-08     7 2.57e-08     8 2.57e-08
     9 2.57e-08    10 8.64e-12    11 8.64e-12    12 8.64e-12    13 8.64e-12    14 8.64e-12    15 1.95e-11    16 1.95e-11
    17 1.95e-11    18 1.95e-11    19 1.95e-11    20 1.95e-11    21 4.00e-11    22 4.00e-11    23 4.00e-11    24 4.00e-11
    25 4.00e-11    26 4.00e-11    27 4.00e-11    28 7.52e-11    29 7.52e-11    30 7.52e-11    31 7.52e-11    32 7.52e-11
    33 7.52e-11    34 7.52e-11    35 7.52e-11    36 1.34e-10    37 1.34e-10    38 1.34e-10    39 1.34e-10    40 1.34e-10
    41 1.34e-10    42 1.34e-10    43 1.34e-10    44 1.34e-10    45 2.25e-10    46 2.25e-10    47 2.25e-10    48 2.25e-10
    49 2.25e-10    50 2.25e-10    51 2.25e-10    52 2.25e-10    53 2.25e-10    54 2.25e-10

 Old, new H  1 mean line optical depths:
  2- 1 1.61e+20  3- 2 6.01e+00  4- 3 1.77e-20  5- 4 1.77e-20  6- 5 1.77e-20  7- 6 1.77e-20  8- 7 1.77e-20
  9- 8 1.77e-20 10- 9 1.77e-20
  2- 1 3.03e+04  3- 2 5.64e-03  4- 3 4.95e-08  5- 4 5.54e-08  6- 5 8.30e-08  7- 6 1.28e-07  8- 7 1.96e-07
  9- 8 4.07e-07 10- 9 9.02e-07

 Old, new He 2 continuum optical depths:
     1 3.44e+06     2 9.86e+07     3 1.00e-20     4 1.00e-20     5 1.00e-20     6 1.00e-20     7 1.00e-20     8 1.00e-20
     9 1.00e-20    10 1.00e-20    11 1.00e-20    12 1.00e-20    13 1.00e-20    14 1.00e-20    15 1.00e-20    16 1.00e-20
    17 1.00e-20    18 1.00e-20    19 1.00e-20    20 1.00e-20    21 1.00e-20    22 1.00e-20    23 1.00e-20    24 1.00e-20
    25 1.00e-20    26 1.00e-20    27 1.00e-20    28 1.00e-20    29 1.00e-20    30 1.00e-20    31 1.00e-20    32 1.00e-20
    33 1.00e-20    34 1.00e-20    35 1.00e-20    36 1.00e-20    37 1.00e-20    38 1.00e-20    39 1.00e-20    40 1.00e-20
    41 1.00e-20    42 1.00e-20    43 1.00e-20    44 1.00e-20    45 1.00e-20    46 1.00e-20    47 1.00e-20    48 1.00e-20
    49 1.00e-20    50 1.00e-20    51 1.00e-20    52 1.00e-20    53 1.00e-20    54 1.00e-20
     1 1.72e+06     2 4.93e+07     3 3.02e-04     4 3.02e-04     5 3.02e-04     6 1.62e-07     7 1.62e-07     8 1.62e-07
     9 1.62e-07    10 8.36e-08    11 8.36e-08    12 8.36e-08    13 8.36e-08    14 8.36e-08    15 1.03e-07    16 1.03e-07
    17 1.03e-07    18 1.03e-07    19 1.03e-07    20 1.03e-07    21 8.71e-08    22 8.71e-08    23 8.71e-08    24 8.71e-08
    25 8.71e-08    26 8.71e-08    27 8.71e-08    28 2.57e-08    29 2.57e-08    30 2.57e-08    31 2.57e-08    32 2.57e-08
    33 2.57e-08    34 2.57e-08    35 2.57e-08    36 5.01e-12    37 5.01e-12    38 5.01e-12    39 5.01e-12    40 5.01e-12
    41 5.01e-12    42 5.01e-12    43 5.01e-12    44 5.01e-12    45 8.64e-12    46 8.64e-12    47 8.64e-12    48 8.64e-12
    49 8.64e-12    50 8.64e-12    51 8.64e-12    52 8.64e-12    53 8.64e-12    54 8.64e-12

 Old, new He 2 mean line optical depths:
  2- 1 1.61e+19  3- 2 6.01e-01  4- 3 1.77e-20  5- 4 1.77e-20  6- 5 1.77e-20  7- 6 1.77e-20  8- 7 1.77e-20
  9- 8 1.77e-20 10- 9 1.77e-20
  2- 1 3.11e+06  3- 2 4.90e-05  4- 3 2.19e-10  5- 4 2.48e-10  6- 5 3.68e-10  7- 6 5.91e-10  8- 7 9.66e-10
  9- 8 1.57e-09 10- 9 2.53e-09

 Old He Is optical depths:    1 2.38e+07    2 1.00e-20    3 1.00e-20    4 1.00e-20    5 1.00e-20
 New He Is optical depths:    1 1.19e+07    2 3.90e-04    3 1.29e-07    4 1.46e-07    5 1.46e-07
          Old He Is Lines:  584 3.54e-20 3889 3.54e-20 5016 3.54e-20 5876 3.54e-20
          New He Is Lines:  584 1.39e+03 3889 9.84e+00 5016 2.79e-04 5876 3.27e-05

==== H      compounds ====           Log10 column densities [cm^-2}
   H2        :  2.045   H2*       :  2.615   H2+       :  8.792   H3+       : -6.046
==== He     compounds ====
   HeH+      : 10.179


               1      2      3      4      5      6      7      8      9     10     11     12     13     14     15     16     17

 Hydrogen   17.641 21.179  2.719 (H2)                Log10 Column density (cm^-2)
 Helium     16.493 19.952 19.789
 Exc state    He1* 14.153   CII*-35.930   C11*-35.930   C12*-35.930   C13*-35.930   O11*-35.930   O12*-35.930   O13*-35.930
              Si2*-35.930   C30*-35.930   C31*-35.930   C32*-35.930


 Hydrogen   -3.418 -0.000-17.970 (H2)                 Log10 Mean Ionisation (over volume)
 Helium     -3.527 -0.108 -0.657

               1      2      3      4      5      6      7      8      9     10     11     12     13     14     15     16     17

 Hydrogen   -3.473 -0.000-18.055 (H2)                 Log10 Mean Ionisation (over area)
 Helium     -3.597 -0.158 -0.515

               1      2      3      4      5      6      7      8      9     10     11     12     13     14     15     16     17

 Hydrogen   -3.539 -0.000-18.160 (H2)                 Log10 Mean Ionisation (over radius)
 Helium     -3.687 -0.227 -0.390

               1      2      3      4      5      6      7      8      9     10     11     12     13     14     15     16     17

 Hydrogen   -3.424 -0.000-17.978 (H2)         Log10 Mean Ionisation (over volume*electron density)
 Helium     -3.536 -0.116 -0.631

               1      2      3      4      5      6      7      8      9     10     11     12     13     14     15     16     17

 Hydrogen   -3.481 -0.000-18.066 (H2)         Log10 Mean Ionisation (over area*electron density)
 Helium     -3.608 -0.169 -0.492

               1      2      3      4      5      6      7      8      9     10     11     12     13     14     15     16     17

 Hydrogen   -3.548 -0.000-18.174 (H2)         Log10 Mean Ionisation (over radius*electron density)
 Helium     -3.702 -0.241 -0.371

               1      2      3      4      5      6      7      8      9     10     11     12     13     14     15     16     17

 Hydrogen    4.342  4.373  4.326 (H2)                  Log10 Mean Temperature (over volume)
 Helium      4.333  4.344  4.465

               1      2      3      4      5      6      7      8      9     10     11     12     13     14     15     16     17

 Hydrogen    4.351  4.388  4.329 (H2)                  Log10 Mean Temperature (over area)
 Helium      4.336  4.348  4.468

               1      2      3      4      5      6      7      8      9     10     11     12     13     14     15     16     17

 Hydrogen    4.362  4.404  4.334 (H2)                  Log10 Mean Temperature (over radius)
 Helium      4.340  4.352  4.471

               1      2      3      4      5      6      7      8      9     10     11     12     13     14     15     16     17

 Hydrogen    4.343  4.375  4.326 (H2)          Log10 Mean Temperature (over volume*electron density)
 Helium      4.333  4.344  4.465

               1      2      3      4      5      6      7      8      9     10     11     12     13     14     15     16     17

 Hydrogen    4.352  4.390  4.330 (H2)          Log10 Mean Temperature (over area*electron density)
 Helium      4.337  4.348  4.468

               1      2      3      4      5      6      7      8      9     10     11     12     13     14     15     16     17

 Hydrogen    4.364  4.407  4.335 (H2)          Log10 Mean Temperature (over radius*electron density)
 Helium      4.340  4.353  4.471

               1      2      3      4      5      6      7      8      9     10     11     12     13     14     15     16     17
 - this is the input stream for a planetary nebula  

---------------Convergence statistics---------------
      1.08 mean iterations/state convergence
      2.22 mean cx acceleration loops/iteration
      1.04 mean iso convergence loops/ion solve
         1 mean steps/chemistry solve
         1 mean step length searches/chemistry step
----------------------------------------------------

 Cloudy ends: 65 zones, 1 iteration, 1 caution.  ExecTime(s) 11.49
 [Stop in cdMain at maincl.cpp:483, Cloudy exited OK]
