                                                          Cloudy 13.02
                                                         www.nublado.org

                       **************************************13Feb20**************************************
                       *                                                                                 *
                       * title - this is the input stream for a planetary nebula                         *
                       * blackbody, temp = 100000K                                                       *
                       * luminosity total 38                                                             *
                       * element Lithium off                                                             *
                       * element Beryllium off                                                           *
                       * element Boron  off                                                              *
                       * element Carbon off                                                              *
                       * element Nitrogen off                                                            *
                       * element Oxygen off                                                              *
                       * element Fluorine  off                                                           *
                       * element Neon off                                                                *
                       * element Sodium off                                                              *
                       * element Magnesium off                                                           *
                       * element Aluminium off                                                           *
                       * element Silicon off                                                             *
                       * element Phosphor off                                                            *
                       * element Sulphur off                                                             *
                       * element Chlorine off                                                            *
                       * element Argon off                                                               *
                       * element Potassium off                                                           *
                       * element Calcium off                                                             *
                       * element Scandium  off                                                           *
                       * element Titanium off                                                            *
                       * element Vanadium off                                                            *
                       * element Chromium off                                                            *
                       * element Manganese off                                                           *
                       * element Iron off                                                                *
                       * element Cobalt off                                                              *
                       * element Nickel off                                                              *
                       * element Copper off                                                              *
                       * element Zinc  off                                                               *
                       * radius inner=17, outer=17.3                                                     *
                       * hden 4                                                                          *
                       * sphere                                                                          *
                       * save overview last "oradius_17.3.ovr"                                           *
                       * save continuum last "oradius_17.3.con" units eV                                 *
                       *                                                                                 *
                       ***********************************************************************************



           4311CellPeak1.79E+00   Lo 1.00e-08=910.79cm   Hi-Con:2.29E+01 Ryd   E(hi):7.35E+06Ryd     E(hi):     100.01 MeV
           L(nu>1ryd):  37.9511   Average nu:2.176E+00   L( X-ray):  27.6627   L(BalC):  37.0163     Q(Balmer C):  47.8583
           Q(1.0-1.8):  47.9224   Q(1.8-4.0):  47.9716   Q(4.0-20):  47.0452   Q(20--):  36.9991     Ion pht flx:1.499E+13
           L(gam ray):   0.0000   Q(gam ray):   0.0000   L(Infred):  35.4328   Alf(ox):   0.0000     Total lumin:  38.0000
           log L/Lsun:   4.4172   Abs bol mg:  -6.2930   Abs V mag:   0.0378   Bol cor:  -6.3308     nuFnu(Bbet):  35.5356
           U(1.0----):5.001E-02   U(4.0----):2.945E-03   T(En-Den):4.328E+01   T(Comp):9.574E+04     nuJnu(912A):1.978E+02
           Occ(FarIR):2.214E-06   Occ(H n=6):7.831E-13   Occ(1Ryd):9.094E-15   Occ(4R):6.329E-17     Occ (Nu-hi):7.295E-30
           Tbr(FarIR):3.508E-09   Tbr(H n=6):3.432E-09   Tbr(1Ryd):1.437E-09   Tbr(4R):4.000E-11     Tbr (Nu-hi):2.634E-23
  
                                                  Gas Phase Chemical Composition
                                                       H :  0.0000  He: -1.0000
 
 ####  1  Te:3.262E+04 Hden:1.000E+04 Ne:1.199E+04 R:1.000E+17 R-R0:3.862E+13 dR:7.725E+13 NTR: 12 Htot:3.446E-16 T912: 9.97e+07###
 Hydrogen      8.16e-05 1.00e+00 H+o/Hden 1.00e+00 1.69e-12 H-    H2 1.58e-20 7.93e-14 H2+ HeH+ 9.64e-15 Ho+ ColD 6.30e+13 7.72e+17
 Helium        7.40e-07 1.22e-02 9.88e-01 HeI 2s3S 1.21e-08 Comp H,C 4.09e-22 1.39e-22 Fill Fac 1.00e+00 Gam1/tot 9.64e-01
 He singlet n  7.27e-07 7.94e-14 9.47e-21 1.92e-20 6.69e-21 1.67e-20 He tripl 1.21e-08 1.14e-17 1.05e-19 3.14e-19 7.75e-20
 Pressure      NgasTgas 7.50e+08 P(total) 1.04e-07 P( gas ) 1.04e-07 P(Radtn) 2.38e-12 Rad accl 7.90e-06 ForceMul 8.73e+02
 Texc(La)      3.99e+03 T(I con) 4.33e+01 T(D con) 6.12e+00 T(U tot) 4.33e+01 nT (c+d) 1.19e+07 Prad/Gas 2.30e-05 Pmag/Gas 0.00e+00
 Lithium       0.00e+00 0.00e+00 0.00e+00 0.00e+00 Berylliu 0.00e+00 0.00e+00 0.00e+00 0.00e+00 0.00e+00 sec ion: 5.70e-15
 Carbon        0.00e+00 0.00e+00 0.00e+00 0.00e+00 0.00e+00 0.00e+00 0.00e+00 H2O+/O   0.00e+00 OH+/Otot 0.00e+00 Hex(tot) 0.00e+00
 Nitrogen      0.00e+00 0.00e+00 0.00e+00 0.00e+00 0.00e+00 0.00e+00 0.00e+00 0.00e+00 O2/Ototl 0.00e+00 O2+/Otot 0.00e+00
 #### 56  Te:2.247E+04 Hden:1.000E+04 Ne:1.100E+04 R:1.990E+17 R-R0:9.904E+16 dR:9.691E+14 NTR:  5 Htot:2.050E-16 T912: 9.97e+07###
 P(Lines):(H  1  1216A 1.01) 
 Hydrogen      3.09e-04 1.00e+00 H+o/Hden 1.00e+00 3.70e-12 H-    H2 2.73e-19 4.31e-13 H2+ HeH+ 1.03e-11 Ho+ ColD 1.62e+17 9.95e+20
 Helium        2.91e-04 1.00e+00 5.72e-05 HeI 2s3S 1.58e-06 Comp H,C 7.40e-23 2.20e-23 Fill Fac 1.00e+00 Gam1/tot 9.85e-01
 He singlet n  2.89e-04 1.49e-11 7.25e-17 2.22e-18 4.51e-18 1.72e-18 He tripl 1.58e-06 2.82e-13 1.37e-17 1.35e-16 6.90e-18
 Pressure      NgasTgas 4.94e+08 P(total) 7.35e-08 P( gas ) 6.82e-08 P(Radtn) 5.27e-09 Rad accl 8.84e-07 ForceMul 4.27e+02
 Texc(La)      5.14e+03 T(I con) 2.83e+01 T(D con) 2.17e+01 T(U tot) 3.05e+01 nT (c+d) 1.21e+07 Prad/Gas 7.17e-02 Pmag/Gas 0.00e+00
 Lithium       0.00e+00 0.00e+00 0.00e+00 0.00e+00 Berylliu 0.00e+00 0.00e+00 0.00e+00 0.00e+00 0.00e+00 sec ion: 3.21e-15
 Carbon        0.00e+00 0.00e+00 0.00e+00 0.00e+00 0.00e+00 0.00e+00 0.00e+00 H2O+/O   0.00e+00 OH+/Otot 0.00e+00 Hex(tot) 0.00e+00
 Nitrogen      0.00e+00 0.00e+00 0.00e+00 0.00e+00 0.00e+00 0.00e+00 0.00e+00 0.00e+00 O2/Ototl 0.00e+00 O2+/Otot 0.00e+00
    - this is the input stream for a planetary nebula  
   Calculation stopped because outer radius reached. Iteration 1 of 1
   The geometry is a thick shell.
 C-I must iterate when save continuum output is done.
  !Destruction of He 2TriS reached 11.9% of the total He0 dest rate at zone 1, 1.0% of that was photoionization.
  !AGE: Cloud age was not set.  Longest timescale was 8.59e+08 s = 2.72e+01 years.
  !The CMB was not included.  This is added with the CMB command.
  !The radiation pressure jumped by 255% at zone 3, from 1.28e-11 to 5.06e-11 to 2.45e-10
   Thermal collisional ionization of H reached 3.99% of the local ionization rate.
   Te-ne bounds of Case B lookup table exceeded, H I Case B line intensities set to zero.
   The density is too low to l-mix the lowest H  I collapsed level.  More resolved levels are needed for accurate line ratios.
   The density is too low to l-mix the lowest He I collapsed level.  More resolved levels are needed for accurate line ratios.
   Grains were not present but might survive in this environment (energy density temperature was 4.33e+01K)
   The continuum optical depth at the lowest energy considered (1.004e-08 Ryd) was 4.581e+02.
   The ratio of radiation to gas pressure reached 7.17e-02 at zone 56.  Caused by Lyman alpha.

                       *********************************> Cloudy 13.02 <**********************************
                       * title - this is the input stream for a planetary nebula                         *
                       * blackbody, temp = 100000K                                                       *
                       * luminosity total 38                                                             *
                       * element Lithium off                                                             *
                       * element Beryllium off                                                           *
                       * element Boron  off                                                              *
                       * element Carbon off                                                              *
                       * element Nitrogen off                                                            *
                       * element Oxygen off                                                              *
                       * element Fluorine  off                                                           *
                       * element Neon off                                                                *
                       * element Sodium off                                                              *
                       * element Magnesium off                                                           *
                       * element Aluminium off                                                           *
                       * element Silicon off                                                             *
                       * element Phosphor off                                                            *
                       * element Sulphur off                                                             *
                       * element Chlorine off                                                            *
                       * element Argon off                                                               *
                       * element Potassium off                                                           *
                       * element Calcium off                                                             *
                       * element Scandium  off                                                           *
                       * element Titanium off                                                            *
                       * element Vanadium off                                                            *
                       * element Chromium off                                                            *
                       * element Manganese off                                                           *
                       * element Iron off                                                                *
                       * element Cobalt off                                                              *
                       * element Nickel off                                                              *
                       * element Copper off                                                              *
                       * element Zinc  off                                                               *
                       * radius inner=17, outer=17.3                                                     *
                       * hden 4                                                                          *
                       * sphere                                                                          *
                       * save overview last "oradius_17.3.ovr"                                           *
                       * save continuum last "oradius_17.3.con" units eV                                 *
                       *********************************> Log(U): -1.30 <*********************************
                       >>>>>>>>>> Cautions are present.
                       >>>>>>>>>> Another iteration is needed.

                     Emission Line Spectrum.   Constant  Density Model.  Closed geometry.  Iteration 1 of 1.
                                    Luminosity (erg/s) emitted by a shell with full coverage.


                                                   Intrinsic line intensities
 general properties..........      H  1 11.03m  33.865   0.0372      Ca B  3687A  33.103   0.0064      Ca B 933.5A  33.700   0.0255            
 TOTL  4861A  35.294   1.0000      H  1 13.13m  33.752   0.0287      Ca B  3683A  33.040   0.0056      Ca B 930.4A  33.604   0.0204            
 TOTL  1216A  36.972  47.6542      H  1 15.40m  33.649   0.0226      Ca B  3679A  32.980   0.0049      Ca B 927.9A  33.515   0.0166            
 Inci     0   38.000 508.4233      H  1 17.87m  33.552   0.0181      Ca B  3676A  32.923   0.0043      Ca B 925.9A  33.431   0.0137            
 TotH     0   36.872  37.8258      H  1 20.51m  33.463   0.0148      Ca B  3674A  32.868   0.0037      Ca B 924.2A  33.353   0.0115            
 TotC     0   36.871  37.8141      H  1 23.33m  33.379   0.0122      Ca B  3671A  32.815   0.0033      Ca B 922.8A  33.280   0.0097            
 BFH1     0   36.695  25.2057      H  1 26.34m  33.300   0.0102      Ca B  9546A  33.707   0.0259      Ca B 921.6A  33.210   0.0082            
 BFHe     0   36.395  12.6199      H  1 29.53m  33.226   0.0086      Ca B  9229A  33.551   0.0181      Ca B 920.6A  33.145   0.0071            
 H FB     0   36.087   6.2119      H  1 32.91m  33.156   0.0073      Ca B  9015A  33.412   0.0131      Ca B 919.8A  33.083   0.0061            
 HFBc     0   36.087   6.2119      H  1 36.46m  33.089   0.0062      Ca B  8863A  33.287   0.0098      Ca B 919.0A  33.024   0.0054            
 continua....................      H  1 40.20m  33.026   0.0054      Ca B  8750A  33.173   0.0076      Ca B 918.4A  32.968   0.0047            
 Bac   3646A  36.218   8.3987      H  1 44.12m  32.965   0.0047      Ca B  8665A  33.068   0.0059      Ca B 917.8A  32.915   0.0042            
 nFnu  3645A  36.432  13.7494      H  1 48.22m  32.908   0.0041      Ca B  8598A  32.972   0.0048      Ca B  4686A  34.891   0.3956            
 nFnu  3647A  36.022   5.3507      H  1 52.50m  32.852   0.0036      Ca B  8545A  32.882   0.0039      Ca B  3203A  34.561   0.1850            
 cout  3646A  36.218   8.3987      H  1 56.97m  34.002   0.0510      Ca B  8502A  32.799   0.0032      Ca B  2733A  34.298   0.1010            
 thin  3646A  36.218   8.4005      He 2 227.9A  36.545  17.8247      Ca B  8467A  32.722   0.0027      Ca B  2511A  34.083   0.0616            
 Inci  4860A  35.536   1.7454      He 2 911.4A  35.275   0.9574      Ca B  8438A  32.650   0.0023      Ca B  2386A  33.901   0.0405            
 Inci  1215A  37.125  67.8766      He 2 911.4A  35.640   2.2185      Ca B  8413A  32.583   0.0019      Ca B  2306A  33.742   0.0281            
 Ba C     0   35.859   3.6752      He 2  2050A  34.606   0.2053      Ca B  8392A  32.519   0.0017      Ca B  2253A  33.602   0.0203            
 PA C     0   35.399   1.2737      He 2  2050A  35.027   0.5405      Ca B  8374A  32.459   0.0015      Ca B  2215A  33.476   0.0152            
 FIR  83.00m  34.495   0.1589      He 2  2050A  34.961   0.4642      Ca B  8359A  32.403   0.0013      Ca B  2187A  33.361   0.0117            
 TIR   1800m  33.519   0.0168      He 2  3645A  34.108   0.0652      Ca B  8346A  32.349   0.0011      Ca B  2165A  33.257   0.0092            
 NIRa 2.850m  36.190   7.8760      He 2  3645A  34.535   0.1744      Ca B  8334A  32.297   0.0010      Ca B  2149A  33.160   0.0073            
 NIRb 3.000m  36.016   5.2793      He 2  3645A  34.577   0.1920      Ca B 1.817m  33.203   0.0081      Ca B  2135A  33.070   0.0060            
 MIRa 15.00m  35.190   0.7873      He 2  3645A  34.273   0.0953      Ca B 1.736m  33.064   0.0059      Ca B  2125A  32.986   0.0049            
 MIRb 22.50m  35.236   0.8755      He 2  5695A  33.741   0.0280      Ca B 1.681m  32.939   0.0044      Ca B  2116A  32.908   0.0041            
 NMIR 21.75m  36.190   7.8760      He 2  5695A  34.168   0.0749      Ca B 1.641m  32.825   0.0034      Ca B  2109A  32.834   0.0035            
 TFIR 611.2m  34.069   0.0596      He 2  5695A  34.244   0.0891      Ca B 1.611m  32.720   0.0027      Ca B  2102A  32.764   0.0030            
 TALL 10000A  38.015 525.9990      He 2  5695A  34.088   0.0623      Ca B 1.588m  32.623   0.0021      Ca B  2097A  32.698   0.0025            
 F12  12.00m  34.701   0.2551      He 2  5695A  33.625   0.0215      Ca B 1.570m  32.533   0.0017      Ca B  2093A  32.635   0.0022            
 F25  25.00m  34.336   0.1102      He 2  8201A  33.453   0.0144      Ca B 1.556m  32.449   0.0014      Ca B  2089A  32.576   0.0019            
 F60  60.00m  34.193   0.0793      He 2  8201A  33.878   0.0384      Ca B 1.544m  32.370   0.0012      Ca B  2086A  32.519   0.0017            
 F100 100.0m  33.711   0.0261      He 2  8201A  33.966   0.0470      Ca B 1.534m  32.296   0.0010      Ca B  2083A  32.465   0.0015            
 MIPS 24.00m  34.022   0.0535      He 2  8201A  33.865   0.0373      Ca B 3.038m  32.794   0.0032      Ca B 1.012m  34.279   0.0968            
 MIPS 70.00m  33.707   0.0259      He 2  8201A  33.577   0.0192      Ca B 2.872m  32.670   0.0024      Ca B  6560A  34.022   0.0535            
 MIPS 160.0m  33.319   0.0106      He 2  8201A  33.004   0.0051      Ca B 2.758m  32.556   0.0018      Ca B  5412A  33.803   0.0323            
 IRAC 3.600m  34.686   0.2469      He 2 1.116m  33.217   0.0084      Ca B 2.674m  32.451   0.0014      Ca B  4860A  33.616   0.0210            
 IRAC 4.500m  34.763   0.2948      He 2 1.116m  33.641   0.0222      Ca B 2.612m  32.354   0.0011      Ca B  4542A  33.455   0.0145            
 IRAC 5.800m  34.568   0.1881      He 2 1.116m  33.733   0.0275      Ca B 12.37m  32.991   0.0050      Ca B  4339A  33.313   0.0104            
 IRAC 8.000m  34.669   0.2372      He 2 1.116m  33.658   0.0231      Ca B 7.500m  32.850   0.0036      Ca B  4200A  33.185   0.0078            
 SPR1 250.0m  33.299   0.0101      He 2 1.116m  33.440   0.0140      Ca B 5.907m  32.705   0.0026      Ca B  4100A  33.070   0.0060            
 SPR2 350.0m  33.182   0.0077      He 2 1.116m  33.059   0.0058      Ca B 5.127m  32.571   0.0019      Ca B  4026A  32.964   0.0047            
 SPR3 500.0m  33.126   0.0068      He 2 1.116m  32.407   0.0013      Ca B 4.671m  32.447   0.0014      Ca B  3969A  32.866   0.0037            
 PAC1 70.00m  33.767   0.0297      He 2 1.458m  33.018   0.0053      Ca B 4.375m  32.334   0.0011      Ca B  3924A  32.776   0.0030            
 PAC2 100.0m  33.711   0.0261      He 2 1.458m  33.440   0.0140      Ca B 19.06m  32.620   0.0021      Ca B  3888A  32.691   0.0025            
 PAC3 160.0m  33.598   0.0201      He 2 1.458m  33.536   0.0175      Ca B 11.31m  32.502   0.0016      Ca B  3858A  32.612   0.0021            
 PAH  3.300m  33.887   0.0392      He 2 1.458m  33.474   0.0151      Ca B 8.758m  32.375   0.0012      Ca B  3834A  32.537   0.0018            
 PAHC 3.230m  33.546   0.0179      He 2 1.458m  33.293   0.0100      Ca B 27.80m  32.295   0.0010      Ca B  3814A  32.467   0.0015            
 PAHC 3.370m  33.496   0.0159      He 2 1.458m  32.997   0.0050      H  1     0   35.569   1.8836      Ca B  3797A  32.401   0.0013            
 PAH  6.200m  34.063   0.0587      He 2 1.458m  32.552   0.0018      H  1  1216A  36.972  47.6542      Ca B  3782A  32.337   0.0011            
 PAHC 5.650m  34.117   0.0666      He 2 1.845m  32.846   0.0036      H  1  1026A  34.260   0.0925      Ca B 1.864m  33.790   0.0314            
 PAH  7.900m  34.286   0.0983      He 2 1.845m  33.267   0.0094      H  1 972.5A  34.147   0.0712      Ca B 1.163m  33.584   0.0195            
 PAHC 6.900m  34.273   0.0953      He 2 1.845m  33.364   0.0117      H  1 949.7A  34.079   0.0610      Ca B  9345A  33.397   0.0127            
 PAH  11.30m  33.524   0.0170      He 2 1.845m  33.310   0.0104      H  1 937.8A  33.976   0.0482      Ca B  8237A  33.234   0.0087            
 PAHC 10.90m  33.493   0.0158      He 2 1.845m  33.149   0.0072      H  1 930.8A  33.928   0.0431      Ca B  7593A  33.090   0.0062            
 PAH  11.80m  33.655   0.0230      He 2 1.845m  32.898   0.0040      H  1 926.2A  33.891   0.0396      Ca B  7178A  32.961   0.0046            
 PAHC 12.65m  33.767   0.0298      He 2 1.845m  32.548   0.0018      H  1 923.2A  33.862   0.0370      Ca B  6891A  32.844   0.0035            
 PAH  13.30m  33.657   0.0231      He 2 2.278m  32.695   0.0025      H  1 921.0A  33.835   0.0348      Ca B  6684A  32.737   0.0028            
 PAHC 14.10m  33.593   0.0199      He 2 2.278m  33.115   0.0066      H  1  6563A  35.755   2.8951      Ca B  6527A  32.638   0.0022            
 Bcon  3640A  37.369 119.0413      He 2 2.278m  33.212   0.0083      H  1  4861A  35.294   1.0000      Ca B  6407A  32.547   0.0018            
 Pcon  5000A  36.344  11.2241      He 2 2.278m  33.162   0.0074      H  1  4340A  34.968   0.4722      Ca B  6311A  32.462   0.0015            
 HFFc     0   36.099   6.3863      He 2 2.278m  33.015   0.0053      H  1  4102A  34.700   0.2546      Ca B  6234A  32.383   0.0012            
 H FF     0   36.006   5.1506      He 2 2.278m  32.791   0.0031      H  1  3970A  34.479   0.1533      Ca B  6171A  32.307   0.0010            
 HeFF     0   35.386   1.2356      He 2 2.278m  32.494   0.0016      H  1  3889A  34.290   0.0992      Ca B 3.091m  33.378   0.0121            
 ToFF     0   36.099   6.3863      He 2 2.756m  33.724   0.0269      H  1  3835A  34.126   0.0680      Ca B 1.874m  33.209   0.0082            
 nFnu 1.335c  32.306   0.0010      He 2 3.280m  33.611   0.0208      H  1  3798A  33.985   0.0491      Ca B 1.476m  33.048   0.0057            
 nFnu  9993m  32.418   0.0013      He 2 3.850m  33.508   0.0164      H  1 1.875m  34.744   0.2819      Ca B 1.281m  32.903   0.0041            
 nFnu  6917m  32.559   0.0018      He 2 4.465m  33.412   0.0131      H  1 1.282m  34.434   0.1381      Ca B 1.167m  32.774   0.0030            
 nFnu 122.4m  34.060   0.0584      He 2 5.125m  33.323   0.0107      H  1 1.094m  34.191   0.0790      Ca B 1.093m  32.656   0.0023            
 nFnu 60.83m  34.307   0.1032      He 2 5.832m  33.240   0.0088      H  1 1.005m  33.974   0.0478      Ca B 1.042m  32.548   0.0018            
 nFnu 41.22m  34.446   0.1419      He 2 6.583m  33.161   0.0074      H  1  9546A  33.787   0.0311      Ca B  9763A  32.357   0.0012            
 nFnu 30.87m  34.547   0.1791      He 2 7.381m  33.087   0.0062      H  1  9229A  33.624   0.0214      Ca B 4.762m  33.020   0.0053            
 nFnu 24.78m  34.624   0.2137      He 2 8.223m  33.017   0.0053      H  1  9015A  33.485   0.0155      Ca B 2.825m  32.881   0.0039            
 nFnu 24.30m  34.630   0.2171      He 2 9.112m  32.950   0.0045      H  1 4.051m  34.099   0.0638      Ca B 2.189m  32.740   0.0028            
 nFnu 22.83m  34.652   0.2279      He 2 10.05m  32.887   0.0039      H  1 2.625m  33.858   0.0367      Ca B 1.876m  32.611   0.0021            
 nFnu 21.42m  34.674   0.2399      He 2 11.03m  32.827   0.0034      H  1 2.166m  33.637   0.0220      Ca B 1.692m  32.493   0.0016            
 nFnu 21.12m  34.679   0.2428      He 2 12.05m  32.769   0.0030      H  1 1.945m  33.450   0.0143      Ca B 1.572m  32.385   0.0012            
 nFnu 19.62m  34.704   0.2570      He 2 13.12m  32.714   0.0026      H  1 1.817m  33.287   0.0099      Ca B 6.946m  32.703   0.0026            
 nFnu 17.65m  34.742   0.2808      He 2 14.24m  33.892   0.0396      H  1 1.736m  33.147   0.0071      Ca B 4.050m  32.588   0.0020            
 nFnu 17.37m  34.747   0.2841      He 1 504.3A  35.820   3.3577      H  1 7.458m  33.618   0.0211      Ca B 3.095m  32.464   0.0015            
 nFnu 15.69m  34.781   0.3073      He 1  2600A  34.330   0.1086      H  1 4.653m  33.386   0.0124      Ca B 2.624m  32.347   0.0011            
 nFnu 14.60m  34.806   0.3254      He 1  3121A  33.795   0.0317      H  1 3.740m  33.194   0.0079      Ca B 9.711m  32.420   0.0013            
 nFnu 12.43m  34.865   0.3730      He 1  3421A  33.697   0.0253      H  1 3.296m  33.029   0.0054      Ca B 5.582m  32.323   0.0011            
 nFnu 11.40m  34.894   0.3986      He 1  3421A  34.174   0.0759      H  1 3.038m  32.887   0.0039      He 2     0   36.341  11.1586            
 nFnu 10.46m  34.925   0.4279      He 1  3421A  34.396   0.1266      H  1 12.37m  33.188   0.0078      He 2 303.8A  36.704  25.6986            
 nFnu 9.480m  34.959   0.4625      He 1  3679A  33.941   0.0444      H  1 7.500m  32.989   0.0050      He 2 256.3A  33.999   0.0507            
 nFnu 9.325m  34.964   0.4679      He 1  6632A  33.518   0.0168      H  1 5.907m  32.820   0.0034      He 2 243.0A  33.900   0.0404            
 nFnu 8.210m  35.011   0.5210      He 1  7435A  33.056   0.0058      H  1 5.127m  32.674   0.0024      He 2 237.4A  33.836   0.0349            
 nFnu 7.580m  35.037   0.5540      He 1  7843A  33.978   0.0483      H  1 19.06m  32.814   0.0033      He 2 234.4A  33.797   0.0319            
 nFnu 7.050m  35.065   0.5900      He 1  8188A  33.602   0.0203      H  1 11.31m  32.643   0.0022      He 2 232.6A  33.767   0.0297            
 nFnu 4.114m  35.257   0.9197      He 1  8191A  33.109   0.0065      H  1 8.758m  32.492   0.0016      He 2 231.5A  33.739   0.0279            
 nInu 4.114m  32.810   0.0033      He 1  8261A  33.320   0.0106      H  1 27.80m  32.478   0.0015      He 2 230.7A  33.714   0.0263            
 nFnu 2.324m  35.451   1.4368      He 1 1.248m  33.025   0.0054      H  1 16.20m  32.332   0.0011      He 2 230.2A  33.692   0.0250            
 nInu 2.324m  33.547   0.0179      He 1 1.356m  32.588   0.0020      Ca A 303.8A  36.671  23.8610      He 2  1640A  35.807   3.2602            
 nFnu 1.643m  35.580   1.9309      He 1 1.409m  33.522   0.0169      Ca A 256.3A  36.008   5.1829      He 2  1215A  35.321   1.0658            
 nInu 1.643m  33.990   0.0497      He 1 1.456m  33.262   0.0093      Ca A 243.0A  35.593   1.9901      He 2  1085A  34.987   0.4936            
 nFnu 1.480m  35.607   2.0557      He 1 1.456m  32.766   0.0030      Ca A 237.4A  35.288   0.9859      He 2  1025A  34.730   0.2730            
 nInu 1.480m  34.125   0.0678      He 1 1.458m  32.793   0.0032      Ca A 234.4A  35.045   0.5645      He 2 992.4A  34.521   0.1687            
 nFnu 1.436m  35.671   2.3856      He 1 1.458m  32.316   0.0011      Ca A 232.6A  34.844   0.3548      He 2 972.2A  34.345   0.1124            
 nInu 1.436m  34.163   0.0741      He 1 1.466m  32.885   0.0039      Ca A 231.5A  34.671   0.2382      He 2 958.8A  34.193   0.0793            
 nFnu 1.119m  35.732   2.7421      He 1 2.014m  32.670   0.0024      Ca A 230.7A  34.519   0.1678      He 2 949.4A  34.061   0.0585            
 nInu 1.119m  34.483   0.1545      He 1 2.217m  33.185   0.0078      Ca A 230.2A  34.383   0.1229      He 2  4686A  34.931   0.4336            
 nFnu  8330A  35.796   3.1770      He 1 2.275m  32.963   0.0047      Ca A 229.8A  34.261   0.0927      He 2  3203A  34.561   0.1849            
 nInu  8330A  34.857   0.3661      He 1 2.276m  32.466   0.0015      Ca A 229.4A  34.149   0.0717      He 2  2733A  34.294   0.1000            
 nFnu  8079A  35.939   4.4143      He 1 2.278m  32.632   0.0022      Ca A 229.2A  34.047   0.0567      He 2  2511A  34.079   0.0609            
 nInu  8079A  34.895   0.3995      He 1 2.289m  32.558   0.0018      Ca A 229.0A  33.952   0.0456      He 2  2386A  33.898   0.0402            
 nFnu  6210A  35.978   4.8303      He 1 2.963m  32.403   0.0013      Ca A 228.9A  33.865   0.0372      He 2  2306A  33.741   0.0280            
 nInu  6210A  35.228   0.8602      He 1 3.206m  32.920   0.0042      Ca A 228.7A  33.783   0.0308      He 2  2253A  33.604   0.0204            
 nFnu  4885A  36.014   5.2483      He 1 3.277m  32.713   0.0026      Ca A 228.6A  33.706   0.0259      He 2 1.012m  34.352   0.1143            
 nInu  4885A  35.527   1.7100      He 1 3.280m  32.432   0.0014      Ca A 228.6A  33.635   0.0219      He 2  6560A  34.033   0.0548            
 nFnu  3704A  36.013   5.2434      He 1 3.293m  32.296   0.0010      Ca A 228.5A  33.568   0.0188      He 2  5412A  33.802   0.0323            
 nInu  3704A  35.864   3.7141      He 1 4.465m  33.177   0.0076      Ca A 228.4A  33.505   0.0163      He 2  4860A  33.614   0.0209            
 nFnu  3588A  36.432  13.7489      He 1 5.831m  33.005   0.0051      Ca A 228.4A  33.446   0.0142      He 2  4542A  33.453   0.0144            
 nInu  3588A  35.906   4.0950      He 1 7.380m  32.853   0.0036      Ca A 228.3A  33.391   0.0125      He 2  4339A  33.312   0.0104            
 nFnu  2430A  36.369  11.8901      He 1 9.111m  32.717   0.0026      Ca A 228.3A  33.340   0.0111      He 2 1.864m  33.899   0.0403            
 nInu  2430A  36.369  11.8903      He 1 11.02m  32.594   0.0020      Ca A 228.3A  33.292   0.0100      He 2 1.163m  33.613   0.0209            
 nFnu  2392A  36.365  11.7740      He 1 13.12m  32.481   0.0015      Ca A  1640A  35.622   2.1297      He 2  9345A  33.406   0.0129            
 nInu  2392A  36.386  12.3764      He 1 15.40m  32.377   0.0012      Ca A  1215A  35.157   0.7299      He 2  8237A  33.237   0.0088            
 nFnu  2071A  36.321  10.6581      He 1 61.59m  32.737   0.0028      Ca A  1085A  34.827   0.3411      He 2  7593A  33.091   0.0063            
 nInu  2071A  36.553  18.1522      grains......................      Ca A  1025A  34.571   0.1891      He 2 3.091m  33.525   0.0170            
 nFnu  2053A  36.421  13.3984      H-like iso-sequence.........      Ca A 992.4A  34.361   0.1167      He 2 1.874m  33.264   0.0093            
 nInu  2053A  36.564  18.6322      Clin 912.0A  36.588  19.6935      Ca A 972.2A  34.182   0.0774      He 2 1.476m  33.070   0.0060            
 nFnu  1793A  36.371  11.9568      Clin 228.0A  33.124   0.0068      Ca A 958.8A  34.027   0.0541      He 2 1.281m  32.915   0.0042            
 nInu  1793A  36.715  26.3847      Cool  1216A  36.303  10.2067      Ca A 949.4A  33.889   0.0394      He 2 4.762m  33.204   0.0081            
 nFnu  1585A  36.326  10.7803      Crst 960.0A  36.271   9.4867      Ca A 942.6A  33.765   0.0296      He 2 2.825m  32.969   0.0047            
 nInu  1585A  36.846  35.6691      CION     0   35.438   1.3935      Ca A 937.5A  33.652   0.0228      He 2 2.189m  32.780   0.0031            
 nFnu  1458A  36.291   9.9361      Dest  1216A  33.868   0.0376      Ca A 933.5A  33.548   0.0180      He 2 6.946m  32.921   0.0042            
 nInu  1458A  36.937  43.9389      Q(H)  4861A  35.952   4.5495      Ca A 930.4A  33.453   0.0144      He 2 4.050m  32.717   0.0026            
 nFnu  1357A  36.252   9.0858      Q(H)  1216A  37.488 156.5061      Ca A 927.9A  33.364   0.0117      He 2 9.711m  32.666   0.0024            
 nInu  1357A  37.010  51.9877      CaBo  4861A  35.215   0.8346      Ca A 925.9A  33.281   0.0097      He-like iso-sequence........            
 nFnu  1297A  36.211   8.2651      CaBo  1640A  35.814   3.3133      Ca A 924.2A  33.203   0.0081      Clin 506.0A  35.523   1.6948            
 nInu  1297A  37.056  57.8193      CaBo  4686A  34.886   0.3915      Ca A 922.8A  33.129   0.0068      Ca B  2945A  33.527   0.0171            
 nFnu  1263A  36.164   7.4160      Ca A 937.8A  34.981   0.4864      Ca A 921.6A  33.060   0.0058      Ca B  3188A  33.882   0.0388            
 nInu  1263A  37.086  62.0139      Ca A 930.8A  34.777   0.3042      Ca A 920.6A  32.994   0.0050      Ca B  3614A  32.967   0.0047            
 nFnu  1218A  36.077   6.0712      Ca A 926.2A  34.602   0.2031      Ca A 919.8A  32.931   0.0043      Ca B  3889A  34.342   0.1118            
 nInu  1218A  37.121  67.2341      Ca A 923.2A  34.448   0.1427      Ca A 919.0A  32.872   0.0038      Ca B  3965A  33.265   0.0094            
 nFnu  1196A  36.072   6.0037      Ca A 921.0A  34.312   0.1043      Ca A 918.4A  32.815   0.0033      Ca B  4026A  33.479   0.0153            
 nInu  1196A  37.136  69.5828      Ca A 919.4A  34.192   0.0790      Ca A 917.8A  32.761   0.0029      Ca B  4121A  32.761   0.0029            
 nFnu  1175A  36.066   5.9248      Ca A 918.1A  34.084   0.0617      Ca A  4686A  34.849   0.3593      Ca B  4388A  32.937   0.0044            
 nInu  1175A  37.156  72.8211      Ca A 917.2A  33.989   0.0495      Ca A  3203A  34.509   0.1643      Ca B  4471A  33.851   0.0361            
 nFnu  1144A  36.059   5.8307      Ca A 916.4A  33.904   0.0407      Ca A  2733A  34.242   0.0888      Ca B  4713A  33.203   0.0081            
 nInu  1144A  37.185  77.9137      Ca A 915.8A  33.829   0.0343      Ca A  2511A  34.025   0.0539      Ca B  4922A  33.300   0.0101            
 nFnu  1113A  36.055   5.7748      Ca A 915.3A  33.762   0.0294      Ca A  2386A  33.841   0.0353      Ca B  5016A  33.678   0.0242            
 nInu  1113A  37.210  82.3787      Ca A 914.9A  33.701   0.0256      Ca A  2306A  33.682   0.0245      Ca B  5048A  32.662   0.0023            
 nFnu  1103A  36.054   5.7582      Ca A 914.6A  33.646   0.0225      Ca A  2253A  33.542   0.0177      Ca B  5876A  34.453   0.1443            
 nInu  1103A  37.219  84.2221      Ca A 914.3A  33.595   0.0200      Ca A  2215A  33.415   0.0132      Ca B  6678A  33.910   0.0413            
 nFnu  1074A  36.052   5.7311      Ca A 914.0A  33.548   0.0180      Ca A  2187A  33.301   0.0102      Ca B  7065A  34.036   0.0552            
 nInu  1074A  37.243  88.9771      Ca A 913.8A  33.504   0.0162      Ca A  2165A  33.196   0.0080      Ca B  7281A  33.275   0.0096            
 nFnu  1064A  36.052   5.7260      Ca A 913.6A  33.464   0.0148      Ca A  2149A  33.099   0.0064      Ca B 1.083m  35.460   1.4659            
 nInu  1064A  37.253  90.9385      Ca A 913.5A  33.426   0.0135      Ca A  2135A  33.009   0.0052      Ca B 1.197m  32.483   0.0015            
 nFnu  1036A  36.052   5.7276      Ca A 913.3A  33.390   0.0125      Ca A  2125A  32.926   0.0043      Ca B 1.253m  32.388   0.0012            
 nInu  1036A  37.276  95.9922      Ca A  3970A  34.218   0.0840      Ca A  2116A  32.847   0.0036      Ca B 1.278m  32.994   0.0050            
 nFnu  1000A  36.054   5.7638      Ca A  3889A  34.041   0.0558      Ca A  2109A  32.773   0.0030      Ca B 1.279m  32.641   0.0022            
 nInu  1000A  37.308 103.4342      Ca A  3835A  33.885   0.0390      Ca A  2102A  32.703   0.0026      Ca B 1.700m  32.700   0.0026            
 nFnu 925.1A  36.071   5.9886      Ca A  3798A  33.746   0.0283      Ca A  2097A  32.636   0.0022      Ca B 1.869m  33.470   0.0150            
 nInu 925.1A  37.380 122.0865      Ca A  3771A  33.621   0.0212      Ca A  2093A  32.573   0.0019      Ca B 1.870m  33.196   0.0080            
 nFnu 897.8A  37.469 149.6849      Ca A  3750A  33.506   0.0163      Ca A  2089A  32.513   0.0017      Ca B 2.058m  33.906   0.0410            
 nInu 897.8A  36.974  47.8381      Ca A  3734A  33.401   0.0128      Ca A  2086A  32.456   0.0015      Ca B 2.112m  32.386   0.0012            
 nFnu 760.0A  37.160  73.4911      Ca A  3722A  33.303   0.0102      Ca A  2083A  32.401   0.0013      He 1     0   35.508   1.6359            
 nInu 760.0A  37.265  93.5747      Ca A  3712A  33.212   0.0083      Ca A 1.012m  34.260   0.0926      TOTL 591.4A  33.646   0.0225            
 nFnu 701.5A  36.988  49.4887      Ca A  3704A  33.127   0.0068      Ca A  6560A  33.997   0.0505      He 1 591.4A  33.645   0.0224            
 nInu 701.5A  37.379 121.6587      Ca A  3697A  33.048   0.0057      Ca A  5412A  33.775   0.0303      He 1 584.3A  35.197   0.8003            
 nFnu 608.2A  36.652  22.8026      Ca A  3692A  32.975   0.0048      Ca A  4860A  33.587   0.0197      He 1 537.0A  34.229   0.0862            
 nInu 608.2A  37.548 179.6696      Ca A  3687A  32.906   0.0041      Ca A  4542A  33.425   0.0135      He 1 522.2A  34.061   0.0585            
 nFnu 575.1A  36.547  17.9120      Ca A  3683A  32.843   0.0035      Ca A  4339A  33.282   0.0097      He 1 515.6A  33.957   0.0461            
 nInu 575.1A  37.601 202.9854      Ca A  3679A  32.784   0.0031      Ca A  4200A  33.153   0.0072      He 1 512.1A  34.010   0.0520            
 nFnu 511.9A  36.408  13.0211      Ca A  3676A  32.729   0.0027      Ca A  4100A  33.037   0.0055      He 1 625.6A  34.961   0.4643            
 nInu 511.9A  37.694 251.1935      Ca A  3674A  32.677   0.0024      Ca A  4026A  32.931   0.0043      TOTL 1.083m  35.475   1.5174            
 nFnu 496.9A  36.950  45.2748      Ca A  3671A  32.629   0.0022      Ca A  3969A  32.833   0.0035      He 1 1.083m  35.475   1.5174            
 nInu 496.9A  37.687 247.2896      Ca A  9546A  33.625   0.0215      Ca A  3924A  32.743   0.0028      He 1 1.083m  34.521   0.1689            
 nFnu 399.2A  36.502  16.1367      Ca A  9229A  33.469   0.0150      Ca A  3888A  32.658   0.0023      He 1 1.083m  34.997   0.5049            
 nInu 399.2A  37.795 317.1231      Ca A  9015A  33.330   0.0109      Ca A  3858A  32.579   0.0019      He 1 1.083m  35.220   0.8436            
 RRC.........................      Ca A  8863A  33.204   0.0081      Ca A  3834A  32.504   0.0016      He 1  3889A  34.221   0.0845            
 H  1 911.8A  36.758  29.1465      Ca A  8750A  33.089   0.0062      Ca A  3814A  32.433   0.0014      He 1  3188A  33.793   0.0315            
 H  1  3646A  35.597   2.0098      Ca A  8665A  32.983   0.0049      Ca A  3797A  32.366   0.0012      He 1  2945A  33.453   0.0144            
 H  1  3646A  35.837   3.4899      Ca A  8598A  32.884   0.0039      Ca A  3782A  32.303   0.0010      He 1  2829A  33.187   0.0078            
 H  1  8204A  34.926   0.4292      Ca A  8545A  32.792   0.0031      Ca A 1.864m  33.777   0.0304      He 1 2.058m  33.074   0.0060            
 H  1  8204A  35.206   0.8164      Ca A  8502A  32.705   0.0026      Ca A 1.163m  33.569   0.0188      He 1  5016A  33.466   0.0149            
 H  1  8204A  34.968   0.4722      Ca A  8467A  32.624   0.0021      Ca A  9345A  33.380   0.0122      He 1  3965A  33.025   0.0054            
 H  1 1.458m  34.484   0.1550      Ca A  8438A  32.547   0.0018      Ca A  8237A  33.216   0.0084      He 1  3614A  32.678   0.0024            
 H  1 1.458m  34.767   0.2971      Ca A  8413A  32.475   0.0015      Ca A  7593A  33.070   0.0060      He 1  3448A  32.565   0.0019            
 H  1 1.458m  34.628   0.2158      Ca A  8392A  32.407   0.0013      Ca A  7178A  32.941   0.0044      He 1  7065A  34.140   0.0702            
 H  1 1.458m  34.165   0.0744      Ca A  8374A  32.343   0.0011      Ca A  6891A  32.823   0.0034      He 1  5876A  34.391   0.1251            
 H  1 2.279m  34.157   0.0730      Ca A 1.817m  33.154   0.0073      Ca A  6684A  32.716   0.0026      He 1  4713A  33.217   0.0084            
 H  1 2.279m  34.438   0.1395      Ca A 1.736m  33.015   0.0053      Ca A  6527A  32.617   0.0021      He 1  4471A  33.808   0.0327            
 H  1 2.279m  34.328   0.1083      Ca A 1.681m  32.889   0.0039      Ca A  6407A  32.526   0.0017      He 1  4121A  32.757   0.0029            
 H  1 2.279m  34.005   0.0515      Ca A 1.641m  32.774   0.0030      Ca A  6311A  32.441   0.0014      He 1  4026A  33.435   0.0138            
 H  1 2.279m  33.417   0.0133      Ca A 1.611m  32.668   0.0024      Ca A  6234A  32.361   0.0012      He 1  3867A  32.659   0.0023            
 H  1 3.281m  33.898   0.0402      Ca A 1.588m  32.569   0.0019      Ca A 3.091m  33.366   0.0118      He 1  3820A  33.202   0.0081            
 H  1 3.281m  34.177   0.0765      Ca A 1.570m  32.476   0.0015      Ca A 1.874m  33.198   0.0080      He 1  7281A  33.198   0.0080            
 H  1 3.281m  34.078   0.0609      Ca A 1.556m  32.389   0.0012      Ca A 1.476m  33.036   0.0055      He 1  6678A  33.677   0.0241            
 H  1 3.281m  33.806   0.0325      Ca A 1.544m  32.307   0.0010      Ca A 1.281m  32.890   0.0039      He 1  5048A  32.588   0.0020            
 H  1 3.281m  33.386   0.0124      Ca A 3.038m  32.760   0.0029      Ca A 1.167m  32.760   0.0029      He 1  4922A  33.168   0.0075            
 H  1 3.281m  32.724   0.0027      Ca A 2.872m  32.635   0.0022      Ca A 1.093m  32.642   0.0022      He 1  4388A  32.827   0.0034            
 H  1 4.466m  33.683   0.0245      Ca A 2.758m  32.520   0.0017      Ca A 1.042m  32.534   0.0017      He 1  4169A  32.529   0.0017            
 H  1 4.466m  33.961   0.0465      Ca A 2.674m  32.414   0.0013      Ca A  9763A  32.342   0.0011      He 1  4144A  32.838   0.0035            
 H  1 4.466m  33.867   0.0375      Ca A 2.612m  32.315   0.0011      Ca A 4.762m  33.009   0.0052      He 1 4.295m  32.805   0.0032            
 H  1 4.466m  33.619   0.0211      Ca A 12.37m  32.967   0.0047      Ca A 2.825m  32.871   0.0038      He 1 1.253m  32.553   0.0018            
 H  1 4.466m  33.266   0.0094      Ca A 7.500m  32.825   0.0034      Ca A 2.189m  32.730   0.0027      He 1  9464A  32.334   0.0011            
 H  1 4.466m  32.792   0.0032      Ca A 5.907m  32.679   0.0024      Ca A 1.876m  32.600   0.0020      He 1 2.112m  32.401   0.0013            
 H  1 5.834m  33.500   0.0161      Ca A 5.127m  32.544   0.0018      Ca A 1.692m  32.482   0.0015      He 1 1.700m  32.657   0.0023            
 H  1 5.834m  33.777   0.0304      Ca A 4.671m  32.420   0.0013      Ca A 1.572m  32.374   0.0012      He 1 1.197m  32.438   0.0014            
 H  1 5.834m  33.685   0.0246      Ca A 4.375m  32.306   0.0010      Ca A 6.946m  32.692   0.0025      He 1 1.954m  32.318   0.0011            
 H  1 5.834m  33.449   0.0143      Ca A 19.06m  32.596   0.0020      Ca A 4.050m  32.578   0.0019      He 1 1.869m  33.277   0.0096            
 H  1 5.834m  33.130   0.0069      Ca A 11.31m  32.479   0.0015      Ca A 3.095m  32.454   0.0014      He 1 1.278m  32.889   0.0039            
 H  1 5.834m  32.737   0.0028      Ca A 8.758m  32.352   0.0011      Ca A 2.624m  32.338   0.0011      He 1 1.091m  32.621   0.0021            
 H  1 7.383m  33.340   0.0111      Ca B  3970A  34.402   0.1284      Ca A 9.711m  32.408   0.0013      He 1 1.870m  32.826   0.0034            
 H  1 7.383m  33.616   0.0210      Ca B  3889A  34.222   0.0847      Ca A 5.582m  32.313   0.0010      He 1 1.279m  32.412   0.0013            
 H  1 7.383m  33.525   0.0170      Ca B  3835A  34.064   0.0589      Ca B  1640A  35.792   3.1492      He 1 1.092m  32.349   0.0011            
 H  1 7.383m  33.296   0.0101      Ca B  3798A  33.924   0.0426      Ca B  1215A  35.324   1.0722      He 1 4.048m  32.539   0.0018            
 H  1 7.383m  32.996   0.0050      Ca B  3771A  33.798   0.0319      Ca B  1085A  34.991   0.4976      Pho+  3889A  34.926   0.4291            
 H  1 7.383m  32.647   0.0023      Ca B  3750A  33.684   0.0245      Ca B  1025A  34.732   0.2742      database lines..............            
 H  1 9.115m  33.198   0.0080      Ca B  3734A  33.580   0.0193      Ca B 992.4A  34.520   0.1682      level 1 lines...............            
 H  1 9.115m  33.473   0.0151      Ca B  3722A  33.485   0.0155      Ca B 972.2A  34.340   0.1111      recombination...............            
 H  1 9.115m  33.383   0.0123      Ca B  3712A  33.397   0.0127      Ca B 958.8A  34.183   0.0774      level2 lines................            
 H  1 9.115m  33.159   0.0073      Ca B  3704A  33.316   0.0105      Ca B 949.4A  34.043   0.0562      hyperfine structure.........            
 H  1 9.115m  32.870   0.0038      Ca B  3697A  33.240   0.0088      Ca B 942.6A  33.918   0.0421      inner shell.................            
 H  1 9.115m  32.546   0.0018      Ca B  3692A  33.170   0.0075      Ca B 937.5A  33.805   0.0324      molecules...................            

                                                    Emergent line intensities
 Caution: emergent intensities are not reliable on the first iteration.
 general properties..........      Ca A 930.8A  34.777   0.3042      H  1 11.31m  32.643   0.0022      Ca B  3888A  32.691   0.0025            
 TOTL  4861A  35.294   1.0000      Ca A 926.2A  34.602   0.2031      H  1 8.758m  32.492   0.0016      Ca B  3858A  32.612   0.0021            
 TOTL  1216A  36.972  47.6391      Ca A 923.2A  34.448   0.1426      H  1 27.80m  32.478   0.0015      Ca B  3834A  32.537   0.0018            
 continua....................      Ca A 921.0A  34.312   0.1043      H  1 16.20m  32.332   0.0011      Ca B  3814A  32.467   0.0015            
 Bac   3646A  36.218   8.3987      Ca A 919.4A  34.192   0.0790      Ca A 303.8A  36.659  23.1607      Ca B  3797A  32.401   0.0013            
 nFnu  3645A  36.432  13.7494      Ca A 918.1A  34.084   0.0617      Ca A 256.3A  36.000   5.0805      Ca B  3782A  32.337   0.0011            
 nFnu  3647A  36.022   5.3507      Ca A 917.2A  33.989   0.0495      Ca A 243.0A  35.585   1.9552      Ca B 1.864m  33.790   0.0314            
 cout  3646A  36.218   8.3987      Ca A 916.4A  33.904   0.0407      Ca A 237.4A  35.280   0.9697      Ca B 1.163m  33.584   0.0195            
 thin  3646A  36.218   8.4005      Ca A 915.8A  33.829   0.0343      Ca A 234.4A  35.038   0.5555      Ca B  9345A  33.397   0.0127            
 Inci  4860A  35.536   1.7454      Ca A 915.3A  33.762   0.0294      Ca A 232.6A  34.837   0.3492      Ca B  8237A  33.234   0.0087            
 Inci  1215A  37.125  67.8766      Ca A 914.9A  33.701   0.0256      Ca A 231.5A  34.664   0.2345      Ca B  7593A  33.090   0.0062            
 FIR  83.00m  34.495   0.1589      Ca A 914.6A  33.646   0.0225      Ca A 230.7A  34.512   0.1653      Ca B  7178A  32.961   0.0046            
 TIR   1800m  33.519   0.0168      Ca A 914.3A  33.595   0.0200      Ca A 230.2A  34.377   0.1210      Ca B  6891A  32.844   0.0035            
 NIRa 2.850m  36.190   7.8760      Ca A 914.0A  33.548   0.0180      Ca A 229.8A  34.254   0.0913      Ca B  6684A  32.737   0.0028            
 NIRb 3.000m  36.016   5.2793      Ca A 913.8A  33.504   0.0162      Ca A 229.4A  34.143   0.0706      Ca B  6527A  32.638   0.0022            
 MIRa 15.00m  35.190   0.7873      Ca A 913.6A  33.463   0.0148      Ca A 229.2A  34.040   0.0558      Ca B  6407A  32.547   0.0018            
 MIRb 22.50m  35.236   0.8755      Ca A 913.5A  33.426   0.0135      Ca A 229.0A  33.946   0.0449      Ca B  6311A  32.462   0.0015            
 NMIR 21.75m  36.190   7.8760      Ca A 913.3A  33.390   0.0125      Ca A 228.9A  33.858   0.0367      Ca B  6234A  32.383   0.0012            
 TFIR 611.2m  34.069   0.0596      Ca A  3970A  34.218   0.0840      Ca A 228.7A  33.776   0.0304      Ca B  6171A  32.307   0.0010            
 TALL 10000A  38.015 525.9985      Ca A  3889A  34.041   0.0558      Ca A 228.6A  33.700   0.0255      Ca B 3.091m  33.378   0.0121            
 F12  12.00m  34.701   0.2551      Ca A  3835A  33.885   0.0390      Ca A 228.6A  33.628   0.0216      Ca B 1.874m  33.209   0.0082            
 F25  25.00m  34.336   0.1102      Ca A  3798A  33.746   0.0283      Ca A 228.5A  33.561   0.0185      Ca B 1.476m  33.048   0.0057            
 F60  60.00m  34.193   0.0793      Ca A  3771A  33.621   0.0212      Ca A 228.4A  33.498   0.0160      Ca B 1.281m  32.903   0.0041            
 F100 100.0m  33.711   0.0261      Ca A  3750A  33.506   0.0163      Ca A 228.4A  33.439   0.0140      Ca B 1.167m  32.774   0.0030            
 MIPS 24.00m  34.022   0.0535      Ca A  3734A  33.401   0.0128      Ca A 228.3A  33.384   0.0123      Ca B 1.093m  32.656   0.0023            
 MIPS 70.00m  33.707   0.0259      Ca A  3722A  33.303   0.0102      Ca A 228.3A  33.333   0.0109      Ca B 1.042m  32.548   0.0018            
 MIPS 160.0m  33.319   0.0106      Ca A  3712A  33.212   0.0083      Ca A 228.3A  33.285   0.0098      Ca B  9763A  32.357   0.0012            
 IRAC 3.600m  34.686   0.2469      Ca A  3704A  33.127   0.0068      Ca A  1640A  35.622   2.1296      Ca B 4.762m  33.020   0.0053            
 IRAC 4.500m  34.763   0.2948      Ca A  3697A  33.048   0.0057      Ca A  1215A  35.157   0.7299      Ca B 2.825m  32.881   0.0039            
 IRAC 5.800m  34.568   0.1881      Ca A  3692A  32.975   0.0048      Ca A  1085A  34.827   0.3411      Ca B 2.189m  32.740   0.0028            
 IRAC 8.000m  34.669   0.2372      Ca A  3687A  32.906   0.0041      Ca A  1025A  34.570   0.1891      Ca B 1.876m  32.611   0.0021            
 SPR1 250.0m  33.299   0.0101      Ca A  3683A  32.843   0.0035      Ca A 992.4A  34.361   0.1167      Ca B 1.692m  32.493   0.0016            
 SPR2 350.0m  33.182   0.0077      Ca A  3679A  32.784   0.0031      Ca A 972.2A  34.182   0.0774      Ca B 1.572m  32.385   0.0012            
 SPR3 500.0m  33.126   0.0068      Ca A  3676A  32.729   0.0027      Ca A 958.8A  34.027   0.0541      Ca B 6.946m  32.703   0.0026            
 PAC1 70.00m  33.767   0.0297      Ca A  3674A  32.677   0.0024      Ca A 949.4A  33.889   0.0394      Ca B 4.050m  32.588   0.0020            
 PAC2 100.0m  33.711   0.0261      Ca A  3671A  32.629   0.0022      Ca A 942.6A  33.765   0.0296      Ca B 3.095m  32.464   0.0015            
 PAC3 160.0m  33.598   0.0201      Ca A  9546A  33.625   0.0215      Ca A 937.5A  33.652   0.0228      Ca B 2.624m  32.347   0.0011            
 PAH  3.300m  33.887   0.0392      Ca A  9229A  33.469   0.0150      Ca A 933.5A  33.548   0.0180      Ca B 9.711m  32.420   0.0013            
 PAHC 3.230m  33.546   0.0179      Ca A  9015A  33.330   0.0109      Ca A 930.4A  33.453   0.0144      Ca B 5.582m  32.323   0.0011            
 PAHC 3.370m  33.496   0.0159      Ca A  8863A  33.204   0.0081      Ca A 927.9A  33.364   0.0117      He 2 303.8A  36.704  25.6986            
 PAH  6.200m  34.063   0.0587      Ca A  8750A  33.089   0.0062      Ca A 925.9A  33.281   0.0097      He 2 256.3A  33.999   0.0507            
 PAHC 5.650m  34.117   0.0666      Ca A  8665A  32.983   0.0049      Ca A 924.2A  33.203   0.0081      He 2 243.0A  33.900   0.0404            
 PAH  7.900m  34.286   0.0983      Ca A  8598A  32.884   0.0039      Ca A 922.8A  33.129   0.0068      He 2 237.4A  33.836   0.0349            
 PAHC 6.900m  34.273   0.0953      Ca A  8545A  32.792   0.0031      Ca A 921.6A  33.060   0.0058      He 2 234.4A  33.797   0.0319            
 PAH  11.30m  33.524   0.0170      Ca A  8502A  32.705   0.0026      Ca A 920.6A  32.994   0.0050      He 2 232.6A  33.767   0.0297            
 PAHC 10.90m  33.493   0.0158      Ca A  8467A  32.624   0.0021      Ca A 919.8A  32.931   0.0043      He 2 231.5A  33.739   0.0279            
 PAH  11.80m  33.655   0.0230      Ca A  8438A  32.547   0.0018      Ca A 919.0A  32.872   0.0038      He 2 230.7A  33.714   0.0263            
 PAHC 12.65m  33.767   0.0298      Ca A  8413A  32.475   0.0015      Ca A 918.4A  32.815   0.0033      He 2 230.2A  33.692   0.0250            
 PAH  13.30m  33.657   0.0231      Ca A  8392A  32.407   0.0013      Ca A 917.8A  32.761   0.0029      He 2  1640A  35.807   3.2602            
 PAHC 14.10m  33.593   0.0199      Ca A  8374A  32.343   0.0011      Ca A  4686A  34.849   0.3593      He 2  1215A  35.321   1.0658            
 Bcon  3640A  37.369 118.9340      Ca A 1.817m  33.154   0.0073      Ca A  3203A  34.509   0.1643      He 2  1085A  34.987   0.4936            
 Pcon  5000A  36.344  11.2241      Ca A 1.736m  33.015   0.0053      Ca A  2733A  34.242   0.0888      He 2  1025A  34.730   0.2730            
 nFnu 1.335c  32.306   0.0010      Ca A 1.681m  32.889   0.0039      Ca A  2511A  34.025   0.0539      He 2 992.4A  34.521   0.1687            
 nFnu  9993m  32.418   0.0013      Ca A 1.641m  32.774   0.0030      Ca A  2386A  33.841   0.0353      He 2 972.2A  34.345   0.1124            
 nFnu  6917m  32.559   0.0018      Ca A 1.611m  32.668   0.0024      Ca A  2306A  33.682   0.0245      He 2 958.8A  34.193   0.0793            
 nFnu 122.4m  34.060   0.0584      Ca A 1.588m  32.569   0.0019      Ca A  2253A  33.542   0.0177      He 2 949.4A  34.061   0.0585            
 nFnu 60.83m  34.307   0.1032      Ca A 1.570m  32.476   0.0015      Ca A  2215A  33.415   0.0132      He 2  4686A  34.931   0.4336            
 nFnu 41.22m  34.446   0.1419      Ca A 1.556m  32.389   0.0012      Ca A  2187A  33.301   0.0102      He 2  3203A  34.561   0.1849            
 nFnu 30.87m  34.547   0.1791      Ca A 1.544m  32.307   0.0010      Ca A  2165A  33.196   0.0080      He 2  2733A  34.294   0.1000            
 nFnu 24.78m  34.624   0.2137      Ca A 3.038m  32.760   0.0029      Ca A  2149A  33.099   0.0064      He 2  2511A  34.079   0.0609            
 nFnu 24.30m  34.630   0.2171      Ca A 2.872m  32.635   0.0022      Ca A  2135A  33.009   0.0052      He 2  2386A  33.898   0.0402            
 nFnu 22.83m  34.652   0.2279      Ca A 2.758m  32.520   0.0017      Ca A  2125A  32.925   0.0043      He 2  2306A  33.741   0.0280            
 nFnu 21.42m  34.674   0.2399      Ca A 2.674m  32.414   0.0013      Ca A  2116A  32.847   0.0036      He 2  2253A  33.604   0.0204            
 nFnu 21.12m  34.679   0.2428      Ca A 2.612m  32.315   0.0011      Ca A  2109A  32.773   0.0030      He 2 1.012m  34.352   0.1143            
 nFnu 19.62m  34.704   0.2570      Ca A 12.37m  32.967   0.0047      Ca A  2102A  32.703   0.0026      He 2  6560A  34.033   0.0548            
 nFnu 17.65m  34.742   0.2808      Ca A 7.500m  32.825   0.0034      Ca A  2097A  32.636   0.0022      He 2  5412A  33.802   0.0323            
 nFnu 17.37m  34.747   0.2841      Ca A 5.907m  32.679   0.0024      Ca A  2093A  32.573   0.0019      He 2  4860A  33.614   0.0209            
 nFnu 15.69m  34.781   0.3073      Ca A 5.127m  32.544   0.0018      Ca A  2089A  32.513   0.0017      He 2  4542A  33.453   0.0144            
 nFnu 14.60m  34.806   0.3254      Ca A 4.671m  32.420   0.0013      Ca A  2086A  32.456   0.0015      He 2  4339A  33.312   0.0104            
 nFnu 12.43m  34.865   0.3730      Ca A 4.375m  32.306   0.0010      Ca A  2083A  32.401   0.0013      He 2 1.864m  33.899   0.0403            
 nFnu 11.40m  34.894   0.3986      Ca A 19.06m  32.596   0.0020      Ca A 1.012m  34.260   0.0926      He 2 1.163m  33.613   0.0209            
 nFnu 10.46m  34.925   0.4279      Ca A 11.31m  32.479   0.0015      Ca A  6560A  33.997   0.0505      He 2  9345A  33.406   0.0129            
 nFnu 9.480m  34.959   0.4625      Ca A 8.758m  32.352   0.0011      Ca A  5412A  33.775   0.0303      He 2  8237A  33.237   0.0088            
 nFnu 9.325m  34.964   0.4679      Ca B  3970A  34.402   0.1284      Ca A  4860A  33.587   0.0197      He 2  7593A  33.091   0.0063            
 nFnu 8.210m  35.011   0.5210      Ca B  3889A  34.222   0.0847      Ca A  4542A  33.425   0.0135      He 2 3.091m  33.525   0.0170            
 nFnu 7.580m  35.037   0.5540      Ca B  3835A  34.064   0.0589      Ca A  4339A  33.282   0.0097      He 2 1.874m  33.264   0.0093            
 nFnu 7.050m  35.065   0.5900      Ca B  3798A  33.924   0.0426      Ca A  4200A  33.153   0.0072      He 2 1.476m  33.070   0.0060            
 nFnu 4.114m  35.257   0.9197      Ca B  3771A  33.798   0.0319      Ca A  4100A  33.037   0.0055      He 2 1.281m  32.915   0.0042            
 nInu 4.114m  32.810   0.0033      Ca B  3750A  33.684   0.0245      Ca A  4026A  32.931   0.0043      He 2 4.762m  33.204   0.0081            
 nFnu 2.324m  35.451   1.4368      Ca B  3734A  33.580   0.0193      Ca A  3969A  32.833   0.0035      He 2 2.825m  32.969   0.0047            
 nInu 2.324m  33.547   0.0179      Ca B  3722A  33.485   0.0155      Ca A  3924A  32.743   0.0028      He 2 2.189m  32.780   0.0031            
 nFnu 1.643m  35.580   1.9309      Ca B  3712A  33.397   0.0127      Ca A  3888A  32.658   0.0023      He 2 6.946m  32.921   0.0042            
 nInu 1.643m  33.990   0.0497      Ca B  3704A  33.316   0.0105      Ca A  3858A  32.579   0.0019      He 2 4.050m  32.717   0.0026            
 nFnu 1.480m  35.607   2.0557      Ca B  3697A  33.240   0.0088      Ca A  3834A  32.504   0.0016      He 2 9.711m  32.666   0.0024            
 nInu 1.480m  34.125   0.0678      Ca B  3692A  33.170   0.0075      Ca A  3814A  32.433   0.0014      He-like iso-sequence........            
 nFnu 1.436m  35.671   2.3856      Ca B  3687A  33.103   0.0064      Ca A  3797A  32.366   0.0012      Clin 506.0A  35.523   1.6948            
 nInu 1.436m  34.163   0.0741      Ca B  3683A  33.040   0.0056      Ca A  3782A  32.303   0.0010      Ca B  2945A  33.527   0.0171            
 nFnu 1.119m  35.732   2.7421      Ca B  3679A  32.980   0.0049      Ca A 1.864m  33.777   0.0304      Ca B  3188A  33.882   0.0388            
 nInu 1.119m  34.483   0.1545      Ca B  3676A  32.923   0.0043      Ca A 1.163m  33.569   0.0188      Ca B  3614A  32.967   0.0047            
 nFnu  8330A  35.796   3.1770      Ca B  3674A  32.868   0.0037      Ca A  9345A  33.380   0.0122      Ca B  3889A  34.342   0.1118            
 nInu  8330A  34.857   0.3661      Ca B  3671A  32.815   0.0033      Ca A  8237A  33.216   0.0084      Ca B  3965A  33.265   0.0094            
 nFnu  8079A  35.939   4.4143      Ca B  9546A  33.707   0.0259      Ca A  7593A  33.070   0.0060      Ca B  4026A  33.479   0.0153            
 nInu  8079A  34.895   0.3995      Ca B  9229A  33.551   0.0181      Ca A  7178A  32.941   0.0044      Ca B  4121A  32.761   0.0029            
 nFnu  6210A  35.978   4.8303      Ca B  9015A  33.412   0.0131      Ca A  6891A  32.823   0.0034      Ca B  4388A  32.937   0.0044            
 nInu  6210A  35.228   0.8602      Ca B  8863A  33.287   0.0098      Ca A  6684A  32.716   0.0026      Ca B  4471A  33.851   0.0361            
 nFnu  4885A  36.014   5.2483      Ca B  8750A  33.173   0.0076      Ca A  6527A  32.617   0.0021      Ca B  4713A  33.203   0.0081            
 nInu  4885A  35.527   1.7100      Ca B  8665A  33.068   0.0059      Ca A  6407A  32.526   0.0017      Ca B  4922A  33.300   0.0101            
 nFnu  3704A  36.013   5.2434      Ca B  8598A  32.972   0.0048      Ca A  6311A  32.441   0.0014      Ca B  5016A  33.678   0.0242            
 nInu  3704A  35.864   3.7141      Ca B  8545A  32.882   0.0039      Ca A  6234A  32.361   0.0012      Ca B  5048A  32.662   0.0023            
 nFnu  3588A  36.432  13.7489      Ca B  8502A  32.799   0.0032      Ca A 3.091m  33.366   0.0118      Ca B  5876A  34.453   0.1443            
 nInu  3588A  35.906   4.0950      Ca B  8467A  32.722   0.0027      Ca A 1.874m  33.198   0.0080      Ca B  6678A  33.910   0.0413            
 nFnu  2430A  36.369  11.8901      Ca B  8438A  32.650   0.0023      Ca A 1.476m  33.036   0.0055      Ca B  7065A  34.036   0.0552            
 nInu  2430A  36.369  11.8903      Ca B  8413A  32.583   0.0019      Ca A 1.281m  32.890   0.0039      Ca B  7281A  33.275   0.0096            
 nFnu  2392A  36.365  11.7740      Ca B  8392A  32.519   0.0017      Ca A 1.167m  32.760   0.0029      Ca B 1.083m  35.460   1.4659            
 nInu  2392A  36.386  12.3764      Ca B  8374A  32.459   0.0015      Ca A 1.093m  32.642   0.0022      Ca B 1.197m  32.483   0.0015            
 nFnu  2071A  36.321  10.6581      Ca B  8359A  32.403   0.0013      Ca A 1.042m  32.534   0.0017      Ca B 1.253m  32.388   0.0012            
 nInu  2071A  36.553  18.1522      Ca B  8346A  32.349   0.0011      Ca A  9763A  32.342   0.0011      Ca B 1.278m  32.994   0.0050            
 nFnu  2053A  36.421  13.3984      Ca B  8334A  32.297   0.0010      Ca A 4.762m  33.009   0.0052      Ca B 1.279m  32.641   0.0022            
 nInu  2053A  36.564  18.6322      Ca B 1.817m  33.203   0.0081      Ca A 2.825m  32.871   0.0038      Ca B 1.700m  32.700   0.0026            
 nFnu  1793A  36.371  11.9568      Ca B 1.736m  33.064   0.0059      Ca A 2.189m  32.730   0.0027      Ca B 1.869m  33.470   0.0150            
 nInu  1793A  36.715  26.3847      Ca B 1.681m  32.939   0.0044      Ca A 1.876m  32.600   0.0020      Ca B 1.870m  33.196   0.0080            
 nFnu  1585A  36.326  10.7803      Ca B 1.641m  32.825   0.0034      Ca A 1.692m  32.482   0.0015      Ca B 2.058m  33.906   0.0410            
 nInu  1585A  36.846  35.6691      Ca B 1.611m  32.720   0.0027      Ca A 1.572m  32.374   0.0012      Ca B 2.112m  32.386   0.0012            
 nFnu  1458A  36.291   9.9361      Ca B 1.588m  32.623   0.0021      Ca A 6.946m  32.692   0.0025      TOTL 591.4A  33.646   0.0225            
 nInu  1458A  36.937  43.9389      Ca B 1.570m  32.533   0.0017      Ca A 4.050m  32.578   0.0019      He 1 591.4A  33.645   0.0224            
 nFnu  1357A  36.252   9.0858      Ca B 1.556m  32.449   0.0014      Ca A 3.095m  32.454   0.0014      He 1 584.3A  35.197   0.8003            
 nInu  1357A  37.010  51.9877      Ca B 1.544m  32.370   0.0012      Ca A 2.624m  32.338   0.0011      He 1 537.0A  34.229   0.0862            
 nFnu  1297A  36.211   8.2651      Ca B 1.534m  32.296   0.0010      Ca A 9.711m  32.408   0.0013      He 1 522.2A  34.061   0.0585            
 nInu  1297A  37.056  57.8193      Ca B 3.038m  32.794   0.0032      Ca A 5.582m  32.313   0.0010      He 1 515.6A  33.957   0.0461            
 nFnu  1263A  36.164   7.4160      Ca B 2.872m  32.670   0.0024      Ca B  1640A  35.792   3.1491      He 1 512.1A  34.010   0.0520            
 nInu  1263A  37.086  62.0139      Ca B 2.758m  32.556   0.0018      Ca B  1215A  35.324   1.0722      He 1 625.6A  34.961   0.4643            
 nFnu  1218A  36.077   6.0712      Ca B 2.674m  32.451   0.0014      Ca B  1085A  34.991   0.4976      TOTL 1.083m  35.475   1.5174            
 nInu  1218A  37.121  67.2341      Ca B 2.612m  32.354   0.0011      Ca B  1025A  34.732   0.2742      He 1 1.083m  35.475   1.5174            
 nFnu  1196A  36.072   6.0037      Ca B 12.37m  32.991   0.0050      Ca B 992.4A  34.520   0.1682      He 1 1.083m  34.521   0.1689            
 nInu  1196A  37.136  69.5828      Ca B 7.500m  32.850   0.0036      Ca B 972.2A  34.340   0.1111      He 1 1.083m  34.997   0.5049            
 nFnu  1175A  36.066   5.9248      Ca B 5.907m  32.705   0.0026      Ca B 958.8A  34.183   0.0774      He 1 1.083m  35.220   0.8436            
 nInu  1175A  37.156  72.8211      Ca B 5.127m  32.571   0.0019      Ca B 949.4A  34.043   0.0562      He 1  3889A  34.221   0.0845            
 nFnu  1144A  36.059   5.8307      Ca B 4.671m  32.447   0.0014      Ca B 942.6A  33.918   0.0421      He 1  3188A  33.793   0.0315            
 nInu  1144A  37.185  77.9137      Ca B 4.375m  32.334   0.0011      Ca B 937.5A  33.805   0.0324      He 1  2945A  33.453   0.0144            
 nFnu  1113A  36.055   5.7748      Ca B 19.06m  32.620   0.0021      Ca B 933.5A  33.700   0.0255      He 1  2829A  33.187   0.0078            
 nInu  1113A  37.210  82.3787      Ca B 11.31m  32.502   0.0016      Ca B 930.4A  33.604   0.0204      He 1 2.058m  33.074   0.0060            
 nFnu  1103A  36.054   5.7582      Ca B 8.758m  32.375   0.0012      Ca B 927.9A  33.515   0.0166      He 1  5016A  33.466   0.0149            
 nInu  1103A  37.219  84.2221      Ca B 27.80m  32.295   0.0010      Ca B 925.9A  33.431   0.0137      He 1  3965A  33.025   0.0054            
 nFnu  1074A  36.052   5.7311      H  1  1216A  36.972  47.6391      Ca B 924.2A  33.353   0.0115      He 1  3614A  32.678   0.0024            
 nInu  1074A  37.243  88.9771      H  1  1026A  34.260   0.0925      Ca B 922.8A  33.280   0.0097      He 1  3448A  32.565   0.0019            
 nFnu  1064A  36.052   5.7260      H  1 972.5A  34.147   0.0712      Ca B 921.6A  33.210   0.0082      He 1  7065A  34.140   0.0702            
 nInu  1064A  37.253  90.9385      H  1 949.7A  34.079   0.0610      Ca B 920.6A  33.145   0.0071      He 1  5876A  34.391   0.1251            
 nFnu  1036A  36.052   5.7276      H  1 937.8A  33.976   0.0482      Ca B 919.8A  33.083   0.0061      He 1  4713A  33.217   0.0084            
 nInu  1036A  37.276  95.9922      H  1 930.8A  33.928   0.0431      Ca B 919.0A  33.024   0.0054      He 1  4471A  33.808   0.0327            
 nFnu  1000A  36.054   5.7638      H  1 926.2A  33.891   0.0396      Ca B 918.4A  32.968   0.0047      He 1  4121A  32.757   0.0029            
 nInu  1000A  37.308 103.4342      H  1 923.2A  33.862   0.0370      Ca B 917.8A  32.915   0.0042      He 1  4026A  33.435   0.0138            
 nFnu 925.1A  36.071   5.9886      H  1 921.0A  33.835   0.0348      Ca B  4686A  34.891   0.3956      He 1  3867A  32.659   0.0023            
 nInu 925.1A  37.380 122.0865      H  1  6563A  35.755   2.8951      Ca B  3203A  34.561   0.1850      He 1  3820A  33.202   0.0081            
 nFnu 897.8A  37.469 149.6849      H  1  4861A  35.294   1.0000      Ca B  2733A  34.298   0.1010      He 1  7281A  33.198   0.0080            
 nInu 897.8A  36.974  47.8381      H  1  4340A  34.968   0.4722      Ca B  2511A  34.083   0.0616      He 1  6678A  33.677   0.0241            
 nFnu 760.0A  37.160  73.4911      H  1  4102A  34.700   0.2546      Ca B  2386A  33.901   0.0404      He 1  5048A  32.588   0.0020            
 nInu 760.0A  37.265  93.5747      H  1  3970A  34.479   0.1533      Ca B  2306A  33.742   0.0281      He 1  4922A  33.168   0.0075            
 nFnu 701.5A  36.988  49.4887      H  1  3889A  34.290   0.0992      Ca B  2253A  33.602   0.0203      He 1  4388A  32.827   0.0034            
 nInu 701.5A  37.379 121.6587      H  1  3835A  34.126   0.0680      Ca B  2215A  33.476   0.0152      He 1  4169A  32.529   0.0017            
 nFnu 608.2A  36.652  22.8026      H  1  3798A  33.985   0.0491      Ca B  2187A  33.361   0.0117      He 1  4144A  32.838   0.0035            
 nInu 608.2A  37.548 179.6696      H  1 1.875m  34.744   0.2819      Ca B  2165A  33.257   0.0092      He 1 4.295m  32.805   0.0032            
 nFnu 575.1A  36.547  17.9120      H  1 1.282m  34.434   0.1381      Ca B  2149A  33.160   0.0073      He 1 1.253m  32.553   0.0018            
 nInu 575.1A  37.601 202.9854      H  1 1.094m  34.191   0.0790      Ca B  2135A  33.070   0.0060      He 1  9464A  32.334   0.0011            
 nFnu 511.9A  36.408  13.0211      H  1 1.005m  33.974   0.0478      Ca B  2125A  32.986   0.0049      He 1 2.112m  32.401   0.0013            
 nInu 511.9A  37.694 251.1935      H  1  9546A  33.787   0.0311      Ca B  2116A  32.908   0.0041      He 1 1.700m  32.657   0.0023            
 nFnu 496.9A  36.950  45.2748      H  1  9229A  33.624   0.0214      Ca B  2109A  32.834   0.0035      He 1 1.197m  32.438   0.0014            
 nInu 496.9A  37.687 247.2896      H  1  9015A  33.485   0.0155      Ca B  2102A  32.764   0.0030      He 1 1.954m  32.318   0.0011            
 nFnu 399.2A  36.502  16.1367      H  1 4.051m  34.099   0.0638      Ca B  2097A  32.698   0.0025      He 1 1.869m  33.277   0.0096            
 nInu 399.2A  37.795 317.1231      H  1 2.625m  33.858   0.0367      Ca B  2093A  32.635   0.0022      He 1 1.278m  32.889   0.0039            
 RRC.........................      H  1 2.166m  33.637   0.0220      Ca B  2089A  32.576   0.0019      He 1 1.091m  32.621   0.0021            
 grains......................      H  1 1.945m  33.450   0.0143      Ca B  2086A  32.519   0.0017      He 1 1.870m  32.826   0.0034            
 H-like iso-sequence.........      H  1 1.817m  33.287   0.0099      Ca B  2083A  32.465   0.0015      He 1 1.279m  32.412   0.0013            
 Clin 912.0A  36.588  19.6935      H  1 1.736m  33.147   0.0071      Ca B 1.012m  34.279   0.0968      He 1 1.092m  32.349   0.0011            
 Clin 228.0A  33.124   0.0068      H  1 7.458m  33.618   0.0211      Ca B  6560A  34.022   0.0535      He 1 4.048m  32.539   0.0018            
 Cool  1216A  36.303  10.2067      H  1 4.653m  33.386   0.0124      Ca B  5412A  33.803   0.0323      Pho+  3889A  34.926   0.4291            
 Crst 960.0A  36.271   9.4867      H  1 3.740m  33.194   0.0079      Ca B  4860A  33.616   0.0210      database lines..............            
 Dest  1216A  33.868   0.0376      H  1 3.296m  33.029   0.0054      Ca B  4542A  33.455   0.0145      level 1 lines...............            
 Q(H)  4861A  35.952   4.5495      H  1 3.038m  32.887   0.0039      Ca B  4339A  33.313   0.0104      recombination...............            
 Q(H)  1216A  37.488 156.5061      H  1 12.37m  33.188   0.0078      Ca B  4200A  33.185   0.0078      level2 lines................            
 CaBo  4861A  34.914   0.4174      H  1 7.500m  32.989   0.0050      Ca B  4100A  33.070   0.0060      hyperfine structure.........            
 CaBo  1640A  35.513   1.6575      H  1 5.907m  32.820   0.0034      Ca B  4026A  32.964   0.0047      inner shell.................            
 CaBo  4686A  34.586   0.1958      H  1 5.127m  32.674   0.0024      Ca B  3969A  32.866   0.0037      molecules...................            
 Ca A 937.8A  34.981   0.4864      H  1 19.06m  32.814   0.0033      Ca B  3924A  32.776   0.0030            



  - this is the input stream for a planetary nebula  
 Cooling:  HFBc     0 :0.164 HFFc     0 :0.169 Clin 912.0A:0.521  
 Heating:  BFH1     0 :0.666 BFHe     0 :0.334  

 These are some of the most important databases used by Cloudy:
 Many recombination coefficients were taken from http://amdpp.phys.strath.ac.uk/tamoc/RR/ and http://amdpp.phys.strath.ac.uk/tamoc/DR/
      and are based on the following papers:
        Badnell N. R., et al., A&A 406, 1151 (2003) [http://adsabs.harvard.edu/abs/2003A%26A...406.1151B]
        Badnell N. R., ApJS 167, 334 (2006) [http://adsabs.harvard.edu/abs/2006ApJS..167..334B]
 Much of the molecular emission data is from LAMDA as accessed on Dec. 18, 2010. This database is described in:
        Schoeier F.L., et al., A&A 432, 369 (2005) [http://adsabs.harvard.edu/abs/2005A%26A...432..369S]
      This database is in part based on the work of the following groups:
        JPL: Pickett H. M. et al., JQSRT, 60, 883 (1998). [http://adsabs.harvard.edu/abs/1998JQSRT..60..883P]
        CDMS: Mueller H. S. et al., A&A 370, L49 (2001). [http://adsabs.harvard.edu/abs/2001A%26A...370L..49M]
              Mueller H. S. et al., J. Mol. Struct. 742, 215 (2005). [http://adsabs.harvard.edu/abs/2005JMoSt.742..215M]
 Much of the ionic emission data is from version 7.0 of CHIANTI. CHIANTI is a collaborative project involving the NRL (USA), the
      Universities of Florence (Italy) and Cambridge (UK), and George Mason University (USA). These papers describe Chianti:
        Dere K. P., et al., A&AS, 125, 149 (1997) [http://adsabs.harvard.edu/abs/1997A%26AS..125..149D]
        Landi E., et al., ApJ, 744, 99 (2012) [http://adsabs.harvard.edu/abs/2012ApJ...744...99L]
 Much of the H_2 data is from this web site: http://molat.obspm.fr/index.php?page=pages/Molecules/H2/H2can94.php. These data are
      described in:
        Abgrall H. et al., Can. J. Phys., 72, 856 (1994) [http://adsabs.harvard.edu/abs/1994CaJPh..72..856A]
        Wrathmall S. A. & Flower D. R., J. Phys. B, 40, 3221 (2007) [http://adsabs.harvard.edu/abs/2007JPhB...40.3221W]
 Please cite those papers that played a significant role in this calculation.

 IONIZE PARMET:  U(1-) -1.3010  U(4-): -2.5309  U(sp): -1.90  Q(ion):   48.193  L(ion) 37.858    Q(low): 49.183    L(low) 37.428
 ENERGY BUDGET:  Heat:  36.872  Coolg:  36.871  Error:  0.0%  Rec Lin:  36.461  F-F  H  0.000    P(rad/tot)max     7.17E-02

     Col(Heff):      0.000E+00  snd travl time  5.22E+10 sec  Te-low: 2.25E+04  Te-hi: 3.26E+04  G0TH85: 4.64E+04  G0DB96:7.76E+04
  Emiss Measure    n(e)n(p) dl       1.156E+25  n(e)n(He+)dl         4.216E+23  En(e)n(He++) dl         7.345E+23  ne nC+:0.00E+00
 He/Ha:1.26E-01  =   1.26*true  Lthin:4.71E+01  itr/zn:11.77  H2 itr/zn:  0.00  File Opacity: F  MassTot 6.80e+32  (gm)
   Temps(21 cm)   T(21cm/Ly a)  4.84E+03        T(<nH/Tkin>)  2.59E+04          T(<nH/Tspin>)    5.11E+03          TB21cm:2.44E-03
                   N(H0/Tspin)  3.17E+13        N(OH/Tkin)    0.00E+00          B(21cm)          0.00E+00
   <a>:1.59E-06  erdeFe0.0E+00  Tcompt5.88E+06  Tthr5.24E+08  <Tden>: 2.75E+04  <dens>:2.34E-20  <MolWgt>6.23E-01
     Mean Jeans  l(cm)8.48E+19  M(sun)3.76E+06  smallest:     len(cm):7.66E+19  M(sun):2.77E+06  a_ox tran:  0.00
 Rion:1.995E+17  Dist:0.00E+00  Diam:0.000E+00
 Hatom level 70  HatomType: add  HInducImp  F  He tot level: 63  He2 level:   70  ExecTime    13.0
 ConvrgError(%)  <eden>  0.000  MaxEden  0.000  <H-C>   0.05  Max(H-C)    0.45  <Press>   0.000  MaxPrs er  0.000
  Continuity(%)  chng Te   2.8  elec den   0.8  n(H2)    0.0  n(CO)        0.0

                                                        Averaged Quantities
             Te      Te(Ne)   Te(NeNp)  Te(NeHe+)Te(NeHe2+) Te(NeO+)  Te(NeO2+)  Te(H2)     N(H)     Ne(O2+)   Ne(Np)
 Radius:  2.75e+04  2.76e+04  2.76e+04  2.42e+04  2.96e+04  0.00e+00  0.00e+00  2.49e+04  1.00e+04  0.00e+00  1.16e+04
   Area:  2.69e+04  2.70e+04  2.70e+04  2.41e+04  2.94e+04  0.00e+00  0.00e+00  2.46e+04  1.00e+04  0.00e+00  1.15e+04
 Volume:  2.64e+04  2.65e+04  2.65e+04  2.39e+04  2.92e+04  0.00e+00  0.00e+00  2.43e+04  1.00e+04  0.00e+00  1.15e+04
 
 Peimbert T(OIIIr)0.00E+00 T(Bac)3.23E+04 T(Hth)0.00E+00 t2(Hstrc) 1.33e-02 T(O3-BAC)0.00E+00 t2(O3-BC) 0.00e+00 t2(O3str) 0.00e+00

 Contin Optical Depths: COMP: 7.69e-04    H-: 9.81e-08 R(1300): 1.09e-06  H2+: 1.37e-09  Pfa:3.84E-04
                          Pa: 3.84e-04    Ba: 3.84e-04      Hb: 3.84e-04   La: 1.61e-03     1r:4.986E+07  1.8:1.19E+07 4.:1.719E+06

 Old, new H  1 continuum optical depths:
     1 9.97e+07     2 1.00e-20     3 1.00e-20     4 1.00e-20     5 1.00e-20     6 1.00e-20     7 1.00e-20     8 1.00e-20
     9 1.00e-20    10 1.00e-20    11 1.00e-20    12 1.00e-20    13 1.00e-20    14 1.00e-20    15 1.00e-20    16 1.00e-20
    17 1.00e-20    18 1.00e-20    19 1.00e-20    20 1.00e-20    21 1.00e-20    22 1.00e-20    23 1.00e-20    24 1.00e-20
    25 1.00e-20    26 1.00e-20    27 1.00e-20    28 1.00e-20    29 1.00e-20    30 1.00e-20    31 1.00e-20    32 1.00e-20
    33 1.00e-20    34 1.00e-20    35 1.00e-20    36 1.00e-20    37 1.00e-20    38 1.00e-20    39 1.00e-20    40 1.00e-20
    41 1.00e-20    42 1.00e-20    43 1.00e-20    44 1.00e-20    45 1.00e-20    46 1.00e-20    47 1.00e-20    48 1.00e-20
    49 1.00e-20    50 1.00e-20    51 1.00e-20    52 1.00e-20    53 1.00e-20    54 1.00e-20
     1 4.99e+07     2 9.34e-08     3 4.92e-08     4 4.92e-08     5 4.92e-08     6 1.22e-08     7 1.22e-08     8 1.22e-08
     9 1.22e-08    10 5.67e-12    11 5.67e-12    12 5.67e-12    13 5.67e-12    14 5.67e-12    15 1.29e-11    16 1.29e-11
    17 1.29e-11    18 1.29e-11    19 1.29e-11    20 1.29e-11    21 2.64e-11    22 2.64e-11    23 2.64e-11    24 2.64e-11
    25 2.64e-11    26 2.64e-11    27 2.64e-11    28 4.99e-11    29 4.99e-11    30 4.99e-11    31 4.99e-11    32 4.99e-11
    33 4.99e-11    34 4.99e-11    35 4.99e-11    36 8.90e-11    37 8.90e-11    38 8.90e-11    39 8.90e-11    40 8.90e-11
    41 8.90e-11    42 8.90e-11    43 8.90e-11    44 8.90e-11    45 1.51e-10    46 1.51e-10    47 1.51e-10    48 1.51e-10
    49 1.51e-10    50 1.51e-10    51 1.51e-10    52 1.51e-10    53 1.51e-10    54 1.51e-10

 Old, new H  1 mean line optical depths:
  2- 1 1.61e+20  3- 2 6.01e+00  4- 3 1.77e-20  5- 4 1.77e-20  6- 5 1.77e-20  7- 6 1.77e-20  8- 7 1.77e-20
  9- 8 1.77e-20 10- 9 1.77e-20
  2- 1 1.05e+04  3- 2 3.34e-03  4- 3 3.04e-08  5- 4 3.41e-08  6- 5 5.12e-08  7- 6 7.94e-08  8- 7 1.25e-07
  9- 8 2.66e-07 10- 9 6.07e-07

 Old, new He 2 continuum optical depths:
     1 3.44e+06     2 9.86e+07     3 1.00e-20     4 1.00e-20     5 1.00e-20     6 1.00e-20     7 1.00e-20     8 1.00e-20
     9 1.00e-20    10 1.00e-20    11 1.00e-20    12 1.00e-20    13 1.00e-20    14 1.00e-20    15 1.00e-20    16 1.00e-20
    17 1.00e-20    18 1.00e-20    19 1.00e-20    20 1.00e-20    21 1.00e-20    22 1.00e-20    23 1.00e-20    24 1.00e-20
    25 1.00e-20    26 1.00e-20    27 1.00e-20    28 1.00e-20    29 1.00e-20    30 1.00e-20    31 1.00e-20    32 1.00e-20
    33 1.00e-20    34 1.00e-20    35 1.00e-20    36 1.00e-20    37 1.00e-20    38 1.00e-20    39 1.00e-20    40 1.00e-20
    41 1.00e-20    42 1.00e-20    43 1.00e-20    44 1.00e-20    45 1.00e-20    46 1.00e-20    47 1.00e-20    48 1.00e-20
    49 1.00e-20    50 1.00e-20    51 1.00e-20    52 1.00e-20    53 1.00e-20    54 1.00e-20
     1 1.72e+06     2 4.93e+07     3 1.17e-04     4 1.17e-04     5 1.17e-04     6 9.34e-08     7 9.34e-08     8 9.34e-08
     9 9.34e-08    10 3.99e-08    11 3.99e-08    12 3.99e-08    13 3.99e-08    14 3.99e-08    15 4.92e-08    16 4.92e-08
    17 4.92e-08    18 4.92e-08    19 4.92e-08    20 4.92e-08    21 4.16e-08    22 4.16e-08    23 4.16e-08    24 4.16e-08
    25 4.16e-08    26 4.16e-08    27 4.16e-08    28 1.22e-08    29 1.22e-08    30 1.22e-08    31 1.22e-08    32 1.22e-08
    33 1.22e-08    34 1.22e-08    35 1.22e-08    36 3.29e-12    37 3.29e-12    38 3.29e-12    39 3.29e-12    40 3.29e-12
    41 3.29e-12    42 3.29e-12    43 3.29e-12    44 3.29e-12    45 5.67e-12    46 5.67e-12    47 5.67e-12    48 5.67e-12
    49 5.67e-12    50 5.67e-12    51 5.67e-12    52 5.67e-12    53 5.67e-12    54 5.67e-12

 Old, new He 2 mean line optical depths:
  2- 1 1.61e+19  3- 2 6.01e-01  4- 3 1.77e-20  5- 4 1.77e-20  6- 5 1.77e-20  7- 6 1.77e-20  8- 7 1.77e-20
  9- 8 1.77e-20 10- 9 1.77e-20
  2- 1 1.27e+06  3- 2 4.86e-05  4- 3 2.17e-10  5- 4 2.47e-10  6- 5 3.67e-10  7- 6 5.89e-10  8- 7 9.63e-10
  9- 8 1.57e-09 10- 9 2.52e-09

 Old He Is optical depths:    1 2.38e+07    2 1.00e-20    3 1.00e-20    4 1.00e-20    5 1.00e-20
 New He Is optical depths:    1 1.19e+07    2 1.51e-04    3 7.21e-08    4 8.36e-08    5 8.36e-08
          Old He Is Lines:  584 3.54e-20 3889 3.54e-20 5016 3.54e-20 5876 3.54e-20
          New He Is Lines:  584 3.62e+02 3889 3.68e+00 5016 9.29e-05 5876 4.35e-06

==== H      compounds ====           Log10 column densities [cm^-2}
   H2        :  1.273   H2*       :  1.842   H2+       :  8.292   H3+       : -6.831
==== He     compounds ====
   HeH+      :  9.393


               1      2      3      4      5      6      7      8      9     10     11     12     13     14     15     16     17

 Hydrogen   17.209 20.998  1.945 (H2)                Log10 Column density (cm^-2)
 Helium     15.927 19.579 19.789
 Exc state    He1* 13.741   CII*-35.930   C11*-35.930   C12*-35.930   C13*-35.930   O11*-35.930   O12*-35.930   O13*-35.930
              Si2*-35.930   C30*-35.930   C31*-35.930   C32*-35.930


 Hydrogen   -3.730 -0.000-18.636 (H2)                 Log10 Mean Ionisation (over volume)
 Helium     -3.916 -0.277 -0.327

               1      2      3      4      5      6      7      8      9     10     11     12     13     14     15     16     17

 Hydrogen   -3.758 -0.000-18.690 (H2)                 Log10 Mean Ionisation (over area)
 Helium     -3.986 -0.341 -0.264

               1      2      3      4      5      6      7      8      9     10     11     12     13     14     15     16     17

 Hydrogen   -3.789 -0.000-18.752 (H2)                 Log10 Mean Ionisation (over radius)
 Helium     -4.071 -0.419 -0.208

               1      2      3      4      5      6      7      8      9     10     11     12     13     14     15     16     17

 Hydrogen   -3.735 -0.000-18.648 (H2)         Log10 Mean Ionisation (over volume*electron density)
 Helium     -3.932 -0.291 -0.311

               1      2      3      4      5      6      7      8      9     10     11     12     13     14     15     16     17

 Hydrogen   -3.764 -0.000-18.703 (H2)         Log10 Mean Ionisation (over area*electron density)
 Helium     -4.005 -0.358 -0.250

               1      2      3      4      5      6      7      8      9     10     11     12     13     14     15     16     17

 Hydrogen   -3.795 -0.000-18.765 (H2)         Log10 Mean Ionisation (over radius*electron density)
 Helium     -4.092 -0.438 -0.197

               1      2      3      4      5      6      7      8      9     10     11     12     13     14     15     16     17

 Hydrogen    4.403  4.421  4.385 (H2)                  Log10 Mean Temperature (over volume)
 Helium      4.373  4.378  4.465

               1      2      3      4      5      6      7      8      9     10     11     12     13     14     15     16     17

 Hydrogen    4.411  4.430  4.390 (H2)                  Log10 Mean Temperature (over area)
 Helium      4.375  4.381  4.468

               1      2      3      4      5      6      7      8      9     10     11     12     13     14     15     16     17

 Hydrogen    4.420  4.439  4.397 (H2)                  Log10 Mean Temperature (over radius)
 Helium      4.377  4.383  4.471

               1      2      3      4      5      6      7      8      9     10     11     12     13     14     15     16     17

 Hydrogen    4.405  4.423  4.386 (H2)          Log10 Mean Temperature (over volume*electron density)
 Helium      4.374  4.379  4.465

               1      2      3      4      5      6      7      8      9     10     11     12     13     14     15     16     17

 Hydrogen    4.413  4.432  4.392 (H2)          Log10 Mean Temperature (over area*electron density)
 Helium      4.375  4.381  4.468

               1      2      3      4      5      6      7      8      9     10     11     12     13     14     15     16     17

 Hydrogen    4.422  4.441  4.398 (H2)          Log10 Mean Temperature (over radius*electron density)
 Helium      4.377  4.384  4.471

               1      2      3      4      5      6      7      8      9     10     11     12     13     14     15     16     17
 - this is the input stream for a planetary nebula  

---------------Convergence statistics---------------
      1.07 mean iterations/state convergence
      2.17 mean cx acceleration loops/iteration
      1.04 mean iso convergence loops/ion solve
         1 mean steps/chemistry solve
         1 mean step length searches/chemistry step
----------------------------------------------------

 Cloudy ends: 56 zones, 1 iteration, 1 caution.  ExecTime(s) 12.96
 [Stop in cdMain at maincl.cpp:483, Cloudy exited OK]
