                                                          Cloudy 13.02
                                                         www.nublado.org

                       **************************************13Feb20**************************************
                       *                                                                                 *
                       * blackbody, temp = 4e4K                                                          *
                       * Q(h) 49.0                                                                       *
                       * hden 1                                                                          *
                       * constant temperature, t=7500K                                                   *
                       * radius 11.84                                                                    *
                       * c staring radius is 10 * R_sun                                                  *
                       * sphere                                                                          *
                       * element scale factor helium 1.5                                                 *
                       * element Lithium off                                                             *
                       * element Beryllium off                                                           *
                       * element Boron  off                                                              *
                       * element Carbon off                                                              *
                       * element Nitrogen off                                                            *
                       * element Oxygen off                                                              *
                       * element Fluorine  off                                                           *
                       * element Neon off                                                                *
                       * element Sodium off                                                              *
                       * element Magnesium off                                                           *
                       * element Aluminium off                                                           *
                       * element Silicon off                                                             *
                       * element Phosphor off                                                            *
                       * element Sulphur off                                                             *
                       * element Chlorine off                                                            *
                       * element Argon off                                                               *
                       * element Potassium off                                                           *
                       * element Calcium off                                                             *
                       * element Scandium  off                                                           *
                       * element Titanium off                                                            *
                       * element Vanadium off                                                            *
                       * element Chromium off                                                            *
                       * element Manganese off                                                           *
                       * element Iron off                                                                *
                       * element Cobalt off                                                              *
                       * element Nickel off                                                              *
                       * element Copper off                                                              *
                       * element Zinc  off                                                               *
                       * save overview last "AGN2_Fig2.4_40000K_constT.ovr"                              *
                       *                                                                                 *
                       ***********************************************************************************





 CAUTION The incident radiation field is surprisingly intense.
 The dimensionless hydrogen ionization parameter is 5.55e+12.
 This is many orders of magnitude brighter than commonly seen.
 This seems unphysical - please check that the radiation field intensity has been properly set.
 YOU MAY BE MAKING A BIG MISTAKE!!




           4126CellPeak1.00E+00   Lo 1.00e-08=910.79cm   Hi-Con:9.09E+00 Ryd   E(hi):7.35E+06Ryd     E(hi):     100.01 MeV
           L(nu>1ryd):  38.4748   Average nu:1.369E+00   L( X-ray):   0.0000   L(BalC):  38.6006     Q(Balmer C):  49.4967
           Q(1.0-1.8):  48.9493   Q(1.8-4.0):  48.0418   Q(4.0-20):  44.9091   Q(20--):   0.0000     Ion pht flx:1.663E+24
           L(gam ray):   0.0000   Q(gam ray):   0.0000   L(Infred):  37.3816   Alf(ox):   0.0000     Total lumin:  38.8580
           log L/Lsun:   5.2752   Abs bol mg:  -8.4380   Abs V mag:  -4.8646   Bol cor:  -3.5734     nuFnu(Bbet):  37.4827
           U(1.0----):5.546E+12   U(4.0----):4.498E+08   T(En-Den):2.696E+04   T(Comp):3.864E+04     nuJnu(912A):8.824E+13
           Occ(FarIR):5.213E+06   Occ(H n=6):1.783E+00   Occ(1Ryd):4.047E-03   Occ(4R):2.841E-08     Occ (Nu-hi):5.846E-17
           Tbr(FarIR):8.259E+03   Tbr(H n=6):7.815E+03   Tbr(1Ryd):6.397E+02   Tbr(4R):1.795E-02     Tbr (Nu-hi):8.371E-11
  
                                                  Gas Phase Chemical Composition
                                                       H :  0.0000  He: -0.8239
 
 ####  1  Te:7.500E+03 Hden:1.000E+01 Ne:1.313E+01 R:7.057E+11 R-R0:1.384E+10 dR:2.767E+10 NTR:  5 Htot:2.623E-14 T912: 9.97e+07###
 Hydrogen      3.99e-17 1.00e+00 H+o/Hden 1.00e+00 2.53e-38 H-    H2 1.54e-57 2.26e-39 H2+ HeH+ 5.28e-52 Ho+ ColD 1.10e-05 2.77e+11
 Helium        7.30e-30 1.53e-13 1.00e+00 HeI 2s3S 8.99e-33 Comp H,C 2.62e-14 5.09e-15 Fill Fac 1.00e+00 Gam1/tot 1.00e+00
 He singlet n  5.28e-31 8.46e-34 7.45e-34 1.97e-34 4.38e-34 7.83e-34 He tripl 8.99e-33 1.37e-32 1.28e-33 4.34e-33 5.53e-33
 Pressure      NgasTgas 1.85e+05 P(total) 2.55e-11 P( gas ) 2.55e-11 P(Radtn) 0.00e+00 Rad accl 1.24e+03 ForceMul 1.00e+00
 Texc(La)      2.40e+04 T(I con) 2.62e+04 T(D con) 6.17e-02 T(U tot) 2.62e+04 nT (c+d) 6.33e+09 Prad/Gas 0.00e+00 Pmag/Gas 0.00e+00
 Carbon        0.00e+00 0.00e+00 0.00e+00 0.00e+00 0.00e+00 0.00e+00 0.00e+00 H2O+/O   0.00e+00 OH+/Otot 0.00e+00 Hex(tot) 0.00e+00
 Nitrogen      0.00e+00 0.00e+00 0.00e+00 0.00e+00 0.00e+00 0.00e+00 0.00e+00 0.00e+00 O2/Ototl 0.00e+00 O2+/Otot 0.00e+00
 ####805  Te:7.500E+03 Hden:1.000E+01 Ne:4.386E-04 R:1.620E+20 R-R0:1.620E+20 dR:6.352E+18 NTR:  4 Htot:1.749E-29 T912: 9.97e+07###
 Hydrogen      1.00e+00 4.39e-05 H+o/Hden 1.00e+00 9.37e-11 H-    H2 1.54e-08 6.64e-12 H2+ HeH+ 1.22e-12 Ho+ ColD 1.24e+21 4.07e+20
 Helium        1.00e+00 1.22e-15 0.00e+00 HeI 2s3S 5.39e-21 Comp H,C 9.25e-36 2.99e-36 Fill Fac 1.00e+00 Gam1/tot 1.54e-06
 He singlet n  1.00e+00 2.07e-27 3.74e-33 3.97e-35 1.98e-35 5.74e-36 He tripl 5.39e-21 3.61e-33 6.96e-35 5.63e-35 3.81e-36
 Pressure      NgasTgas 8.63e+04 P(total) 1.19e-11 P( gas ) 1.19e-11 P(Radtn) 0.00e+00 Rad accl 6.44e-11 ForceMul 8.72e+07
 Texc(La)      3.03e+03 T(I con) 1.51e+00 T(D con) 1.32e+00 T(U tot) 1.70e+00 nT (c+d) 6.84e+05 Prad/Gas 0.00e+00 Pmag/Gas 0.00e+00
 Carbon        0.00e+00 0.00e+00 0.00e+00 0.00e+00 0.00e+00 0.00e+00 0.00e+00 H2O+/O   0.00e+00 OH+/Otot 0.00e+00 Hex(tot) 0.00e+00
 Nitrogen      0.00e+00 0.00e+00 0.00e+00 0.00e+00 0.00e+00 0.00e+00 0.00e+00 0.00e+00 O2/Ototl 0.00e+00 O2+/Otot 0.00e+00
                                                                             
   Calculation stopped because volume too large for this cpu. Iteration 1 of 1
   The geometry is spherical.
 C-The continuum energy density temperature (26964.9 K) is greater than the gas kinetic temperature (7500 K).
 C-This is unphysical.
  !Ionization rate fell below background cosmic ray ionization rate.  Should this be added too?
  !   Use the COSMIC RAY BACKGROUND command.
  !Thermal collisional ionization of H reached 20.62% of the local ionization rate.
  !Destruction of He 2TriS reached 48.9% of the total He0 dest rate at zone 501, 47.2% of that was photoionization.
  !The largest continuum brightness temperature was 8.259e+03K at 1.082e-08 Ryd.
  !AGE: Cloud age was not set.  Longest timescale was 9.47e+15 s = 3.00e+08 years.
  !Heating - cooling mismatch =135.4%. Caused by constant temperature assumption. 
  !The excitation temp of Lya exceeded the electron temp, largest value was 2.40e+04K (gas temp there was 7.50e+03K, zone   1)
  !The local H2 photodissociation heating rate reached 18.6% of the total heating.
  !The CMB was not included.  This is added with the CMB command.
  !The ratio of radiation to gas pressure reached 2.12e+03 at zone 130.  Caused by Lyman alpha.
  !The radiation pressure jumped by 1079095863936432061022208000% at zone 128, from 0.00e+00 to 0.00e+00 to 2.54e-11
   Continuum fluorescent production of H-beta was significant.
   The density is too low to l-mix the lowest H  I collapsed level.  More resolved levels are needed for accurate line ratios.
   The density is too low to l-mix the lowest He I collapsed level.  More resolved levels are needed for accurate line ratios.
   The largest continuum occupation number was 5.213e+06 at 1.004e-08 Ryd.
   The continuum occupation number fell below 1 at 1.915e+00 microns.
   Induced recombination was  90.2% of the total for H level 68
   Stimulated emission was  99.8% of the total for H transition 69 - 68
   The local H2+ photodissociation heating rate reached 2.3% of the total heating.
   The local H2 cooling rate reached 2.3% of the local cooling.

                       *********************************> Cloudy 13.02 <**********************************
                       * blackbody, temp = 4e4K                                                          *
                       * Q(h) 49.0                                                                       *
                       * hden 1                                                                          *
                       * constant temperature, t=7500K                                                   *
                       * radius 11.84                                                                    *
                       * c staring radius is 10 * R_sun                                                  *
                       * sphere                                                                          *
                       * element scale factor helium 1.5                                                 *
                       * element Lithium off                                                             *
                       * element Beryllium off                                                           *
                       * element Boron  off                                                              *
                       * element Carbon off                                                              *
                       * element Nitrogen off                                                            *
                       * element Oxygen off                                                              *
                       * element Fluorine  off                                                           *
                       * element Neon off                                                                *
                       * element Sodium off                                                              *
                       * element Magnesium off                                                           *
                       * element Aluminium off                                                           *
                       * element Silicon off                                                             *
                       * element Phosphor off                                                            *
                       * element Sulphur off                                                             *
                       * element Chlorine off                                                            *
                       * element Argon off                                                               *
                       * element Potassium off                                                           *
                       * element Calcium off                                                             *
                       * element Scandium  off                                                           *
                       * element Titanium off                                                            *
                       * element Vanadium off                                                            *
                       * element Chromium off                                                            *
                       * element Manganese off                                                           *
                       * element Iron off                                                                *
                       * element Cobalt off                                                              *
                       * element Nickel off                                                              *
                       * element Copper off                                                              *
                       * element Zinc  off                                                               *
                       * save overview last "AGN2_Fig2.4_40000K_constT.ovr"                              *
                       *********************************> Log(U): 12.74 <*********************************
                       >>>>>>>>>> Cautions are present.

                     Emission Line Spectrum.   Constant  Density Model.  Closed geometry.  Iteration 1 of 1.
                                    Luminosity (erg/s) emitted by a shell with full coverage.


                                                   Intrinsic line intensities
 general properties..........      nFnu 925.1A  36.871   1.5283      Ca A  3704A  34.633   0.0088      Ca B 4.020m  33.797   0.0013            
 TOTL  4861A  36.686   1.0000      nInu 925.1A  38.708 105.0234      Ca A  3697A  34.555   0.0074      Ca B 3.906m  33.706   0.0010            
 TOTL  1216A  38.077  24.5821      RRC.........................      Ca A  3692A  34.481   0.0062      Ca B 19.06m  34.367   0.0048            
 Inci     0   38.858 148.4705      H  1 911.8A  37.877  15.5045      Ca A  3687A  34.412   0.0053      Ca B 11.31m  34.228   0.0035            
 TotH     0   37.859  14.8800      H  1  3646A  36.721   1.0819      Ca A  3683A  34.346   0.0046      Ca B 8.758m  34.088   0.0025            
 TotC     0   37.144   2.8685      H  1  3646A  37.088   2.5201      Ca A  3679A  34.283   0.0039      Ca B 7.506m  33.958   0.0019            
 BFH1     0   37.815  13.4395      H  1  8204A  35.974   0.1937      Ca A  3676A  34.223   0.0034      Ca B 6.770m  33.841   0.0014            
 BFHe     0   36.845   1.4400      H  1  8204A  36.391   0.5063      Ca A  3674A  34.166   0.0030      Ca B 6.290m  33.733   0.0011            
 H FB     0   36.903   1.6485      H  1  8204A  36.321   0.4309      Ca A  3671A  34.111   0.0027      Ca B 27.80m  34.051   0.0023            
 HFBc     0   36.903   1.6485      H  1 1.458m  35.472   0.0611      Ca A 1.875m  36.198   0.3249      Ca B 16.20m  33.935   0.0018            
 continua....................      H  1 1.458m  35.897   0.1624      Ca A 1.282m  35.859   0.1488      Ca B 12.38m  33.811   0.0013            
 Bac   3646A  37.945  18.1305      H  1 1.458m  35.935   0.1773      Ca A 1.094m  35.593   0.0806      Ca B 10.50m  33.695   0.0010            
 nFnu  3645A  38.028  21.9524      H  1 1.458m  35.628   0.0874      Ca A 1.005m  35.376   0.0489      Ca B 38.86m  33.768   0.0012            
 nFnu  3647A  37.269   3.8219      H  1 2.279m  35.104   0.0262      Ca A  9546A  35.192   0.0321      H  1     0   37.720  10.7984            
 cout  3646A  37.945  18.1305      H  1 2.279m  35.529   0.0695      Ca A  9229A  35.033   0.0222      H  1  1216A  38.077  24.5821            
 thin  3646A  37.945  18.1369      H  1 2.279m  35.600   0.0819      Ca A  9015A  34.893   0.0161      H  1  1026A  34.896   0.0162            
 Inci  4860A  37.483   6.2578      H  1 2.279m  35.440   0.0567      Ca A  8863A  34.766   0.0120      H  1 972.5A  34.829   0.0139            
 Inci  1215A  38.668  95.9274      H  1 2.279m  34.974   0.0194      Ca A  8750A  34.652   0.0092      H  1 949.7A  34.794   0.0128            
 Ba C     0   37.178   3.0998      H  1 3.281m  34.816   0.0135      Ca A  8665A  34.547   0.0073      H  1 937.8A  34.774   0.0122            
 PA C     0   36.772   1.2186      H  1 3.281m  35.239   0.0357      Ca A  8598A  34.450   0.0058      H  1 930.8A  34.755   0.0117            
 FIR  83.00m  35.560   0.0748      H  1 3.281m  35.323   0.0433      Ca A  8545A  34.360   0.0047      H  1 926.2A  34.740   0.0113            
 TIR   1800m  34.588   0.0080      H  1 3.281m  35.218   0.0340      Ca A  8502A  34.277   0.0039      H  1 923.2A  34.731   0.0111            
 NIRa 2.850m  37.408   5.2691      H  1 3.281m  34.926   0.0174      Ca A  8467A  34.198   0.0032      H  1 921.0A  34.718   0.0108            
 NIRb 3.000m  37.176   3.0868      H  1 3.281m  34.350   0.0046      Ca A  8438A  34.124   0.0027      H  1  6563A  37.163   2.9933            
 MIRa 15.00m  36.337   0.4477      H  1 4.466m  34.581   0.0079      Ca A  8413A  34.053   0.0023      H  1  4861A  36.686   1.0000            
 MIRb 22.50m  36.380   0.4943      H  1 4.466m  35.003   0.0207      Ca A  8392A  33.987   0.0020      H  1  4340A  36.352   0.4625            
 NMIR 21.75m  37.408   5.2691      H  1 4.466m  35.092   0.0254      Ca A  8374A  33.924   0.0017      H  1  4102A  36.092   0.2545            
 TFIR 611.2m  35.128   0.0277      H  1 4.466m  35.013   0.0212      Ca A  8359A  33.864   0.0015      H  1  3970A  35.880   0.1562            
 TALL 10000A  43.916*********      H  1 4.466m  34.792   0.0128      Ca A  8346A  33.806   0.0013      H  1  3889A  35.702   0.1036            
 F12  12.00m  35.834   0.1404      H  1 4.466m  34.409   0.0053      Ca A  8334A  33.751   0.0012      H  1  3835A  35.548   0.0727            
 F25  25.00m  35.476   0.0616      H  1 4.466m  33.756   0.0012      Ca A 4.051m  35.608   0.0835      H  1  3798A  35.413   0.0533            
 F60  60.00m  35.265   0.0379      H  1 5.834m  34.383   0.0050      Ca A 2.625m  35.346   0.0457      H  1 1.875m  36.263   0.3769            
 F100 100.0m  34.775   0.0123      H  1 5.834m  34.803   0.0131      Ca A 2.166m  35.124   0.0274      H  1 1.282m  35.912   0.1681            
 MIPS 24.00m  35.115   0.0269      H  1 5.834m  34.894   0.0161      Ca A 1.945m  34.937   0.0178      H  1 1.094m  35.648   0.0916            
 MIPS 70.00m  34.781   0.0124      H  1 5.834m  34.828   0.0139      Ca A 1.817m  34.775   0.0123      H  1 1.005m  35.433   0.0558            
 MIPS 160.0m  34.369   0.0048      H  1 5.834m  34.644   0.0091      Ca A 1.736m  34.631   0.0088      H  1  9546A  35.252   0.0368            
 IRAC 3.600m  35.851   0.1460      H  1 5.834m  34.345   0.0046      Ca A 1.681m  34.503   0.0066      H  1  9229A  35.095   0.0256            
 IRAC 4.500m  36.049   0.2306      H  1 5.834m  33.898   0.0016      Ca A 1.641m  34.387   0.0050      H  1  9015A  34.956   0.0186            
 IRAC 5.800m  35.693   0.1014      H  1 7.383m  34.211   0.0034      Ca A 1.611m  34.281   0.0039      H  1 4.051m  35.666   0.0955            
 IRAC 8.000m  35.860   0.1493      H  1 7.383m  34.630   0.0088      Ca A 1.588m  34.183   0.0031      H  1 2.625m  35.373   0.0487            
 SPR1 250.0m  34.353   0.0046      H  1 7.383m  34.722   0.0109      Ca A 1.570m  34.093   0.0025      H  1 2.166m  35.149   0.0290            
 SPR2 350.0m  34.243   0.0036      H  1 7.383m  34.664   0.0095      Ca A 1.556m  34.008   0.0021      H  1 1.945m  34.963   0.0189            
 SPR3 500.0m  34.186   0.0032      H  1 7.383m  34.501   0.0065      Ca A 1.544m  33.929   0.0017      H  1 1.817m  34.802   0.0131            
 PAC1 70.00m  34.836   0.0141      H  1 7.383m  34.247   0.0036      Ca A 1.534m  33.854   0.0015      H  1 1.736m  34.661   0.0094            
 PAC2 100.0m  34.776   0.0123      H  1 7.383m  33.894   0.0016      Ca A 1.526m  33.783   0.0013      H  1 7.458m  35.199   0.0326            
 PAC3 160.0m  34.657   0.0093      H  1 9.115m  34.061   0.0024      Ca A 1.519m  33.716   0.0011      H  1 4.653m  34.943   0.0181            
 PAH  3.300m  35.102   0.0260      H  1 9.115m  34.478   0.0062      Ca A 7.458m  35.125   0.0275      H  1 3.740m  34.745   0.0114            
 PAHC 3.230m  34.691   0.0101      H  1 9.115m  34.571   0.0077      Ca A 4.653m  34.917   0.0170      H  1 3.296m  34.580   0.0078            
 PAHC 3.370m  34.594   0.0081      H  1 9.115m  34.518   0.0068      Ca A 3.740m  34.729   0.0110      H  1 3.038m  34.435   0.0056            
 PAH  6.200m  35.207   0.0332      H  1 9.115m  34.367   0.0048      Ca A 3.296m  34.564   0.0075      H  1 12.37m  34.811   0.0133            
 PAHC 5.650m  35.209   0.0333      H  1 9.115m  34.140   0.0028      Ca A 3.038m  34.419   0.0054      H  1 7.500m  34.583   0.0079            
 PAH  7.900m  35.581   0.0785      H  1 9.115m  33.841   0.0014      Ca A 2.872m  34.290   0.0040      H  1 5.907m  34.402   0.0052            
 PAHC 6.900m  35.358   0.0470      H  1 11.03m  35.080   0.0248      Ca A 2.758m  34.172   0.0031      H  1 5.127m  34.252   0.0037            
 PAH  11.30m  34.732   0.0111      H  1 13.13m  34.968   0.0191      Ca A 2.674m  34.065   0.0024      H  1 19.06m  34.478   0.0062            
 PAHC 10.90m  34.597   0.0081      H  1 15.40m  34.865   0.0151      Ca A 2.612m  33.967   0.0019      H  1 11.31m  34.275   0.0039            
 PAH  11.80m  34.718   0.0108      H  1 17.87m  34.769   0.0121      Ca A 2.564m  33.875   0.0015      H  1 8.758m  34.104   0.0026            
 PAHC 12.65m  35.101   0.0260      H  1 20.51m  34.680   0.0098      Ca A 2.525m  33.790   0.0013      H  1 27.80m  34.186   0.0032            
 PAH  13.30m  34.712   0.0106      H  1 23.33m  34.596   0.0081      Ca A 2.495m  33.710   0.0011      H  1 16.20m  34.008   0.0021            
 PAHC 14.10m  34.685   0.0100      H  1 26.34m  34.518   0.0068      Ca A 12.37m  34.714   0.0107      H  1 38.86m  33.922   0.0017            
 Bcon  3640A  38.769 121.0002      H  1 29.53m  34.443   0.0057      Ca A 7.500m  34.546   0.0072      Ca A 303.8A  34.578   0.0078            
 Pcon  5000A  37.792  12.7512      H  1 32.91m  34.373   0.0049      Ca A 5.907m  34.384   0.0050      Ca A 256.3A  33.825   0.0014            
 HFFc     0   36.696   1.0217      H  1 36.46m  34.307   0.0042      Ca A 5.127m  34.238   0.0036      Ca B  1640A  33.728   0.0011            
 H FF     0   36.658   0.9363      H  1 40.20m  34.244   0.0036      Ca A 4.671m  34.108   0.0026      He 2     0   34.222   0.0034            
 HeFF     0   35.616   0.0849      H  1 44.12m  34.183   0.0031      Ca A 4.375m  33.990   0.0020      He 2 303.8A  34.958   0.0187            
 ToFF     0   36.696   1.0213      H  1 48.22m  34.126   0.0027      Ca A 4.170m  33.882   0.0016      He 2  1640A  33.779   0.0012            
 nFnu 122.4m  35.083   0.0249      H  1 52.50m  34.070   0.0024      Ca A 4.020m  33.783   0.0012      He-like iso-sequence........            
 nFnu 60.83m  35.325   0.0435      H  1 56.97m  35.247   0.0363      Ca A 3.906m  33.691   0.0010      Clin 506.0A  34.097   0.0026            
 nFnu 41.22m  35.472   0.0611      He 2 227.9A  34.279   0.0039      Ca A 19.06m  34.357   0.0047      Ca B  2945A  34.947   0.0182            
 nFnu 30.87m  35.576   0.0775      He 1 504.3A  37.143   2.8600      Ca A 11.31m  34.219   0.0034      Ca B  3188A  35.265   0.0379            
 nFnu 24.78m  35.655   0.0930      He 1  2600A  35.618   0.0854      Ca A 8.758m  34.078   0.0025      Ca B  3614A  34.367   0.0048            
 nFnu 24.30m  35.662   0.0945      He 1  3121A  35.105   0.0262      Ca A 7.506m  33.948   0.0018      Ca B  3889A  35.665   0.0953            
 nFnu 22.83m  35.685   0.0997      He 1  3421A  35.148   0.0289      Ca A 6.770m  33.830   0.0014      Ca B  3965A  34.676   0.0098            
 nFnu 21.42m  35.707   0.1049      He 1  3421A  35.625   0.0868      Ca A 6.290m  33.721   0.0011      Ca B  4026A  35.013   0.0212            
 nFnu 21.12m  35.712   0.1061      He 1  3421A  35.847   0.1447      Ca A 27.80m  34.040   0.0023      Ca B  4121A  33.880   0.0016            
 nFnu 19.62m  35.739   0.1129      He 1  3679A  35.428   0.0552      Ca A 16.20m  33.926   0.0017      Ca B  4388A  34.438   0.0057            
 nFnu 17.65m  35.781   0.1242      He 1  6632A  34.678   0.0098      Ca A 12.38m  33.802   0.0013      Ca B  4471A  35.341   0.0452            
 nFnu 17.37m  35.786   0.1257      He 1  7435A  34.268   0.0038      Ca A 38.86m  33.756   0.0012      Ca B  4713A  34.298   0.0041            
 nFnu 15.69m  35.819   0.1356      He 1  7843A  35.349   0.0459      Ca B  6563A  37.143   2.8621      Ca B  4922A  34.775   0.0123            
 nFnu 14.60m  35.848   0.1450      He 1  8188A  35.164   0.0301      Ca B  4861A  36.676   0.9771      Ca B  5016A  35.079   0.0247            
 nFnu 12.43m  35.909   0.1670      He 1  8191A  34.675   0.0097      Ca B  4340A  36.343   0.4539      Ca B  5048A  33.892   0.0016            
 nFnu 11.40m  35.936   0.1778      He 1  8261A  34.745   0.0114      Ca B  4102A  36.085   0.2502      Ca B  5876A  35.797   0.1289            
 nFnu 10.46m  35.974   0.1938      He 1 1.248m  34.106   0.0026      Ca B  3970A  35.873   0.1535      Ca B  6678A  35.252   0.0368            
 nFnu 9.480m  36.005   0.2082      He 1 1.356m  33.733   0.0011      Ca B  3889A  35.692   0.1014      Ca B  7065A  34.964   0.0189            
 nInu 9.480m  33.758   0.0012      He 1 1.409m  34.833   0.0140      Ca B  3835A  35.535   0.0706      Ca B  7281A  34.456   0.0059            
 nFnu 9.325m  36.009   0.2104      He 1 1.456m  34.783   0.0125      Ca B  3798A  35.396   0.0513      Ca B  9464A  33.689   0.0010            
 nInu 9.325m  33.778   0.0012      He 1 1.456m  34.291   0.0040      Ca B  3771A  35.271   0.0384      Ca B 1.083m  35.986   0.1996            
 nFnu 8.210m  36.063   0.2381      He 1 1.458m  34.463   0.0060      Ca B  3750A  35.157   0.0296      Ca B 1.197m  34.017   0.0021            
 nInu 8.210m  33.946   0.0018      He 1 1.458m  33.986   0.0020      Ca B  3734A  35.053   0.0233      Ca B 1.253m  33.771   0.0012            
 nFnu 7.580m  36.087   0.2516      He 1 1.466m  34.261   0.0038      Ca B  3722A  34.957   0.0186      Ca B 1.278m  34.553   0.0073            
 nInu 7.580m  34.049   0.0023      He 1 2.014m  33.700   0.0010      Ca B  3712A  34.867   0.0152      Ca B 1.279m  34.075   0.0024            
 nFnu 7.050m  36.127   0.2760      He 1 2.217m  34.455   0.0059      Ca B  3704A  34.783   0.0125      Ca B 1.700m  34.191   0.0032            
 nInu 7.050m  34.140   0.0028      He 1 2.275m  34.450   0.0058      Ca B  3697A  34.705   0.0104      Ca B 1.869m  34.934   0.0177            
 nFnu 4.114m  36.342   0.4524      He 1 2.276m  33.959   0.0019      Ca B  3692A  34.631   0.0088      Ca B 1.870m  34.457   0.0059            
 nInu 4.114m  34.835   0.0141      He 1 2.278m  34.275   0.0039      Ca B  3687A  34.562   0.0075      Ca B 1.909m  33.740   0.0011            
 nFnu 2.324m  36.515   0.6744      He 1 2.278m  33.797   0.0013      Ca B  3683A  34.496   0.0064      Ca B 2.058m  35.154   0.0293            
 nInu 2.324m  35.563   0.0752      He 1 2.278m  33.808   0.0013      Ca B  3679A  34.433   0.0056      He 1     0   36.816   1.3474            
 nFnu 1.643m  36.664   0.9498      He 1 2.289m  33.898   0.0016      Ca B  3676A  34.374   0.0049      He 1 584.3A  35.714   0.1066            
 nInu 1.643m  35.998   0.2049      He 1 3.206m  34.159   0.0030      Ca B  3674A  34.318   0.0043      He 1 537.0A  34.478   0.0062            
 nFnu 1.480m  36.666   0.9548      He 1 3.277m  34.175   0.0031      Ca B  3671A  34.264   0.0038      He 1 522.2A  34.357   0.0047            
 nInu 1.480m  36.129   0.2773      He 1 3.280m  34.053   0.0023      Ca B 1.875m  36.240   0.3579      He 1 515.6A  34.294   0.0041            
 nFnu 1.436m  36.891   1.6037      He 1 3.280m  33.760   0.0012      Ca B 1.282m  35.911   0.1677      He 1 512.1A  34.260   0.0037            
 nInu 1.436m  36.167   0.3022      He 1 4.465m  34.619   0.0086      Ca B 1.094m  35.649   0.0918      He 1 625.6A  37.358   4.6992            
 nFnu 1.119m  36.877   1.5527      He 1 5.831m  34.447   0.0058      Ca B 1.005m  35.434   0.0559      TOTL 1.083m  35.987   0.1996            
 nInu 1.119m  36.476   0.6163      He 1 7.380m  34.296   0.0041      Ca B  9546A  35.252   0.0368      He 1 1.083m  35.987   0.1996            
 nFnu  8330A  36.848   1.4493      He 1 9.111m  34.160   0.0030      Ca B  9229A  35.093   0.0255      He 1 1.083m  35.032   0.0222            
 nInu  8330A  36.835   1.4084      He 1 11.02m  34.038   0.0022      Ca B  9015A  34.953   0.0185      He 1 1.083m  35.509   0.0665            
 nFnu  8079A  37.294   4.0499      He 1 13.12m  33.925   0.0017      Ca B  8863A  34.827   0.0138      He 1 1.083m  35.731   0.1109            
 nInu  8079A  36.871   1.5302      He 1 15.40m  33.822   0.0014      Ca B  8750A  34.713   0.0106      He 1  3889A  35.654   0.0929            
 nFnu  6210A  37.206   3.3099      He 1 17.86m  33.726   0.0011      Ca B  8665A  34.608   0.0083      He 1  3188A  35.254   0.0370            
 nInu  6210A  37.185   3.1492      He 1 61.59m  34.162   0.0030      Ca B  8598A  34.511   0.0067      He 1  2945A  34.936   0.0178            
 nFnu  4885A  37.152   2.9244      grains......................      Ca B  8545A  34.421   0.0054      He 1  2829A  34.681   0.0099            
 nInu  4885A  37.459   5.9299      H-like iso-sequence.........      Ca B  8502A  34.337   0.0045      He 1 2.058m  35.085   0.0250            
 nFnu  3704A  37.224   3.4446      Clin 912.0A  34.930   0.0175      Ca B  8467A  34.259   0.0037      He 1  5016A  35.084   0.0250            
 nInu  3704A  37.760  11.8470      Cool  1216A  34.715   0.0107      Ca B  8438A  34.185   0.0031      He 1  3965A  34.678   0.0098            
 nFnu  3588A  38.009  21.0030      Crst 960.0A  34.522   0.0068      Ca B  8413A  34.115   0.0027      He 1  3614A  34.371   0.0048            
 nInu  3588A  37.797  12.8972      Ca B  1216A  38.207  33.1336      Ca B  8392A  34.048   0.0023      He 1  3448A  34.128   0.0028            
 nFnu  2430A  37.686   9.9959      Q(H)  4861A  36.685   0.9958      Ca B  8374A  33.986   0.0020      He 1  7065A  34.970   0.0192            
 nInu  2430A  38.180  31.1642      Q(H)  1216A  38.213  33.6424      Ca B  8359A  33.926   0.0017      He 1  5876A  35.818   0.1353            
 nFnu  2392A  37.684   9.9523      CaBo  4861A  36.684   0.9937      Ca B  8346A  33.869   0.0015      He 1  4713A  34.272   0.0038            
 nInu  2392A  38.194  32.1490      CaBo  1640A  33.722   0.0011      Ca B  8334A  33.814   0.0013      He 1  4471A  35.345   0.0456            
 nFnu  2071A  37.716  10.7138      Ca A  1216A  38.025  21.8015      Ca B 4.051m  35.627   0.0873      He 1  4121A  33.842   0.0014            
 nInu  2071A  38.318  42.8435      Ca A  1026A  37.362   4.7359      Ca B 2.625m  35.371   0.0483      He 1  4026A  35.012   0.0212            
 nFnu  2053A  37.721  10.8304      Ca A 972.5A  36.947   1.8206      Ca B 2.166m  35.152   0.0292      He 1  3820A  34.752   0.0116            
 nInu  2053A  38.326  43.6580      Ca A 949.7A  36.642   0.9023      Ca B 1.945m  34.966   0.0190      He 1  7281A  34.467   0.0060            
 nFnu  1793A  37.795  12.8357      Ca A 937.8A  36.400   0.5167      Ca B 1.817m  34.805   0.0131      He 1  6678A  35.275   0.0388            
 nInu  1793A  38.431  55.5193      Ca A 930.8A  36.198   0.3247      Ca B 1.736m  34.663   0.0095      He 1  5048A  33.903   0.0016            
 nFnu  1585A  37.854  14.7130      Ca A 926.2A  36.025   0.2179      Ca B 1.681m  34.535   0.0071      He 1  4922A  34.783   0.0125            
 nInu  1585A  38.513  67.0881      Ca A 923.2A  35.873   0.1535      Ca B 1.641m  34.420   0.0054      He 1  4388A  34.444   0.0057            
 nFnu  1458A  37.868  15.1879      Ca A 921.0A  35.737   0.1124      Ca B 1.611m  34.314   0.0042      He 1  4144A  34.182   0.0031            
 nInu  1458A  38.564  75.4930      Ca A 919.4A  35.615   0.0848      Ca B 1.588m  34.216   0.0034      He 1 4.295m  33.731   0.0011            
 nFnu  1357A  37.832  13.9910      Ca A 918.1A  35.503   0.0656      Ca B 1.570m  34.126   0.0027      He 1 1.253m  33.786   0.0013            
 nInu  1357A  38.602  82.2715      Ca A 917.2A  35.401   0.0518      Ca B 1.556m  34.041   0.0023      He 1  9464A  33.692   0.0010            
 nFnu  1297A  37.738  11.2598      Ca A 916.4A  35.306   0.0416      Ca B 1.544m  33.962   0.0019      He 1 1.700m  34.195   0.0032            
 nInu  1297A  38.623  86.4425      Ca A 915.8A  35.217   0.0340      Ca B 1.534m  33.887   0.0016      He 1 1.197m  34.016   0.0021            
 nFnu  1263A  37.563   7.5237      Ca A 915.3A  35.135   0.0281      Ca B 1.526m  33.817   0.0014      He 1 1.031m  33.812   0.0013            
 nInu  1263A  38.636  89.0999      Ca A 914.9A  35.058   0.0235      Ca B 1.519m  33.750   0.0012      He 1 1.869m  34.974   0.0194            
 nFnu  1218A  36.659   0.9392      Ca A 914.6A  34.986   0.0199      Ca B 1.513m  33.687   0.0010      He 1 1.278m  34.570   0.0077            
 nInu  1218A  38.650  92.0412      Ca A 914.3A  34.918   0.0170      Ca B 7.458m  35.138   0.0283      He 1 1.091m  34.272   0.0039            
 nFnu  1196A  36.672   0.9673      Ca A 914.0A  34.854   0.0147      Ca B 4.653m  34.932   0.0176      He 1 1.870m  34.497   0.0065            
 nInu  1196A  38.656  93.2408      Ca A 913.8A  34.794   0.0128      Ca B 3.740m  34.745   0.0115      He 1 1.279m  34.093   0.0025            
 nFnu  1175A  36.689   1.0058      Ca A 913.6A  34.738   0.0113      Ca B 3.296m  34.582   0.0079      He 1 1.092m  33.795   0.0013            
 nInu  1175A  38.663  94.7760      Ca A 913.5A  34.685   0.0100      Ca B 3.038m  34.438   0.0056      He 1 1.909m  33.749   0.0012            
 nFnu  1144A  36.714   1.0656      Ca A 913.3A  34.636   0.0089      Ca B 2.872m  34.309   0.0042      He 1 4.037m  33.823   0.0014            
 nInu  1144A  38.673  96.9274      Ca A  6563A  36.972   1.9320      Ca B 2.758m  34.193   0.0032      He 1 4.048m  34.341   0.0045            
 nFnu  1113A  36.735   1.1174      Ca A  4861A  36.509   0.6640      Ca B 2.674m  34.086   0.0025      He 1 2.623m  33.975   0.0019            
 nInu  1113A  38.680  98.5656      Ca A  4340A  36.179   0.3108      Ca B 2.612m  33.988   0.0020      He 1 4.048m  33.863   0.0015            
 nFnu  1103A  36.743   1.1385      Ca A  4102A  35.923   0.1724      Ca B 2.564m  33.896   0.0016      He 1 7.454m  33.807   0.0013            
 nInu  1103A  38.683  99.1784      Ca A  3970A  35.713   0.1063      Ca B 2.525m  33.811   0.0013      Pho+  3889A  36.262   0.3767            
 nFnu  1074A  36.763   1.1923      Ca A  3889A  35.535   0.0705      Ca B 2.495m  33.732   0.0011      database lines..............            
 nInu  1074A  38.689 100.5963      Ca A  3835A  35.379   0.0493      Ca B 12.37m  34.725   0.0109      level 1 lines...............            
 nFnu  1064A  36.771   1.2141      Ca A  3798A  35.241   0.0359      Ca B 7.500m  34.557   0.0074      recombination...............            
 nInu  1064A  38.691 101.1156      Ca A  3771A  35.117   0.0270      Ca B 5.907m  34.396   0.0051      level2 lines................            
 nFnu  1036A  36.790   1.2695      Ca A  3750A  35.004   0.0208      Ca B 5.127m  34.252   0.0037      hyperfine structure.........            
 nInu  1036A  38.696 102.2862      Ca A  3734A  34.901   0.0164      Ca B 4.671m  34.122   0.0027      inner shell.................            
 nFnu  1000A  36.816   1.3483      Ca A  3722A  34.805   0.0131      Ca B 4.375m  34.004   0.0021      molecules...................            
 nInu  1000A  38.702 103.6002      Ca A  3712A  34.716   0.0107      Ca B 4.170m  33.897   0.0016            

                                                    Emergent line intensities
 Caution: emergent intensities are not reliable on the first iteration.
 general properties..........      nFnu  1196A  36.672   0.9673      Ca A 7.500m  34.546   0.0072      H  1  3835A  35.548   0.0727            
 TOTL  4861A  36.686   1.0000      nInu  1196A  38.656  93.2408      Ca A 5.907m  34.384   0.0050      H  1  3798A  35.413   0.0533            
 TOTL  1216A  38.077  24.5814      nFnu  1175A  36.689   1.0058      Ca A 5.127m  34.238   0.0036      H  1 1.875m  36.263   0.3769            
 continua....................      nInu  1175A  38.663  94.7760      Ca A 4.671m  34.108   0.0026      H  1 1.282m  35.912   0.1681            
 Bac   3646A  37.945  18.1305      nFnu  1144A  36.714   1.0656      Ca A 4.375m  33.990   0.0020      H  1 1.094m  35.648   0.0916            
 nFnu  3645A  38.028  21.9524      nInu  1144A  38.673  96.9274      Ca A 4.170m  33.882   0.0016      H  1 1.005m  35.433   0.0558            
 nFnu  3647A  37.269   3.8219      nFnu  1113A  36.735   1.1174      Ca A 4.020m  33.783   0.0012      H  1  9546A  35.252   0.0368            
 cout  3646A  37.945  18.1305      nInu  1113A  38.680  98.5656      Ca A 3.906m  33.691   0.0010      H  1  9229A  35.095   0.0256            
 thin  3646A  37.945  18.1369      nFnu  1103A  36.743   1.1385      Ca A 19.06m  34.357   0.0047      H  1  9015A  34.956   0.0186            
 Inci  4860A  37.483   6.2578      nInu  1103A  38.683  99.1784      Ca A 11.31m  34.219   0.0034      H  1 4.051m  35.666   0.0955            
 Inci  1215A  38.668  95.9274      nFnu  1074A  36.763   1.1923      Ca A 8.758m  34.078   0.0025      H  1 2.625m  35.373   0.0487            
 FIR  83.00m  35.560   0.0748      nInu  1074A  38.689 100.5963      Ca A 7.506m  33.948   0.0018      H  1 2.166m  35.149   0.0290            
 TIR   1800m  34.588   0.0080      nFnu  1064A  36.771   1.2141      Ca A 6.770m  33.830   0.0014      H  1 1.945m  34.963   0.0189            
 NIRa 2.850m  37.408   5.2691      nInu  1064A  38.691 101.1156      Ca A 6.290m  33.721   0.0011      H  1 1.817m  34.802   0.0131            
 NIRb 3.000m  37.176   3.0868      nFnu  1036A  36.790   1.2695      Ca A 27.80m  34.040   0.0023      H  1 1.736m  34.661   0.0094            
 MIRa 15.00m  36.337   0.4477      nInu  1036A  38.696 102.2862      Ca A 16.20m  33.926   0.0017      H  1 7.458m  35.199   0.0326            
 MIRb 22.50m  36.380   0.4943      nFnu  1000A  36.816   1.3483      Ca A 12.38m  33.802   0.0013      H  1 4.653m  34.943   0.0181            
 NMIR 21.75m  37.408   5.2691      nInu  1000A  38.702 103.6002      Ca A 38.86m  33.756   0.0012      H  1 3.740m  34.745   0.0114            
 TFIR 611.2m  35.128   0.0277      nFnu 925.1A  36.871   1.5283      Ca B  6563A  37.143   2.8621      H  1 3.296m  34.580   0.0078            
 TALL 10000A  43.916*********      nInu 925.1A  38.708 105.0234      Ca B  4861A  36.676   0.9771      H  1 3.038m  34.435   0.0056            
 F12  12.00m  35.834   0.1404      RRC.........................      Ca B  4340A  36.343   0.4538      H  1 12.37m  34.811   0.0133            
 F25  25.00m  35.476   0.0616      grains......................      Ca B  4102A  36.085   0.2502      H  1 7.500m  34.583   0.0079            
 F60  60.00m  35.265   0.0379      H-like iso-sequence.........      Ca B  3970A  35.873   0.1535      H  1 5.907m  34.402   0.0052            
 F100 100.0m  34.775   0.0123      Clin 912.0A  34.930   0.0175      Ca B  3889A  35.692   0.1014      H  1 5.127m  34.252   0.0037            
 MIPS 24.00m  35.115   0.0269      Cool  1216A  34.715   0.0107      Ca B  3835A  35.535   0.0706      H  1 19.06m  34.478   0.0062            
 MIPS 70.00m  34.781   0.0124      Crst 960.0A  34.522   0.0068      Ca B  3798A  35.396   0.0513      H  1 11.31m  34.275   0.0039            
 MIPS 160.0m  34.369   0.0048      Ca B  1216A  38.207  33.1336      Ca B  3771A  35.271   0.0384      H  1 8.758m  34.104   0.0026            
 IRAC 3.600m  35.851   0.1460      Q(H)  4861A  36.685   0.9958      Ca B  3750A  35.157   0.0296      H  1 27.80m  34.186   0.0032            
 IRAC 4.500m  36.049   0.2306      Q(H)  1216A  38.213  33.6424      Ca B  3734A  35.053   0.0233      H  1 16.20m  34.008   0.0021            
 IRAC 5.800m  35.693   0.1014      CaBo  4861A  36.470   0.6082      Ca B  3722A  34.957   0.0186      H  1 38.86m  33.922   0.0017            
 IRAC 8.000m  35.860   0.1493      Ca A  1216A  38.025  21.8012      Ca B  3712A  34.867   0.0152      Ca A 303.8A  34.578   0.0078            
 SPR1 250.0m  34.353   0.0046      Ca A  1026A  37.362   4.7359      Ca B  3704A  34.783   0.0125      Ca A 256.3A  33.825   0.0014            
 SPR2 350.0m  34.243   0.0036      Ca A 972.5A  36.947   1.8206      Ca B  3697A  34.705   0.0104      Ca B  1640A  33.728   0.0011            
 SPR3 500.0m  34.186   0.0032      Ca A 949.7A  36.642   0.9022      Ca B  3692A  34.631   0.0088      He 2 303.8A  34.958   0.0187            
 PAC1 70.00m  34.836   0.0141      Ca A 937.8A  36.400   0.5167      Ca B  3687A  34.562   0.0075      He 2  1640A  33.779   0.0012            
 PAC2 100.0m  34.776   0.0123      Ca A 930.8A  36.198   0.3247      Ca B  3683A  34.496   0.0064      He-like iso-sequence........            
 PAC3 160.0m  34.657   0.0093      Ca A 926.2A  36.025   0.2179      Ca B  3679A  34.433   0.0056      Clin 506.0A  34.097   0.0026            
 PAH  3.300m  35.102   0.0260      Ca A 923.2A  35.873   0.1535      Ca B  3676A  34.374   0.0049      Ca B  2945A  34.947   0.0182            
 PAHC 3.230m  34.691   0.0101      Ca A 921.0A  35.737   0.1124      Ca B  3674A  34.318   0.0043      Ca B  3188A  35.265   0.0379            
 PAHC 3.370m  34.594   0.0081      Ca A 919.4A  35.615   0.0848      Ca B  3671A  34.264   0.0038      Ca B  3614A  34.367   0.0048            
 PAH  6.200m  35.207   0.0332      Ca A 918.1A  35.503   0.0656      Ca B 1.875m  36.240   0.3579      Ca B  3889A  35.665   0.0953            
 PAHC 5.650m  35.209   0.0333      Ca A 917.2A  35.401   0.0518      Ca B 1.282m  35.911   0.1677      Ca B  3965A  34.676   0.0098            
 PAH  7.900m  35.581   0.0785      Ca A 916.4A  35.306   0.0416      Ca B 1.094m  35.649   0.0918      Ca B  4026A  35.013   0.0212            
 PAHC 6.900m  35.358   0.0470      Ca A 915.8A  35.217   0.0340      Ca B 1.005m  35.434   0.0559      Ca B  4121A  33.880   0.0016            
 PAH  11.30m  34.732   0.0111      Ca A 915.3A  35.135   0.0281      Ca B  9546A  35.252   0.0368      Ca B  4388A  34.438   0.0057            
 PAHC 10.90m  34.597   0.0081      Ca A 914.9A  35.058   0.0235      Ca B  9229A  35.093   0.0255      Ca B  4471A  35.341   0.0452            
 PAH  11.80m  34.718   0.0108      Ca A 914.6A  34.986   0.0199      Ca B  9015A  34.953   0.0185      Ca B  4713A  34.298   0.0041            
 PAHC 12.65m  35.101   0.0260      Ca A 914.3A  34.918   0.0170      Ca B  8863A  34.827   0.0138      Ca B  4922A  34.775   0.0123            
 PAH  13.30m  34.712   0.0106      Ca A 914.0A  34.854   0.0147      Ca B  8750A  34.713   0.0106      Ca B  5016A  35.079   0.0247            
 PAHC 14.10m  34.685   0.0100      Ca A 913.8A  34.794   0.0128      Ca B  8665A  34.608   0.0083      Ca B  5048A  33.892   0.0016            
 Bcon  3640A  38.769 120.9949      Ca A 913.6A  34.738   0.0113      Ca B  8598A  34.511   0.0067      Ca B  5876A  35.797   0.1289            
 Pcon  5000A  37.792  12.7504      Ca A 913.5A  34.685   0.0100      Ca B  8545A  34.421   0.0054      Ca B  6678A  35.252   0.0368            
 nFnu 122.4m  35.083   0.0249      Ca A 913.3A  34.636   0.0089      Ca B  8502A  34.337   0.0045      Ca B  7065A  34.964   0.0189            
 nFnu 60.83m  35.325   0.0435      Ca A  6563A  36.972   1.9320      Ca B  8467A  34.259   0.0037      Ca B  7281A  34.456   0.0059            
 nFnu 41.22m  35.472   0.0611      Ca A  4861A  36.509   0.6640      Ca B  8438A  34.185   0.0031      Ca B  9464A  33.689   0.0010            
 nFnu 30.87m  35.576   0.0775      Ca A  4340A  36.179   0.3108      Ca B  8413A  34.115   0.0027      Ca B 1.083m  35.986   0.1996            
 nFnu 24.78m  35.655   0.0930      Ca A  4102A  35.923   0.1724      Ca B  8392A  34.048   0.0023      Ca B 1.197m  34.017   0.0021            
 nFnu 24.30m  35.662   0.0945      Ca A  3970A  35.713   0.1063      Ca B  8374A  33.986   0.0020      Ca B 1.253m  33.771   0.0012            
 nFnu 22.83m  35.685   0.0997      Ca A  3889A  35.535   0.0705      Ca B  8359A  33.926   0.0017      Ca B 1.278m  34.553   0.0073            
 nFnu 21.42m  35.707   0.1049      Ca A  3835A  35.379   0.0493      Ca B  8346A  33.869   0.0015      Ca B 1.279m  34.075   0.0024            
 nFnu 21.12m  35.712   0.1061      Ca A  3798A  35.241   0.0359      Ca B  8334A  33.814   0.0013      Ca B 1.700m  34.191   0.0032            
 nFnu 19.62m  35.739   0.1129      Ca A  3771A  35.117   0.0270      Ca B 4.051m  35.627   0.0873      Ca B 1.869m  34.934   0.0177            
 nFnu 17.65m  35.781   0.1242      Ca A  3750A  35.004   0.0208      Ca B 2.625m  35.371   0.0483      Ca B 1.870m  34.457   0.0059            
 nFnu 17.37m  35.786   0.1257      Ca A  3734A  34.901   0.0164      Ca B 2.166m  35.152   0.0292      Ca B 1.909m  33.740   0.0011            
 nFnu 15.69m  35.819   0.1356      Ca A  3722A  34.805   0.0131      Ca B 1.945m  34.966   0.0190      Ca B 2.058m  35.154   0.0293            
 nFnu 14.60m  35.848   0.1450      Ca A  3712A  34.716   0.0107      Ca B 1.817m  34.805   0.0131      He 1 584.3A  35.714   0.1066            
 nFnu 12.43m  35.909   0.1670      Ca A  3704A  34.633   0.0088      Ca B 1.736m  34.663   0.0095      He 1 537.0A  34.478   0.0062            
 nFnu 11.40m  35.936   0.1778      Ca A  3697A  34.555   0.0074      Ca B 1.681m  34.535   0.0071      He 1 522.2A  34.357   0.0047            
 nFnu 10.46m  35.974   0.1938      Ca A  3692A  34.481   0.0062      Ca B 1.641m  34.420   0.0054      He 1 515.6A  34.294   0.0041            
 nFnu 9.480m  36.005   0.2082      Ca A  3687A  34.412   0.0053      Ca B 1.611m  34.314   0.0042      He 1 512.1A  34.260   0.0037            
 nInu 9.480m  33.758   0.0012      Ca A  3683A  34.346   0.0046      Ca B 1.588m  34.216   0.0034      He 1 625.6A  37.358   4.6992            
 nFnu 9.325m  36.009   0.2104      Ca A  3679A  34.283   0.0039      Ca B 1.570m  34.126   0.0027      TOTL 1.083m  35.987   0.1996            
 nInu 9.325m  33.778   0.0012      Ca A  3676A  34.223   0.0034      Ca B 1.556m  34.041   0.0023      He 1 1.083m  35.987   0.1996            
 nFnu 8.210m  36.063   0.2381      Ca A  3674A  34.166   0.0030      Ca B 1.544m  33.962   0.0019      He 1 1.083m  35.032   0.0222            
 nInu 8.210m  33.946   0.0018      Ca A  3671A  34.111   0.0027      Ca B 1.534m  33.887   0.0016      He 1 1.083m  35.509   0.0665            
 nFnu 7.580m  36.087   0.2516      Ca A 1.875m  36.198   0.3249      Ca B 1.526m  33.817   0.0014      He 1 1.083m  35.731   0.1109            
 nInu 7.580m  34.049   0.0023      Ca A 1.282m  35.859   0.1488      Ca B 1.519m  33.750   0.0012      He 1  3889A  35.654   0.0929            
 nFnu 7.050m  36.127   0.2760      Ca A 1.094m  35.593   0.0806      Ca B 1.513m  33.687   0.0010      He 1  3188A  35.254   0.0370            
 nInu 7.050m  34.140   0.0028      Ca A 1.005m  35.376   0.0489      Ca B 7.458m  35.138   0.0283      He 1  2945A  34.936   0.0178            
 nFnu 4.114m  36.342   0.4524      Ca A  9546A  35.192   0.0321      Ca B 4.653m  34.932   0.0176      He 1  2829A  34.681   0.0099            
 nInu 4.114m  34.835   0.0141      Ca A  9229A  35.033   0.0222      Ca B 3.740m  34.745   0.0115      He 1 2.058m  35.085   0.0250            
 nFnu 2.324m  36.515   0.6744      Ca A  9015A  34.893   0.0161      Ca B 3.296m  34.582   0.0079      He 1  5016A  35.084   0.0250            
 nInu 2.324m  35.563   0.0752      Ca A  8863A  34.766   0.0120      Ca B 3.038m  34.438   0.0056      He 1  3965A  34.678   0.0098            
 nFnu 1.643m  36.664   0.9498      Ca A  8750A  34.652   0.0092      Ca B 2.872m  34.309   0.0042      He 1  3614A  34.371   0.0048            
 nInu 1.643m  35.998   0.2049      Ca A  8665A  34.547   0.0073      Ca B 2.758m  34.193   0.0032      He 1  3448A  34.128   0.0028            
 nFnu 1.480m  36.666   0.9548      Ca A  8598A  34.450   0.0058      Ca B 2.674m  34.086   0.0025      He 1  7065A  34.970   0.0192            
 nInu 1.480m  36.129   0.2773      Ca A  8545A  34.360   0.0047      Ca B 2.612m  33.988   0.0020      He 1  5876A  35.818   0.1353            
 nFnu 1.436m  36.891   1.6037      Ca A  8502A  34.277   0.0039      Ca B 2.564m  33.896   0.0016      He 1  4713A  34.272   0.0038            
 nInu 1.436m  36.167   0.3022      Ca A  8467A  34.198   0.0032      Ca B 2.525m  33.811   0.0013      He 1  4471A  35.345   0.0456            
 nFnu 1.119m  36.877   1.5527      Ca A  8438A  34.124   0.0027      Ca B 2.495m  33.732   0.0011      He 1  4121A  33.842   0.0014            
 nInu 1.119m  36.476   0.6163      Ca A  8413A  34.053   0.0023      Ca B 12.37m  34.725   0.0109      He 1  4026A  35.012   0.0212            
 nFnu  8330A  36.848   1.4493      Ca A  8392A  33.987   0.0020      Ca B 7.500m  34.557   0.0074      He 1  3820A  34.752   0.0116            
 nInu  8330A  36.835   1.4084      Ca A  8374A  33.924   0.0017      Ca B 5.907m  34.396   0.0051      He 1  7281A  34.467   0.0060            
 nFnu  8079A  37.294   4.0499      Ca A  8359A  33.864   0.0015      Ca B 5.127m  34.252   0.0037      He 1  6678A  35.275   0.0388            
 nInu  8079A  36.871   1.5302      Ca A  8346A  33.806   0.0013      Ca B 4.671m  34.122   0.0027      He 1  5048A  33.903   0.0016            
 nFnu  6210A  37.206   3.3099      Ca A  8334A  33.751   0.0012      Ca B 4.375m  34.004   0.0021      He 1  4922A  34.783   0.0125            
 nInu  6210A  37.185   3.1492      Ca A 4.051m  35.608   0.0835      Ca B 4.170m  33.897   0.0016      He 1  4388A  34.444   0.0057            
 nFnu  4885A  37.152   2.9244      Ca A 2.625m  35.346   0.0457      Ca B 4.020m  33.797   0.0013      He 1  4144A  34.182   0.0031            
 nInu  4885A  37.459   5.9299      Ca A 2.166m  35.124   0.0274      Ca B 3.906m  33.706   0.0010      He 1 4.295m  33.731   0.0011            
 nFnu  3704A  37.224   3.4446      Ca A 1.945m  34.937   0.0178      Ca B 19.06m  34.367   0.0048      He 1 1.253m  33.786   0.0013            
 nInu  3704A  37.760  11.8470      Ca A 1.817m  34.775   0.0123      Ca B 11.31m  34.228   0.0035      He 1  9464A  33.692   0.0010            
 nFnu  3588A  38.009  21.0030      Ca A 1.736m  34.631   0.0088      Ca B 8.758m  34.088   0.0025      He 1 1.700m  34.195   0.0032            
 nInu  3588A  37.797  12.8972      Ca A 1.681m  34.503   0.0066      Ca B 7.506m  33.958   0.0019      He 1 1.197m  34.016   0.0021            
 nFnu  2430A  37.686   9.9959      Ca A 1.641m  34.387   0.0050      Ca B 6.770m  33.841   0.0014      He 1 1.031m  33.812   0.0013            
 nInu  2430A  38.180  31.1642      Ca A 1.611m  34.281   0.0039      Ca B 6.290m  33.733   0.0011      He 1 1.869m  34.974   0.0194            
 nFnu  2392A  37.684   9.9523      Ca A 1.588m  34.183   0.0031      Ca B 27.80m  34.051   0.0023      He 1 1.278m  34.570   0.0077            
 nInu  2392A  38.194  32.1490      Ca A 1.570m  34.093   0.0025      Ca B 16.20m  33.935   0.0018      He 1 1.091m  34.272   0.0039            
 nFnu  2071A  37.716  10.7138      Ca A 1.556m  34.008   0.0021      Ca B 12.38m  33.811   0.0013      He 1 1.870m  34.497   0.0065            
 nInu  2071A  38.318  42.8435      Ca A 1.544m  33.929   0.0017      Ca B 10.50m  33.695   0.0010      He 1 1.279m  34.093   0.0025            
 nFnu  2053A  37.721  10.8304      Ca A 1.534m  33.854   0.0015      Ca B 38.86m  33.768   0.0012      He 1 1.092m  33.795   0.0013            
 nInu  2053A  38.326  43.6580      Ca A 1.526m  33.783   0.0013      H  1  1216A  38.077  24.5815      He 1 1.909m  33.749   0.0012            
 nFnu  1793A  37.795  12.8357      Ca A 1.519m  33.716   0.0011      H  1  1026A  34.896   0.0162      He 1 4.037m  33.823   0.0014            
 nInu  1793A  38.431  55.5193      Ca A 7.458m  35.125   0.0275      H  1 972.5A  34.829   0.0139      He 1 4.048m  34.341   0.0045            
 nFnu  1585A  37.854  14.7130      Ca A 4.653m  34.917   0.0170      H  1 949.7A  34.794   0.0128      He 1 2.623m  33.975   0.0019            
 nInu  1585A  38.513  67.0881      Ca A 3.740m  34.729   0.0110      H  1 937.8A  34.774   0.0122      He 1 4.048m  33.863   0.0015            
 nFnu  1458A  37.868  15.1879      Ca A 3.296m  34.564   0.0075      H  1 930.8A  34.755   0.0117      He 1 7.454m  33.807   0.0013            
 nInu  1458A  38.564  75.4930      Ca A 3.038m  34.419   0.0054      H  1 926.2A  34.740   0.0113      Pho+  3889A  36.262   0.3767            
 nFnu  1357A  37.832  13.9910      Ca A 2.872m  34.290   0.0040      H  1 923.2A  34.731   0.0111      database lines..............            
 nInu  1357A  38.602  82.2715      Ca A 2.758m  34.172   0.0031      H  1 921.0A  34.718   0.0108      level 1 lines...............            
 nFnu  1297A  37.738  11.2598      Ca A 2.674m  34.065   0.0024      H  1  6563A  37.163   2.9933      recombination...............            
 nInu  1297A  38.623  86.4425      Ca A 2.612m  33.967   0.0019      H  1  4861A  36.686   1.0000      level2 lines................            
 nFnu  1263A  37.563   7.5237      Ca A 2.564m  33.875   0.0015      H  1  4340A  36.352   0.4625      hyperfine structure.........            
 nInu  1263A  38.636  89.0999      Ca A 2.525m  33.790   0.0013      H  1  4102A  36.092   0.2545      inner shell.................            
 nFnu  1218A  36.659   0.9392      Ca A 2.495m  33.710   0.0011      H  1  3970A  35.880   0.1562      molecules...................            
 nInu  1218A  38.650  92.0412      Ca A 12.37m  34.714   0.0107      H  1  3889A  35.702   0.1036            



                                                                           
 Cooling:  HFBc     0 :0.575 HFFc     0 :0.356  
 Heating:  BFH1     0 :0.903 BFHe     0 :0.097  

 These are some of the most important databases used by Cloudy:
 Many recombination coefficients were taken from http://amdpp.phys.strath.ac.uk/tamoc/RR/ and http://amdpp.phys.strath.ac.uk/tamoc/DR/
      and are based on the following papers:
        Badnell N. R., et al., A&A 406, 1151 (2003) [http://adsabs.harvard.edu/abs/2003A%26A...406.1151B]
        Badnell N. R., ApJS 167, 334 (2006) [http://adsabs.harvard.edu/abs/2006ApJS..167..334B]
 Much of the molecular emission data is from LAMDA as accessed on Dec. 18, 2010. This database is described in:
        Schoeier F.L., et al., A&A 432, 369 (2005) [http://adsabs.harvard.edu/abs/2005A%26A...432..369S]
      This database is in part based on the work of the following groups:
        JPL: Pickett H. M. et al., JQSRT, 60, 883 (1998). [http://adsabs.harvard.edu/abs/1998JQSRT..60..883P]
        CDMS: Mueller H. S. et al., A&A 370, L49 (2001). [http://adsabs.harvard.edu/abs/2001A%26A...370L..49M]
              Mueller H. S. et al., J. Mol. Struct. 742, 215 (2005). [http://adsabs.harvard.edu/abs/2005JMoSt.742..215M]
 Much of the ionic emission data is from version 7.0 of CHIANTI. CHIANTI is a collaborative project involving the NRL (USA), the
      Universities of Florence (Italy) and Cambridge (UK), and George Mason University (USA). These papers describe Chianti:
        Dere K. P., et al., A&AS, 125, 149 (1997) [http://adsabs.harvard.edu/abs/1997A%26AS..125..149D]
        Landi E., et al., ApJ, 744, 99 (2012) [http://adsabs.harvard.edu/abs/2012ApJ...744...99L]
 Much of the H_2 data is from this web site: http://molat.obspm.fr/index.php?page=pages/Molecules/H2/H2can94.php. These data are
      described in:
        Abgrall H. et al., Can. J. Phys., 72, 856 (1994) [http://adsabs.harvard.edu/abs/1994CaJPh..72..856A]
        Wrathmall S. A. & Flower D. R., J. Phys. B, 40, 3221 (2007) [http://adsabs.harvard.edu/abs/2007JPhB...40.3221W]
 Please cite those papers that played a significant role in this calculation.

 IONIZE PARMET:  U(1-) 12.7440  U(4-):  8.6530  U(sp): -2.80  Q(ion):   13.342  L(ion)  3.636    Q(low): 50.474    L(low) 38.819
 ENERGY BUDGET:  Heat:  37.859  Coolg:  37.144  Error: 80.7%  Rec Lin:  37.772  F-F  H 13.754    P(rad/tot)max     2.12E+03

     Col(Heff):      0.000E+00  snd travl time  2.30E+14 sec  Te-low: 7.50E+03  Te-hi: 7.50E+03  G0TH85: 3.27E+16  G0DB96:4.18E+16
  Emiss Measure    n(e)n(p) dl       4.561E+21  n(e)n(He+)dl         5.521E+20  En(e)n(He++) dl         2.778E+19  ne nC+:0.00E+00
 He/Ha:1.00E-01  =   0.67*true  Lthin:1.59E+08  itr/zn: 4.39  H2 itr/zn:  0.00  File Opacity: F  MassTot 5.04e+38  (gm)
   Temps(21 cm)   T(21cm/Ly a)  3.80E+03        T(<nH/Tkin>)  7.50E+03          T(<nH/Tspin>)    4.02E+03          TB21cm:3.43E+01
                   N(H0/Tspin)  3.10E+17        N(OH/Tkin)    0.00E+00          B(21cm)          0.00E+00
   <a>:5.42E-06  erdeFe0.0E+00  Tcompt1.44E-02  Tthr9.47E+15  <Tden>: 7.50E+03  <dens>:2.67E-23  <MolWgt>1.23E+00
     Mean Jeans  l(cm)8.87E+20  M(sun)4.90E+06  smallest:     len(cm):8.87E+20  M(sun):4.90E+06  a_ox tran:  0.00
 Rion:4.086E+19  Dist:0.00E+00  Diam:0.000E+00
 Hatom level 70  HatomType: add  HInducImp  T  He tot level: 63  He2 level:   70  ExecTime    31.0
 ConvrgError(%)  <eden>  0.126  MaxEden  1.000  <H-C> 317.87  Max(H-C)  857.73  <Press>   0.000  MaxPrs er  0.000
  Continuity(%)  chng Te   0.0  elec den   6.0  n(H2)    0.0  n(CO)        0.0

                                                        Averaged Quantities
             Te      Te(Ne)   Te(NeNp)  Te(NeHe+)Te(NeHe2+) Te(NeO+)  Te(NeO2+)  Te(H2)     N(H)     Ne(O2+)   Ne(Np)
 Radius:  7.50e+03  7.50e+03  7.50e+03  7.50e+03  7.50e+03  0.00e+00  0.00e+00  7.50e+03  1.00e+01  0.00e+00  1.12e+01
   Area:  7.50e+03  7.50e+03  7.50e+03  7.50e+03  7.50e+03  0.00e+00  0.00e+00  7.50e+03  1.00e+01  0.00e+00  1.09e+01
 Volume:  7.50e+03  7.50e+03  7.50e+03  7.50e+03  7.50e+03  0.00e+00  0.00e+00  7.50e+03  1.00e+01  0.00e+00  1.06e+01
 
 Peimbert T(OIIIr)0.00E+00 T(Bac)7.72E+03 T(Hth)7.44E+03 t2(Hstrc) 3.68e-31 T(O3-BAC)5.86E+03 t2(O3-BC)-1.59e-01 t2(O3str) 0.00e+00

 Contin Optical Depths: COMP: 3.05e-04    H-: 1.48e-05 R(1300): 8.35e-03  H2+: 3.27e-07  Pfa:1.53E-04
                          Pa: 1.53e-04    Ba: 1.60e-04      Hb: 1.59e-04   La: 8.97e+00     1r:4.987E+07  1.8:1.19E+07 4.:1.719E+06

 Old, new H  1 continuum optical depths:
     1 9.97e+07     2 1.00e-20     3 1.00e-20     4 1.00e-20     5 1.00e-20     6 1.00e-20     7 1.00e-20     8 1.00e-20
     9 1.00e-20    10 1.00e-20    11 1.00e-20    12 1.00e-20    13 1.00e-20    14 1.00e-20    15 1.00e-20    16 1.00e-20
    17 1.00e-20    18 1.00e-20    19 1.00e-20    20 1.00e-20    21 1.00e-20    22 1.00e-20    23 1.00e-20    24 1.00e-20
    25 1.00e-20    26 1.00e-20    27 1.00e-20    28 1.00e-20    29 1.00e-20    30 1.00e-20    31 1.00e-20    32 1.00e-20
    33 1.00e-20    34 1.00e-20    35 1.00e-20    36 1.00e-20    37 1.00e-20    38 1.00e-20    39 1.00e-20    40 1.00e-20
    41 1.00e-20    42 1.00e-20    43 1.00e-20    44 1.00e-20    45 1.00e-20    46 1.00e-20    47 1.00e-20    48 1.00e-20
    49 1.00e-20    50 1.00e-20    51 1.00e-20    52 1.00e-20    53 1.00e-20    54 1.00e-20
     1 4.99e+07     2 3.78e-06     3 7.43e-06     4 7.43e-06     5 7.43e-06     6 1.85e-06     7 1.85e-06     8 1.85e-06
     9 1.85e-06    10 6.20e-15    11 6.20e-15    12 6.20e-15    13 6.20e-15    14 6.20e-15    15 1.54e-14    16 1.54e-14
    17 1.54e-14    18 1.54e-14    19 1.54e-14    20 1.54e-14    21 3.38e-14    22 3.38e-14    23 3.38e-14    24 3.38e-14
    25 3.38e-14    26 3.38e-14    27 3.38e-14    28 6.59e-14    29 6.59e-14    30 6.59e-14    31 6.59e-14    32 6.59e-14
    33 6.59e-14    34 6.59e-14    35 6.59e-14    36 1.21e-13    37 1.21e-13    38 1.21e-13    39 1.21e-13    40 1.21e-13
    41 1.21e-13    42 1.21e-13    43 1.21e-13    44 1.21e-13    45 2.09e-13    46 2.09e-13    47 2.09e-13    48 2.09e-13
    49 2.09e-13    50 2.09e-13    51 2.09e-13    52 2.09e-13    53 2.09e-13    54 2.09e-13

 Old, new H  1 mean line optical depths:
  2- 1 1.54e+20  3- 2 1.13e+07  4- 3 1.77e-20  5- 4 1.77e-20  6- 5 1.77e-20  7- 6 1.77e-20  8- 7 1.77e-20
  9- 8 1.77e-20 10- 9 1.77e-20
  2- 1 1.50e+08  3- 2 3.95e-05  4- 3 4.42e-11  5- 4 5.08e-11  6- 5 7.55e-11  7- 6 1.20e-10  8- 7 1.92e-10
  9- 8 3.05e-10 10- 9 4.78e-10

 Old, new He 2 continuum optical depths:
     1 3.44e+06     2 9.86e+07     3 1.00e-20     4 1.00e-20     5 1.00e-20     6 1.00e-20     7 1.00e-20     8 1.00e-20
     9 1.00e-20    10 1.00e-20    11 1.00e-20    12 1.00e-20    13 1.00e-20    14 1.00e-20    15 1.00e-20    16 1.00e-20
    17 1.00e-20    18 1.00e-20    19 1.00e-20    20 1.00e-20    21 1.00e-20    22 1.00e-20    23 1.00e-20    24 1.00e-20
    25 1.00e-20    26 1.00e-20    27 1.00e-20    28 1.00e-20    29 1.00e-20    30 1.00e-20    31 1.00e-20    32 1.00e-20
    33 1.00e-20    34 1.00e-20    35 1.00e-20    36 1.00e-20    37 1.00e-20    38 1.00e-20    39 1.00e-20    40 1.00e-20
    41 1.00e-20    42 1.00e-20    43 1.00e-20    44 1.00e-20    45 1.00e-20    46 1.00e-20    47 1.00e-20    48 1.00e-20
    49 1.00e-20    50 1.00e-20    51 1.00e-20    52 1.00e-20    53 1.00e-20    54 1.00e-20
     1 1.72e+06     2 4.93e+07     3 4.19e-06     4 4.19e-06     5 4.19e-06     6 3.78e-06     7 3.78e-06     8 3.78e-06
     9 3.78e-06    10 6.03e-06    11 6.03e-06    12 6.03e-06    13 6.03e-06    14 6.03e-06    15 7.43e-06    16 7.43e-06
    17 7.43e-06    18 7.43e-06    19 7.43e-06    20 7.43e-06    21 6.28e-06    22 6.28e-06    23 6.28e-06    24 6.28e-06
    25 6.28e-06    26 6.28e-06    27 6.28e-06    28 1.85e-06    29 1.85e-06    30 1.85e-06    31 1.85e-06    32 1.85e-06
    33 1.85e-06    34 1.85e-06    35 1.85e-06    36 3.65e-15    37 3.65e-15    38 3.65e-15    39 3.65e-15    40 3.65e-15
    41 3.65e-15    42 3.65e-15    43 3.65e-15    44 3.65e-15    45 6.20e-15    46 6.20e-15    47 6.20e-15    48 6.20e-15
    49 6.20e-15    50 6.20e-15    51 6.20e-15    52 6.20e-15    53 6.20e-15    54 6.20e-15

 Old, new He 2 mean line optical depths:
  2- 1 2.31e+19  3- 2 1.13e+07  4- 3 1.77e-20  5- 4 1.77e-20  6- 5 1.77e-20  7- 6 1.77e-20  8- 7 1.77e-20
  9- 8 1.77e-20 10- 9 1.77e-20
  2- 1 2.88e+06  3- 2 1.79e-08  4- 3 8.49e-14  5- 4 8.74e-14  6- 5 1.24e-13  7- 6 2.04e-13  8- 7 3.64e-13
  9- 8 6.31e-13 10- 9 1.06e-12

 Old He Is optical depths:    1 2.38e+07    2 1.00e-20    3 1.00e-20    4 1.00e-20    5 1.00e-20
 New He Is optical depths:    1 1.19e+07    2 5.58e-06    3 3.13e-06    4 3.52e-06    5 3.52e-06
          Old He Is Lines:  584 3.54e-20 3889 3.54e-20 5016 3.54e-20 5876 3.54e-20
          New He Is Lines:  584 1.51e+07 3889 1.35e-01 5016 2.31e-07 5876 4.12e-11

==== H      compounds ====           Log10 column densities [cm^-2}
   H2        : 12.885   H2*       : 10.085   H2+       : 10.670   H3+       :  3.584
==== He     compounds ====
   HeH+      : 10.444


               1      2      3      4      5      6      7      8      9     10     11     12     13     14     15     16     17

 Hydrogen   21.095 20.609 12.886 (H2)                Log10 Column density (cm^-2)
 Helium     20.295 19.682 18.344
 Exc state    He1* 12.053   CII*-35.930   C11*-35.930   C12*-35.930   C13*-35.930   O11*-35.930   O12*-35.930   O13*-35.930
              Si2*-35.930   C30*-35.930   C31*-35.930   C32*-35.930


 Hydrogen   -0.007 -1.823 -7.761 (H2)                 Log10 Mean Ionisation (over volume)
 Helium     -0.004 -2.074 -5.904

               1      2      3      4      5      6      7      8      9     10     11     12     13     14     15     16     17

 Hydrogen   -0.027 -1.216 -7.849 (H2)                 Log10 Mean Ionisation (over area)
 Helium     -0.018 -1.385 -4.007

               1      2      3      4      5      6      7      8      9     10     11     12     13     14     15     16     17

 Hydrogen   -0.123 -0.608 -8.031 (H2)                 Log10 Mean Ionisation (over radius)
 Helium     -0.099 -0.712 -2.050

               1      2      3      4      5      6      7      8      9     10     11     12     13     14     15     16     17

 Hydrogen   -1.657 -0.010 -9.071 (H2)         Log10 Mean Ionisation (over volume*electron density)
 Helium     -0.389 -0.228 -4.033

               1      2      3      4      5      6      7      8      9     10     11     12     13     14     15     16     17

 Hydrogen   -1.857 -0.006 -9.273 (H2)         Log10 Mean Ionisation (over area*electron density)
 Helium     -0.532 -0.152 -2.743

               1      2      3      4      5      6      7      8      9     10     11     12     13     14     15     16     17

 Hydrogen   -2.155 -0.003 -9.593 (H2)         Log10 Mean Ionisation (over radius*electron density)
 Helium     -0.800 -0.096 -1.394

               1      2      3      4      5      6      7      8      9     10     11     12     13     14     15     16     17

 Hydrogen    3.875  3.875  3.875 (H2)                  Log10 Mean Temperature (over volume)
 Helium      3.875  3.875  3.875

               1      2      3      4      5      6      7      8      9     10     11     12     13     14     15     16     17

 Hydrogen    3.875  3.875  3.875 (H2)                  Log10 Mean Temperature (over area)
 Helium      3.875  3.875  3.875

               1      2      3      4      5      6      7      8      9     10     11     12     13     14     15     16     17

 Hydrogen    3.875  3.875  3.875 (H2)                  Log10 Mean Temperature (over radius)
 Helium      3.875  3.875  3.875

               1      2      3      4      5      6      7      8      9     10     11     12     13     14     15     16     17

 Hydrogen    3.875  3.875  3.875 (H2)          Log10 Mean Temperature (over volume*electron density)
 Helium      3.875  3.875  3.875

               1      2      3      4      5      6      7      8      9     10     11     12     13     14     15     16     17

 Hydrogen    3.875  3.875  3.875 (H2)          Log10 Mean Temperature (over area*electron density)
 Helium      3.875  3.875  3.875

               1      2      3      4      5      6      7      8      9     10     11     12     13     14     15     16     17

 Hydrogen    3.875  3.875  3.875 (H2)          Log10 Mean Temperature (over radius*electron density)
 Helium      3.875  3.875  3.875

               1      2      3      4      5      6      7      8      9     10     11     12     13     14     15     16     17
                                                                          

---------------Convergence statistics---------------
      1.05 mean iterations/state convergence
      2.12 mean cx acceleration loops/iteration
      1.37 mean iso convergence loops/ion solve
         1 mean steps/chemistry solve
         1 mean step length searches/chemistry step
----------------------------------------------------

 Cloudy ends: 805 zones, 1 iteration, 2 cautions.  ExecTime(s) 30.98
 [Stop in cdMain at maincl.cpp:483, Cloudy exited OK]
